[17733:17733:0404/140353.019568:ERROR:angle_platform_impl.cc(44)] Display.cpp:894 (initialize): ANGLE Display::initialize error 12289: GLX is not present.
[17733:17733:0404/140353.019789:ERROR:gl_surface_egl.cc(780)] EGL Driver message (Critical) eglInitialize: GLX is not present.
[17733:17733:0404/140353.019864:ERROR:gl_surface_egl.cc(1375)] eglInitialize OpenGL failed with error EGL_NOT_INITIALIZED, trying next display type
[17733:17733:0404/140353.020053:ERROR:angle_platform_impl.cc(44)] Display.cpp:894 (initialize): ANGLE Display::initialize error 12289: GLX is not present.
[17733:17733:0404/140353.020122:ERROR:gl_surface_egl.cc(780)] EGL Driver message (Critical) eglInitialize: GLX is not present.
[17733:17733:0404/140353.020192:ERROR:gl_surface_egl.cc(1375)] eglInitialize OpenGLES failed with error EGL_NOT_INITIALIZED
[17733:17733:0404/140353.020281:ERROR:gl_ozone_egl.cc(20)] GLSurfaceEGL::InitializeOneOff failed.
[17733:17733:0404/140353.031928:ERROR:viz_main_impl.cc(161)] Exiting GPU process due to errors during initialization
[17690:17728:0404/140353.112662:WARNING:external_pref_loader.cc(331)] You are using an old-style extension deployment method (external_extensions.json), which will soon be deprecated. (see http://developer.chrome.com/extensions/external_extensions.html)
[17782:17782:0404/140353.276016:ERROR:angle_platform_impl.cc(44)] Display.cpp:894 (initialize): ANGLE Display::initialize error 12289: GLX is not present.
[17782:17782:0404/140353.277234:ERROR:gl_surface_egl.cc(780)] EGL Driver message (Critical) eglInitialize: GLX is not present.
[17782:17782:0404/140353.277319:ERROR:gl_surface_egl.cc(1375)] eglInitialize OpenGL failed with error EGL_NOT_INITIALIZED, trying next display type
[17782:17782:0404/140353.277521:ERROR:angle_platform_impl.cc(44)] Display.cpp:894 (initialize): ANGLE Display::initialize error 12289: GLX is not present.
[17782:17782:0404/140353.277593:ERROR:gl_surface_egl.cc(780)] EGL Driver message (Critical) eglInitialize: GLX is not present.
[17782:17782:0404/140353.277653:ERROR:gl_surface_egl.cc(1375)] eglInitialize OpenGLES failed with error EGL_NOT_INITIALIZED
[17782:17782:0404/140353.277713:ERROR:gl_ozone_egl.cc(20)] GLSurfaceEGL::InitializeOneOff failed.
[17782:17782:0404/140353.284796:ERROR:viz_main_impl.cc(161)] Exiting GPU process due to errors during initialization
[17818:17818:0404/140353.377891:ERROR:angle_platform_impl.cc(44)] Display.cpp:894 (initialize): ANGLE Display::initialize error 12289: GLX is not present.
[17818:17818:0404/140353.378138:ERROR:gl_surface_egl.cc(780)] EGL Driver message (Critical) eglInitialize: GLX is not present.
[17818:17818:0404/140353.378190:ERROR:gl_surface_egl.cc(1375)] eglInitialize OpenGL failed with error EGL_NOT_INITIALIZED, trying next display type
[17818:17818:0404/140353.378652:ERROR:angle_platform_impl.cc(44)] Display.cpp:894 (initialize): ANGLE Display::initialize error 12289: GLX is not present.
[17818:17818:0404/140353.378722:ERROR:gl_surface_egl.cc(780)] EGL Driver message (Critical) eglInitialize: GLX is not present.
[17818:17818:0404/140353.378852:ERROR:gl_surface_egl.cc(1375)] eglInitialize OpenGLES failed with error EGL_NOT_INITIALIZED
[17818:17818:0404/140353.378909:ERROR:gl_ozone_egl.cc(20)] GLSurfaceEGL::InitializeOneOff failed.
[17818:17818:0404/140353.384201:ERROR:viz_main_impl.cc(161)] Exiting GPU process due to errors during initialization
[17867:17867:0404/140353.446806:ERROR:angle_platform_impl.cc(44)] Display.cpp:894 (initialize): ANGLE Display::initialize error 12289: GLX is not present.
[17867:17867:0404/140353.447346:ERROR:gl_surface_egl.cc(780)] EGL Driver message (Critical) eglInitialize: GLX is not present.
[17867:17867:0404/140353.448341:ERROR:gl_surface_egl.cc(1375)] eglInitialize OpenGL failed with error EGL_NOT_INITIALIZED, trying next display type
[17867:17867:0404/140353.448874:ERROR:angle_platform_impl.cc(44)] Display.cpp:894 (initialize): ANGLE Display::initialize error 12289: GLX is not present.
[17867:17867:0404/140353.449042:ERROR:gl_surface_egl.cc(780)] EGL Driver message (Critical) eglInitialize: GLX is not present.
[17867:17867:0404/140353.450167:ERROR:gl_surface_egl.cc(1375)] eglInitialize OpenGLES failed with error EGL_NOT_INITIALIZED
[17867:17867:0404/140353.450925:ERROR:gl_ozone_egl.cc(20)] GLSurfaceEGL::InitializeOneOff failed.
[17867:17867:0404/140353.471840:ERROR:viz_main_impl.cc(161)] Exiting GPU process due to errors during initialization
[17886:17886:0404/140353.525371:ERROR:angle_platform_impl.cc(44)] Display.cpp:894 (initialize): ANGLE Display::initialize error 12289: GLX is not present.
[17886:17886:0404/140353.525953:ERROR:gl_surface_egl.cc(780)] EGL Driver message (Critical) eglInitialize: GLX is not present.
[17886:17886:0404/140353.526064:ERROR:gl_surface_egl.cc(1375)] eglInitialize OpenGL failed with error EGL_NOT_INITIALIZED, trying next display type
[17886:17886:0404/140353.526448:ERROR:angle_platform_impl.cc(44)] Display.cpp:894 (initialize): ANGLE Display::initialize error 12289: GLX is not present.
[17886:17886:0404/140353.526547:ERROR:gl_surface_egl.cc(780)] EGL Driver message (Critical) eglInitialize: GLX is not present.
[17886:17886:0404/140353.526729:ERROR:gl_surface_egl.cc(1375)] eglInitialize OpenGLES failed with error EGL_NOT_INITIALIZED
[17886:17886:0404/140353.526814:ERROR:gl_ozone_egl.cc(20)] GLSurfaceEGL::InitializeOneOff failed.
[17886:17886:0404/140353.529153:ERROR:viz_main_impl.cc(161)] Exiting GPU process due to errors during initialization
[17894:17894:0404/140353.564318:ERROR:angle_platform_impl.cc(44)] Display.cpp:894 (initialize): ANGLE Display::initialize error 12289: GLX is not present.
[17894:17894:0404/140353.564599:ERROR:gl_surface_egl.cc(780)] EGL Driver message (Critical) eglInitialize: GLX is not present.
[17894:17894:0404/140353.564677:ERROR:gl_surface_egl.cc(1375)] eglInitialize OpenGL failed with error EGL_NOT_INITIALIZED, trying next display type
[17894:17894:0404/140353.564928:ERROR:angle_platform_impl.cc(44)] Display.cpp:894 (initialize): ANGLE Display::initialize error 12289: GLX is not present.
[17894:17894:0404/140353.565004:ERROR:gl_surface_egl.cc(780)] EGL Driver message (Critical) eglInitialize: GLX is not present.
[17894:17894:0404/140353.565066:ERROR:gl_surface_egl.cc(1375)] eglInitialize OpenGLES failed with error EGL_NOT_INITIALIZED
[17894:17894:0404/140353.565130:ERROR:gl_ozone_egl.cc(20)] GLSurfaceEGL::InitializeOneOff failed.
[17894:17894:0404/140353.568322:ERROR:viz_main_impl.cc(161)] Exiting GPU process due to errors during initialization
[17902:17902:0404/140353.628596:ERROR:angle_platform_impl.cc(44)] Display.cpp:894 (initialize): ANGLE Display::initialize error 12289: GLX is not present.
[17902:17902:0404/140353.628894:ERROR:gl_surface_egl.cc(780)] EGL Driver message (Critical) eglInitialize: GLX is not present.
[17902:17902:0404/140353.629021:ERROR:gl_surface_egl.cc(1375)] eglInitialize OpenGL failed with error EGL_NOT_INITIALIZED, trying next display type
[17902:17902:0404/140353.629266:ERROR:angle_platform_impl.cc(44)] Display.cpp:894 (initialize): ANGLE Display::initialize error 12289: GLX is not present.
[17902:17902:0404/140353.629386:ERROR:gl_surface_egl.cc(780)] EGL Driver message (Critical) eglInitialize: GLX is not present.
[17902:17902:0404/140353.629497:ERROR:gl_surface_egl.cc(1375)] eglInitialize OpenGLES failed with error EGL_NOT_INITIALIZED
[17902:17902:0404/140353.629761:ERROR:gl_ozone_egl.cc(20)] GLSurfaceEGL::InitializeOneOff failed.
[17902:17902:0404/140353.633895:ERROR:viz_main_impl.cc(161)] Exiting GPU process due to errors during initialization
[17912:17912:0404/140353.653973:ERROR:gpu_init.cc(453)] Passthrough is not supported, GL is swiftshader, ANGLE is 
[17690:17690:0404/140353.692028:INFO:CONSOLE(0)] "Error with Permissions-Policy header: Unrecognized feature: 'ch-ua-full-version-list'.", source:  (0)
[17763:8:0404/140353.696994:ERROR:command_buffer_proxy_impl.cc(125)] ContextResult::kTransientFailure: Failed to send GpuControl.CreateCommandBuffer.
[17690:17690:0404/140353.722834:INFO:CONSOLE(0)] "Error in event handler: TypeError: Cannot read properties of undefined (reading 'postMessage')
    at logFunc (chrome-extension://nleagjjmkkjcfcajcnlgpddbdehflfem/background.js:16:14)
    at chrome.webRequest.onBeforeRequest.addListener.urls (chrome-extension://nleagjjmkkjcfcajcnlgpddbdehflfem/background.js:22:15)", source: chrome-extension://nleagjjmkkjcfcajcnlgpddbdehflfem/_generated_background_page.html (0)
[17690:17690:0404/140353.722968:INFO:CONSOLE(0)] "Error in event handler: TypeError: Cannot read properties of undefined (reading 'postMessage')
    at logFunc (chrome-extension://nleagjjmkkjcfcajcnlgpddbdehflfem/background.js:16:14)
    at chrome.webRequest.onSendHeaders.addListener.urls (chrome-extension://nleagjjmkkjcfcajcnlgpddbdehflfem/background.js:34:15)", source: chrome-extension://nleagjjmkkjcfcajcnlgpddbdehflfem/_generated_background_page.html (0)
[17690:17690:0404/140354.161628:INFO:CONSOLE(0)] "Error in event handler: TypeError: Cannot read properties of undefined (reading 'postMessage')
    at logFunc (chrome-extension://nleagjjmkkjcfcajcnlgpddbdehflfem/background.js:16:14)
    at chrome.webRequest.onResponseStarted.addListener.urls (chrome-extension://nleagjjmkkjcfcajcnlgpddbdehflfem/background.js:28:15)", source: chrome-extension://nleagjjmkkjcfcajcnlgpddbdehflfem/_generated_background_page.html (0)
[17690:17690:0404/140354.501461:INFO:CONSOLE(0)] "Error in event handler: TypeError: Cannot read properties of undefined (reading 'postMessage')
    at logFunc (chrome-extension://nleagjjmkkjcfcajcnlgpddbdehflfem/background.js:16:14)
    at chrome.webRequest.onCompleted.addListener.urls (chrome-extension://nleagjjmkkjcfcajcnlgpddbdehflfem/background.js:47:15)", source: chrome-extension://nleagjjmkkjcfcajcnlgpddbdehflfem/_generated_background_page.html (0)
[17690:17690:0404/140354.783707:WARNING:idle_linux.cc(110)] None of the known D-Bus ScreenSaver services could be used.
[17690:17728:0404/140355.577385:ERROR:chrome_browser_main_extra_parts_metrics.cc(230)] crbug.com/1216328: Checking Bluetooth availability started. Please report if there is no report that this ends.
[17690:17728:0404/140355.577426:ERROR:chrome_browser_main_extra_parts_metrics.cc(233)] crbug.com/1216328: Checking Bluetooth availability ended.
[17690:17728:0404/140355.577434:ERROR:chrome_browser_main_extra_parts_metrics.cc(236)] crbug.com/1216328: Checking default browser status started. Please report if there is no report that this ends.
[17690:17728:0404/140355.599821:ERROR:chrome_browser_main_extra_parts_metrics.cc(240)] crbug.com/1216328: Checking default browser status ended.
[17690:17722:0404/140418.009517:WARNING:bus.cc(637)] Bus::SendWithReplyAndBlock took 25005ms to process message: type=method_call, path=/org/freedesktop/Notifications, interface=org.freedesktop.Notifications, member=GetCapabilities
[17690:17722:0404/140418.009607:ERROR:object_proxy.cc(642)] Failed to call method: org.freedesktop.Notifications.GetCapabilities: object_path= /org/freedesktop/Notifications: org.freedesktop.DBus.Error.NoReply: Did not receive a reply. Possible causes include: the remote application did not send a reply, the message bus security policy blocked the reply, the reply timeout expired, or the network connection was broken.
[17734:17781:0404/140423.615472:WARNING:key_storage_linux.cc(178)] OSCrypt tried Libsecret but couldn't initialise.
[17690:17690:0405/071223.734901:WARNING:pref_notifier_impl.cc(40)] Pref observer for media_router.cast_allow_all_ips found at shutdown.
