This file contains any messages produced by compilers while
running configure, to aid debugging if configure makes a mistake.

It was created by mahimahi configure 0.98, which was
generated by GNU Autoconf 2.69.  Invocation command line was

  $ ./configure 

## --------- ##
## Platform. ##
## --------- ##

hostname = nsl300-MS-7B98
uname -m = x86_64
uname -r = 5.13.0-51-generic
uname -s = Linux
uname -v = #58~20.04.1-Ubuntu SMP Tue Jun 14 11:29:12 UTC 2022

/usr/bin/uname -p = x86_64
/bin/uname -X     = unknown

/bin/arch              = x86_64
/usr/bin/arch -k       = unknown
/usr/convex/getsysinfo = unknown
/usr/bin/hostinfo      = unknown
/bin/machine           = unknown
/usr/bin/oslevel       = unknown
/bin/universe          = unknown

PATH: /home/nsl300/.local/bin
PATH: /usr/local/sbin
PATH: /usr/local/bin
PATH: /usr/sbin
PATH: /usr/bin
PATH: /sbin
PATH: /bin
PATH: /usr/games
PATH: /usr/local/games
PATH: /snap/bin


## ----------- ##
## Core tests. ##
## ----------- ##

configure:2583: checking for a BSD-compatible install
configure:2651: result: /usr/bin/install -c
configure:2662: checking whether build environment is sane
configure:2717: result: yes
configure:2866: checking for a thread-safe mkdir -p
configure:2905: result: /usr/bin/mkdir -p
configure:2912: checking for gawk
configure:2928: found /usr/bin/gawk
configure:2939: result: gawk
configure:2950: checking whether make sets $(MAKE)
configure:2972: result: yes
configure:3001: checking whether make supports nested variables
configure:3018: result: yes
configure:3177: checking build system type
configure:3191: result: x86_64-pc-linux-gnu
configure:3211: checking host system type
configure:3224: result: x86_64-pc-linux-gnu
configure:3265: checking how to print strings
configure:3292: result: printf
configure:3317: checking whether make supports the include directive
configure:3332: make -f confmf.GNU && cat confinc.out
this is the am__doit target
configure:3335: $? = 0
configure:3354: result: yes (GNU style)
configure:3424: checking for gcc
configure:3440: found /usr/bin/gcc
configure:3451: result: gcc
configure:3680: checking for C compiler version
configure:3689: gcc --version >&5
gcc (Ubuntu 9.4.0-1ubuntu1~20.04.1) 9.4.0
Copyright (C) 2019 Free Software Foundation, Inc.
This is free software; see the source for copying conditions.  There is NO
warranty; not even for MERCHANTABILITY or FITNESS FOR A PARTICULAR PURPOSE.

configure:3700: $? = 0
configure:3689: gcc -v >&5
Using built-in specs.
COLLECT_GCC=gcc
COLLECT_LTO_WRAPPER=/usr/lib/gcc/x86_64-linux-gnu/9/lto-wrapper
OFFLOAD_TARGET_NAMES=nvptx-none:hsa
OFFLOAD_TARGET_DEFAULT=1
Target: x86_64-linux-gnu
Configured with: ../src/configure -v --with-pkgversion='Ubuntu 9.4.0-1ubuntu1~20.04.1' --with-bugurl=file:///usr/share/doc/gcc-9/README.Bugs --enable-languages=c,ada,c++,go,brig,d,fortran,objc,obj-c++,gm2 --prefix=/usr --with-gcc-major-version-only --program-suffix=-9 --program-prefix=x86_64-linux-gnu- --enable-shared --enable-linker-build-id --libexecdir=/usr/lib --without-included-gettext --enable-threads=posix --libdir=/usr/lib --enable-nls --enable-clocale=gnu --enable-libstdcxx-debug --enable-libstdcxx-time=yes --with-default-libstdcxx-abi=new --enable-gnu-unique-object --disable-vtable-verify --enable-plugin --enable-default-pie --with-system-zlib --with-target-system-zlib=auto --enable-objc-gc=auto --enable-multiarch --disable-werror --with-arch-32=i686 --with-abi=m64 --with-multilib-list=m32,m64,mx32 --enable-multilib --with-tune=generic --enable-offload-targets=nvptx-none=/build/gcc-9-Av3uEd/gcc-9-9.4.0/debian/tmp-nvptx/usr,hsa --without-cuda-driver --enable-checking=release --build=x86_64-linux-gnu --host=x86_64-linux-gnu --target=x86_64-linux-gnu
Thread model: posix
gcc version 9.4.0 (Ubuntu 9.4.0-1ubuntu1~20.04.1) 
configure:3700: $? = 0
configure:3689: gcc -V >&5
gcc: error: unrecognized command line option '-V'
gcc: fatal error: no input files
compilation terminated.
configure:3700: $? = 1
configure:3689: gcc -qversion >&5
gcc: error: unrecognized command line option '-qversion'; did you mean '--version'?
gcc: fatal error: no input files
compilation terminated.
configure:3700: $? = 1
configure:3720: checking whether the C compiler works
configure:3742: gcc    conftest.c  >&5
configure:3746: $? = 0
configure:3794: result: yes
configure:3797: checking for C compiler default output file name
configure:3799: result: a.out
configure:3805: checking for suffix of executables
configure:3812: gcc -o conftest    conftest.c  >&5
configure:3816: $? = 0
configure:3838: result: 
configure:3860: checking whether we are cross compiling
configure:3868: gcc -o conftest    conftest.c  >&5
configure:3872: $? = 0
configure:3879: ./conftest
configure:3883: $? = 0
configure:3871: result: no
configure:3876: checking for suffix of object files
configure:3898: gcc -c   conftest.c >&5
configure:3902: $? = 0
configure:3923: result: o
configure:3927: checking whether we are using the GNU C compiler
configure:3946: gcc -c   conftest.c >&5
configure:3946: $? = 0
configure:3955: result: yes
configure:3964: checking whether gcc accepts -g
configure:3984: gcc -c -g  conftest.c >&5
configure:3984: $? = 0
configure:4025: result: yes
configure:4042: checking for gcc option to accept ISO C89
configure:4105: gcc  -c -g -O2  conftest.c >&5
configure:4105: $? = 0
configure:4118: result: none needed
configure:4143: checking whether gcc understands -c and -o together
configure:4165: gcc -c conftest.c -o conftest2.o
configure:4168: $? = 0
configure:4165: gcc -c conftest.c -o conftest2.o
configure:4168: $? = 0
configure:4180: result: yes
configure:4199: checking dependency style of gcc
configure:4310: result: gcc3
configure:4325: checking for a sed that does not truncate output
configure:4389: result: /usr/bin/sed
configure:4407: checking for grep that handles long lines and -e
configure:4465: result: /usr/bin/grep
configure:4470: checking for egrep
configure:4532: result: /usr/bin/grep -E
configure:4537: checking for fgrep
configure:4599: result: /usr/bin/grep -F
configure:4634: checking for ld used by gcc
configure:4701: result: /usr/bin/ld
configure:4708: checking if the linker (/usr/bin/ld) is GNU ld
configure:4723: result: yes
configure:4735: checking for BSD- or MS-compatible name lister (nm)
configure:4789: result: /usr/bin/nm -B
configure:4919: checking the name lister (/usr/bin/nm -B) interface
configure:4926: gcc -c -g -O2  conftest.c >&5
configure:4929: /usr/bin/nm -B "conftest.o"
configure:4932: output
0000000000000000 B some_variable
configure:4933: result: BSD nm
configure:4936: checking whether ln -s works
configure:4940: result: yes
configure:4948: checking the maximum length of command line arguments
configure:5079: result: 1572864
configure:5127: checking how to convert x86_64-pc-linux-gnu file names to x86_64-pc-linux-gnu format
configure:5167: result: func_convert_file_noop
configure:5174: checking how to convert x86_64-pc-linux-gnu file names to toolchain format
configure:5194: result: func_convert_file_noop
configure:5201: checking for /usr/bin/ld option to reload object files
configure:5208: result: -r
configure:5282: checking for objdump
configure:5298: found /usr/bin/objdump
configure:5309: result: objdump
configure:5341: checking how to recognize dependent libraries
configure:5541: result: pass_all
configure:5626: checking for dlltool
configure:5656: result: no
configure:5686: checking how to associate runtime and link libraries
configure:5713: result: printf %s\n
configure:5774: checking for ar
configure:5790: found /usr/bin/ar
configure:5801: result: ar
configure:5838: checking for archiver @FILE support
configure:5855: gcc -c -g -O2  conftest.c >&5
configure:5855: $? = 0
configure:5858: ar cr libconftest.a @conftest.lst >&5
configure:5861: $? = 0
configure:5866: ar cr libconftest.a @conftest.lst >&5
ar: conftest.o: No such file or directory
configure:5869: $? = 1
configure:5868: result: @
configure:5926: checking for strip
configure:5942: found /usr/bin/strip
configure:5953: result: strip
configure:6025: checking for ranlib
configure:6041: found /usr/bin/ranlib
configure:6052: result: ranlib
configure:6154: checking command to parse /usr/bin/nm -B output from gcc object
configure:6307: gcc -c -g -O2  conftest.c >&5
configure:6310: $? = 0
configure:6314: /usr/bin/nm -B conftest.o | sed -n -e 's/^.*[	 ]\([ABCDGIRSTW][ABCDGIRSTW]*\)[	 ][	 ]*\([_A-Za-z][_A-Za-z0-9]*\)$/\1 \2 \2/p' | sed '/ __gnu_lto/d' > conftest.nm
configure:6380: gcc -o conftest -g -O2   conftest.c conftstm.o >&5
configure:6383: $? = 0
configure:6421: result: ok
configure:6468: checking for sysroot
configure:6498: result: no
configure:6505: checking for a working dd
configure:6543: result: /usr/bin/dd
configure:6547: checking how to truncate binary pipes
configure:6562: result: /usr/bin/dd bs=4096 count=1
configure:6698: gcc -c -g -O2  conftest.c >&5
configure:6701: $? = 0
configure:6891: checking for mt
configure:6907: found /usr/bin/mt
configure:6918: result: mt
configure:6941: checking if mt is a manifest tool
configure:6947: mt '-?'
configure:6955: result: no
configure:7632: checking how to run the C preprocessor
configure:7663: gcc -E  conftest.c
configure:7663: $? = 0
configure:7677: gcc -E  conftest.c
conftest.c:11:10: fatal error: ac_nonexistent.h: No such file or directory
   11 | #include <ac_nonexistent.h>
      |          ^~~~~~~~~~~~~~~~~~
compilation terminated.
configure:7677: $? = 1
configure: failed program was:
| /* confdefs.h */
| #define PACKAGE_NAME "mahimahi"
| #define PACKAGE_TARNAME "mahimahi"
| #define PACKAGE_VERSION "0.98"
| #define PACKAGE_STRING "mahimahi 0.98"
| #define PACKAGE_BUGREPORT "mahimahi@mit.edu"
| #define PACKAGE_URL ""
| #define PACKAGE "mahimahi"
| #define VERSION "0.98"
| /* end confdefs.h.  */
| #include <ac_nonexistent.h>
configure:7702: result: gcc -E
configure:7722: gcc -E  conftest.c
configure:7722: $? = 0
configure:7736: gcc -E  conftest.c
conftest.c:11:10: fatal error: ac_nonexistent.h: No such file or directory
   11 | #include <ac_nonexistent.h>
      |          ^~~~~~~~~~~~~~~~~~
compilation terminated.
configure:7736: $? = 1
configure: failed program was:
| /* confdefs.h */
| #define PACKAGE_NAME "mahimahi"
| #define PACKAGE_TARNAME "mahimahi"
| #define PACKAGE_VERSION "0.98"
| #define PACKAGE_STRING "mahimahi 0.98"
| #define PACKAGE_BUGREPORT "mahimahi@mit.edu"
| #define PACKAGE_URL ""
| #define PACKAGE "mahimahi"
| #define VERSION "0.98"
| /* end confdefs.h.  */
| #include <ac_nonexistent.h>
configure:7765: checking for ANSI C header files
configure:7785: gcc -c -g -O2  conftest.c >&5
configure:7785: $? = 0
configure:7858: gcc -o conftest -g -O2   conftest.c  >&5
configure:7858: $? = 0
configure:7858: ./conftest
configure:7858: $? = 0
configure:7869: result: yes
configure:7882: checking for sys/types.h
configure:7882: gcc -c -g -O2  conftest.c >&5
configure:7882: $? = 0
configure:7882: result: yes
configure:7882: checking for sys/stat.h
configure:7882: gcc -c -g -O2  conftest.c >&5
configure:7882: $? = 0
configure:7882: result: yes
configure:7882: checking for stdlib.h
configure:7882: gcc -c -g -O2  conftest.c >&5
configure:7882: $? = 0
configure:7882: result: yes
configure:7882: checking for string.h
configure:7882: gcc -c -g -O2  conftest.c >&5
configure:7882: $? = 0
configure:7882: result: yes
configure:7882: checking for memory.h
configure:7882: gcc -c -g -O2  conftest.c >&5
configure:7882: $? = 0
configure:7882: result: yes
configure:7882: checking for strings.h
configure:7882: gcc -c -g -O2  conftest.c >&5
configure:7882: $? = 0
configure:7882: result: yes
configure:7882: checking for inttypes.h
configure:7882: gcc -c -g -O2  conftest.c >&5
configure:7882: $? = 0
configure:7882: result: yes
configure:7882: checking for stdint.h
configure:7882: gcc -c -g -O2  conftest.c >&5
configure:7882: $? = 0
configure:7882: result: yes
configure:7882: checking for unistd.h
configure:7882: gcc -c -g -O2  conftest.c >&5
configure:7882: $? = 0
configure:7882: result: yes
configure:7896: checking for dlfcn.h
configure:7896: gcc -c -g -O2  conftest.c >&5
configure:7896: $? = 0
configure:7896: result: yes
configure:8152: checking for objdir
configure:8167: result: .libs
configure:8431: checking if gcc supports -fno-rtti -fno-exceptions
configure:8449: gcc -c -g -O2  -fno-rtti -fno-exceptions conftest.c >&5
cc1: warning: command line option '-fno-rtti' is valid for C++/D/ObjC++ but not for C
configure:8453: $? = 0
configure:8466: result: no
configure:8830: checking for gcc option to produce PIC
configure:8837: result: -fPIC -DPIC
configure:8845: checking if gcc PIC flag -fPIC -DPIC works
configure:8863: gcc -c -g -O2  -fPIC -DPIC -DPIC conftest.c >&5
configure:8867: $? = 0
configure:8880: result: yes
configure:8909: checking if gcc static flag -static works
configure:8937: result: yes
configure:8952: checking if gcc supports -c -o file.o
configure:8973: gcc -c -g -O2  -o out/conftest2.o conftest.c >&5
configure:8977: $? = 0
configure:8999: result: yes
configure:9007: checking if gcc supports -c -o file.o
configure:9054: result: yes
configure:9087: checking whether the gcc linker (/usr/bin/ld -m elf_x86_64) supports shared libraries
configure:10350: result: yes
configure:10387: checking whether -lc should be explicitly linked in
configure:10395: gcc -c -g -O2  conftest.c >&5
configure:10398: $? = 0
configure:10413: gcc -shared  -fPIC -DPIC conftest.o  -v -Wl,-soname -Wl,conftest -o conftest 2\>\&1 \| /usr/bin/grep  -lc  \>/dev/null 2\>\&1
configure:10416: $? = 0
configure:10430: result: no
configure:10590: checking dynamic linker characteristics
configure:11171: gcc -o conftest -g -O2   -Wl,-rpath -Wl,/foo conftest.c  >&5
configure:11171: $? = 0
configure:11420: result: GNU/Linux ld.so
configure:11542: checking how to hardcode library paths into programs
configure:11567: result: immediate
configure:12115: checking whether stripping libraries is possible
configure:12120: result: yes
configure:12155: checking if libtool supports shared libraries
configure:12157: result: yes
configure:12160: checking whether to build shared libraries
configure:12185: result: yes
configure:12188: checking whether to build static libraries
configure:12192: result: yes
configure:9072: checking for g++
configure:9088: found /usr/bin/g++
configure:9099: result: g++
configure:9126: checking for C++ compiler version
configure:9135: g++ --version >&5
g++ (Ubuntu 9.4.0-1ubuntu1~20.04.1) 9.4.0
Copyright (C) 2019 Free Software Foundation, Inc.
This is free software; see the source for copying conditions.  There is NO
warranty; not even for MERCHANTABILITY or FITNESS FOR A PARTICULAR PURPOSE.

configure:9146: $? = 0
configure:9135: g++ -v >&5
Using built-in specs.
COLLECT_GCC=g++
COLLECT_LTO_WRAPPER=/usr/lib/gcc/x86_64-linux-gnu/9/lto-wrapper
OFFLOAD_TARGET_NAMES=nvptx-none:hsa
OFFLOAD_TARGET_DEFAULT=1
Target: x86_64-linux-gnu
Configured with: ../src/configure -v --with-pkgversion='Ubuntu 9.4.0-1ubuntu1~20.04.1' --with-bugurl=file:///usr/share/doc/gcc-9/README.Bugs --enable-languages=c,ada,c++,go,brig,d,fortran,objc,obj-c++,gm2 --prefix=/usr --with-gcc-major-version-only --program-suffix=-9 --program-prefix=x86_64-linux-gnu- --enable-shared --enable-linker-build-id --libexecdir=/usr/lib --without-included-gettext --enable-threads=posix --libdir=/usr/lib --enable-nls --enable-clocale=gnu --enable-libstdcxx-debug --enable-libstdcxx-time=yes --with-default-libstdcxx-abi=new --enable-gnu-unique-object --disable-vtable-verify --enable-plugin --enable-default-pie --with-system-zlib --with-target-system-zlib=auto --enable-objc-gc=auto --enable-multiarch --disable-werror --with-arch-32=i686 --with-abi=m64 --with-multilib-list=m32,m64,mx32 --enable-multilib --with-tune=generic --enable-offload-targets=nvptx-none=/build/gcc-9-Av3uEd/gcc-9-9.4.0/debian/tmp-nvptx/usr,hsa --without-cuda-driver --enable-checking=release --build=x86_64-linux-gnu --host=x86_64-linux-gnu --target=x86_64-linux-gnu
Thread model: posix
gcc version 9.4.0 (Ubuntu 9.4.0-1ubuntu1~20.04.1) 
configure:9146: $? = 0
configure:9135: g++ -V >&5
g++: error: unrecognized command line option '-V'
g++: fatal error: no input files
compilation terminated.
configure:9146: $? = 1
configure:9135: g++ -qversion >&5
g++: error: unrecognized command line option '-qversion'; did you mean '--version'?
g++: fatal error: no input files
compilation terminated.
configure:9146: $? = 1
configure:9150: checking whether we are using the GNU C++ compiler
configure:9169: g++ -c   conftest.cpp >&5
configure:9169: $? = 0
configure:9178: result: yes
configure:9187: checking whether g++ accepts -g
configure:9207: g++ -c -g  conftest.cpp >&5
configure:9207: $? = 0
configure:9248: result: yes
configure:9273: checking dependency style of g++
configure:9384: result: gcc3
configure:9417: checking how to run the C++ preprocessor
configure:9444: g++ -E  conftest.cpp
configure:9444: $? = 0
configure:9458: g++ -E  conftest.cpp
conftest.cpp:23:10: fatal error: ac_nonexistent.h: No such file or directory
   23 | #include <ac_nonexistent.h>
      |          ^~~~~~~~~~~~~~~~~~
compilation terminated.
configure:9458: $? = 1
configure: failed program was:
| /* confdefs.h */
| #define PACKAGE_NAME "mahimahi"
| #define PACKAGE_TARNAME "mahimahi"
| #define PACKAGE_VERSION "0.98"
| #define PACKAGE_STRING "mahimahi 0.98"
| #define PACKAGE_BUGREPORT "mahimahi@mit.edu"
| #define PACKAGE_URL ""
| #define PACKAGE "mahimahi"
| #define VERSION "0.98"
| #define STDC_HEADERS 1
| #define HAVE_SYS_TYPES_H 1
| #define HAVE_SYS_STAT_H 1
| #define HAVE_STDLIB_H 1
| #define HAVE_STRING_H 1
| #define HAVE_MEMORY_H 1
| #define HAVE_STRINGS_H 1
| #define HAVE_INTTYPES_H 1
| #define HAVE_STDINT_H 1
| #define HAVE_UNISTD_H 1
| #define HAVE_DLFCN_H 1
| #define LT_OBJDIR ".libs/"
| /* end confdefs.h.  */
| #include <ac_nonexistent.h>
configure:9483: result: g++ -E
configure:9503: g++ -E  conftest.cpp
configure:9503: $? = 0
configure:9517: g++ -E  conftest.cpp
conftest.cpp:23:10: fatal error: ac_nonexistent.h: No such file or directory
   23 | #include <ac_nonexistent.h>
      |          ^~~~~~~~~~~~~~~~~~
compilation terminated.
configure:9517: $? = 1
configure: failed program was:
| /* confdefs.h */
| #define PACKAGE_NAME "mahimahi"
| #define PACKAGE_TARNAME "mahimahi"
| #define PACKAGE_VERSION "0.98"
| #define PACKAGE_STRING "mahimahi 0.98"
| #define PACKAGE_BUGREPORT "mahimahi@mit.edu"
| #define PACKAGE_URL ""
| #define PACKAGE "mahimahi"
| #define VERSION "0.98"
| #define STDC_HEADERS 1
| #define HAVE_SYS_TYPES_H 1
| #define HAVE_SYS_STAT_H 1
| #define HAVE_STDLIB_H 1
| #define HAVE_STRING_H 1
| #define HAVE_MEMORY_H 1
| #define HAVE_STRINGS_H 1
| #define HAVE_INTTYPES_H 1
| #define HAVE_STDINT_H 1
| #define HAVE_UNISTD_H 1
| #define HAVE_DLFCN_H 1
| #define LT_OBJDIR ".libs/"
| /* end confdefs.h.  */
| #include <ac_nonexistent.h>
configure:9679: checking for ld used by g++
configure:9746: result: /usr/bin/ld -m elf_x86_64
configure:9753: checking if the linker (/usr/bin/ld -m elf_x86_64) is GNU ld
configure:9768: result: yes
configure:9823: checking whether the g++ linker (/usr/bin/ld -m elf_x86_64) supports shared libraries
configure:10896: result: yes
configure:10932: g++ -c -g -O2  conftest.cpp >&5
configure:10935: $? = 0
configure:11416: checking for g++ option to produce PIC
configure:11423: result: -fPIC -DPIC
configure:11431: checking if g++ PIC flag -fPIC -DPIC works
configure:11449: g++ -c -g -O2  -fPIC -DPIC -DPIC conftest.cpp >&5
configure:11453: $? = 0
configure:11466: result: yes
configure:11489: checking if g++ static flag -static works
configure:11517: result: yes
configure:11529: checking if g++ supports -c -o file.o
configure:11550: g++ -c -g -O2  -o out/conftest2.o conftest.cpp >&5
configure:11554: $? = 0
configure:11576: result: yes
configure:11581: checking if g++ supports -c -o file.o
configure:11628: result: yes
configure:11658: checking whether the g++ linker (/usr/bin/ld -m elf_x86_64) supports shared libraries
configure:11701: result: yes
configure:11842: checking dynamic linker characteristics
configure:12599: result: GNU/Linux ld.so
configure:12664: checking how to hardcode library paths into programs
configure:12689: result: immediate
configure:11564: checking for iptables
configure:11582: found /usr/sbin/iptables
configure:11595: result: /usr/sbin/iptables
configure:11615: checking for ip
configure:11633: found /usr/sbin/ip
configure:11646: result: /usr/sbin/ip
configure:11668: checking for apache2
configure:11686: found /usr/sbin/apache2
configure:11698: result: /usr/sbin/apache2
configure:11722: checking for dnsmasq
configure:11740: found /usr/sbin/dnsmasq
configure:11753: result: /usr/sbin/dnsmasq
configure:11772: checking for protoc
configure:11790: found /usr/bin/protoc
configure:11802: result: /usr/bin/protoc
configure:11816: checking for apxs
configure:11834: found /usr/bin/apxs
configure:11846: result: /usr/bin/apxs
configure:11866: checking for /usr/lib/apache2/modules/mod_mpm_prefork.so
configure:11880: result: yes
configure:11894: checking for /usr/lib/apache2/modules/mod_authz_core.so
configure:11908: result: yes
configure:11922: checking for /usr/lib/apache2/modules/mod_ssl.so
configure:11936: result: yes
configure:11950: checking for /etc/ssl/certs/ssl-cert-snakeoil.pem
configure:11963: result: yes
configure:12055: checking for pkg-config
configure:12073: found /usr/bin/pkg-config
configure:12085: result: /usr/bin/pkg-config
configure:12110: checking pkg-config is at least version 0.9.0
configure:12113: result: yes
configure:12123: checking for protobuf
configure:12130: $PKG_CONFIG --exists --print-errors "protobuf"
configure:12133: $? = 0
configure:12147: $PKG_CONFIG --exists --print-errors "protobuf"
configure:12150: $? = 0
configure:12208: result: yes
configure:12214: checking for libssl
configure:12221: $PKG_CONFIG --exists --print-errors "libcrypto libssl"
configure:12224: $? = 0
configure:12238: $PKG_CONFIG --exists --print-errors "libcrypto libssl"
configure:12241: $? = 0
configure:12299: result: yes
configure:12305: checking for libapr1
configure:12312: $PKG_CONFIG --exists --print-errors "apr-1"
configure:12315: $? = 0
configure:12329: $PKG_CONFIG --exists --print-errors "apr-1"
configure:12332: $? = 0
configure:12390: result: yes
configure:12396: checking for XCB
configure:12403: $PKG_CONFIG --exists --print-errors "xcb"
configure:12406: $? = 0
configure:12420: $PKG_CONFIG --exists --print-errors "xcb"
configure:12423: $? = 0
configure:12481: result: yes
configure:12487: checking for XCBPRESENT
configure:12494: $PKG_CONFIG --exists --print-errors "xcb-present"
configure:12497: $? = 0
configure:12511: $PKG_CONFIG --exists --print-errors "xcb-present"
configure:12514: $? = 0
configure:12572: result: yes
configure:12578: checking for PANGOCAIRO
configure:12585: $PKG_CONFIG --exists --print-errors "pangocairo"
configure:12588: $? = 0
configure:12602: $PKG_CONFIG --exists --print-errors "pangocairo"
configure:12605: $? = 0
configure:12663: result: yes
configure:12672: checking for sys/types.h
configure:12672: result: yes
configure:12672: checking for netinet/in.h
configure:12672: gcc -c -g -O2  conftest.c >&5
configure:12672: $? = 0
configure:12672: result: yes
configure:12672: checking for arpa/nameser.h
configure:12672: gcc -c -g -O2  conftest.c >&5
configure:12672: $? = 0
configure:12672: result: yes
configure:12672: checking for netdb.h
configure:12672: gcc -c -g -O2  conftest.c >&5
configure:12672: $? = 0
configure:12672: result: yes
configure:12672: checking for resolv.h
configure:12672: gcc -c -g -O2  conftest.c >&5
configure:12672: $? = 0
configure:12672: result: yes
configure:12698: checking arpa/inet.h usability
configure:12698: gcc -c -g -O2  conftest.c >&5
configure:12698: $? = 0
configure:12698: result: yes
configure:12698: checking arpa/inet.h presence
configure:12698: gcc -E  conftest.c
configure:12698: $? = 0
configure:12698: result: yes
configure:12698: checking for arpa/inet.h
configure:12698: result: yes
configure:12698: checking fcntl.h usability
configure:12698: gcc -c -g -O2  conftest.c >&5
configure:12698: $? = 0
configure:12698: result: yes
configure:12698: checking fcntl.h presence
configure:12698: gcc -E  conftest.c
configure:12698: $? = 0
configure:12698: result: yes
configure:12698: checking for fcntl.h
configure:12698: result: yes
configure:12698: checking for netdb.h
configure:12698: result: yes
configure:12698: checking for netinet/in.h
configure:12698: result: yes
configure:12698: checking paths.h usability
configure:12698: gcc -c -g -O2  conftest.c >&5
configure:12698: $? = 0
configure:12698: result: yes
configure:12698: checking paths.h presence
configure:12698: gcc -E  conftest.c
configure:12698: $? = 0
configure:12698: result: yes
configure:12698: checking for paths.h
configure:12698: result: yes
configure:12698: checking sys/ioctl.h usability
configure:12698: gcc -c -g -O2  conftest.c >&5
configure:12698: $? = 0
configure:12698: result: yes
configure:12698: checking sys/ioctl.h presence
configure:12698: gcc -E  conftest.c
configure:12698: $? = 0
configure:12698: result: yes
configure:12698: checking for sys/ioctl.h
configure:12698: result: yes
configure:12698: checking sys/socket.h usability
configure:12698: gcc -c -g -O2  conftest.c >&5
configure:12698: $? = 0
configure:12698: result: yes
configure:12698: checking sys/socket.h presence
configure:12698: gcc -E  conftest.c
configure:12698: $? = 0
configure:12698: result: yes
configure:12698: checking for sys/socket.h
configure:12698: result: yes
configure:12698: checking for unistd.h
configure:12698: result: yes
configure:12712: checking for stdbool.h that conforms to C99
configure:12779: gcc -c -g -O2  conftest.c >&5
configure:12779: $? = 0
configure:12786: result: yes
configure:12788: checking for _Bool
configure:12788: gcc -c -g -O2  conftest.c >&5
configure:12788: $? = 0
configure:12788: gcc -c -g -O2  conftest.c >&5
conftest.c: In function 'main':
conftest.c:83:20: error: expected expression before ')' token
   83 | if (sizeof ((_Bool)))
      |                    ^
configure:12788: $? = 1
configure: failed program was:
| /* confdefs.h */
| #define PACKAGE_NAME "mahimahi"
| #define PACKAGE_TARNAME "mahimahi"
| #define PACKAGE_VERSION "0.98"
| #define PACKAGE_STRING "mahimahi 0.98"
| #define PACKAGE_BUGREPORT "mahimahi@mit.edu"
| #define PACKAGE_URL ""
| #define PACKAGE "mahimahi"
| #define VERSION "0.98"
| #define STDC_HEADERS 1
| #define HAVE_SYS_TYPES_H 1
| #define HAVE_SYS_STAT_H 1
| #define HAVE_STDLIB_H 1
| #define HAVE_STRING_H 1
| #define HAVE_MEMORY_H 1
| #define HAVE_STRINGS_H 1
| #define HAVE_INTTYPES_H 1
| #define HAVE_STDINT_H 1
| #define HAVE_UNISTD_H 1
| #define HAVE_DLFCN_H 1
| #define LT_OBJDIR ".libs/"
| #define IPTABLES "/usr/sbin/iptables"
| #define IP "/usr/sbin/ip"
| #define APACHE2 "/usr/sbin/apache2"
| #define DNSMASQ "/usr/sbin/dnsmasq"
| #define MOD_MPM_PREFORK "/usr/lib/apache2/modules/mod_mpm_prefork.so"
| #define MOD_AUTHZ_CORE "/usr/lib/apache2/modules/mod_authz_core.so"
| #define MOD_SSL "/usr/lib/apache2/modules/mod_ssl.so"
| #define MOD_SSL_CERTIFICATE_FILE "/etc/ssl/certs/ssl-cert-snakeoil.pem"
| #define MOD_SSL_KEY "/etc/ssl/private/ssl-cert-snakeoil.key"
| #define REPLAYSERVER "/usr/local/bin/mm-replayserver"
| #define MOD_DEEPCGI "/usr/local/lib//libmod_deepcgi.so"
| #define HAVE_SYS_TYPES_H 1
| #define HAVE_NETINET_IN_H 1
| #define HAVE_ARPA_NAMESER_H 1
| #define HAVE_NETDB_H 1
| #define HAVE_RESOLV_H 1
| #define HAVE_ARPA_INET_H 1
| #define HAVE_FCNTL_H 1
| #define HAVE_NETDB_H 1
| #define HAVE_NETINET_IN_H 1
| #define HAVE_PATHS_H 1
| #define HAVE_SYS_IOCTL_H 1
| #define HAVE_SYS_SOCKET_H 1
| #define HAVE_UNISTD_H 1
| /* end confdefs.h.  */
| #include <stdio.h>
| #ifdef HAVE_SYS_TYPES_H
| # include <sys/types.h>
| #endif
| #ifdef HAVE_SYS_STAT_H
| # include <sys/stat.h>
| #endif
| #ifdef STDC_HEADERS
| # include <stdlib.h>
| # include <stddef.h>
| #else
| # ifdef HAVE_STDLIB_H
| #  include <stdlib.h>
| # endif
| #endif
| #ifdef HAVE_STRING_H
| # if !defined STDC_HEADERS && defined HAVE_MEMORY_H
| #  include <memory.h>
| # endif
| # include <string.h>
| #endif
| #ifdef HAVE_STRINGS_H
| # include <strings.h>
| #endif
| #ifdef HAVE_INTTYPES_H
| # include <inttypes.h>
| #endif
| #ifdef HAVE_STDINT_H
| # include <stdint.h>
| #endif
| #ifdef HAVE_UNISTD_H
| # include <unistd.h>
| #endif
| int
| main ()
| {
| if (sizeof ((_Bool)))
| 	    return 0;
|   ;
|   return 0;
| }
configure:12788: result: yes
configure:12799: checking for uid_t in sys/types.h
configure:12818: result: yes
configure:12829: checking for inline
configure:12845: gcc -c -g -O2  conftest.c >&5
configure:12845: $? = 0
configure:12853: result: inline
configure:12871: checking for pid_t
configure:12871: gcc -c -g -O2  conftest.c >&5
configure:12871: $? = 0
configure:12871: gcc -c -g -O2  conftest.c >&5
conftest.c: In function 'main':
conftest.c:84:20: error: expected expression before ')' token
   84 | if (sizeof ((pid_t)))
      |                    ^
configure:12871: $? = 1
configure: failed program was:
| /* confdefs.h */
| #define PACKAGE_NAME "mahimahi"
| #define PACKAGE_TARNAME "mahimahi"
| #define PACKAGE_VERSION "0.98"
| #define PACKAGE_STRING "mahimahi 0.98"
| #define PACKAGE_BUGREPORT "mahimahi@mit.edu"
| #define PACKAGE_URL ""
| #define PACKAGE "mahimahi"
| #define VERSION "0.98"
| #define STDC_HEADERS 1
| #define HAVE_SYS_TYPES_H 1
| #define HAVE_SYS_STAT_H 1
| #define HAVE_STDLIB_H 1
| #define HAVE_STRING_H 1
| #define HAVE_MEMORY_H 1
| #define HAVE_STRINGS_H 1
| #define HAVE_INTTYPES_H 1
| #define HAVE_STDINT_H 1
| #define HAVE_UNISTD_H 1
| #define HAVE_DLFCN_H 1
| #define LT_OBJDIR ".libs/"
| #define IPTABLES "/usr/sbin/iptables"
| #define IP "/usr/sbin/ip"
| #define APACHE2 "/usr/sbin/apache2"
| #define DNSMASQ "/usr/sbin/dnsmasq"
| #define MOD_MPM_PREFORK "/usr/lib/apache2/modules/mod_mpm_prefork.so"
| #define MOD_AUTHZ_CORE "/usr/lib/apache2/modules/mod_authz_core.so"
| #define MOD_SSL "/usr/lib/apache2/modules/mod_ssl.so"
| #define MOD_SSL_CERTIFICATE_FILE "/etc/ssl/certs/ssl-cert-snakeoil.pem"
| #define MOD_SSL_KEY "/etc/ssl/private/ssl-cert-snakeoil.key"
| #define REPLAYSERVER "/usr/local/bin/mm-replayserver"
| #define MOD_DEEPCGI "/usr/local/lib//libmod_deepcgi.so"
| #define HAVE_SYS_TYPES_H 1
| #define HAVE_NETINET_IN_H 1
| #define HAVE_ARPA_NAMESER_H 1
| #define HAVE_NETDB_H 1
| #define HAVE_RESOLV_H 1
| #define HAVE_ARPA_INET_H 1
| #define HAVE_FCNTL_H 1
| #define HAVE_NETDB_H 1
| #define HAVE_NETINET_IN_H 1
| #define HAVE_PATHS_H 1
| #define HAVE_SYS_IOCTL_H 1
| #define HAVE_SYS_SOCKET_H 1
| #define HAVE_UNISTD_H 1
| #define HAVE__BOOL 1
| /* end confdefs.h.  */
| #include <stdio.h>
| #ifdef HAVE_SYS_TYPES_H
| # include <sys/types.h>
| #endif
| #ifdef HAVE_SYS_STAT_H
| # include <sys/stat.h>
| #endif
| #ifdef STDC_HEADERS
| # include <stdlib.h>
| # include <stddef.h>
| #else
| # ifdef HAVE_STDLIB_H
| #  include <stdlib.h>
| # endif
| #endif
| #ifdef HAVE_STRING_H
| # if !defined STDC_HEADERS && defined HAVE_MEMORY_H
| #  include <memory.h>
| # endif
| # include <string.h>
| #endif
| #ifdef HAVE_STRINGS_H
| # include <strings.h>
| #endif
| #ifdef HAVE_INTTYPES_H
| # include <inttypes.h>
| #endif
| #ifdef HAVE_STDINT_H
| # include <stdint.h>
| #endif
| #ifdef HAVE_UNISTD_H
| # include <unistd.h>
| #endif
| int
| main ()
| {
| if (sizeof ((pid_t)))
| 	    return 0;
|   ;
|   return 0;
| }
configure:12871: result: yes
configure:12882: checking for size_t
configure:12882: gcc -c -g -O2  conftest.c >&5
configure:12882: $? = 0
configure:12882: gcc -c -g -O2  conftest.c >&5
conftest.c: In function 'main':
conftest.c:84:21: error: expected expression before ')' token
   84 | if (sizeof ((size_t)))
      |                     ^
configure:12882: $? = 1
configure: failed program was:
| /* confdefs.h */
| #define PACKAGE_NAME "mahimahi"
| #define PACKAGE_TARNAME "mahimahi"
| #define PACKAGE_VERSION "0.98"
| #define PACKAGE_STRING "mahimahi 0.98"
| #define PACKAGE_BUGREPORT "mahimahi@mit.edu"
| #define PACKAGE_URL ""
| #define PACKAGE "mahimahi"
| #define VERSION "0.98"
| #define STDC_HEADERS 1
| #define HAVE_SYS_TYPES_H 1
| #define HAVE_SYS_STAT_H 1
| #define HAVE_STDLIB_H 1
| #define HAVE_STRING_H 1
| #define HAVE_MEMORY_H 1
| #define HAVE_STRINGS_H 1
| #define HAVE_INTTYPES_H 1
| #define HAVE_STDINT_H 1
| #define HAVE_UNISTD_H 1
| #define HAVE_DLFCN_H 1
| #define LT_OBJDIR ".libs/"
| #define IPTABLES "/usr/sbin/iptables"
| #define IP "/usr/sbin/ip"
| #define APACHE2 "/usr/sbin/apache2"
| #define DNSMASQ "/usr/sbin/dnsmasq"
| #define MOD_MPM_PREFORK "/usr/lib/apache2/modules/mod_mpm_prefork.so"
| #define MOD_AUTHZ_CORE "/usr/lib/apache2/modules/mod_authz_core.so"
| #define MOD_SSL "/usr/lib/apache2/modules/mod_ssl.so"
| #define MOD_SSL_CERTIFICATE_FILE "/etc/ssl/certs/ssl-cert-snakeoil.pem"
| #define MOD_SSL_KEY "/etc/ssl/private/ssl-cert-snakeoil.key"
| #define REPLAYSERVER "/usr/local/bin/mm-replayserver"
| #define MOD_DEEPCGI "/usr/local/lib//libmod_deepcgi.so"
| #define HAVE_SYS_TYPES_H 1
| #define HAVE_NETINET_IN_H 1
| #define HAVE_ARPA_NAMESER_H 1
| #define HAVE_NETDB_H 1
| #define HAVE_RESOLV_H 1
| #define HAVE_ARPA_INET_H 1
| #define HAVE_FCNTL_H 1
| #define HAVE_NETDB_H 1
| #define HAVE_NETINET_IN_H 1
| #define HAVE_PATHS_H 1
| #define HAVE_SYS_IOCTL_H 1
| #define HAVE_SYS_SOCKET_H 1
| #define HAVE_UNISTD_H 1
| #define HAVE__BOOL 1
| /* end confdefs.h.  */
| #include <stdio.h>
| #ifdef HAVE_SYS_TYPES_H
| # include <sys/types.h>
| #endif
| #ifdef HAVE_SYS_STAT_H
| # include <sys/stat.h>
| #endif
| #ifdef STDC_HEADERS
| # include <stdlib.h>
| # include <stddef.h>
| #else
| # ifdef HAVE_STDLIB_H
| #  include <stdlib.h>
| # endif
| #endif
| #ifdef HAVE_STRING_H
| # if !defined STDC_HEADERS && defined HAVE_MEMORY_H
| #  include <memory.h>
| # endif
| # include <string.h>
| #endif
| #ifdef HAVE_STRINGS_H
| # include <strings.h>
| #endif
| #ifdef HAVE_INTTYPES_H
| # include <inttypes.h>
| #endif
| #ifdef HAVE_STDINT_H
| # include <stdint.h>
| #endif
| #ifdef HAVE_UNISTD_H
| # include <unistd.h>
| #endif
| int
| main ()
| {
| if (sizeof ((size_t)))
| 	    return 0;
|   ;
|   return 0;
| }
configure:12882: result: yes
configure:12893: checking for ssize_t
configure:12893: gcc -c -g -O2  conftest.c >&5
configure:12893: $? = 0
configure:12893: gcc -c -g -O2  conftest.c >&5
conftest.c: In function 'main':
conftest.c:84:22: error: expected expression before ')' token
   84 | if (sizeof ((ssize_t)))
      |                      ^
configure:12893: $? = 1
configure: failed program was:
| /* confdefs.h */
| #define PACKAGE_NAME "mahimahi"
| #define PACKAGE_TARNAME "mahimahi"
| #define PACKAGE_VERSION "0.98"
| #define PACKAGE_STRING "mahimahi 0.98"
| #define PACKAGE_BUGREPORT "mahimahi@mit.edu"
| #define PACKAGE_URL ""
| #define PACKAGE "mahimahi"
| #define VERSION "0.98"
| #define STDC_HEADERS 1
| #define HAVE_SYS_TYPES_H 1
| #define HAVE_SYS_STAT_H 1
| #define HAVE_STDLIB_H 1
| #define HAVE_STRING_H 1
| #define HAVE_MEMORY_H 1
| #define HAVE_STRINGS_H 1
| #define HAVE_INTTYPES_H 1
| #define HAVE_STDINT_H 1
| #define HAVE_UNISTD_H 1
| #define HAVE_DLFCN_H 1
| #define LT_OBJDIR ".libs/"
| #define IPTABLES "/usr/sbin/iptables"
| #define IP "/usr/sbin/ip"
| #define APACHE2 "/usr/sbin/apache2"
| #define DNSMASQ "/usr/sbin/dnsmasq"
| #define MOD_MPM_PREFORK "/usr/lib/apache2/modules/mod_mpm_prefork.so"
| #define MOD_AUTHZ_CORE "/usr/lib/apache2/modules/mod_authz_core.so"
| #define MOD_SSL "/usr/lib/apache2/modules/mod_ssl.so"
| #define MOD_SSL_CERTIFICATE_FILE "/etc/ssl/certs/ssl-cert-snakeoil.pem"
| #define MOD_SSL_KEY "/etc/ssl/private/ssl-cert-snakeoil.key"
| #define REPLAYSERVER "/usr/local/bin/mm-replayserver"
| #define MOD_DEEPCGI "/usr/local/lib//libmod_deepcgi.so"
| #define HAVE_SYS_TYPES_H 1
| #define HAVE_NETINET_IN_H 1
| #define HAVE_ARPA_NAMESER_H 1
| #define HAVE_NETDB_H 1
| #define HAVE_RESOLV_H 1
| #define HAVE_ARPA_INET_H 1
| #define HAVE_FCNTL_H 1
| #define HAVE_NETDB_H 1
| #define HAVE_NETINET_IN_H 1
| #define HAVE_PATHS_H 1
| #define HAVE_SYS_IOCTL_H 1
| #define HAVE_SYS_SOCKET_H 1
| #define HAVE_UNISTD_H 1
| #define HAVE__BOOL 1
| /* end confdefs.h.  */
| #include <stdio.h>
| #ifdef HAVE_SYS_TYPES_H
| # include <sys/types.h>
| #endif
| #ifdef HAVE_SYS_STAT_H
| # include <sys/stat.h>
| #endif
| #ifdef STDC_HEADERS
| # include <stdlib.h>
| # include <stddef.h>
| #else
| # ifdef HAVE_STDLIB_H
| #  include <stdlib.h>
| # endif
| #endif
| #ifdef HAVE_STRING_H
| # if !defined STDC_HEADERS && defined HAVE_MEMORY_H
| #  include <memory.h>
| # endif
| # include <string.h>
| #endif
| #ifdef HAVE_STRINGS_H
| # include <strings.h>
| #endif
| #ifdef HAVE_INTTYPES_H
| # include <inttypes.h>
| #endif
| #ifdef HAVE_STDINT_H
| # include <stdint.h>
| #endif
| #ifdef HAVE_UNISTD_H
| # include <unistd.h>
| #endif
| int
| main ()
| {
| if (sizeof ((ssize_t)))
| 	    return 0;
|   ;
|   return 0;
| }
configure:12893: result: yes
configure:12904: checking for uint16_t
configure:12904: gcc -c -g -O2  conftest.c >&5
configure:12904: $? = 0
configure:12904: result: yes
configure:12916: checking for uint32_t
configure:12916: gcc -c -g -O2  conftest.c >&5
configure:12916: $? = 0
configure:12916: result: yes
configure:12930: checking for uint64_t
configure:12930: gcc -c -g -O2  conftest.c >&5
configure:12930: $? = 0
configure:12930: result: yes
configure:12944: checking for uint8_t
configure:12944: gcc -c -g -O2  conftest.c >&5
configure:12944: $? = 0
configure:12944: result: yes
configure:12963: checking for clock_gettime
configure:12963: gcc -o conftest -g -O2   conftest.c  >&5
configure:12963: $? = 0
configure:12963: result: yes
configure:12963: checking for inet_ntoa
configure:12963: gcc -o conftest -g -O2   conftest.c  >&5
configure:12963: $? = 0
configure:12963: result: yes
configure:12963: checking for memset
configure:12963: gcc -o conftest -g -O2   conftest.c  >&5
conftest.c:73:6: warning: conflicting types for built-in function 'memset'; expected 'void *(void *, int,  long unsigned int)' [-Wbuiltin-declaration-mismatch]
   73 | char memset ();
      |      ^~~~~~
conftest.c:61:1: note: 'memset' is declared in header '<string.h>'
   60 | # include <limits.h>
   61 | #else
configure:12963: $? = 0
configure:12963: result: yes
configure:12963: checking for mkdir
configure:12963: gcc -o conftest -g -O2   conftest.c  >&5
configure:12963: $? = 0
configure:12963: result: yes
configure:12963: checking for setenv
configure:12963: gcc -o conftest -g -O2   conftest.c  >&5
configure:12963: $? = 0
configure:12963: result: yes
configure:12963: checking for socket
configure:12963: gcc -o conftest -g -O2   conftest.c  >&5
configure:12963: $? = 0
configure:12963: result: yes
configure:12963: checking for strerror
configure:12963: gcc -o conftest -g -O2   conftest.c  >&5
configure:12963: $? = 0
configure:12963: result: yes
configure:12963: checking for strtol
configure:12963: gcc -o conftest -g -O2   conftest.c  >&5
configure:12963: $? = 0
configure:12963: result: yes
configure:13076: checking that generated files are newer than configure
configure:13082: result: done
configure:13109: creating ./config.status

## ---------------------- ##
## Running config.status. ##
## ---------------------- ##

This file was extended by mahimahi config.status 0.98, which was
generated by GNU Autoconf 2.69.  Invocation command line was

  CONFIG_FILES    = 
  CONFIG_HEADERS  = 
  CONFIG_LINKS    = 
  CONFIG_COMMANDS = 
  $ ./config.status 

on nsl300-MS-7B98

config.status:1214: creating Makefile
config.status:1214: creating src/Makefile
config.status:1214: creating src/util/Makefile
config.status:1214: creating src/packet/Makefile
config.status:1214: creating src/graphing/Makefile
config.status:1214: creating src/http/Makefile
config.status:1214: creating src/httpserver/Makefile
config.status:1214: creating src/frontend/Makefile
config.status:1214: creating src/protobufs/Makefile
config.status:1214: creating src/tests/Makefile
config.status:1214: creating man/Makefile
config.status:1214: creating traces/Makefile
config.status:1214: creating scripts/Makefile
config.status:1214: creating config.h
config.status:1443: executing depfiles commands
config.status:1520: cd src/util       && sed -e '/# am--include-marker/d' Makefile         | make -f - am--depfiles
config.status:1525: $? = 0
config.status:1520: cd src/packet       && sed -e '/# am--include-marker/d' Makefile         | make -f - am--depfiles
config.status:1525: $? = 0
config.status:1520: cd src/graphing       && sed -e '/# am--include-marker/d' Makefile         | make -f - am--depfiles
config.status:1525: $? = 0
config.status:1520: cd src/http       && sed -e '/# am--include-marker/d' Makefile         | make -f - am--depfiles
config.status:1525: $? = 0
config.status:1520: cd src/httpserver       && sed -e '/# am--include-marker/d' Makefile         | make -f - am--depfiles
config.status:1525: $? = 0
config.status:1520: cd src/frontend       && sed -e '/# am--include-marker/d' Makefile         | make -f - am--depfiles
config.status:1525: $? = 0
config.status:1520: cd src/protobufs       && sed -e '/# am--include-marker/d' Makefile         | make -f - am--depfiles
config.status:1525: $? = 0
config.status:1443: executing libtool commands

## ---------------- ##
## Cache variables. ##
## ---------------- ##

ac_cv_build=x86_64-pc-linux-gnu
ac_cv_c_compiler_gnu=yes
ac_cv_c_inline=inline
ac_cv_c_uint16_t=yes
ac_cv_c_uint32_t=yes
ac_cv_c_uint64_t=yes
ac_cv_c_uint8_t=yes
ac_cv_cxx_compiler_gnu=yes
ac_cv_env_APACHE2_set=
ac_cv_env_APACHE2_value=
ac_cv_env_CCC_set=
ac_cv_env_CCC_value=
ac_cv_env_CC_set=
ac_cv_env_CC_value=
ac_cv_env_CFLAGS_set=
ac_cv_env_CFLAGS_value=
ac_cv_env_CPPFLAGS_set=
ac_cv_env_CPPFLAGS_value=
ac_cv_env_CPP_set=
ac_cv_env_CPP_value=
ac_cv_env_CXXCPP_set=
ac_cv_env_CXXCPP_value=
ac_cv_env_CXXFLAGS_set=
ac_cv_env_CXXFLAGS_value=
ac_cv_env_CXX_set=
ac_cv_env_CXX_value=
ac_cv_env_DNSMASQ_set=
ac_cv_env_DNSMASQ_value=
ac_cv_env_IPTABLES_set=
ac_cv_env_IPTABLES_value=
ac_cv_env_IP_set=
ac_cv_env_IP_value=
ac_cv_env_LDFLAGS_set=
ac_cv_env_LDFLAGS_value=
ac_cv_env_LIBS_set=
ac_cv_env_LIBS_value=
ac_cv_env_LT_SYS_LIBRARY_PATH_set=
ac_cv_env_LT_SYS_LIBRARY_PATH_value=
ac_cv_env_PANGOCAIRO_CFLAGS_set=
ac_cv_env_PANGOCAIRO_CFLAGS_value=
ac_cv_env_PANGOCAIRO_LIBS_set=
ac_cv_env_PANGOCAIRO_LIBS_value=
ac_cv_env_PKG_CONFIG_LIBDIR_set=
ac_cv_env_PKG_CONFIG_LIBDIR_value=
ac_cv_env_PKG_CONFIG_PATH_set=
ac_cv_env_PKG_CONFIG_PATH_value=
ac_cv_env_PKG_CONFIG_set=
ac_cv_env_PKG_CONFIG_value=
ac_cv_env_XCBPRESENT_CFLAGS_set=
ac_cv_env_XCBPRESENT_CFLAGS_value=
ac_cv_env_XCBPRESENT_LIBS_set=
ac_cv_env_XCBPRESENT_LIBS_value=
ac_cv_env_XCB_CFLAGS_set=
ac_cv_env_XCB_CFLAGS_value=
ac_cv_env_XCB_LIBS_set=
ac_cv_env_XCB_LIBS_value=
ac_cv_env_build_alias_set=
ac_cv_env_build_alias_value=
ac_cv_env_host_alias_set=
ac_cv_env_host_alias_value=
ac_cv_env_libapr1_CFLAGS_set=
ac_cv_env_libapr1_CFLAGS_value=
ac_cv_env_libapr1_LIBS_set=
ac_cv_env_libapr1_LIBS_value=
ac_cv_env_libssl_CFLAGS_set=
ac_cv_env_libssl_CFLAGS_value=
ac_cv_env_libssl_LIBS_set=
ac_cv_env_libssl_LIBS_value=
ac_cv_env_protobuf_CFLAGS_set=
ac_cv_env_protobuf_CFLAGS_value=
ac_cv_env_protobuf_LIBS_set=
ac_cv_env_protobuf_LIBS_value=
ac_cv_env_target_alias_set=
ac_cv_env_target_alias_value=
ac_cv_file__etc_ssl_certs_ssl_cert_snakeoil_pem=yes
ac_cv_file__usr_lib_apache2_modules_mod_authz_core_so=yes
ac_cv_file__usr_lib_apache2_modules_mod_mpm_prefork_so=yes
ac_cv_file__usr_lib_apache2_modules_mod_ssl_so=yes
ac_cv_func_clock_gettime=yes
ac_cv_func_inet_ntoa=yes
ac_cv_func_memset=yes
ac_cv_func_mkdir=yes
ac_cv_func_setenv=yes
ac_cv_func_socket=yes
ac_cv_func_strerror=yes
ac_cv_func_strtol=yes
ac_cv_header_arpa_inet_h=yes
ac_cv_header_arpa_nameser_h=yes
ac_cv_header_dlfcn_h=yes
ac_cv_header_fcntl_h=yes
ac_cv_header_inttypes_h=yes
ac_cv_header_memory_h=yes
ac_cv_header_netdb_h=yes
ac_cv_header_netinet_in_h=yes
ac_cv_header_paths_h=yes
ac_cv_header_resolv_h=yes
ac_cv_header_stdbool_h=yes
ac_cv_header_stdc=yes
ac_cv_header_stdint_h=yes
ac_cv_header_stdlib_h=yes
ac_cv_header_string_h=yes
ac_cv_header_strings_h=yes
ac_cv_header_sys_ioctl_h=yes
ac_cv_header_sys_socket_h=yes
ac_cv_header_sys_stat_h=yes
ac_cv_header_sys_types_h=yes
ac_cv_header_unistd_h=yes
ac_cv_host=x86_64-pc-linux-gnu
ac_cv_objext=o
ac_cv_path_APACHE2=/usr/sbin/apache2
ac_cv_path_APXS=/usr/bin/apxs
ac_cv_path_DNSMASQ=/usr/sbin/dnsmasq
ac_cv_path_EGREP='/usr/bin/grep -E'
ac_cv_path_FGREP='/usr/bin/grep -F'
ac_cv_path_GREP=/usr/bin/grep
ac_cv_path_IP=/usr/sbin/ip
ac_cv_path_IPTABLES=/usr/sbin/iptables
ac_cv_path_PROTOC=/usr/bin/protoc
ac_cv_path_SED=/usr/bin/sed
ac_cv_path_ac_pt_PKG_CONFIG=/usr/bin/pkg-config
ac_cv_path_install='/usr/bin/install -c'
ac_cv_path_lt_DD=/usr/bin/dd
ac_cv_path_mkdir=/usr/bin/mkdir
ac_cv_prog_AWK=gawk
ac_cv_prog_CPP='gcc -E'
ac_cv_prog_CXXCPP='g++ -E'
ac_cv_prog_ac_ct_AR=ar
ac_cv_prog_ac_ct_CC=gcc
ac_cv_prog_ac_ct_CXX=g++
ac_cv_prog_ac_ct_MANIFEST_TOOL=mt
ac_cv_prog_ac_ct_OBJDUMP=objdump
ac_cv_prog_ac_ct_RANLIB=ranlib
ac_cv_prog_ac_ct_STRIP=strip
ac_cv_prog_cc_c89=
ac_cv_prog_cc_g=yes
ac_cv_prog_cxx_g=yes
ac_cv_prog_make_make_set=yes
ac_cv_type__Bool=yes
ac_cv_type_pid_t=yes
ac_cv_type_size_t=yes
ac_cv_type_ssize_t=yes
ac_cv_type_uid_t=yes
am_cv_CC_dependencies_compiler_type=gcc3
am_cv_CXX_dependencies_compiler_type=gcc3
am_cv_make_support_nested_variables=yes
am_cv_prog_cc_c_o=yes
lt_cv_ar_at_file=@
lt_cv_archive_cmds_need_lc=no
lt_cv_deplibs_check_method=pass_all
lt_cv_file_magic_cmd='$MAGIC_CMD'
lt_cv_file_magic_test_file=
lt_cv_ld_reload_flag=-r
lt_cv_nm_interface='BSD nm'
lt_cv_objdir=.libs
lt_cv_path_LD=/usr/bin/ld
lt_cv_path_LDCXX='/usr/bin/ld -m elf_x86_64'
lt_cv_path_NM='/usr/bin/nm -B'
lt_cv_path_mainfest_tool=no
lt_cv_prog_compiler_c_o=yes
lt_cv_prog_compiler_c_o_CXX=yes
lt_cv_prog_compiler_pic='-fPIC -DPIC'
lt_cv_prog_compiler_pic_CXX='-fPIC -DPIC'
lt_cv_prog_compiler_pic_works=yes
lt_cv_prog_compiler_pic_works_CXX=yes
lt_cv_prog_compiler_rtti_exceptions=no
lt_cv_prog_compiler_static_works=yes
lt_cv_prog_compiler_static_works_CXX=yes
lt_cv_prog_gnu_ld=yes
lt_cv_prog_gnu_ldcxx=yes
lt_cv_sharedlib_from_linklib_cmd='printf %s\n'
lt_cv_shlibpath_overrides_runpath=yes
lt_cv_sys_global_symbol_pipe='sed -n -e '\''s/^.*[	 ]\([ABCDGIRSTW][ABCDGIRSTW]*\)[	 ][	 ]*\([_A-Za-z][_A-Za-z0-9]*\)$/\1 \2 \2/p'\'' | sed '\''/ __gnu_lto/d'\'''
lt_cv_sys_global_symbol_to_c_name_address='sed -n -e '\''s/^: \(.*\) .*$/  {"\1", (void *) 0},/p'\'' -e '\''s/^[ABCDGIRSTW][ABCDGIRSTW]* .* \(.*\)$/  {"\1", (void *) \&\1},/p'\'''
lt_cv_sys_global_symbol_to_c_name_address_lib_prefix='sed -n -e '\''s/^: \(.*\) .*$/  {"\1", (void *) 0},/p'\'' -e '\''s/^[ABCDGIRSTW][ABCDGIRSTW]* .* \(lib.*\)$/  {"\1", (void *) \&\1},/p'\'' -e '\''s/^[ABCDGIRSTW][ABCDGIRSTW]* .* \(.*\)$/  {"lib\1", (void *) \&\1},/p'\'''
lt_cv_sys_global_symbol_to_cdecl='sed -n -e '\''s/^T .* \(.*\)$/extern int \1();/p'\'' -e '\''s/^[ABCDGIRSTW][ABCDGIRSTW]* .* \(.*\)$/extern char \1;/p'\'''
lt_cv_sys_global_symbol_to_import=
lt_cv_sys_max_cmd_len=1572864
lt_cv_to_host_file_cmd=func_convert_file_noop
lt_cv_to_tool_file_cmd=func_convert_file_noop
lt_cv_truncate_bin='/usr/bin/dd bs=4096 count=1'
pkg_cv_PANGOCAIRO_CFLAGS='-I/usr/include/pango-1.0 -I/usr/include/fribidi -I/usr/include/harfbuzz -I/usr/include/cairo -I/usr/include/glib-2.0 -I/usr/lib/x86_64-linux-gnu/glib-2.0/include -I/usr/include/pixman-1 -I/usr/include/uuid -I/usr/include/freetype2 -I/usr/include/libpng16'
pkg_cv_PANGOCAIRO_LIBS='-lpangocairo-1.0 -lpango-1.0 -lgobject-2.0 -lglib-2.0 -lharfbuzz -lcairo'
pkg_cv_XCBPRESENT_CFLAGS=
pkg_cv_XCBPRESENT_LIBS=-lxcb-present
pkg_cv_XCB_CFLAGS=
pkg_cv_XCB_LIBS=-lxcb
pkg_cv_libapr1_CFLAGS='-DLINUX -D_REENTRANT -D_GNU_SOURCE -I/usr/include/apr-1.0'
pkg_cv_libapr1_LIBS=-lapr-1
pkg_cv_libssl_CFLAGS=
pkg_cv_libssl_LIBS='-lcrypto -lssl'
pkg_cv_protobuf_CFLAGS=-pthread
pkg_cv_protobuf_LIBS='-lprotobuf -pthread'

## ----------------- ##
## Output variables. ##
## ----------------- ##

ACLOCAL='${SHELL} /home/nsl300/mahimahi/missing aclocal-1.16'
AMDEPBACKSLASH='\'
AMDEP_FALSE='#'
AMDEP_TRUE=''
AMTAR='$${TAR-tar}'
AM_BACKSLASH='\'
AM_DEFAULT_V='$(AM_DEFAULT_VERBOSITY)'
AM_DEFAULT_VERBOSITY='1'
AM_V='$(V)'
APACHE2='/usr/sbin/apache2'
APACHE2_INCLUDE='/usr/include/apache2'
APACHE2_MODULE_DIR='/usr/lib/apache2/modules'
APXS='/usr/bin/apxs'
AR='ar'
AUTOCONF='${SHELL} /home/nsl300/mahimahi/missing autoconf'
AUTOHEADER='${SHELL} /home/nsl300/mahimahi/missing autoheader'
AUTOMAKE='${SHELL} /home/nsl300/mahimahi/missing automake-1.16'
AWK='gawk'
CC='gcc'
CCDEPMODE='depmode=gcc3'
CFLAGS='-g -O2'
CPP='gcc -E'
CPPFLAGS=''
CXX11_FLAGS='-std=c++11 -pthread'
CXX='g++'
CXXCPP='g++ -E'
CXXDEPMODE='depmode=gcc3'
CXXFLAGS='-g -O2'
CYGPATH_W='echo'
DEFS='-DHAVE_CONFIG_H'
DEPDIR='.deps'
DLLTOOL='false'
DNSMASQ='/usr/sbin/dnsmasq'
DSYMUTIL=''
DUMPBIN=''
ECHO_C=''
ECHO_N='-n'
ECHO_T=''
EGREP='/usr/bin/grep -E'
EXEEXT=''
FGREP='/usr/bin/grep -F'
GREP='/usr/bin/grep'
INSTALL_DATA='${INSTALL} -m 644'
INSTALL_PROGRAM='${INSTALL}'
INSTALL_SCRIPT='${INSTALL}'
INSTALL_STRIP_PROGRAM='$(install_sh) -c -s'
IP='/usr/sbin/ip'
IPTABLES='/usr/sbin/iptables'
LD='/usr/bin/ld -m elf_x86_64'
LDFLAGS=''
LIBOBJS=''
LIBS=''
LIBTOOL='$(SHELL) $(top_builddir)/libtool'
LIPO=''
LN_S='ln -s'
LTLIBOBJS=''
LT_SYS_LIBRARY_PATH=''
MAKEINFO='${SHELL} /home/nsl300/mahimahi/missing makeinfo'
MANIFEST_TOOL=':'
MKDIR_P='/usr/bin/mkdir -p'
NM='/usr/bin/nm -B'
NMEDIT=''
OBJDUMP='objdump'
OBJEXT='o'
OTOOL64=''
OTOOL=''
PACKAGE='mahimahi'
PACKAGE_BUGREPORT='mahimahi@mit.edu'
PACKAGE_NAME='mahimahi'
PACKAGE_STRING='mahimahi 0.98'
PACKAGE_TARNAME='mahimahi'
PACKAGE_URL=''
PACKAGE_VERSION='0.98'
PANGOCAIRO_CFLAGS='-I/usr/include/pango-1.0 -I/usr/include/fribidi -I/usr/include/harfbuzz -I/usr/include/cairo -I/usr/include/glib-2.0 -I/usr/lib/x86_64-linux-gnu/glib-2.0/include -I/usr/include/pixman-1 -I/usr/include/uuid -I/usr/include/freetype2 -I/usr/include/libpng16'
PANGOCAIRO_LIBS='-lpangocairo-1.0 -lpango-1.0 -lgobject-2.0 -lglib-2.0 -lharfbuzz -lcairo'
PATH_SEPARATOR=':'
PICKY_CXXFLAGS='-pedantic -Wall -Wextra -Weffc++ -Werror'
PKG_CONFIG='/usr/bin/pkg-config'
PKG_CONFIG_LIBDIR=''
PKG_CONFIG_PATH=''
PROTOC='/usr/bin/protoc'
RANLIB='ranlib'
SED='/usr/bin/sed'
SET_MAKE=''
SHELL='/bin/bash'
STRIP='strip'
VERSION='0.98'
XCBPRESENT_CFLAGS=''
XCBPRESENT_LIBS='-lxcb-present'
XCB_CFLAGS=''
XCB_LIBS='-lxcb'
ac_ct_AR='ar'
ac_ct_CC='gcc'
ac_ct_CXX='g++'
ac_ct_DUMPBIN=''
am__EXEEXT_FALSE=''
am__EXEEXT_TRUE='#'
am__fastdepCC_FALSE='#'
am__fastdepCC_TRUE=''
am__fastdepCXX_FALSE='#'
am__fastdepCXX_TRUE=''
am__include='include'
am__isrc=''
am__leading_dot='.'
am__nodep='_no'
am__quote=''
am__tar='$${TAR-tar} chof - "$$tardir"'
am__untar='$${TAR-tar} xf -'
bindir='${exec_prefix}/bin'
build='x86_64-pc-linux-gnu'
build_alias=''
build_cpu='x86_64'
build_os='linux-gnu'
build_vendor='pc'
datadir='${datarootdir}'
datarootdir='${prefix}/share'
docdir='${datarootdir}/doc/${PACKAGE_TARNAME}'
dvidir='${docdir}'
exec_prefix='${prefix}'
host='x86_64-pc-linux-gnu'
host_alias=''
host_cpu='x86_64'
host_os='linux-gnu'
host_vendor='pc'
htmldir='${docdir}'
includedir='${prefix}/include'
infodir='${datarootdir}/info'
install_sh='${SHELL} /home/nsl300/mahimahi/install-sh'
libapr1_CFLAGS='-DLINUX -D_REENTRANT -D_GNU_SOURCE -I/usr/include/apr-1.0'
libapr1_LIBS='-lapr-1'
libdir='${exec_prefix}/lib'
libexecdir='${exec_prefix}/libexec'
libssl_CFLAGS=''
libssl_LIBS='-lcrypto -lssl'
localedir='${datarootdir}/locale'
localstatedir='${prefix}/var'
mandir='${datarootdir}/man'
mkdir_p='$(MKDIR_P)'
oldincludedir='/usr/include'
pdfdir='${docdir}'
prefix='/usr/local'
program_transform_name='s,x,x,'
protobuf_CFLAGS='-pthread'
protobuf_LIBS='-lprotobuf -pthread'
psdir='${docdir}'
runstatedir='${localstatedir}/run'
sbindir='${exec_prefix}/sbin'
sharedstatedir='${prefix}/com'
sysconfdir='${prefix}/etc'
target_alias=''

## ----------- ##
## confdefs.h. ##
## ----------- ##

/* confdefs.h */
#define PACKAGE_NAME "mahimahi"
#define PACKAGE_TARNAME "mahimahi"
#define PACKAGE_VERSION "0.98"
#define PACKAGE_STRING "mahimahi 0.98"
#define PACKAGE_BUGREPORT "mahimahi@mit.edu"
#define PACKAGE_URL ""
#define PACKAGE "mahimahi"
#define VERSION "0.98"
#define STDC_HEADERS 1
#define HAVE_SYS_TYPES_H 1
#define HAVE_SYS_STAT_H 1
#define HAVE_STDLIB_H 1
#define HAVE_STRING_H 1
#define HAVE_MEMORY_H 1
#define HAVE_STRINGS_H 1
#define HAVE_INTTYPES_H 1
#define HAVE_STDINT_H 1
#define HAVE_UNISTD_H 1
#define HAVE_DLFCN_H 1
#define LT_OBJDIR ".libs/"
#define IPTABLES "/usr/sbin/iptables"
#define IP "/usr/sbin/ip"
#define APACHE2 "/usr/sbin/apache2"
#define DNSMASQ "/usr/sbin/dnsmasq"
#define MOD_MPM_PREFORK "/usr/lib/apache2/modules/mod_mpm_prefork.so"
#define MOD_AUTHZ_CORE "/usr/lib/apache2/modules/mod_authz_core.so"
#define MOD_SSL "/usr/lib/apache2/modules/mod_ssl.so"
#define MOD_SSL_CERTIFICATE_FILE "/etc/ssl/certs/ssl-cert-snakeoil.pem"
#define MOD_SSL_KEY "/etc/ssl/private/ssl-cert-snakeoil.key"
#define REPLAYSERVER "/usr/local/bin/mm-replayserver"
#define MOD_DEEPCGI "/usr/local/lib//libmod_deepcgi.so"
#define HAVE_SYS_TYPES_H 1
#define HAVE_NETINET_IN_H 1
#define HAVE_ARPA_NAMESER_H 1
#define HAVE_NETDB_H 1
#define HAVE_RESOLV_H 1
#define HAVE_ARPA_INET_H 1
#define HAVE_FCNTL_H 1
#define HAVE_NETDB_H 1
#define HAVE_NETINET_IN_H 1
#define HAVE_PATHS_H 1
#define HAVE_SYS_IOCTL_H 1
#define HAVE_SYS_SOCKET_H 1
#define HAVE_UNISTD_H 1
#define HAVE__BOOL 1
#define HAVE_CLOCK_GETTIME 1
#define HAVE_INET_NTOA 1
#define HAVE_MEMSET 1
#define HAVE_MKDIR 1
#define HAVE_SETENV 1
#define HAVE_SOCKET 1
#define HAVE_STRERROR 1
#define HAVE_STRTOL 1

configure: exit 0
