[28317:28317:1113/161107.322538:ERROR:angle_platform_impl.cc(44)] Display.cpp:894 (initialize): ANGLE Display::initialize error 12289: GLX is not present.
[28317:28317:1113/161107.322810:ERROR:gl_surface_egl.cc(780)] EGL Driver message (Critical) eglInitialize: GLX is not present.
[28317:28317:1113/161107.322869:ERROR:gl_surface_egl.cc(1375)] eglInitialize OpenGL failed with error EGL_NOT_INITIALIZED, trying next display type
[28317:28317:1113/161107.323128:ERROR:angle_platform_impl.cc(44)] Display.cpp:894 (initialize): ANGLE Display::initialize error 12289: GLX is not present.
[28317:28317:1113/161107.323180:ERROR:gl_surface_egl.cc(780)] EGL Driver message (Critical) eglInitialize: GLX is not present.
[28317:28317:1113/161107.323252:ERROR:gl_surface_egl.cc(1375)] eglInitialize OpenGLES failed with error EGL_NOT_INITIALIZED
[28317:28317:1113/161107.323331:ERROR:gl_ozone_egl.cc(20)] GLSurfaceEGL::InitializeOneOff failed.
[28317:28317:1113/161107.326530:ERROR:viz_main_impl.cc(161)] Exiting GPU process due to errors during initialization
[28274:28310:1113/161107.384701:WARNING:external_pref_loader.cc(331)] You are using an old-style extension deployment method (external_extensions.json), which will soon be deprecated. (see http://developer.chrome.com/extensions/external_extensions.html)
[28368:28368:1113/161107.586597:ERROR:angle_platform_impl.cc(44)] Display.cpp:894 (initialize): ANGLE Display::initialize error 12289: GLX is not present.
[28368:28368:1113/161107.587331:ERROR:gl_surface_egl.cc(780)] EGL Driver message (Critical) eglInitialize: GLX is not present.
[28368:28368:1113/161107.588267:ERROR:gl_surface_egl.cc(1375)] eglInitialize OpenGL failed with error EGL_NOT_INITIALIZED, trying next display type
[28368:28368:1113/161107.588629:ERROR:angle_platform_impl.cc(44)] Display.cpp:894 (initialize): ANGLE Display::initialize error 12289: GLX is not present.
[28368:28368:1113/161107.589542:ERROR:gl_surface_egl.cc(780)] EGL Driver message (Critical) eglInitialize: GLX is not present.
[28368:28368:1113/161107.589679:ERROR:gl_surface_egl.cc(1375)] eglInitialize OpenGLES failed with error EGL_NOT_INITIALIZED
[28368:28368:1113/161107.589838:ERROR:gl_ozone_egl.cc(20)] GLSurfaceEGL::InitializeOneOff failed.
[28368:28368:1113/161107.607371:ERROR:viz_main_impl.cc(161)] Exiting GPU process due to errors during initialization
[28435:28435:1113/161107.707153:ERROR:angle_platform_impl.cc(44)] Display.cpp:894 (initialize): ANGLE Display::initialize error 12289: GLX is not present.
[28435:28435:1113/161107.708546:ERROR:gl_surface_egl.cc(780)] EGL Driver message (Critical) eglInitialize: GLX is not present.
[28435:28435:1113/161107.708637:ERROR:gl_surface_egl.cc(1375)] eglInitialize OpenGL failed with error EGL_NOT_INITIALIZED, trying next display type
[28435:28435:1113/161107.709028:ERROR:angle_platform_impl.cc(44)] Display.cpp:894 (initialize): ANGLE Display::initialize error 12289: GLX is not present.
[28435:28435:1113/161107.709093:ERROR:gl_surface_egl.cc(780)] EGL Driver message (Critical) eglInitialize: GLX is not present.
[28435:28435:1113/161107.709250:ERROR:gl_surface_egl.cc(1375)] eglInitialize OpenGLES failed with error EGL_NOT_INITIALIZED
[28435:28435:1113/161107.709427:ERROR:gl_ozone_egl.cc(20)] GLSurfaceEGL::InitializeOneOff failed.
[28435:28435:1113/161107.731288:ERROR:viz_main_impl.cc(161)] Exiting GPU process due to errors during initialization
[28465:28465:1113/161107.831568:ERROR:angle_platform_impl.cc(44)] Display.cpp:894 (initialize): ANGLE Display::initialize error 12289: GLX is not present.
[28465:28465:1113/161107.832556:ERROR:gl_surface_egl.cc(780)] EGL Driver message (Critical) eglInitialize: GLX is not present.
[28465:28465:1113/161107.832912:ERROR:gl_surface_egl.cc(1375)] eglInitialize OpenGL failed with error EGL_NOT_INITIALIZED, trying next display type
[28465:28465:1113/161107.833426:ERROR:angle_platform_impl.cc(44)] Display.cpp:894 (initialize): ANGLE Display::initialize error 12289: GLX is not present.
[28465:28465:1113/161107.833639:ERROR:gl_surface_egl.cc(780)] EGL Driver message (Critical) eglInitialize: GLX is not present.
[28465:28465:1113/161107.834297:ERROR:gl_surface_egl.cc(1375)] eglInitialize OpenGLES failed with error EGL_NOT_INITIALIZED
[28465:28465:1113/161107.834367:ERROR:gl_ozone_egl.cc(20)] GLSurfaceEGL::InitializeOneOff failed.
[28465:28465:1113/161107.841242:ERROR:viz_main_impl.cc(161)] Exiting GPU process due to errors during initialization
[28473:28473:1113/161107.879170:ERROR:gpu_init.cc(453)] Passthrough is not supported, GL is swiftshader, ANGLE is 
[28349:8:1113/161107.926201:ERROR:command_buffer_proxy_impl.cc(125)] ContextResult::kTransientFailure: Failed to send GpuControl.CreateCommandBuffer.
[28274:28274:1113/161108.274995:INFO:CONSOLE(0)] "Error in event handler: TypeError: Cannot read properties of undefined (reading 'postMessage')
    at logFunc (chrome-extension://nleagjjmkkjcfcajcnlgpddbdehflfem/background.js:16:14)
    at chrome.webRequest.onBeforeRequest.addListener.urls (chrome-extension://nleagjjmkkjcfcajcnlgpddbdehflfem/background.js:22:15)", source: chrome-extension://nleagjjmkkjcfcajcnlgpddbdehflfem/_generated_background_page.html (0)
[28274:28274:1113/161108.275078:INFO:CONSOLE(0)] "Error in event handler: TypeError: Cannot read properties of undefined (reading 'postMessage')
    at logFunc (chrome-extension://nleagjjmkkjcfcajcnlgpddbdehflfem/background.js:16:14)
    at chrome.webRequest.onSendHeaders.addListener.urls (chrome-extension://nleagjjmkkjcfcajcnlgpddbdehflfem/background.js:34:15)", source: chrome-extension://nleagjjmkkjcfcajcnlgpddbdehflfem/_generated_background_page.html (0)
[28274:28274:1113/161108.292432:INFO:CONSOLE(0)] "Error in event handler: TypeError: Cannot read properties of undefined (reading 'postMessage')
    at logFunc (chrome-extension://nleagjjmkkjcfcajcnlgpddbdehflfem/background.js:16:14)
    at chrome.webRequest.onBeforeRequest.addListener.urls (chrome-extension://nleagjjmkkjcfcajcnlgpddbdehflfem/background.js:22:15)", source: chrome-extension://nleagjjmkkjcfcajcnlgpddbdehflfem/_generated_background_page.html (0)
[28274:28274:1113/161108.292545:INFO:CONSOLE(0)] "Error in event handler: TypeError: Cannot read properties of undefined (reading 'postMessage')
    at logFunc (chrome-extension://nleagjjmkkjcfcajcnlgpddbdehflfem/background.js:16:14)
    at chrome.webRequest.onSendHeaders.addListener.urls (chrome-extension://nleagjjmkkjcfcajcnlgpddbdehflfem/background.js:34:15)", source: chrome-extension://nleagjjmkkjcfcajcnlgpddbdehflfem/_generated_background_page.html (0)
[28274:28274:1113/161108.296374:INFO:CONSOLE(0)] "Error in event handler: TypeError: Cannot read properties of undefined (reading 'postMessage')
    at logFunc (chrome-extension://nleagjjmkkjcfcajcnlgpddbdehflfem/background.js:16:14)
    at chrome.webRequest.onBeforeRequest.addListener.urls (chrome-extension://nleagjjmkkjcfcajcnlgpddbdehflfem/background.js:22:15)", source: chrome-extension://nleagjjmkkjcfcajcnlgpddbdehflfem/_generated_background_page.html (0)
[28274:28274:1113/161108.296475:INFO:CONSOLE(0)] "Error in event handler: TypeError: Cannot read properties of undefined (reading 'postMessage')
    at logFunc (chrome-extension://nleagjjmkkjcfcajcnlgpddbdehflfem/background.js:16:14)
    at chrome.webRequest.onSendHeaders.addListener.urls (chrome-extension://nleagjjmkkjcfcajcnlgpddbdehflfem/background.js:34:15)", source: chrome-extension://nleagjjmkkjcfcajcnlgpddbdehflfem/_generated_background_page.html (0)
[28274:28274:1113/161108.297407:INFO:CONSOLE(128)] "Uncaught (in promise) Error: Could not establish connection. Receiving end does not exist.", source: chrome-extension://nhjejghfobloljpipmmgefggimbdefbo/polyfill.js (128)
[28274:28274:1113/161108.297701:INFO:CONSOLE(128)] "Uncaught (in promise) Error: Could not establish connection. Receiving end does not exist.", source: chrome-extension://nhjejghfobloljpipmmgefggimbdefbo/polyfill.js (128)
[28274:28274:1113/161108.848678:INFO:CONSOLE(0)] "Error in event handler: TypeError: Cannot read properties of undefined (reading 'postMessage')
    at logFunc (chrome-extension://nleagjjmkkjcfcajcnlgpddbdehflfem/background.js:16:14)
    at chrome.webRequest.onBeforeRequest.addListener.urls (chrome-extension://nleagjjmkkjcfcajcnlgpddbdehflfem/background.js:22:15)", source: chrome-extension://nleagjjmkkjcfcajcnlgpddbdehflfem/_generated_background_page.html (0)
[28274:28274:1113/161108.848770:INFO:CONSOLE(0)] "Error in event handler: TypeError: Cannot read properties of undefined (reading 'postMessage')
    at logFunc (chrome-extension://nleagjjmkkjcfcajcnlgpddbdehflfem/background.js:16:14)
    at chrome.webRequest.onSendHeaders.addListener.urls (chrome-extension://nleagjjmkkjcfcajcnlgpddbdehflfem/background.js:34:15)", source: chrome-extension://nleagjjmkkjcfcajcnlgpddbdehflfem/_generated_background_page.html (0)
[28274:28274:1113/161108.851085:INFO:CONSOLE(0)] "Error in event handler: TypeError: Cannot read properties of undefined (reading 'postMessage')
    at logFunc (chrome-extension://nleagjjmkkjcfcajcnlgpddbdehflfem/background.js:16:14)
    at chrome.webRequest.onBeforeRequest.addListener.urls (chrome-extension://nleagjjmkkjcfcajcnlgpddbdehflfem/background.js:22:15)", source: chrome-extension://nleagjjmkkjcfcajcnlgpddbdehflfem/_generated_background_page.html (0)
[28274:28274:1113/161108.851177:INFO:CONSOLE(0)] "Error in event handler: TypeError: Cannot read properties of undefined (reading 'postMessage')
    at logFunc (chrome-extension://nleagjjmkkjcfcajcnlgpddbdehflfem/background.js:16:14)
    at chrome.webRequest.onSendHeaders.addListener.urls (chrome-extension://nleagjjmkkjcfcajcnlgpddbdehflfem/background.js:34:15)", source: chrome-extension://nleagjjmkkjcfcajcnlgpddbdehflfem/_generated_background_page.html (0)
[28274:28274:1113/161108.851217:INFO:CONSOLE(0)] "Error in event handler: TypeError: Cannot read properties of undefined (reading 'postMessage')
    at logFunc (chrome-extension://nleagjjmkkjcfcajcnlgpddbdehflfem/background.js:16:14)
    at chrome.webRequest.onBeforeRequest.addListener.urls (chrome-extension://nleagjjmkkjcfcajcnlgpddbdehflfem/background.js:22:15)", source: chrome-extension://nleagjjmkkjcfcajcnlgpddbdehflfem/_generated_background_page.html (0)
[28274:28274:1113/161108.851253:INFO:CONSOLE(0)] "Error in event handler: TypeError: Cannot read properties of undefined (reading 'postMessage')
    at logFunc (chrome-extension://nleagjjmkkjcfcajcnlgpddbdehflfem/background.js:16:14)
    at chrome.webRequest.onSendHeaders.addListener.urls (chrome-extension://nleagjjmkkjcfcajcnlgpddbdehflfem/background.js:34:15)", source: chrome-extension://nleagjjmkkjcfcajcnlgpddbdehflfem/_generated_background_page.html (0)
[28274:28274:1113/161108.852301:INFO:CONSOLE(0)] "Error in event handler: TypeError: Cannot read properties of undefined (reading 'postMessage')
    at logFunc (chrome-extension://nleagjjmkkjcfcajcnlgpddbdehflfem/background.js:16:14)
    at chrome.webRequest.onResponseStarted.addListener.urls (chrome-extension://nleagjjmkkjcfcajcnlgpddbdehflfem/background.js:28:15)", source: chrome-extension://nleagjjmkkjcfcajcnlgpddbdehflfem/_generated_background_page.html (0)
[28274:28274:1113/161109.067693:WARNING:idle_linux.cc(110)] None of the known D-Bus ScreenSaver services could be used.
[28274:28274:1113/161109.864636:INFO:CONSOLE(0)] "Error in event handler: TypeError: Cannot read properties of undefined (reading 'postMessage')
    at logFunc (chrome-extension://nleagjjmkkjcfcajcnlgpddbdehflfem/background.js:16:14)
    at chrome.webRequest.onResponseStarted.addListener.urls (chrome-extension://nleagjjmkkjcfcajcnlgpddbdehflfem/background.js:28:15)", source: chrome-extension://nleagjjmkkjcfcajcnlgpddbdehflfem/_generated_background_page.html (0)
[28274:28274:1113/161109.864725:INFO:CONSOLE(0)] "Error in event handler: TypeError: Cannot read properties of undefined (reading 'postMessage')
    at logFunc (chrome-extension://nleagjjmkkjcfcajcnlgpddbdehflfem/background.js:16:14)
    at chrome.webRequest.onCompleted.addListener.urls (chrome-extension://nleagjjmkkjcfcajcnlgpddbdehflfem/background.js:47:15)", source: chrome-extension://nleagjjmkkjcfcajcnlgpddbdehflfem/_generated_background_page.html (0)
[28274:28340:1113/161109.885987:ERROR:chrome_browser_main_extra_parts_metrics.cc(230)] crbug.com/1216328: Checking Bluetooth availability started. Please report if there is no report that this ends.
[28274:28340:1113/161109.886030:ERROR:chrome_browser_main_extra_parts_metrics.cc(233)] crbug.com/1216328: Checking Bluetooth availability ended.
[28274:28340:1113/161109.886040:ERROR:chrome_browser_main_extra_parts_metrics.cc(236)] crbug.com/1216328: Checking default browser status started. Please report if there is no report that this ends.
[28274:28340:1113/161109.913762:ERROR:chrome_browser_main_extra_parts_metrics.cc(240)] crbug.com/1216328: Checking default browser status ended.
[28274:28274:1113/161110.702359:INFO:CONSOLE(0)] "Error in event handler: TypeError: Cannot read properties of undefined (reading 'postMessage')
    at logFunc (chrome-extension://nleagjjmkkjcfcajcnlgpddbdehflfem/background.js:16:14)
    at chrome.webRequest.onResponseStarted.addListener.urls (chrome-extension://nleagjjmkkjcfcajcnlgpddbdehflfem/background.js:28:15)", source: chrome-extension://nleagjjmkkjcfcajcnlgpddbdehflfem/_generated_background_page.html (0)
[28274:28274:1113/161111.026328:INFO:CONSOLE(0)] "Error in event handler: TypeError: Cannot read properties of undefined (reading 'postMessage')
    at logFunc (chrome-extension://nleagjjmkkjcfcajcnlgpddbdehflfem/background.js:16:14)
    at chrome.webRequest.onCompleted.addListener.urls (chrome-extension://nleagjjmkkjcfcajcnlgpddbdehflfem/background.js:47:15)", source: chrome-extension://nleagjjmkkjcfcajcnlgpddbdehflfem/_generated_background_page.html (0)
[28274:28274:1113/161111.909490:INFO:CONSOLE(0)] "Error in event handler: TypeError: Cannot read properties of undefined (reading 'postMessage')
    at logFunc (chrome-extension://nleagjjmkkjcfcajcnlgpddbdehflfem/background.js:16:14)
    at chrome.webRequest.onResponseStarted.addListener.urls (chrome-extension://nleagjjmkkjcfcajcnlgpddbdehflfem/background.js:28:15)", source: chrome-extension://nleagjjmkkjcfcajcnlgpddbdehflfem/_generated_background_page.html (0)
[28274:28274:1113/161111.909666:INFO:CONSOLE(0)] "Error in event handler: TypeError: Cannot read properties of undefined (reading 'postMessage')
    at logFunc (chrome-extension://nleagjjmkkjcfcajcnlgpddbdehflfem/background.js:16:14)
    at chrome.webRequest.onCompleted.addListener.urls (chrome-extension://nleagjjmkkjcfcajcnlgpddbdehflfem/background.js:47:15)", source: chrome-extension://nleagjjmkkjcfcajcnlgpddbdehflfem/_generated_background_page.html (0)
[28274:28274:1113/161111.944334:INFO:CONSOLE(0)] "Error in event handler: TypeError: Cannot read properties of undefined (reading 'postMessage')
    at logFunc (chrome-extension://nleagjjmkkjcfcajcnlgpddbdehflfem/background.js:16:14)
    at chrome.webRequest.onResponseStarted.addListener.urls (chrome-extension://nleagjjmkkjcfcajcnlgpddbdehflfem/background.js:28:15)", source: chrome-extension://nleagjjmkkjcfcajcnlgpddbdehflfem/_generated_background_page.html (0)
[28274:28274:1113/161111.944844:INFO:CONSOLE(0)] "Error in event handler: TypeError: Cannot read properties of undefined (reading 'postMessage')
    at logFunc (chrome-extension://nleagjjmkkjcfcajcnlgpddbdehflfem/background.js:16:14)
    at chrome.webRequest.onCompleted.addListener.urls (chrome-extension://nleagjjmkkjcfcajcnlgpddbdehflfem/background.js:47:15)", source: chrome-extension://nleagjjmkkjcfcajcnlgpddbdehflfem/_generated_background_page.html (0)
[28274:28274:1113/161129.926539:INFO:CONSOLE(0)] "Error in event handler: TypeError: Cannot read properties of undefined (reading 'postMessage')
    at logFunc (chrome-extension://nleagjjmkkjcfcajcnlgpddbdehflfem/background.js:16:14)
    at chrome.webRequest.onCompleted.addListener.urls (chrome-extension://nleagjjmkkjcfcajcnlgpddbdehflfem/background.js:47:15)", source: chrome-extension://nleagjjmkkjcfcajcnlgpddbdehflfem/_generated_background_page.html (0)
[28274:28274:1113/161130.003938:INFO:CONSOLE(0)] "Error in event handler: TypeError: Cannot read properties of undefined (reading 'postMessage')
    at logFunc (chrome-extension://nleagjjmkkjcfcajcnlgpddbdehflfem/background.js:16:14)
    at chrome.webRequest.onBeforeRequest.addListener.urls (chrome-extension://nleagjjmkkjcfcajcnlgpddbdehflfem/background.js:22:15)", source: chrome-extension://nleagjjmkkjcfcajcnlgpddbdehflfem/_generated_background_page.html (0)
[28274:28274:1113/161130.004045:INFO:CONSOLE(0)] "Error in event handler: TypeError: Cannot read properties of undefined (reading 'postMessage')
    at logFunc (chrome-extension://nleagjjmkkjcfcajcnlgpddbdehflfem/background.js:16:14)
    at chrome.webRequest.onSendHeaders.addListener.urls (chrome-extension://nleagjjmkkjcfcajcnlgpddbdehflfem/background.js:34:15)", source: chrome-extension://nleagjjmkkjcfcajcnlgpddbdehflfem/_generated_background_page.html (0)
[28274:28274:1113/161130.013253:INFO:CONSOLE(0)] "Error in event handler: TypeError: Cannot read properties of undefined (reading 'postMessage')
    at logFunc (chrome-extension://nleagjjmkkjcfcajcnlgpddbdehflfem/background.js:16:14)
    at chrome.webRequest.onBeforeRequest.addListener.urls (chrome-extension://nleagjjmkkjcfcajcnlgpddbdehflfem/background.js:22:15)", source: chrome-extension://nleagjjmkkjcfcajcnlgpddbdehflfem/_generated_background_page.html (0)
[28274:28274:1113/161130.013342:INFO:CONSOLE(0)] "Error in event handler: TypeError: Cannot read properties of undefined (reading 'postMessage')
    at logFunc (chrome-extension://nleagjjmkkjcfcajcnlgpddbdehflfem/background.js:16:14)
    at chrome.webRequest.onSendHeaders.addListener.urls (chrome-extension://nleagjjmkkjcfcajcnlgpddbdehflfem/background.js:34:15)", source: chrome-extension://nleagjjmkkjcfcajcnlgpddbdehflfem/_generated_background_page.html (0)
[28274:28274:1113/161130.071750:INFO:CONSOLE(0)] "Error in event handler: TypeError: Cannot read properties of undefined (reading 'postMessage')
    at logFunc (chrome-extension://nleagjjmkkjcfcajcnlgpddbdehflfem/background.js:16:14)
    at chrome.webRequest.onBeforeRequest.addListener.urls (chrome-extension://nleagjjmkkjcfcajcnlgpddbdehflfem/background.js:22:15)", source: chrome-extension://nleagjjmkkjcfcajcnlgpddbdehflfem/_generated_background_page.html (0)
[28274:28274:1113/161130.071827:INFO:CONSOLE(0)] "Error in event handler: TypeError: Cannot read properties of undefined (reading 'postMessage')
    at logFunc (chrome-extension://nleagjjmkkjcfcajcnlgpddbdehflfem/background.js:16:14)
    at chrome.webRequest.onSendHeaders.addListener.urls (chrome-extension://nleagjjmkkjcfcajcnlgpddbdehflfem/background.js:34:15)", source: chrome-extension://nleagjjmkkjcfcajcnlgpddbdehflfem/_generated_background_page.html (0)
[28274:28274:1113/161130.129634:INFO:CONSOLE(0)] "Error in event handler: TypeError: Cannot read properties of undefined (reading 'postMessage')
    at logFunc (chrome-extension://nleagjjmkkjcfcajcnlgpddbdehflfem/background.js:16:14)
    at chrome.webRequest.onBeforeRequest.addListener.urls (chrome-extension://nleagjjmkkjcfcajcnlgpddbdehflfem/background.js:22:15)", source: chrome-extension://nleagjjmkkjcfcajcnlgpddbdehflfem/_generated_background_page.html (0)
[28274:28274:1113/161130.129721:INFO:CONSOLE(0)] "Error in event handler: TypeError: Cannot read properties of undefined (reading 'postMessage')
    at logFunc (chrome-extension://nleagjjmkkjcfcajcnlgpddbdehflfem/background.js:16:14)
    at chrome.webRequest.onSendHeaders.addListener.urls (chrome-extension://nleagjjmkkjcfcajcnlgpddbdehflfem/background.js:34:15)", source: chrome-extension://nleagjjmkkjcfcajcnlgpddbdehflfem/_generated_background_page.html (0)
[28274:28274:1113/161130.148566:INFO:CONSOLE(128)] "Uncaught (in promise) Error: Could not establish connection. Receiving end does not exist.", source: chrome-extension://nhjejghfobloljpipmmgefggimbdefbo/polyfill.js (128)
[28274:28274:1113/161130.179351:INFO:CONSOLE(0)] "Error in event handler: TypeError: Cannot read properties of undefined (reading 'postMessage')
    at logFunc (chrome-extension://nleagjjmkkjcfcajcnlgpddbdehflfem/background.js:16:14)
    at chrome.webRequest.onResponseStarted.addListener.urls (chrome-extension://nleagjjmkkjcfcajcnlgpddbdehflfem/background.js:28:15)", source: chrome-extension://nleagjjmkkjcfcajcnlgpddbdehflfem/_generated_background_page.html (0)
[28274:28274:1113/161130.179431:INFO:CONSOLE(0)] "Error in event handler: TypeError: Cannot read properties of undefined (reading 'postMessage')
    at logFunc (chrome-extension://nleagjjmkkjcfcajcnlgpddbdehflfem/background.js:16:14)
    at chrome.webRequest.onCompleted.addListener.urls (chrome-extension://nleagjjmkkjcfcajcnlgpddbdehflfem/background.js:47:15)", source: chrome-extension://nleagjjmkkjcfcajcnlgpddbdehflfem/_generated_background_page.html (0)
[28274:28274:1113/161130.222086:INFO:CONSOLE(1)] "CONTENT SCRIPT", source: chrome-extension://nleagjjmkkjcfcajcnlgpddbdehflfem/content.js (1)
[28274:28274:1113/161130.232836:INFO:CONSOLE(36)] "RESPONSE_STARTED 1636819890231 {"frameId":0,"fromCache":false,"initiator":"https://www.youtube.com","ip":"172.217.31.206","method":"GET","parentFrameId":-1,"requestId":"70","statusCode":200,"statusLine":"HTTP/1.1 200","tabId":2,"timeStamp":1636819890231.468,"type":"script","url":"https://www.youtube.com/s/player/8d287e4d/player_ias.vflset/en_US/embed.js"}", source: chrome-extension://nleagjjmkkjcfcajcnlgpddbdehflfem/content.js (36)
[28274:28274:1113/161130.341105:INFO:CONSOLE(36)] "BEFORE_REQUEST 1636819890339 {"frameId":0,"initiator":"https://www.youtube.com","method":"GET","parentFrameId":-1,"requestId":"67","tabId":2,"timeStamp":1636819890339.604,"type":"xmlhttprequest","url":"https://googleads.g.doubleclick.net/pagead/id?slf_rd=1"}", source: chrome-extension://nleagjjmkkjcfcajcnlgpddbdehflfem/content.js (36)
[28274:28274:1113/161130.341170:INFO:CONSOLE(36)] "SEND_HEADERS 1636819890340 {"frameId":0,"initiator":"https://www.youtube.com","method":"GET","parentFrameId":-1,"requestId":"67","tabId":2,"timeStamp":1636819890339.736,"type":"xmlhttprequest","url":"https://googleads.g.doubleclick.net/pagead/id?slf_rd=1"}", source: chrome-extension://nleagjjmkkjcfcajcnlgpddbdehflfem/content.js (36)
[28274:28274:1113/161130.359138:INFO:CONSOLE(36)] "RESPONSE_STARTED 1636819890357 {"frameId":0,"fromCache":false,"initiator":"https://www.youtube.com","ip":"172.217.166.102","method":"GET","parentFrameId":-1,"requestId":"68","statusCode":200,"statusLine":"HTTP/1.1 200","tabId":2,"timeStamp":1636819890357.6702,"type":"script","url":"https://static.doubleclick.net/instream/ad_status.js"}", source: chrome-extension://nleagjjmkkjcfcajcnlgpddbdehflfem/content.js (36)
[28274:28274:1113/161130.359795:INFO:CONSOLE(36)] "COMPLETE 1636819890359 {"frameId":0,"fromCache":false,"initiator":"https://www.youtube.com","ip":"172.217.166.102","method":"GET","parentFrameId":-1,"requestId":"68","responseHeaders":[{"name":"accept-ranges","value":"bytes"},{"name":"content-type","value":"text/javascript"},{"name":"access-control-allow-origin","value":"*"},{"name":"cross-origin-resource-policy","value":"cross-origin"},{"name":"cross-origin-opener-policy-report-only","value":"same-origin; report-to=\"ads-doubleclick-media\""},{"name":"report-to","value":"{\"group\":\"ads-doubleclick-media\",\"max_age\":2592000,\"endpoints\":[{\"url\":\"https://csp.withgoogle.com/csp/report-to/ads-doubleclick-media\"}]}"},{"name":"timing-allow-origin","value":"*"},{"name":"content-length","value":"29"},{"name":"date","value":"Sat, 13 Nov 2021 16:10:37 GMT"},{"name":"expires","value":"Sat, 13 Nov 2021 16:25:37 GMT"},{"name":"last-modified","value":"Thu, 12 Dec 2013 23:40:16 GMT"},{"name":"x-content-type-options","value":"nosniff"},{"name":"server","value":"sffe"},{"name":"x-xss-protection","value":"0"},{"name":"age","value":"53"},{"name":"cache-control","value":"public, max-age=900"},{"name":"alt-svc","value":"clear"}],"statusCode":200,"statusLine":"HTTP/1.1 200","tabId":2,"timeStamp":1636819890358.692,"type":"script","url":"https://static.doubleclick.net/instream/ad_status.js"}", source: chrome-extension://nleagjjmkkjcfcajcnlgpddbdehflfem/content.js (36)
[28274:28274:1113/161130.377138:INFO:CONSOLE(36)] "COMPLETE 1636819890375 {"frameId":0,"fromCache":false,"initiator":"https://www.youtube.com","ip":"172.217.31.206","method":"GET","parentFrameId":-1,"requestId":"70","responseHeaders":[{"name":"accept-ranges","value":"bytes"},{"name":"vary","value":"Accept-Encoding, Origin"},{"name":"content-encoding","value":"br"},{"name":"content-type","value":"text/javascript"},{"name":"cross-origin-resource-policy","value":"cross-origin"},{"name":"cross-origin-opener-policy-report-only","value":"same-origin; report-to=\"youtube\""},{"name":"report-to","value":"{\"group\":\"youtube\",\"max_age\":2592000,\"endpoints\":[{\"url\":\"https://csp.withgoogle.com/csp/report-to/youtube\"}]}"},{"name":"content-length","value":"7319"},{"name":"date","value":"Fri, 12 Nov 2021 06:25:48 GMT"},{"name":"expires","value":"Sat, 12 Nov 2022 06:25:48 GMT"},{"name":"last-modified","value":"Thu, 11 Nov 2021 18:33:51 GMT"},{"name":"x-content-type-options","value":"nosniff"},{"name":"server","value":"sffe"},{"name":"x-xss-protection","value":"0"},{"name":"cache-control","value":"public, max-age=31536000"},{"name":"age","value":"121542"},{"name":"alt-svc","value":"clear"}],"statusCode":200,"statusLine":"HTTP/1.1 200","tabId":2,"timeStamp":1636819890374.823,"type":"script","url":"https://www.youtube.com/s/player/8d287e4d/player_ias.vflset/en_US/embed.js"}", source: chrome-extension://nleagjjmkkjcfcajcnlgpddbdehflfem/content.js (36)
[28274:28274:1113/161130.412018:INFO:CONSOLE(36)] "BEFORE_REQUEST 1636819890410 {"frameId":0,"initiator":"https://www.youtube.com","method":"GET","parentFrameId":-1,"requestId":"71","tabId":2,"timeStamp":1636819890409.92,"type":"image","url":"https://www.youtube.com/favicon.ico"}", source: chrome-extension://nleagjjmkkjcfcajcnlgpddbdehflfem/content.js (36)
[28274:28274:1113/161130.412762:INFO:CONSOLE(36)] "SEND_HEADERS 1636819890410 {"frameId":0,"initiator":"https://www.youtube.com","method":"GET","parentFrameId":-1,"requestId":"71","tabId":2,"timeStamp":1636819890410.051,"type":"image","url":"https://www.youtube.com/favicon.ico"}", source: chrome-extension://nleagjjmkkjcfcajcnlgpddbdehflfem/content.js (36)
[28274:28274:1113/161130.415797:INFO:CONSOLE(36)] "RESPONSE_STARTED 1636819890412 {"frameId":0,"fromCache":false,"initiator":"https://www.youtube.com","ip":"142.250.195.34","method":"GET","parentFrameId":-1,"requestId":"67","statusCode":200,"statusLine":"HTTP/1.1 200","tabId":2,"timeStamp":1636819890412.107,"type":"xmlhttprequest","url":"https://googleads.g.doubleclick.net/pagead/id?slf_rd=1"}", source: chrome-extension://nleagjjmkkjcfcajcnlgpddbdehflfem/content.js (36)
[28274:28274:1113/161130.416263:INFO:CONSOLE(36)] "COMPLETE 1636819890415 {"frameId":0,"fromCache":false,"initiator":"https://www.youtube.com","ip":"142.250.195.34","method":"GET","parentFrameId":-1,"requestId":"67","responseHeaders":[{"name":"p3p","value":"policyref=\"https://googleads.g.doubleclick.net/pagead/gcn_p3p_.xml\", CP=\"CURa ADMa DEVa TAIo PSAo PSDo OUR IND UNI PUR INT DEM STA PRE COM NAV OTC NOI DSP COR\""},{"name":"timing-allow-origin","value":"*"},{"name":"cross-origin-resource-policy","value":"cross-origin"},{"name":"access-control-allow-credentials","value":"true"},{"name":"access-control-allow-origin","value":"https://www.youtube.com"},{"name":"content-type","value":"application/json; charset=UTF-8"},{"name":"date","value":"Sat, 13 Nov 2021 16:11:30 GMT"},{"name":"pragma","value":"no-cache"},{"name":"expires","value":"Fri, 01 Jan 1990 00:00:00 GMT"},{"name":"cache-control","value":"no-cache, no-store, must-revalidate"},{"name":"x-content-type-options","value":"nosniff"},{"name":"content-disposition","value":"attachment; filename=\"f.txt\""},{"name":"content-encoding","value":"gzip"},{"name":"server","value":"cafe"},{"name":"content-length","value":"120"},{"name":"x-xss-protection","value":"0"},{"name":"alt-svc","value":"clear"}],"statusCode":200,"statusLine":"HTTP/1.1 200","tabId":2,"timeStamp":1636819890415.018,"type":"xmlhttprequest","url":"https://googleads.g.doubleclick.net/pagead/id?slf_rd=1"}", source: chrome-extension://nleagjjmkkjcfcajcnlgpddbdehflfem/content.js (36)
[28274:28274:1113/161130.450499:INFO:CONSOLE(36)] "RESPONSE_STARTED 1636819890447 {"frameId":0,"fromCache":false,"initiator":"https://www.youtube.com","ip":"172.217.31.206","method":"GET","parentFrameId":-1,"requestId":"71","statusCode":200,"statusLine":"HTTP/1.1 200","tabId":2,"timeStamp":1636819890447.4211,"type":"image","url":"https://www.youtube.com/favicon.ico"}", source: chrome-extension://nleagjjmkkjcfcajcnlgpddbdehflfem/content.js (36)
[28274:28274:1113/161130.450580:INFO:CONSOLE(36)] "COMPLETE 1636819890449 {"frameId":0,"fromCache":false,"initiator":"https://www.youtube.com","ip":"172.217.31.206","method":"GET","parentFrameId":-1,"requestId":"71","responseHeaders":[{"name":"accept-ranges","value":"bytes"},{"name":"vary","value":"Accept-Encoding"},{"name":"content-encoding","value":"gzip"},{"name":"content-type","value":"image/x-icon"},{"name":"cross-origin-resource-policy","value":"cross-origin"},{"name":"cross-origin-opener-policy-report-only","value":"same-origin; report-to=\"youtube-marketing\""},{"name":"report-to","value":"{\"group\":\"youtube-marketing\",\"max_age\":2592000,\"endpoints\":[{\"url\":\"https://csp.withgoogle.com/csp/report-to/youtube-marketing\"}]}"},{"name":"content-length","value":"180"},{"name":"date","value":"Mon, 08 Nov 2021 14:49:01 GMT"},{"name":"expires","value":"Tue, 08 Nov 2022 14:49:01 GMT"},{"name":"last-modified","value":"Tue, 03 Mar 2020 20:15:00 GMT"},{"name":"x-content-type-options","value":"nosniff"},{"name":"server","value":"sffe"},{"name":"x-xss-protection","value":"0"},{"name":"age","value":"436949"},{"name":"cache-control","value":"public, max-age=31536000"},{"name":"alt-svc","value":"clear"}],"statusCode":200,"statusLine":"HTTP/1.1 200","tabId":2,"timeStamp":1636819890447.927,"type":"image","url":"https://www.youtube.com/favicon.ico"}", source: chrome-extension://nleagjjmkkjcfcajcnlgpddbdehflfem/content.js (36)
[28274:28304:1113/161132.282485:WARNING:bus.cc(637)] Bus::SendWithReplyAndBlock took 25014ms to process message: type=method_call, path=/org/freedesktop/Notifications, interface=org.freedesktop.Notifications, member=GetCapabilities
[28274:28304:1113/161132.282552:ERROR:object_proxy.cc(642)] Failed to call method: org.freedesktop.Notifications.GetCapabilities: object_path= /org/freedesktop/Notifications: org.freedesktop.DBus.Error.NoReply: Did not receive a reply. Possible causes include: the remote application did not send a reply, the message bus security policy blocked the reply, the reply timeout expired, or the network connection was broken.
[28274:28274:1113/161132.408011:INFO:CONSOLE(36)] "BEFORE_REQUEST 1636819892407 {"frameId":0,"initiator":"https://www.youtube.com","method":"POST","parentFrameId":-1,"requestId":"72","tabId":2,"timeStamp":1636819892405.824,"type":"xmlhttprequest","url":"https://www.youtube.com/youtubei/v1/log_event?alt=json&key=AIzaSyAO_FJ2SlqU8Q4STEHLGCilw_Y9_11qcW8"}", source: chrome-extension://nleagjjmkkjcfcajcnlgpddbdehflfem/content.js (36)
[28274:28274:1113/161132.408342:INFO:CONSOLE(36)] "SEND_HEADERS 1636819892407 {"frameId":0,"initiator":"https://www.youtube.com","method":"POST","parentFrameId":-1,"requestId":"72","tabId":2,"timeStamp":1636819892405.874,"type":"xmlhttprequest","url":"https://www.youtube.com/youtubei/v1/log_event?alt=json&key=AIzaSyAO_FJ2SlqU8Q4STEHLGCilw_Y9_11qcW8"}", source: chrome-extension://nleagjjmkkjcfcajcnlgpddbdehflfem/content.js (36)
[28274:28274:1113/161132.590952:INFO:CONSOLE(36)] "RESPONSE_STARTED 1636819892588 {"frameId":0,"fromCache":false,"initiator":"https://www.youtube.com","ip":"172.217.31.206","method":"POST","parentFrameId":-1,"requestId":"72","statusCode":200,"statusLine":"HTTP/1.1 200","tabId":2,"timeStamp":1636819892588.574,"type":"xmlhttprequest","url":"https://www.youtube.com/youtubei/v1/log_event?alt=json&key=AIzaSyAO_FJ2SlqU8Q4STEHLGCilw_Y9_11qcW8"}", source: chrome-extension://nleagjjmkkjcfcajcnlgpddbdehflfem/content.js (36)
[28274:28274:1113/161132.591029:INFO:CONSOLE(36)] "COMPLETE 1636819892589 {"frameId":0,"fromCache":false,"initiator":"https://www.youtube.com","ip":"172.217.31.206","method":"POST","parentFrameId":-1,"requestId":"72","responseHeaders":[{"name":"content-type","value":"application/json; charset=UTF-8"},{"name":"vary","value":"Origin"},{"name":"vary","value":"X-Origin"},{"name":"vary","value":"Referer"},{"name":"content-encoding","value":"br"},{"name":"date","value":"Sat, 13 Nov 2021 16:11:32 GMT"},{"name":"server","value":"ESF"},{"name":"content-length","value":"31"},{"name":"x-xss-protection","value":"0"},{"name":"x-frame-options","value":"SAMEORIGIN"},{"name":"x-content-type-options","value":"nosniff"},{"name":"alt-svc","value":"clear"}],"statusCode":200,"statusLine":"HTTP/1.1 200","tabId":2,"timeStamp":1636819892589.114,"type":"xmlhttprequest","url":"https://www.youtube.com/youtubei/v1/log_event?alt=json&key=AIzaSyAO_FJ2SlqU8Q4STEHLGCilw_Y9_11qcW8"}", source: chrome-extension://nleagjjmkkjcfcajcnlgpddbdehflfem/content.js (36)
[28318:28337:1113/161138.281672:WARNING:key_storage_linux.cc(178)] OSCrypt tried Libsecret but couldn't initialise.
[28274:28274:1113/161330.419031:INFO:CONSOLE(36)] "BEFORE_REQUEST 1636820010418 {"frameId":0,"initiator":"https://www.youtube.com","method":"GET","parentFrameId":-1,"requestId":"73","tabId":2,"timeStamp":1636820010417.8171,"type":"xmlhttprequest","url":"https://googleads.g.doubleclick.net/pagead/id"}", source: chrome-extension://nleagjjmkkjcfcajcnlgpddbdehflfem/content.js (36)
[28274:28274:1113/161330.419321:INFO:CONSOLE(36)] "SEND_HEADERS 1636820010418 {"frameId":0,"initiator":"https://www.youtube.com","method":"GET","parentFrameId":-1,"requestId":"73","tabId":2,"timeStamp":1636820010417.9238,"type":"xmlhttprequest","url":"https://googleads.g.doubleclick.net/pagead/id"}", source: chrome-extension://nleagjjmkkjcfcajcnlgpddbdehflfem/content.js (36)
[28274:28274:1113/161330.581286:INFO:CONSOLE(36)] "BEFORE_REQUEST 1636820010580 {"frameId":0,"initiator":"https://www.youtube.com","method":"GET","parentFrameId":-1,"requestId":"73","tabId":2,"timeStamp":1636820010580.176,"type":"xmlhttprequest","url":"https://googleads.g.doubleclick.net/pagead/id?slf_rd=1"}", source: chrome-extension://nleagjjmkkjcfcajcnlgpddbdehflfem/content.js (36)
[28274:28274:1113/161330.581424:INFO:CONSOLE(36)] "SEND_HEADERS 1636820010580 {"frameId":0,"initiator":"https://www.youtube.com","method":"GET","parentFrameId":-1,"requestId":"73","tabId":2,"timeStamp":1636820010580.263,"type":"xmlhttprequest","url":"https://googleads.g.doubleclick.net/pagead/id?slf_rd=1"}", source: chrome-extension://nleagjjmkkjcfcajcnlgpddbdehflfem/content.js (36)
[28274:28274:1113/161330.724921:INFO:CONSOLE(36)] "RESPONSE_STARTED 1636820010723 {"frameId":0,"fromCache":false,"initiator":"https://www.youtube.com","ip":"142.250.195.34","method":"GET","parentFrameId":-1,"requestId":"73","statusCode":200,"statusLine":"HTTP/1.1 200","tabId":2,"timeStamp":1636820010723.339,"type":"xmlhttprequest","url":"https://googleads.g.doubleclick.net/pagead/id?slf_rd=1"}", source: chrome-extension://nleagjjmkkjcfcajcnlgpddbdehflfem/content.js (36)
[28274:28274:1113/161330.742625:INFO:CONSOLE(36)] "COMPLETE 1636820010741 {"frameId":0,"fromCache":false,"initiator":"https://www.youtube.com","ip":"142.250.195.34","method":"GET","parentFrameId":-1,"requestId":"73","responseHeaders":[{"name":"p3p","value":"policyref=\"https://googleads.g.doubleclick.net/pagead/gcn_p3p_.xml\", CP=\"CURa ADMa DEVa TAIo PSAo PSDo OUR IND UNI PUR INT DEM STA PRE COM NAV OTC NOI DSP COR\""},{"name":"timing-allow-origin","value":"*"},{"name":"cross-origin-resource-policy","value":"cross-origin"},{"name":"access-control-allow-credentials","value":"true"},{"name":"access-control-allow-origin","value":"https://www.youtube.com"},{"name":"content-type","value":"application/json; charset=UTF-8"},{"name":"date","value":"Sat, 13 Nov 2021 16:13:30 GMT"},{"name":"pragma","value":"no-cache"},{"name":"expires","value":"Fri, 01 Jan 1990 00:00:00 GMT"},{"name":"cache-control","value":"no-cache, no-store, must-revalidate"},{"name":"x-content-type-options","value":"nosniff"},{"name":"content-disposition","value":"attachment; filename=\"f.txt\""},{"name":"content-encoding","value":"gzip"},{"name":"server","value":"cafe"},{"name":"content-length","value":"120"},{"name":"x-xss-protection","value":"0"},{"name":"alt-svc","value":"clear"}],"statusCode":200,"statusLine":"HTTP/1.1 200","tabId":2,"timeStamp":1636820010741.004,"type":"xmlhttprequest","url":"https://googleads.g.doubleclick.net/pagead/id?slf_rd=1"}", source: chrome-extension://nleagjjmkkjcfcajcnlgpddbdehflfem/content.js (36)
[28274:28274:1113/161331.223810:INFO:CONSOLE(29)] "Closing window 0", source: chrome-extension://nleagjjmkkjcfcajcnlgpddbdehflfem/content.js (29)
[28274:28274:1113/161331.305109:WARNING:pref_notifier_impl.cc(40)] Pref observer for media_router.cast_allow_all_ips found at shutdown.
