[24059:24059:1108/050156.227827:ERROR:angle_platform_impl.cc(44)] Display.cpp:894 (initialize): ANGLE Display::initialize error 12289: GLX is not present.
[24059:24059:1108/050156.228141:ERROR:gl_surface_egl.cc(780)] EGL Driver message (Critical) eglInitialize: GLX is not present.
[24059:24059:1108/050156.228242:ERROR:gl_surface_egl.cc(1375)] eglInitialize OpenGL failed with error EGL_NOT_INITIALIZED, trying next display type
[24059:24059:1108/050156.228449:ERROR:angle_platform_impl.cc(44)] Display.cpp:894 (initialize): ANGLE Display::initialize error 12289: GLX is not present.
[24059:24059:1108/050156.228536:ERROR:gl_surface_egl.cc(780)] EGL Driver message (Critical) eglInitialize: GLX is not present.
[24059:24059:1108/050156.228611:ERROR:gl_surface_egl.cc(1375)] eglInitialize OpenGLES failed with error EGL_NOT_INITIALIZED
[24059:24059:1108/050156.228690:ERROR:gl_ozone_egl.cc(20)] GLSurfaceEGL::InitializeOneOff failed.
[24059:24059:1108/050156.240407:ERROR:viz_main_impl.cc(161)] Exiting GPU process due to errors during initialization
[24017:24070:1108/050156.279094:WARNING:external_pref_loader.cc(331)] You are using an old-style extension deployment method (external_extensions.json), which will soon be deprecated. (see http://developer.chrome.com/extensions/external_extensions.html)
[24117:24117:1108/050156.563656:ERROR:angle_platform_impl.cc(44)] Display.cpp:894 (initialize): ANGLE Display::initialize error 12289: GLX is not present.
[24117:24117:1108/050156.563868:ERROR:gl_surface_egl.cc(780)] EGL Driver message (Critical) eglInitialize: GLX is not present.
[24117:24117:1108/050156.563941:ERROR:gl_surface_egl.cc(1375)] eglInitialize OpenGL failed with error EGL_NOT_INITIALIZED, trying next display type
[24117:24117:1108/050156.564308:ERROR:angle_platform_impl.cc(44)] Display.cpp:894 (initialize): ANGLE Display::initialize error 12289: GLX is not present.
[24117:24117:1108/050156.564521:ERROR:gl_surface_egl.cc(780)] EGL Driver message (Critical) eglInitialize: GLX is not present.
[24117:24117:1108/050156.564601:ERROR:gl_surface_egl.cc(1375)] eglInitialize OpenGLES failed with error EGL_NOT_INITIALIZED
[24117:24117:1108/050156.564656:ERROR:gl_ozone_egl.cc(20)] GLSurfaceEGL::InitializeOneOff failed.
[24117:24117:1108/050156.584473:ERROR:viz_main_impl.cc(161)] Exiting GPU process due to errors during initialization
[24203:24203:1108/050156.727679:ERROR:angle_platform_impl.cc(44)] Display.cpp:894 (initialize): ANGLE Display::initialize error 12289: GLX is not present.
[24203:24203:1108/050156.728024:ERROR:gl_surface_egl.cc(780)] EGL Driver message (Critical) eglInitialize: GLX is not present.
[24203:24203:1108/050156.728251:ERROR:gl_surface_egl.cc(1375)] eglInitialize OpenGL failed with error EGL_NOT_INITIALIZED, trying next display type
[24203:24203:1108/050156.728668:ERROR:angle_platform_impl.cc(44)] Display.cpp:894 (initialize): ANGLE Display::initialize error 12289: GLX is not present.
[24203:24203:1108/050156.731375:ERROR:gl_surface_egl.cc(780)] EGL Driver message (Critical) eglInitialize: GLX is not present.
[24203:24203:1108/050156.731481:ERROR:gl_surface_egl.cc(1375)] eglInitialize OpenGLES failed with error EGL_NOT_INITIALIZED
[24203:24203:1108/050156.731559:ERROR:gl_ozone_egl.cc(20)] GLSurfaceEGL::InitializeOneOff failed.
[24203:24203:1108/050156.740519:ERROR:viz_main_impl.cc(161)] Exiting GPU process due to errors during initialization
[24017:24017:1108/050156.822590:INFO:CONSOLE(7290)] "crbug/1173575, non-JS module files deprecated.", source: chrome-error://chromewebdata/ (7290)
[24222:24222:1108/050156.843332:ERROR:gpu_init.cc(453)] Passthrough is not supported, GL is swiftshader, ANGLE is 
[24017:24017:1108/050157.758652:INFO:CONSOLE(0)] "Error in event handler: TypeError: Cannot read properties of undefined (reading 'postMessage')
    at logFunc (chrome-extension://nleagjjmkkjcfcajcnlgpddbdehflfem/background.js:16:14)
    at chrome.webRequest.onBeforeRequest.addListener.urls (chrome-extension://nleagjjmkkjcfcajcnlgpddbdehflfem/background.js:22:15)", source: chrome-extension://nleagjjmkkjcfcajcnlgpddbdehflfem/_generated_background_page.html (0)
[24017:24017:1108/050157.758805:INFO:CONSOLE(0)] "Error in event handler: TypeError: Cannot read properties of undefined (reading 'postMessage')
    at logFunc (chrome-extension://nleagjjmkkjcfcajcnlgpddbdehflfem/background.js:16:14)
    at chrome.webRequest.onSendHeaders.addListener.urls (chrome-extension://nleagjjmkkjcfcajcnlgpddbdehflfem/background.js:34:15)", source: chrome-extension://nleagjjmkkjcfcajcnlgpddbdehflfem/_generated_background_page.html (0)
[24017:24017:1108/050158.021798:WARNING:idle_linux.cc(110)] None of the known D-Bus ScreenSaver services could be used.
[24017:24017:1108/050158.417604:INFO:CONSOLE(0)] "Error in event handler: TypeError: Cannot read properties of undefined (reading 'postMessage')
    at logFunc (chrome-extension://nleagjjmkkjcfcajcnlgpddbdehflfem/background.js:16:14)
    at chrome.webRequest.onResponseStarted.addListener.urls (chrome-extension://nleagjjmkkjcfcajcnlgpddbdehflfem/background.js:28:15)", source: chrome-extension://nleagjjmkkjcfcajcnlgpddbdehflfem/_generated_background_page.html (0)
[24017:24017:1108/050158.451426:INFO:CONSOLE(0)] "Error in event handler: TypeError: Cannot read properties of undefined (reading 'postMessage')
    at logFunc (chrome-extension://nleagjjmkkjcfcajcnlgpddbdehflfem/background.js:16:14)
    at chrome.webRequest.onBeforeRequest.addListener.urls (chrome-extension://nleagjjmkkjcfcajcnlgpddbdehflfem/background.js:22:15)", source: chrome-extension://nleagjjmkkjcfcajcnlgpddbdehflfem/_generated_background_page.html (0)
[24017:24017:1108/050158.451497:INFO:CONSOLE(0)] "Error in event handler: TypeError: Cannot read properties of undefined (reading 'postMessage')
    at logFunc (chrome-extension://nleagjjmkkjcfcajcnlgpddbdehflfem/background.js:16:14)
    at chrome.webRequest.onSendHeaders.addListener.urls (chrome-extension://nleagjjmkkjcfcajcnlgpddbdehflfem/background.js:34:15)", source: chrome-extension://nleagjjmkkjcfcajcnlgpddbdehflfem/_generated_background_page.html (0)
[24017:24017:1108/050158.464386:INFO:CONSOLE(0)] "Error in event handler: TypeError: Cannot read properties of undefined (reading 'postMessage')
    at logFunc (chrome-extension://nleagjjmkkjcfcajcnlgpddbdehflfem/background.js:16:14)
    at chrome.webRequest.onBeforeRequest.addListener.urls (chrome-extension://nleagjjmkkjcfcajcnlgpddbdehflfem/background.js:22:15)", source: chrome-extension://nleagjjmkkjcfcajcnlgpddbdehflfem/_generated_background_page.html (0)
[24017:24017:1108/050158.464455:INFO:CONSOLE(0)] "Error in event handler: TypeError: Cannot read properties of undefined (reading 'postMessage')
    at logFunc (chrome-extension://nleagjjmkkjcfcajcnlgpddbdehflfem/background.js:16:14)
    at chrome.webRequest.onSendHeaders.addListener.urls (chrome-extension://nleagjjmkkjcfcajcnlgpddbdehflfem/background.js:34:15)", source: chrome-extension://nleagjjmkkjcfcajcnlgpddbdehflfem/_generated_background_page.html (0)
[24017:24017:1108/050158.465253:INFO:CONSOLE(128)] "Uncaught (in promise) Error: Could not establish connection. Receiving end does not exist.", source: chrome-extension://nhjejghfobloljpipmmgefggimbdefbo/polyfill.js (128)
[24017:24017:1108/050158.465590:INFO:CONSOLE(128)] "Uncaught (in promise) Error: Could not establish connection. Receiving end does not exist.", source: chrome-extension://nhjejghfobloljpipmmgefggimbdefbo/polyfill.js (128)
[24017:24017:1108/050158.467493:INFO:CONSOLE(0)] "Error in event handler: TypeError: Cannot read properties of undefined (reading 'postMessage')
    at logFunc (chrome-extension://nleagjjmkkjcfcajcnlgpddbdehflfem/background.js:16:14)
    at chrome.webRequest.onBeforeRequest.addListener.urls (chrome-extension://nleagjjmkkjcfcajcnlgpddbdehflfem/background.js:22:15)", source: chrome-extension://nleagjjmkkjcfcajcnlgpddbdehflfem/_generated_background_page.html (0)
[24017:24017:1108/050158.467705:INFO:CONSOLE(0)] "Error in event handler: TypeError: Cannot read properties of undefined (reading 'postMessage')
    at logFunc (chrome-extension://nleagjjmkkjcfcajcnlgpddbdehflfem/background.js:16:14)
    at chrome.webRequest.onSendHeaders.addListener.urls (chrome-extension://nleagjjmkkjcfcajcnlgpddbdehflfem/background.js:34:15)", source: chrome-extension://nleagjjmkkjcfcajcnlgpddbdehflfem/_generated_background_page.html (0)
[24017:24091:1108/050158.840086:ERROR:chrome_browser_main_extra_parts_metrics.cc(230)] crbug.com/1216328: Checking Bluetooth availability started. Please report if there is no report that this ends.
[24017:24091:1108/050158.840131:ERROR:chrome_browser_main_extra_parts_metrics.cc(233)] crbug.com/1216328: Checking Bluetooth availability ended.
[24017:24091:1108/050158.840158:ERROR:chrome_browser_main_extra_parts_metrics.cc(236)] crbug.com/1216328: Checking default browser status started. Please report if there is no report that this ends.
[24017:24091:1108/050158.891218:ERROR:chrome_browser_main_extra_parts_metrics.cc(240)] crbug.com/1216328: Checking default browser status ended.
[24017:24017:1108/050159.029713:INFO:CONSOLE(0)] "Error in event handler: TypeError: Cannot read properties of undefined (reading 'postMessage')
    at logFunc (chrome-extension://nleagjjmkkjcfcajcnlgpddbdehflfem/background.js:16:14)
    at chrome.webRequest.onBeforeRequest.addListener.urls (chrome-extension://nleagjjmkkjcfcajcnlgpddbdehflfem/background.js:22:15)", source: chrome-extension://nleagjjmkkjcfcajcnlgpddbdehflfem/_generated_background_page.html (0)
[24017:24017:1108/050159.029833:INFO:CONSOLE(0)] "Error in event handler: TypeError: Cannot read properties of undefined (reading 'postMessage')
    at logFunc (chrome-extension://nleagjjmkkjcfcajcnlgpddbdehflfem/background.js:16:14)
    at chrome.webRequest.onSendHeaders.addListener.urls (chrome-extension://nleagjjmkkjcfcajcnlgpddbdehflfem/background.js:34:15)", source: chrome-extension://nleagjjmkkjcfcajcnlgpddbdehflfem/_generated_background_page.html (0)
[24017:24017:1108/050159.031854:INFO:CONSOLE(0)] "Error in event handler: TypeError: Cannot read properties of undefined (reading 'postMessage')
    at logFunc (chrome-extension://nleagjjmkkjcfcajcnlgpddbdehflfem/background.js:16:14)
    at chrome.webRequest.onResponseStarted.addListener.urls (chrome-extension://nleagjjmkkjcfcajcnlgpddbdehflfem/background.js:28:15)", source: chrome-extension://nleagjjmkkjcfcajcnlgpddbdehflfem/_generated_background_page.html (0)
[24017:24017:1108/050159.031932:INFO:CONSOLE(0)] "Error in event handler: TypeError: Cannot read properties of undefined (reading 'postMessage')
    at logFunc (chrome-extension://nleagjjmkkjcfcajcnlgpddbdehflfem/background.js:16:14)
    at chrome.webRequest.onCompleted.addListener.urls (chrome-extension://nleagjjmkkjcfcajcnlgpddbdehflfem/background.js:47:15)", source: chrome-extension://nleagjjmkkjcfcajcnlgpddbdehflfem/_generated_background_page.html (0)
[24017:24017:1108/050159.982822:INFO:CONSOLE(0)] "Error in event handler: TypeError: Cannot read properties of undefined (reading 'postMessage')
    at logFunc (chrome-extension://nleagjjmkkjcfcajcnlgpddbdehflfem/background.js:16:14)
    at chrome.webRequest.onResponseStarted.addListener.urls (chrome-extension://nleagjjmkkjcfcajcnlgpddbdehflfem/background.js:28:15)", source: chrome-extension://nleagjjmkkjcfcajcnlgpddbdehflfem/_generated_background_page.html (0)
[24017:24017:1108/050159.982884:INFO:CONSOLE(0)] "Error in event handler: TypeError: Cannot read properties of undefined (reading 'postMessage')
    at logFunc (chrome-extension://nleagjjmkkjcfcajcnlgpddbdehflfem/background.js:16:14)
    at chrome.webRequest.onCompleted.addListener.urls (chrome-extension://nleagjjmkkjcfcajcnlgpddbdehflfem/background.js:47:15)", source: chrome-extension://nleagjjmkkjcfcajcnlgpddbdehflfem/_generated_background_page.html (0)
[24017:24017:1108/050159.984233:INFO:CONSOLE(0)] "Error in event handler: TypeError: Cannot read properties of undefined (reading 'postMessage')
    at logFunc (chrome-extension://nleagjjmkkjcfcajcnlgpddbdehflfem/background.js:16:14)
    at chrome.webRequest.onBeforeRequest.addListener.urls (chrome-extension://nleagjjmkkjcfcajcnlgpddbdehflfem/background.js:22:15)", source: chrome-extension://nleagjjmkkjcfcajcnlgpddbdehflfem/_generated_background_page.html (0)
[24017:24017:1108/050159.984296:INFO:CONSOLE(0)] "Error in event handler: TypeError: Cannot read properties of undefined (reading 'postMessage')
    at logFunc (chrome-extension://nleagjjmkkjcfcajcnlgpddbdehflfem/background.js:16:14)
    at chrome.webRequest.onSendHeaders.addListener.urls (chrome-extension://nleagjjmkkjcfcajcnlgpddbdehflfem/background.js:34:15)", source: chrome-extension://nleagjjmkkjcfcajcnlgpddbdehflfem/_generated_background_page.html (0)
[24017:24017:1108/050200.970146:INFO:CONSOLE(0)] "Error in event handler: TypeError: Cannot read properties of undefined (reading 'postMessage')
    at logFunc (chrome-extension://nleagjjmkkjcfcajcnlgpddbdehflfem/background.js:16:14)
    at chrome.webRequest.onResponseStarted.addListener.urls (chrome-extension://nleagjjmkkjcfcajcnlgpddbdehflfem/background.js:28:15)", source: chrome-extension://nleagjjmkkjcfcajcnlgpddbdehflfem/_generated_background_page.html (0)
[24017:24017:1108/050201.330977:INFO:CONSOLE(0)] "Error in event handler: TypeError: Cannot read properties of undefined (reading 'postMessage')
    at logFunc (chrome-extension://nleagjjmkkjcfcajcnlgpddbdehflfem/background.js:16:14)
    at chrome.webRequest.onCompleted.addListener.urls (chrome-extension://nleagjjmkkjcfcajcnlgpddbdehflfem/background.js:47:15)", source: chrome-extension://nleagjjmkkjcfcajcnlgpddbdehflfem/_generated_background_page.html (0)
[24017:24017:1108/050201.332347:INFO:CONSOLE(0)] "Error in event handler: TypeError: Cannot read properties of undefined (reading 'postMessage')
    at logFunc (chrome-extension://nleagjjmkkjcfcajcnlgpddbdehflfem/background.js:16:14)
    at chrome.webRequest.onBeforeRequest.addListener.urls (chrome-extension://nleagjjmkkjcfcajcnlgpddbdehflfem/background.js:22:15)", source: chrome-extension://nleagjjmkkjcfcajcnlgpddbdehflfem/_generated_background_page.html (0)
[24017:24017:1108/050201.332404:INFO:CONSOLE(0)] "Error in event handler: TypeError: Cannot read properties of undefined (reading 'postMessage')
    at logFunc (chrome-extension://nleagjjmkkjcfcajcnlgpddbdehflfem/background.js:16:14)
    at chrome.webRequest.onSendHeaders.addListener.urls (chrome-extension://nleagjjmkkjcfcajcnlgpddbdehflfem/background.js:34:15)", source: chrome-extension://nleagjjmkkjcfcajcnlgpddbdehflfem/_generated_background_page.html (0)
[24017:24017:1108/050201.787267:INFO:CONSOLE(0)] "Error in event handler: TypeError: Cannot read properties of undefined (reading 'postMessage')
    at logFunc (chrome-extension://nleagjjmkkjcfcajcnlgpddbdehflfem/background.js:16:14)
    at chrome.webRequest.onResponseStarted.addListener.urls (chrome-extension://nleagjjmkkjcfcajcnlgpddbdehflfem/background.js:28:15)", source: chrome-extension://nleagjjmkkjcfcajcnlgpddbdehflfem/_generated_background_page.html (0)
[24017:24017:1108/050201.787355:INFO:CONSOLE(0)] "Error in event handler: TypeError: Cannot read properties of undefined (reading 'postMessage')
    at logFunc (chrome-extension://nleagjjmkkjcfcajcnlgpddbdehflfem/background.js:16:14)
    at chrome.webRequest.onCompleted.addListener.urls (chrome-extension://nleagjjmkkjcfcajcnlgpddbdehflfem/background.js:47:15)", source: chrome-extension://nleagjjmkkjcfcajcnlgpddbdehflfem/_generated_background_page.html (0)
[24017:24017:1108/050207.815710:INFO:CONSOLE(0)] "Error in event handler: TypeError: Cannot read properties of undefined (reading 'postMessage')
    at logFunc (chrome-extension://nleagjjmkkjcfcajcnlgpddbdehflfem/background.js:16:14)
    at chrome.webRequest.onResponseStarted.addListener.urls (chrome-extension://nleagjjmkkjcfcajcnlgpddbdehflfem/background.js:28:15)", source: chrome-extension://nleagjjmkkjcfcajcnlgpddbdehflfem/_generated_background_page.html (0)
[24017:24017:1108/050207.864698:INFO:CONSOLE(0)] "Error in event handler: TypeError: Cannot read properties of undefined (reading 'postMessage')
    at logFunc (chrome-extension://nleagjjmkkjcfcajcnlgpddbdehflfem/background.js:16:14)
    at chrome.webRequest.onCompleted.addListener.urls (chrome-extension://nleagjjmkkjcfcajcnlgpddbdehflfem/background.js:47:15)", source: chrome-extension://nleagjjmkkjcfcajcnlgpddbdehflfem/_generated_background_page.html (0)
[24017:24017:1108/050213.053474:INFO:CONSOLE(0)] "Error in event handler: TypeError: Cannot read properties of undefined (reading 'postMessage')
    at logFunc (chrome-extension://nleagjjmkkjcfcajcnlgpddbdehflfem/background.js:16:14)
    at chrome.webRequest.onCompleted.addListener.urls (chrome-extension://nleagjjmkkjcfcajcnlgpddbdehflfem/background.js:47:15)", source: chrome-extension://nleagjjmkkjcfcajcnlgpddbdehflfem/_generated_background_page.html (0)
[24017:24017:1108/050213.144629:INFO:CONSOLE(0)] "Error in event handler: TypeError: Cannot read properties of undefined (reading 'postMessage')
    at logFunc (chrome-extension://nleagjjmkkjcfcajcnlgpddbdehflfem/background.js:16:14)
    at chrome.webRequest.onBeforeRequest.addListener.urls (chrome-extension://nleagjjmkkjcfcajcnlgpddbdehflfem/background.js:22:15)", source: chrome-extension://nleagjjmkkjcfcajcnlgpddbdehflfem/_generated_background_page.html (0)
[24017:24017:1108/050213.144696:INFO:CONSOLE(0)] "Error in event handler: TypeError: Cannot read properties of undefined (reading 'postMessage')
    at logFunc (chrome-extension://nleagjjmkkjcfcajcnlgpddbdehflfem/background.js:16:14)
    at chrome.webRequest.onSendHeaders.addListener.urls (chrome-extension://nleagjjmkkjcfcajcnlgpddbdehflfem/background.js:34:15)", source: chrome-extension://nleagjjmkkjcfcajcnlgpddbdehflfem/_generated_background_page.html (0)
[24017:24017:1108/050213.155236:INFO:CONSOLE(0)] "Error in event handler: TypeError: Cannot read properties of undefined (reading 'postMessage')
    at logFunc (chrome-extension://nleagjjmkkjcfcajcnlgpddbdehflfem/background.js:16:14)
    at chrome.webRequest.onBeforeRequest.addListener.urls (chrome-extension://nleagjjmkkjcfcajcnlgpddbdehflfem/background.js:22:15)", source: chrome-extension://nleagjjmkkjcfcajcnlgpddbdehflfem/_generated_background_page.html (0)
[24017:24017:1108/050213.155299:INFO:CONSOLE(0)] "Error in event handler: TypeError: Cannot read properties of undefined (reading 'postMessage')
    at logFunc (chrome-extension://nleagjjmkkjcfcajcnlgpddbdehflfem/background.js:16:14)
    at chrome.webRequest.onSendHeaders.addListener.urls (chrome-extension://nleagjjmkkjcfcajcnlgpddbdehflfem/background.js:34:15)", source: chrome-extension://nleagjjmkkjcfcajcnlgpddbdehflfem/_generated_background_page.html (0)
[24017:24017:1108/050213.210055:INFO:CONSOLE(0)] "Error in event handler: TypeError: Cannot read properties of undefined (reading 'postMessage')
    at logFunc (chrome-extension://nleagjjmkkjcfcajcnlgpddbdehflfem/background.js:16:14)
    at chrome.webRequest.onBeforeRequest.addListener.urls (chrome-extension://nleagjjmkkjcfcajcnlgpddbdehflfem/background.js:22:15)", source: chrome-extension://nleagjjmkkjcfcajcnlgpddbdehflfem/_generated_background_page.html (0)
[24017:24017:1108/050213.210132:INFO:CONSOLE(0)] "Error in event handler: TypeError: Cannot read properties of undefined (reading 'postMessage')
    at logFunc (chrome-extension://nleagjjmkkjcfcajcnlgpddbdehflfem/background.js:16:14)
    at chrome.webRequest.onSendHeaders.addListener.urls (chrome-extension://nleagjjmkkjcfcajcnlgpddbdehflfem/background.js:34:15)", source: chrome-extension://nleagjjmkkjcfcajcnlgpddbdehflfem/_generated_background_page.html (0)
[24017:24017:1108/050213.296747:INFO:CONSOLE(0)] "Error in event handler: TypeError: Cannot read properties of undefined (reading 'postMessage')
    at logFunc (chrome-extension://nleagjjmkkjcfcajcnlgpddbdehflfem/background.js:16:14)
    at chrome.webRequest.onBeforeRequest.addListener.urls (chrome-extension://nleagjjmkkjcfcajcnlgpddbdehflfem/background.js:22:15)", source: chrome-extension://nleagjjmkkjcfcajcnlgpddbdehflfem/_generated_background_page.html (0)
[24017:24017:1108/050213.297161:INFO:CONSOLE(0)] "Error in event handler: TypeError: Cannot read properties of undefined (reading 'postMessage')
    at logFunc (chrome-extension://nleagjjmkkjcfcajcnlgpddbdehflfem/background.js:16:14)
    at chrome.webRequest.onSendHeaders.addListener.urls (chrome-extension://nleagjjmkkjcfcajcnlgpddbdehflfem/background.js:34:15)", source: chrome-extension://nleagjjmkkjcfcajcnlgpddbdehflfem/_generated_background_page.html (0)
[24017:24017:1108/050213.299818:INFO:CONSOLE(128)] "Uncaught (in promise) Error: Could not establish connection. Receiving end does not exist.", source: chrome-extension://nhjejghfobloljpipmmgefggimbdefbo/polyfill.js (128)
[24017:24017:1108/050213.340863:INFO:CONSOLE(0)] "Error in event handler: TypeError: Cannot read properties of undefined (reading 'postMessage')
    at logFunc (chrome-extension://nleagjjmkkjcfcajcnlgpddbdehflfem/background.js:16:14)
    at chrome.webRequest.onResponseStarted.addListener.urls (chrome-extension://nleagjjmkkjcfcajcnlgpddbdehflfem/background.js:28:15)", source: chrome-extension://nleagjjmkkjcfcajcnlgpddbdehflfem/_generated_background_page.html (0)
[24017:24017:1108/050213.340955:INFO:CONSOLE(0)] "Error in event handler: TypeError: Cannot read properties of undefined (reading 'postMessage')
    at logFunc (chrome-extension://nleagjjmkkjcfcajcnlgpddbdehflfem/background.js:16:14)
    at chrome.webRequest.onCompleted.addListener.urls (chrome-extension://nleagjjmkkjcfcajcnlgpddbdehflfem/background.js:47:15)", source: chrome-extension://nleagjjmkkjcfcajcnlgpddbdehflfem/_generated_background_page.html (0)
[24017:24017:1108/050213.361736:INFO:CONSOLE(1)] "CONTENT SCRIPT", source: chrome-extension://nleagjjmkkjcfcajcnlgpddbdehflfem/content.js (1)
[24017:24017:1108/050213.391598:INFO:CONSOLE(36)] "RESPONSE_STARTED 1636347733390 {"frameId":0,"fromCache":false,"initiator":"https://www.youtube.com","ip":"142.250.77.174","method":"GET","parentFrameId":-1,"requestId":"78","statusCode":200,"statusLine":"HTTP/1.1 200","tabId":2,"timeStamp":1636347733390.0051,"type":"script","url":"https://www.youtube.com/s/player/8eb5bf0c/player_ias.vflset/en_US/embed.js"}", source: chrome-extension://nleagjjmkkjcfcajcnlgpddbdehflfem/content.js (36)
[24017:24017:1108/050213.499152:INFO:CONSOLE(36)] "COMPLETE 1636347733497 {"frameId":0,"fromCache":false,"initiator":"https://www.youtube.com","ip":"142.250.77.174","method":"GET","parentFrameId":-1,"requestId":"78","responseHeaders":[{"name":"accept-ranges","value":"bytes"},{"name":"vary","value":"Accept-Encoding, Origin"},{"name":"content-encoding","value":"br"},{"name":"content-type","value":"text/javascript"},{"name":"cross-origin-resource-policy","value":"cross-origin"},{"name":"cross-origin-opener-policy-report-only","value":"same-origin; report-to=\"youtube\""},{"name":"report-to","value":"{\"group\":\"youtube\",\"max_age\":2592000,\"endpoints\":[{\"url\":\"https://csp.withgoogle.com/csp/report-to/youtube\"}]}"},{"name":"content-length","value":"7310"},{"name":"date","value":"Wed, 03 Nov 2021 15:52:10 GMT"},{"name":"expires","value":"Thu, 03 Nov 2022 15:52:10 GMT"},{"name":"last-modified","value":"Wed, 03 Nov 2021 00:18:20 GMT"},{"name":"x-content-type-options","value":"nosniff"},{"name":"server","value":"sffe"},{"name":"x-xss-protection","value":"0"},{"name":"cache-control","value":"public, max-age=31536000"},{"name":"age","value":"393003"},{"name":"alt-svc","value":"h3=\":443\"; ma=2592000,h3-29=\":443\"; ma=2592000,h3-Q050=\":443\"; ma=2592000,h3-Q046=\":443\"; ma=2592000,h3-Q043=\":443\"; ma=2592000,quic=\":443\"; ma=2592000; v=\"46,43\""}],"statusCode":200,"statusLine":"HTTP/1.1 200","tabId":2,"timeStamp":1636347733497.0952,"type":"script","url":"https://www.youtube.com/s/player/8eb5bf0c/player_ias.vflset/en_US/embed.js"}", source: chrome-extension://nleagjjmkkjcfcajcnlgpddbdehflfem/content.js (36)
[24017:24017:1108/050213.544658:INFO:CONSOLE(36)] "RESPONSE_STARTED 1636347733520 {"frameId":0,"fromCache":false,"initiator":"https://www.youtube.com","ip":"142.250.182.38","method":"GET","parentFrameId":-1,"requestId":"76","statusCode":200,"statusLine":"HTTP/1.1 200","tabId":2,"timeStamp":1636347733519.5042,"type":"script","url":"https://static.doubleclick.net/instream/ad_status.js"}", source: chrome-extension://nleagjjmkkjcfcajcnlgpddbdehflfem/content.js (36)
[24017:24017:1108/050213.544974:INFO:CONSOLE(36)] "COMPLETE 1636347733520 {"frameId":0,"fromCache":false,"initiator":"https://www.youtube.com","ip":"142.250.182.38","method":"GET","parentFrameId":-1,"requestId":"76","responseHeaders":[{"name":"accept-ranges","value":"bytes"},{"name":"content-type","value":"text/javascript"},{"name":"access-control-allow-origin","value":"*"},{"name":"cross-origin-resource-policy","value":"cross-origin"},{"name":"cross-origin-opener-policy-report-only","value":"same-origin; report-to=\"ads-doubleclick-media\""},{"name":"report-to","value":"{\"group\":\"ads-doubleclick-media\",\"max_age\":2592000,\"endpoints\":[{\"url\":\"https://csp.withgoogle.com/csp/report-to/ads-doubleclick-media\"}]}"},{"name":"timing-allow-origin","value":"*"},{"name":"content-length","value":"29"},{"name":"date","value":"Mon, 08 Nov 2021 05:02:13 GMT"},{"name":"expires","value":"Mon, 08 Nov 2021 05:17:13 GMT"},{"name":"last-modified","value":"Thu, 12 Dec 2013 23:40:16 GMT"},{"name":"x-content-type-options","value":"nosniff"},{"name":"server","value":"sffe"},{"name":"x-xss-protection","value":"0"},{"name":"age","value":"0"},{"name":"cache-control","value":"public, max-age=900"},{"name":"alt-svc","value":"h3=\":443\"; ma=2592000,h3-29=\":443\"; ma=2592000,h3-Q050=\":443\"; ma=2592000,h3-Q046=\":443\"; ma=2592000,h3-Q043=\":443\"; ma=2592000,quic=\":443\"; ma=2592000; v=\"46,43\""}],"statusCode":200,"statusLine":"HTTP/1.1 200","tabId":2,"timeStamp":1636347733519.861,"type":"script","url":"https://static.doubleclick.net/instream/ad_status.js"}", source: chrome-extension://nleagjjmkkjcfcajcnlgpddbdehflfem/content.js (36)
[24017:24017:1108/050213.547373:INFO:CONSOLE(36)] "BEFORE_REQUEST 1636347733546 {"frameId":0,"initiator":"https://www.youtube.com","method":"GET","parentFrameId":-1,"requestId":"75","tabId":2,"timeStamp":1636347733545.474,"type":"xmlhttprequest","url":"https://googleads.g.doubleclick.net/pagead/id?slf_rd=1"}", source: chrome-extension://nleagjjmkkjcfcajcnlgpddbdehflfem/content.js (36)
[24017:24017:1108/050213.547411:INFO:CONSOLE(36)] "SEND_HEADERS 1636347733546 {"frameId":0,"initiator":"https://www.youtube.com","method":"GET","parentFrameId":-1,"requestId":"75","tabId":2,"timeStamp":1636347733545.561,"type":"xmlhttprequest","url":"https://googleads.g.doubleclick.net/pagead/id?slf_rd=1"}", source: chrome-extension://nleagjjmkkjcfcajcnlgpddbdehflfem/content.js (36)
[24017:24017:1108/050213.560892:INFO:CONSOLE(36)] "BEFORE_REQUEST 1636347733559 {"frameId":0,"initiator":"https://www.youtube.com","method":"GET","parentFrameId":-1,"requestId":"79","tabId":2,"timeStamp":1636347733557.6748,"type":"image","url":"https://www.youtube.com/favicon.ico"}", source: chrome-extension://nleagjjmkkjcfcajcnlgpddbdehflfem/content.js (36)
[24017:24017:1108/050213.560944:INFO:CONSOLE(36)] "SEND_HEADERS 1636347733559 {"frameId":0,"initiator":"https://www.youtube.com","method":"GET","parentFrameId":-1,"requestId":"79","tabId":2,"timeStamp":1636347733557.73,"type":"image","url":"https://www.youtube.com/favicon.ico"}", source: chrome-extension://nleagjjmkkjcfcajcnlgpddbdehflfem/content.js (36)
[24017:24017:1108/050213.590016:INFO:CONSOLE(36)] "RESPONSE_STARTED 1636347733587 {"frameId":0,"fromCache":false,"initiator":"https://www.youtube.com","ip":"142.250.77.174","method":"GET","parentFrameId":-1,"requestId":"79","statusCode":200,"statusLine":"HTTP/1.1 200","tabId":2,"timeStamp":1636347733587.383,"type":"image","url":"https://www.youtube.com/favicon.ico"}", source: chrome-extension://nleagjjmkkjcfcajcnlgpddbdehflfem/content.js (36)
[24017:24017:1108/050213.590077:INFO:CONSOLE(36)] "COMPLETE 1636347733588 {"frameId":0,"fromCache":false,"initiator":"https://www.youtube.com","ip":"142.250.77.174","method":"GET","parentFrameId":-1,"requestId":"79","responseHeaders":[{"name":"accept-ranges","value":"bytes"},{"name":"vary","value":"Accept-Encoding"},{"name":"content-encoding","value":"gzip"},{"name":"content-type","value":"image/x-icon"},{"name":"cross-origin-resource-policy","value":"cross-origin"},{"name":"cross-origin-opener-policy-report-only","value":"same-origin; report-to=\"youtube-marketing\""},{"name":"report-to","value":"{\"group\":\"youtube-marketing\",\"max_age\":2592000,\"endpoints\":[{\"url\":\"https://csp.withgoogle.com/csp/report-to/youtube-marketing\"}]}"},{"name":"content-length","value":"180"},{"name":"date","value":"Mon, 01 Nov 2021 10:22:35 GMT"},{"name":"expires","value":"Tue, 01 Nov 2022 10:22:35 GMT"},{"name":"last-modified","value":"Tue, 03 Mar 2020 20:15:00 GMT"},{"name":"x-content-type-options","value":"nosniff"},{"name":"server","value":"sffe"},{"name":"x-xss-protection","value":"0"},{"name":"age","value":"585578"},{"name":"cache-control","value":"public, max-age=31536000"},{"name":"alt-svc","value":"h3=\":443\"; ma=2592000,h3-29=\":443\"; ma=2592000,h3-Q050=\":443\"; ma=2592000,h3-Q046=\":443\"; ma=2592000,h3-Q043=\":443\"; ma=2592000,quic=\":443\"; ma=2592000; v=\"46,43\""}],"statusCode":200,"statusLine":"HTTP/1.1 200","tabId":2,"timeStamp":1636347733588.073,"type":"image","url":"https://www.youtube.com/favicon.ico"}", source: chrome-extension://nleagjjmkkjcfcajcnlgpddbdehflfem/content.js (36)
[24017:24017:1108/050213.642106:INFO:CONSOLE(36)] "RESPONSE_STARTED 1636347733641 {"frameId":0,"fromCache":false,"initiator":"https://www.youtube.com","ip":"142.250.205.226","method":"GET","parentFrameId":-1,"requestId":"75","statusCode":200,"statusLine":"HTTP/1.1 200","tabId":2,"timeStamp":1636347733640.713,"type":"xmlhttprequest","url":"https://googleads.g.doubleclick.net/pagead/id?slf_rd=1"}", source: chrome-extension://nleagjjmkkjcfcajcnlgpddbdehflfem/content.js (36)
[24017:24017:1108/050213.660586:INFO:CONSOLE(36)] "COMPLETE 1636347733658 {"frameId":0,"fromCache":false,"initiator":"https://www.youtube.com","ip":"142.250.205.226","method":"GET","parentFrameId":-1,"requestId":"75","responseHeaders":[{"name":"p3p","value":"policyref=\"https://googleads.g.doubleclick.net/pagead/gcn_p3p_.xml\", CP=\"CURa ADMa DEVa TAIo PSAo PSDo OUR IND UNI PUR INT DEM STA PRE COM NAV OTC NOI DSP COR\""},{"name":"timing-allow-origin","value":"*"},{"name":"cross-origin-resource-policy","value":"cross-origin"},{"name":"access-control-allow-credentials","value":"true"},{"name":"access-control-allow-origin","value":"https://www.youtube.com"},{"name":"content-type","value":"application/json; charset=UTF-8"},{"name":"date","value":"Mon, 08 Nov 2021 05:02:13 GMT"},{"name":"pragma","value":"no-cache"},{"name":"expires","value":"Fri, 01 Jan 1990 00:00:00 GMT"},{"name":"cache-control","value":"no-cache, no-store, must-revalidate"},{"name":"x-content-type-options","value":"nosniff"},{"name":"content-disposition","value":"attachment; filename=\"f.txt\""},{"name":"content-encoding","value":"gzip"},{"name":"server","value":"cafe"},{"name":"content-length","value":"120"},{"name":"x-xss-protection","value":"0"},{"name":"alt-svc","value":"h3=\":443\"; ma=2592000,h3-29=\":443\"; ma=2592000,h3-Q050=\":443\"; ma=2592000,h3-Q046=\":443\"; ma=2592000,h3-Q043=\":443\"; ma=2592000,quic=\":443\"; ma=2592000; v=\"46,43\""}],"statusCode":200,"statusLine":"HTTP/1.1 200","tabId":2,"timeStamp":1636347733657.991,"type":"xmlhttprequest","url":"https://googleads.g.doubleclick.net/pagead/id?slf_rd=1"}", source: chrome-extension://nleagjjmkkjcfcajcnlgpddbdehflfem/content.js (36)
[24017:24017:1108/050215.687255:INFO:CONSOLE(36)] "BEFORE_REQUEST 1636347735686 {"frameId":0,"initiator":"https://www.youtube.com","method":"POST","parentFrameId":-1,"requestId":"80","tabId":2,"timeStamp":1636347735685.595,"type":"xmlhttprequest","url":"https://www.youtube.com/youtubei/v1/log_event?alt=json&key=AIzaSyAO_FJ2SlqU8Q4STEHLGCilw_Y9_11qcW8"}", source: chrome-extension://nleagjjmkkjcfcajcnlgpddbdehflfem/content.js (36)
[24017:24017:1108/050215.690403:INFO:CONSOLE(36)] "SEND_HEADERS 1636347735686 {"frameId":0,"initiator":"https://www.youtube.com","method":"POST","parentFrameId":-1,"requestId":"80","tabId":2,"timeStamp":1636347735685.662,"type":"xmlhttprequest","url":"https://www.youtube.com/youtubei/v1/log_event?alt=json&key=AIzaSyAO_FJ2SlqU8Q4STEHLGCilw_Y9_11qcW8"}", source: chrome-extension://nleagjjmkkjcfcajcnlgpddbdehflfem/content.js (36)
[24017:24017:1108/050215.875389:INFO:CONSOLE(36)] "RESPONSE_STARTED 1636347735873 {"frameId":0,"fromCache":false,"initiator":"https://www.youtube.com","ip":"142.250.77.174","method":"POST","parentFrameId":-1,"requestId":"80","statusCode":200,"statusLine":"HTTP/1.1 200","tabId":2,"timeStamp":1636347735872.566,"type":"xmlhttprequest","url":"https://www.youtube.com/youtubei/v1/log_event?alt=json&key=AIzaSyAO_FJ2SlqU8Q4STEHLGCilw_Y9_11qcW8"}", source: chrome-extension://nleagjjmkkjcfcajcnlgpddbdehflfem/content.js (36)
[24017:24017:1108/050215.875445:INFO:CONSOLE(36)] "COMPLETE 1636347735874 {"frameId":0,"fromCache":false,"initiator":"https://www.youtube.com","ip":"142.250.77.174","method":"POST","parentFrameId":-1,"requestId":"80","responseHeaders":[{"name":"content-type","value":"application/json; charset=UTF-8"},{"name":"vary","value":"Origin"},{"name":"vary","value":"X-Origin"},{"name":"vary","value":"Referer"},{"name":"content-encoding","value":"br"},{"name":"date","value":"Mon, 08 Nov 2021 05:02:15 GMT"},{"name":"server","value":"ESF"},{"name":"content-length","value":"31"},{"name":"x-xss-protection","value":"0"},{"name":"x-frame-options","value":"SAMEORIGIN"},{"name":"x-content-type-options","value":"nosniff"},{"name":"alt-svc","value":"h3=\":443\"; ma=2592000,h3-29=\":443\"; ma=2592000,h3-Q050=\":443\"; ma=2592000,h3-Q046=\":443\"; ma=2592000,h3-Q043=\":443\"; ma=2592000,quic=\":443\"; ma=2592000; v=\"46,43\""}],"statusCode":200,"statusLine":"HTTP/1.1 200","tabId":2,"timeStamp":1636347735873.652,"type":"xmlhttprequest","url":"https://www.youtube.com/youtubei/v1/log_event?alt=json&key=AIzaSyAO_FJ2SlqU8Q4STEHLGCilw_Y9_11qcW8"}", source: chrome-extension://nleagjjmkkjcfcajcnlgpddbdehflfem/content.js (36)
[24017:24048:1108/050221.198472:WARNING:bus.cc(637)] Bus::SendWithReplyAndBlock took 25020ms to process message: type=method_call, path=/org/freedesktop/Notifications, interface=org.freedesktop.Notifications, member=GetCapabilities
[24017:24048:1108/050221.198556:ERROR:object_proxy.cc(642)] Failed to call method: org.freedesktop.Notifications.GetCapabilities: object_path= /org/freedesktop/Notifications: org.freedesktop.DBus.Error.NoReply: Did not receive a reply. Possible causes include: the remote application did not send a reply, the message bus security policy blocked the reply, the reply timeout expired, or the network connection was broken.
[24060:24079:1108/050228.417380:WARNING:key_storage_linux.cc(178)] OSCrypt tried Libsecret but couldn't initialise.
[24017:24017:1108/050413.674832:INFO:CONSOLE(36)] "BEFORE_REQUEST 1636347853673 {"frameId":0,"initiator":"https://www.youtube.com","method":"GET","parentFrameId":-1,"requestId":"81","tabId":2,"timeStamp":1636347853673.405,"type":"xmlhttprequest","url":"https://googleads.g.doubleclick.net/pagead/id"}", source: chrome-extension://nleagjjmkkjcfcajcnlgpddbdehflfem/content.js (36)
[24017:24017:1108/050413.674999:INFO:CONSOLE(36)] "SEND_HEADERS 1636347853674 {"frameId":0,"initiator":"https://www.youtube.com","method":"GET","parentFrameId":-1,"requestId":"81","tabId":2,"timeStamp":1636347853673.477,"type":"xmlhttprequest","url":"https://googleads.g.doubleclick.net/pagead/id"}", source: chrome-extension://nleagjjmkkjcfcajcnlgpddbdehflfem/content.js (36)
[24017:24017:1108/050413.791866:INFO:CONSOLE(36)] "BEFORE_REQUEST 1636347853791 {"frameId":0,"initiator":"https://www.youtube.com","method":"GET","parentFrameId":-1,"requestId":"81","tabId":2,"timeStamp":1636347853790.801,"type":"xmlhttprequest","url":"https://googleads.g.doubleclick.net/pagead/id?slf_rd=1"}", source: chrome-extension://nleagjjmkkjcfcajcnlgpddbdehflfem/content.js (36)
[24017:24017:1108/050413.791978:INFO:CONSOLE(36)] "SEND_HEADERS 1636347853791 {"frameId":0,"initiator":"https://www.youtube.com","method":"GET","parentFrameId":-1,"requestId":"81","tabId":2,"timeStamp":1636347853790.884,"type":"xmlhttprequest","url":"https://googleads.g.doubleclick.net/pagead/id?slf_rd=1"}", source: chrome-extension://nleagjjmkkjcfcajcnlgpddbdehflfem/content.js (36)
[24017:24017:1108/050413.919512:INFO:CONSOLE(36)] "RESPONSE_STARTED 1636347853918 {"frameId":0,"fromCache":false,"initiator":"https://www.youtube.com","ip":"142.250.205.226","method":"GET","parentFrameId":-1,"requestId":"81","statusCode":200,"statusLine":"HTTP/1.1 200","tabId":2,"timeStamp":1636347853917.516,"type":"xmlhttprequest","url":"https://googleads.g.doubleclick.net/pagead/id?slf_rd=1"}", source: chrome-extension://nleagjjmkkjcfcajcnlgpddbdehflfem/content.js (36)
[24017:24017:1108/050413.919670:INFO:CONSOLE(36)] "COMPLETE 1636347853918 {"frameId":0,"fromCache":false,"initiator":"https://www.youtube.com","ip":"142.250.205.226","method":"GET","parentFrameId":-1,"requestId":"81","responseHeaders":[{"name":"p3p","value":"policyref=\"https://googleads.g.doubleclick.net/pagead/gcn_p3p_.xml\", CP=\"CURa ADMa DEVa TAIo PSAo PSDo OUR IND UNI PUR INT DEM STA PRE COM NAV OTC NOI DSP COR\""},{"name":"timing-allow-origin","value":"*"},{"name":"cross-origin-resource-policy","value":"cross-origin"},{"name":"access-control-allow-credentials","value":"true"},{"name":"access-control-allow-origin","value":"https://www.youtube.com"},{"name":"content-type","value":"application/json; charset=UTF-8"},{"name":"date","value":"Mon, 08 Nov 2021 05:04:13 GMT"},{"name":"pragma","value":"no-cache"},{"name":"expires","value":"Fri, 01 Jan 1990 00:00:00 GMT"},{"name":"cache-control","value":"no-cache, no-store, must-revalidate"},{"name":"x-content-type-options","value":"nosniff"},{"name":"content-disposition","value":"attachment; filename=\"f.txt\""},{"name":"content-encoding","value":"gzip"},{"name":"server","value":"cafe"},{"name":"content-length","value":"120"},{"name":"x-xss-protection","value":"0"},{"name":"alt-svc","value":"h3=\":443\"; ma=2592000,h3-29=\":443\"; ma=2592000,h3-Q050=\":443\"; ma=2592000,h3-Q046=\":443\"; ma=2592000,h3-Q043=\":443\"; ma=2592000,quic=\":443\"; ma=2592000; v=\"46,43\""}],"statusCode":200,"statusLine":"HTTP/1.1 200","tabId":2,"timeStamp":1636347853917.789,"type":"xmlhttprequest","url":"https://googleads.g.doubleclick.net/pagead/id?slf_rd=1"}", source: chrome-extension://nleagjjmkkjcfcajcnlgpddbdehflfem/content.js (36)
[24017:24017:1108/050414.672156:INFO:CONSOLE(29)] "Closing window 0", source: chrome-extension://nleagjjmkkjcfcajcnlgpddbdehflfem/content.js (29)
[24017:24017:1108/050414.755583:WARNING:pref_notifier_impl.cc(40)] Pref observer for media_router.cast_allow_all_ips found at shutdown.
