[28980:28980:1007/073312.982815:ERROR:angle_platform_impl.cc(44)] Display.cpp:840 (initialize): ANGLE Display::initialize error 12289: GLX is not present.
[28980:28980:1007/073312.983268:ERROR:gl_surface_egl.cc(780)] EGL Driver message (Critical) eglInitialize: GLX is not present.
[28980:28980:1007/073312.983430:ERROR:gl_surface_egl.cc(1374)] eglInitialize OpenGL failed with error EGL_NOT_INITIALIZED, trying next display type
[28980:28980:1007/073312.984407:ERROR:angle_platform_impl.cc(44)] Display.cpp:840 (initialize): ANGLE Display::initialize error 12289: GLX is not present.
[28980:28980:1007/073312.984576:ERROR:gl_surface_egl.cc(780)] EGL Driver message (Critical) eglInitialize: GLX is not present.
[28980:28980:1007/073312.984716:ERROR:gl_surface_egl.cc(1374)] eglInitialize OpenGLES failed with error EGL_NOT_INITIALIZED
[28980:28980:1007/073312.984867:ERROR:gl_initializer_linux_x11.cc(178)] GLSurfaceEGL::InitializeOneOff failed.
[28980:28980:1007/073313.001981:ERROR:viz_main_impl.cc(162)] Exiting GPU process due to errors during initialization
[28997:28997:1007/073313.084978:ERROR:gpu_init.cc(441)] Passthrough is not supported, GL is swiftshader
[28937:28971:1007/073313.270540:WARNING:external_pref_loader.cc(334)] You are using an old-style extension deployment method (external_extensions.json), which will soon be deprecated. (see http://developer.chrome.com/extensions/external_extensions.html)
[28937:28937:1007/073314.117617:INFO:CONSOLE(128)] "Uncaught (in promise) Error: Could not establish connection. Receiving end does not exist.", source: chrome-extension://eoahfblaekpddckmppimofgnpkdljmli/polyfill.js (128)
[28937:28937:1007/073314.117838:INFO:CONSOLE(128)] "Uncaught (in promise) Error: Could not establish connection. Receiving end does not exist.", source: chrome-extension://eoahfblaekpddckmppimofgnpkdljmli/polyfill.js (128)
[28937:28937:1007/073314.617013:INFO:CONSOLE(0)] "Error in event handler: TypeError: Cannot read property 'postMessage' of undefined
    at logFunc (chrome-extension://ebefegahjicgjdnbeinacgimdggcignk/background.js:16:14)
    at chrome.webRequest.onBeforeRequest.addListener.urls (chrome-extension://ebefegahjicgjdnbeinacgimdggcignk/background.js:22:15)", source: chrome-extension://ebefegahjicgjdnbeinacgimdggcignk/_generated_background_page.html (0)
[28937:28937:1007/073314.617941:INFO:CONSOLE(0)] "Error in event handler: TypeError: Cannot read property 'postMessage' of undefined
    at logFunc (chrome-extension://ebefegahjicgjdnbeinacgimdggcignk/background.js:16:14)
    at chrome.webRequest.onSendHeaders.addListener.urls (chrome-extension://ebefegahjicgjdnbeinacgimdggcignk/background.js:34:15)", source: chrome-extension://ebefegahjicgjdnbeinacgimdggcignk/_generated_background_page.html (0)
[28937:28937:1007/073314.618882:INFO:CONSOLE(0)] "Error in event handler: TypeError: Cannot read property 'postMessage' of undefined
    at logFunc (chrome-extension://ebefegahjicgjdnbeinacgimdggcignk/background.js:16:14)
    at chrome.webRequest.onBeforeRequest.addListener.urls (chrome-extension://ebefegahjicgjdnbeinacgimdggcignk/background.js:22:15)", source: chrome-extension://ebefegahjicgjdnbeinacgimdggcignk/_generated_background_page.html (0)
[28937:28937:1007/073314.619619:INFO:CONSOLE(0)] "Error in event handler: TypeError: Cannot read property 'postMessage' of undefined
    at logFunc (chrome-extension://ebefegahjicgjdnbeinacgimdggcignk/background.js:16:14)
    at chrome.webRequest.onSendHeaders.addListener.urls (chrome-extension://ebefegahjicgjdnbeinacgimdggcignk/background.js:34:15)", source: chrome-extension://ebefegahjicgjdnbeinacgimdggcignk/_generated_background_page.html (0)
[28937:28937:1007/073314.621098:INFO:CONSOLE(0)] "Error in event handler: TypeError: Cannot read property 'postMessage' of undefined
    at logFunc (chrome-extension://ebefegahjicgjdnbeinacgimdggcignk/background.js:16:14)
    at chrome.webRequest.onBeforeRequest.addListener.urls (chrome-extension://ebefegahjicgjdnbeinacgimdggcignk/background.js:22:15)", source: chrome-extension://ebefegahjicgjdnbeinacgimdggcignk/_generated_background_page.html (0)
[28937:28937:1007/073314.621814:INFO:CONSOLE(0)] "Error in event handler: TypeError: Cannot read property 'postMessage' of undefined
    at logFunc (chrome-extension://ebefegahjicgjdnbeinacgimdggcignk/background.js:16:14)
    at chrome.webRequest.onSendHeaders.addListener.urls (chrome-extension://ebefegahjicgjdnbeinacgimdggcignk/background.js:34:15)", source: chrome-extension://ebefegahjicgjdnbeinacgimdggcignk/_generated_background_page.html (0)
[28937:28937:1007/073314.651293:INFO:CONSOLE(0)] "Error in event handler: TypeError: Cannot read property 'postMessage' of undefined
    at logFunc (chrome-extension://ebefegahjicgjdnbeinacgimdggcignk/background.js:16:14)
    at chrome.webRequest.onResponseStarted.addListener.urls (chrome-extension://ebefegahjicgjdnbeinacgimdggcignk/background.js:28:15)", source: chrome-extension://ebefegahjicgjdnbeinacgimdggcignk/_generated_background_page.html (0)
[28937:28937:1007/073315.584606:INFO:CONSOLE(0)] "Error in event handler: TypeError: Cannot read property 'postMessage' of undefined
    at logFunc (chrome-extension://ebefegahjicgjdnbeinacgimdggcignk/background.js:16:14)
    at chrome.webRequest.onResponseStarted.addListener.urls (chrome-extension://ebefegahjicgjdnbeinacgimdggcignk/background.js:28:15)", source: chrome-extension://ebefegahjicgjdnbeinacgimdggcignk/_generated_background_page.html (0)
[28937:28937:1007/073315.585702:INFO:CONSOLE(0)] "Error in event handler: TypeError: Cannot read property 'postMessage' of undefined
    at logFunc (chrome-extension://ebefegahjicgjdnbeinacgimdggcignk/background.js:16:14)
    at chrome.webRequest.onCompleted.addListener.urls (chrome-extension://ebefegahjicgjdnbeinacgimdggcignk/background.js:47:15)", source: chrome-extension://ebefegahjicgjdnbeinacgimdggcignk/_generated_background_page.html (0)
[28937:28937:1007/073316.440726:INFO:CONSOLE(0)] "Error in event handler: TypeError: Cannot read property 'postMessage' of undefined
    at logFunc (chrome-extension://ebefegahjicgjdnbeinacgimdggcignk/background.js:16:14)
    at chrome.webRequest.onResponseStarted.addListener.urls (chrome-extension://ebefegahjicgjdnbeinacgimdggcignk/background.js:28:15)", source: chrome-extension://ebefegahjicgjdnbeinacgimdggcignk/_generated_background_page.html (0)
[28937:28937:1007/073317.159843:INFO:CONSOLE(0)] "Error in event handler: TypeError: Cannot read property 'postMessage' of undefined
    at logFunc (chrome-extension://ebefegahjicgjdnbeinacgimdggcignk/background.js:16:14)
    at chrome.webRequest.onResponseStarted.addListener.urls (chrome-extension://ebefegahjicgjdnbeinacgimdggcignk/background.js:28:15)", source: chrome-extension://ebefegahjicgjdnbeinacgimdggcignk/_generated_background_page.html (0)
[28937:28937:1007/073317.612829:INFO:CONSOLE(0)] "Error in event handler: TypeError: Cannot read property 'postMessage' of undefined
    at logFunc (chrome-extension://ebefegahjicgjdnbeinacgimdggcignk/background.js:16:14)
    at chrome.webRequest.onCompleted.addListener.urls (chrome-extension://ebefegahjicgjdnbeinacgimdggcignk/background.js:47:15)", source: chrome-extension://ebefegahjicgjdnbeinacgimdggcignk/_generated_background_page.html (0)
[28937:28937:1007/073317.827149:INFO:CONSOLE(0)] "Error in event handler: TypeError: Cannot read property 'postMessage' of undefined
    at logFunc (chrome-extension://ebefegahjicgjdnbeinacgimdggcignk/background.js:16:14)
    at chrome.webRequest.onResponseStarted.addListener.urls (chrome-extension://ebefegahjicgjdnbeinacgimdggcignk/background.js:28:15)", source: chrome-extension://ebefegahjicgjdnbeinacgimdggcignk/_generated_background_page.html (0)
[28937:28937:1007/073317.935160:INFO:CONSOLE(0)] "Error in event handler: TypeError: Cannot read property 'postMessage' of undefined
    at logFunc (chrome-extension://ebefegahjicgjdnbeinacgimdggcignk/background.js:16:14)
    at chrome.webRequest.onCompleted.addListener.urls (chrome-extension://ebefegahjicgjdnbeinacgimdggcignk/background.js:47:15)", source: chrome-extension://ebefegahjicgjdnbeinacgimdggcignk/_generated_background_page.html (0)
[28937:28937:1007/073325.087061:INFO:CONSOLE(0)] "Error in event handler: TypeError: Cannot read property 'postMessage' of undefined
    at logFunc (chrome-extension://ebefegahjicgjdnbeinacgimdggcignk/background.js:16:14)
    at chrome.webRequest.onCompleted.addListener.urls (chrome-extension://ebefegahjicgjdnbeinacgimdggcignk/background.js:47:15)", source: chrome-extension://ebefegahjicgjdnbeinacgimdggcignk/_generated_background_page.html (0)
[28937:28982:1007/073337.914591:WARNING:bus.cc(638)] Bus::SendWithReplyAndBlock took 25024ms to process message: type=method_call, path=/org/freedesktop/Notifications, interface=org.freedesktop.Notifications, member=GetCapabilities
[28937:28982:1007/073337.914671:ERROR:object_proxy.cc(622)] Failed to call method: org.freedesktop.Notifications.GetCapabilities: object_path= /org/freedesktop/Notifications: org.freedesktop.DBus.Error.NoReply: Did not receive a reply. Possible causes include: the remote application did not send a reply, the message bus security policy blocked the reply, the reply timeout expired, or the network connection was broken.
[28937:28937:1007/073341.717755:INFO:CONSOLE(0)] "Error in event handler: TypeError: Cannot read property 'postMessage' of undefined
    at logFunc (chrome-extension://ebefegahjicgjdnbeinacgimdggcignk/background.js:16:14)
    at chrome.webRequest.onCompleted.addListener.urls (chrome-extension://ebefegahjicgjdnbeinacgimdggcignk/background.js:47:15)", source: chrome-extension://ebefegahjicgjdnbeinacgimdggcignk/_generated_background_page.html (0)
[28937:28937:1007/073341.840694:INFO:CONSOLE(0)] "Error in event handler: TypeError: Cannot read property 'postMessage' of undefined
    at logFunc (chrome-extension://ebefegahjicgjdnbeinacgimdggcignk/background.js:16:14)
    at chrome.webRequest.onBeforeRequest.addListener.urls (chrome-extension://ebefegahjicgjdnbeinacgimdggcignk/background.js:22:15)", source: chrome-extension://ebefegahjicgjdnbeinacgimdggcignk/_generated_background_page.html (0)
[28937:28937:1007/073341.840808:INFO:CONSOLE(0)] "Error in event handler: TypeError: Cannot read property 'postMessage' of undefined
    at logFunc (chrome-extension://ebefegahjicgjdnbeinacgimdggcignk/background.js:16:14)
    at chrome.webRequest.onSendHeaders.addListener.urls (chrome-extension://ebefegahjicgjdnbeinacgimdggcignk/background.js:34:15)", source: chrome-extension://ebefegahjicgjdnbeinacgimdggcignk/_generated_background_page.html (0)
[28937:28937:1007/073341.857650:INFO:CONSOLE(0)] "Error in event handler: TypeError: Cannot read property 'postMessage' of undefined
    at logFunc (chrome-extension://ebefegahjicgjdnbeinacgimdggcignk/background.js:16:14)
    at chrome.webRequest.onBeforeRequest.addListener.urls (chrome-extension://ebefegahjicgjdnbeinacgimdggcignk/background.js:22:15)", source: chrome-extension://ebefegahjicgjdnbeinacgimdggcignk/_generated_background_page.html (0)
[28937:28937:1007/073341.857736:INFO:CONSOLE(0)] "Error in event handler: TypeError: Cannot read property 'postMessage' of undefined
    at logFunc (chrome-extension://ebefegahjicgjdnbeinacgimdggcignk/background.js:16:14)
    at chrome.webRequest.onSendHeaders.addListener.urls (chrome-extension://ebefegahjicgjdnbeinacgimdggcignk/background.js:34:15)", source: chrome-extension://ebefegahjicgjdnbeinacgimdggcignk/_generated_background_page.html (0)
[28937:28937:1007/073341.950609:INFO:CONSOLE(0)] "Error in event handler: TypeError: Cannot read property 'postMessage' of undefined
    at logFunc (chrome-extension://ebefegahjicgjdnbeinacgimdggcignk/background.js:16:14)
    at chrome.webRequest.onBeforeRequest.addListener.urls (chrome-extension://ebefegahjicgjdnbeinacgimdggcignk/background.js:22:15)", source: chrome-extension://ebefegahjicgjdnbeinacgimdggcignk/_generated_background_page.html (0)
[28937:28937:1007/073341.950711:INFO:CONSOLE(0)] "Error in event handler: TypeError: Cannot read property 'postMessage' of undefined
    at logFunc (chrome-extension://ebefegahjicgjdnbeinacgimdggcignk/background.js:16:14)
    at chrome.webRequest.onSendHeaders.addListener.urls (chrome-extension://ebefegahjicgjdnbeinacgimdggcignk/background.js:34:15)", source: chrome-extension://ebefegahjicgjdnbeinacgimdggcignk/_generated_background_page.html (0)
[28937:28937:1007/073342.064737:INFO:CONSOLE(0)] "Error in event handler: TypeError: Cannot read property 'postMessage' of undefined
    at logFunc (chrome-extension://ebefegahjicgjdnbeinacgimdggcignk/background.js:16:14)
    at chrome.webRequest.onBeforeRequest.addListener.urls (chrome-extension://ebefegahjicgjdnbeinacgimdggcignk/background.js:22:15)", source: chrome-extension://ebefegahjicgjdnbeinacgimdggcignk/_generated_background_page.html (0)
[28937:28937:1007/073342.064830:INFO:CONSOLE(0)] "Error in event handler: TypeError: Cannot read property 'postMessage' of undefined
    at logFunc (chrome-extension://ebefegahjicgjdnbeinacgimdggcignk/background.js:16:14)
    at chrome.webRequest.onSendHeaders.addListener.urls (chrome-extension://ebefegahjicgjdnbeinacgimdggcignk/background.js:34:15)", source: chrome-extension://ebefegahjicgjdnbeinacgimdggcignk/_generated_background_page.html (0)
[28937:28937:1007/073342.102034:INFO:CONSOLE(128)] "Uncaught (in promise) Error: Could not establish connection. Receiving end does not exist.", source: chrome-extension://eoahfblaekpddckmppimofgnpkdljmli/polyfill.js (128)
[28937:28937:1007/073342.102956:INFO:CONSOLE(1)] "CONTENT SCRIPT", source: chrome-extension://ebefegahjicgjdnbeinacgimdggcignk/content.js (1)
[28937:28937:1007/073342.328639:INFO:CONSOLE(36)] "RESPONSE_STARTED 1633592022323 {"frameId":0,"fromCache":false,"initiator":"https://www.youtube.com","ip":"142.250.64.110","method":"POST","parentFrameId":-1,"requestId":"76","statusCode":204,"statusLine":"HTTP/1.1 204","tabId":2,"timeStamp":1633592022323.425,"type":"ping","url":"https://www.youtube.com/api/stats/qoe?event=streamingstats&cpn=YAYznqo5Lh5SWTbk&el=embedded&docid=4QcHHal-pt4&ns=yt&fexp=23858057%2C23983296%2C24001373%2C24002022%2C24002025%2C24002923%2C24004644%2C24007246%2C24014446%2C24027707%2C24064555%2C24080738%2C24082661%2C24094607%2C24101841%2C24106092%2C24106704&cl=400598098&seq=1&cbr=Chrome&cbrver=92.0.4515.159&c=WEB_EMBEDDED_PLAYER&cver=1.20211003.0.0&cplayer=UNIPLAYER&cos=X11&cplatform=DESKTOP&vps=0.000:N,0.001:ER&cmt=0.001:0.000,0.001:0.000&error=0.001:auth:0.000:0;a6s.0&vis=0.001:0&bh=0.001:0.000"}", source: chrome-extension://ebefegahjicgjdnbeinacgimdggcignk/content.js (36)
[28937:28937:1007/073342.329715:INFO:CONSOLE(36)] "COMPLETE 1633592022327 {"frameId":0,"fromCache":false,"initiator":"https://www.youtube.com","ip":"142.250.64.110","method":"POST","parentFrameId":-1,"requestId":"76","responseHeaders":[{"name":"content-type","value":"text/html; charset=UTF-8"},{"name":"date","value":"Thu, 07 Oct 2021 07:33:41 GMT"},{"name":"pragma","value":"no-cache"},{"name":"expires","value":"Fri, 01 Jan 1990 00:00:00 GMT"},{"name":"cache-control","value":"no-cache, must-revalidate"},{"name":"access-control-allow-origin","value":"https://www.youtube.com"},{"name":"access-control-allow-credentials","value":"true"},{"name":"x-content-type-options","value":"nosniff"},{"name":"server","value":"Video Stats Server"},{"name":"content-length","value":"0"},{"name":"x-xss-protection","value":"0"},{"name":"x-frame-options","value":"SAMEORIGIN"},{"name":"alt-svc","value":"h3=\":443\"; ma=2592000,h3-29=\":443\"; ma=2592000,h3-T051=\":443\"; ma=2592000,h3-Q050=\":443\"; ma=2592000,h3-Q046=\":443\"; ma=2592000,h3-Q043=\":443\"; ma=2592000,quic=\":443\"; ma=2592000; v=\"46,43\""}],"statusCode":204,"statusLine":"HTTP/1.1 204","tabId":2,"timeStamp":1633592022327.451,"type":"ping","url":"https://www.youtube.com/api/stats/qoe?event=streamingstats&cpn=YAYznqo5Lh5SWTbk&el=embedded&docid=4QcHHal-pt4&ns=yt&fexp=23858057%2C23983296%2C24001373%2C24002022%2C24002025%2C24002923%2C24004644%2C24007246%2C24014446%2C24027707%2C24064555%2C24080738%2C24082661%2C24094607%2C24101841%2C24106092%2C24106704&cl=400598098&seq=1&cbr=Chrome&cbrver=92.0.4515.159&c=WEB_EMBEDDED_PLAYER&cver=1.20211003.0.0&cplayer=UNIPLAYER&cos=X11&cplatform=DESKTOP&vps=0.000:N,0.001:ER&cmt=0.001:0.000,0.001:0.000&error=0.001:auth:0.000:0;a6s.0&vis=0.001:0&bh=0.001:0.000"}", source: chrome-extension://ebefegahjicgjdnbeinacgimdggcignk/content.js (36)
[28937:28937:1007/073342.433759:INFO:CONSOLE(36)] "RESPONSE_STARTED 1633592022431 {"frameId":0,"fromCache":false,"initiator":"https://www.youtube.com","ip":"142.250.64.110","method":"GET","parentFrameId":-1,"requestId":"77","statusCode":200,"statusLine":"HTTP/1.1 200","tabId":2,"timeStamp":1633592022430.868,"type":"script","url":"https://www.youtube.com/s/player/d33d444d/player_ias.vflset/en_US/embed.js"}", source: chrome-extension://ebefegahjicgjdnbeinacgimdggcignk/content.js (36)
[28937:28937:1007/073342.566052:INFO:CONSOLE(36)] "COMPLETE 1633592022525 {"frameId":0,"fromCache":false,"initiator":"https://www.youtube.com","ip":"142.250.64.110","method":"GET","parentFrameId":-1,"requestId":"77","responseHeaders":[{"name":"accept-ranges","value":"bytes"},{"name":"vary","value":"Accept-Encoding, Origin"},{"name":"content-encoding","value":"br"},{"name":"content-type","value":"text/javascript"},{"name":"cross-origin-resource-policy","value":"cross-origin"},{"name":"cross-origin-opener-policy-report-only","value":"same-origin; report-to=\"youtube\""},{"name":"report-to","value":"{\"group\":\"youtube\",\"max_age\":2592000,\"endpoints\":[{\"url\":\"https://csp.withgoogle.com/csp/report-to/youtube\"}]}"},{"name":"content-length","value":"7313"},{"name":"date","value":"Tue, 05 Oct 2021 07:05:28 GMT"},{"name":"expires","value":"Wed, 05 Oct 2022 07:05:28 GMT"},{"name":"last-modified","value":"Mon, 04 Oct 2021 00:23:33 GMT"},{"name":"x-content-type-options","value":"nosniff"},{"name":"server","value":"sffe"},{"name":"x-xss-protection","value":"0"},{"name":"cache-control","value":"public, max-age=31536000"},{"name":"age","value":"174494"},{"name":"alt-svc","value":"h3=\":443\"; ma=2592000,h3-29=\":443\"; ma=2592000,h3-T051=\":443\"; ma=2592000,h3-Q050=\":443\"; ma=2592000,h3-Q046=\":443\"; ma=2592000,h3-Q043=\":443\"; ma=2592000,quic=\":443\"; ma=2592000; v=\"46,43\""}],"statusCode":200,"statusLine":"HTTP/1.1 200","tabId":2,"timeStamp":1633592022525.474,"type":"script","url":"https://www.youtube.com/s/player/d33d444d/player_ias.vflset/en_US/embed.js"}", source: chrome-extension://ebefegahjicgjdnbeinacgimdggcignk/content.js (36)
[28937:28937:1007/073343.533280:INFO:CONSOLE(36)] "BEFORE_REQUEST 1633592023529 {"frameId":0,"initiator":"https://www.youtube.com","method":"GET","parentFrameId":-1,"requestId":"74","tabId":2,"timeStamp":1633592023529.512,"type":"xmlhttprequest","url":"https://googleads.g.doubleclick.net/pagead/id?slf_rd=1"}", source: chrome-extension://ebefegahjicgjdnbeinacgimdggcignk/content.js (36)
[28937:28937:1007/073343.533358:INFO:CONSOLE(36)] "SEND_HEADERS 1633592023532 {"frameId":0,"initiator":"https://www.youtube.com","method":"GET","parentFrameId":-1,"requestId":"74","tabId":2,"timeStamp":1633592023531.7021,"type":"xmlhttprequest","url":"https://googleads.g.doubleclick.net/pagead/id?slf_rd=1"}", source: chrome-extension://ebefegahjicgjdnbeinacgimdggcignk/content.js (36)
[28937:28937:1007/073343.592235:INFO:CONSOLE(36)] "RESPONSE_STARTED 1633592023584 {"frameId":0,"fromCache":false,"initiator":"https://www.youtube.com","ip":"142.250.80.102","method":"GET","parentFrameId":-1,"requestId":"75","statusCode":200,"statusLine":"HTTP/1.1 200","tabId":2,"timeStamp":1633592023583.663,"type":"script","url":"https://static.doubleclick.net/instream/ad_status.js"}", source: chrome-extension://ebefegahjicgjdnbeinacgimdggcignk/content.js (36)
[28937:28937:1007/073343.602153:INFO:CONSOLE(36)] "COMPLETE 1633592023591 {"frameId":0,"fromCache":false,"initiator":"https://www.youtube.com","ip":"142.250.80.102","method":"GET","parentFrameId":-1,"requestId":"75","responseHeaders":[{"name":"accept-ranges","value":"bytes"},{"name":"content-type","value":"text/javascript"},{"name":"access-control-allow-origin","value":"*"},{"name":"cross-origin-resource-policy","value":"cross-origin"},{"name":"cross-origin-opener-policy-report-only","value":"same-origin; report-to=\"ads-doubleclick-media\""},{"name":"report-to","value":"{\"group\":\"ads-doubleclick-media\",\"max_age\":2592000,\"endpoints\":[{\"url\":\"https://csp.withgoogle.com/csp/report-to/ads-doubleclick-media\"}]}"},{"name":"timing-allow-origin","value":"*"},{"name":"content-length","value":"29"},{"name":"date","value":"Thu, 07 Oct 2021 07:23:45 GMT"},{"name":"expires","value":"Thu, 07 Oct 2021 07:38:45 GMT"},{"name":"last-modified","value":"Thu, 12 Dec 2013 23:40:16 GMT"},{"name":"x-content-type-options","value":"nosniff"},{"name":"server","value":"sffe"},{"name":"x-xss-protection","value":"0"},{"name":"age","value":"598"},{"name":"cache-control","value":"public, max-age=900"},{"name":"alt-svc","value":"h3=\":443\"; ma=2592000,h3-29=\":443\"; ma=2592000,h3-T051=\":443\"; ma=2592000,h3-Q050=\":443\"; ma=2592000,h3-Q046=\":443\"; ma=2592000,h3-Q043=\":443\"; ma=2592000,quic=\":443\"; ma=2592000; v=\"46,43\""}],"statusCode":200,"statusLine":"HTTP/1.1 200","tabId":2,"timeStamp":1633592023590.795,"type":"script","url":"https://static.doubleclick.net/instream/ad_status.js"}", source: chrome-extension://ebefegahjicgjdnbeinacgimdggcignk/content.js (36)
[28937:28937:1007/073343.613045:INFO:CONSOLE(36)] "BEFORE_REQUEST 1633592023605 {"frameId":0,"initiator":"https://www.youtube.com","method":"GET","parentFrameId":-1,"requestId":"78","tabId":2,"timeStamp":1633592023605.157,"type":"image","url":"https://www.youtube.com/favicon.ico"}", source: chrome-extension://ebefegahjicgjdnbeinacgimdggcignk/content.js (36)
[28937:28937:1007/073343.613123:INFO:CONSOLE(36)] "SEND_HEADERS 1633592023606 {"frameId":0,"initiator":"https://www.youtube.com","method":"GET","parentFrameId":-1,"requestId":"78","tabId":2,"timeStamp":1633592023605.754,"type":"image","url":"https://www.youtube.com/favicon.ico"}", source: chrome-extension://ebefegahjicgjdnbeinacgimdggcignk/content.js (36)
[28937:28937:1007/073343.858410:INFO:CONSOLE(36)] "RESPONSE_STARTED 1633592023853 {"frameId":0,"fromCache":false,"initiator":"https://www.youtube.com","ip":"142.250.64.110","method":"GET","parentFrameId":-1,"requestId":"78","statusCode":200,"statusLine":"HTTP/1.1 200","tabId":2,"timeStamp":1633592023853.072,"type":"image","url":"https://www.youtube.com/favicon.ico"}", source: chrome-extension://ebefegahjicgjdnbeinacgimdggcignk/content.js (36)
[28937:28937:1007/073343.865942:INFO:CONSOLE(36)] "COMPLETE 1633592023863 {"frameId":0,"fromCache":false,"initiator":"https://www.youtube.com","ip":"142.250.64.110","method":"GET","parentFrameId":-1,"requestId":"78","responseHeaders":[{"name":"accept-ranges","value":"bytes"},{"name":"vary","value":"Accept-Encoding"},{"name":"content-encoding","value":"gzip"},{"name":"content-type","value":"image/x-icon"},{"name":"cross-origin-resource-policy","value":"cross-origin"},{"name":"cross-origin-opener-policy-report-only","value":"same-origin; report-to=\"youtube-marketing\""},{"name":"report-to","value":"{\"group\":\"youtube-marketing\",\"max_age\":2592000,\"endpoints\":[{\"url\":\"https://csp.withgoogle.com/csp/report-to/youtube-marketing\"}]}"},{"name":"content-length","value":"180"},{"name":"date","value":"Fri, 01 Oct 2021 00:52:19 GMT"},{"name":"expires","value":"Sat, 01 Oct 2022 00:52:19 GMT"},{"name":"last-modified","value":"Tue, 03 Mar 2020 20:15:00 GMT"},{"name":"x-content-type-options","value":"nosniff"},{"name":"server","value":"sffe"},{"name":"x-xss-protection","value":"0"},{"name":"cache-control","value":"public, max-age=31536000"},{"name":"age","value":"542484"},{"name":"alt-svc","value":"h3=\":443\"; ma=2592000,h3-29=\":443\"; ma=2592000,h3-T051=\":443\"; ma=2592000,h3-Q050=\":443\"; ma=2592000,h3-Q046=\":443\"; ma=2592000,h3-Q043=\":443\"; ma=2592000,quic=\":443\"; ma=2592000; v=\"46,43\""}],"statusCode":200,"statusLine":"HTTP/1.1 200","tabId":2,"timeStamp":1633592023863.1921,"type":"image","url":"https://www.youtube.com/favicon.ico"}", source: chrome-extension://ebefegahjicgjdnbeinacgimdggcignk/content.js (36)
[28981:29000:1007/073343.870327:WARNING:key_storage_linux.cc(178)] OSCrypt tried Libsecret but couldn't initialise.
[28937:28937:1007/073344.000532:INFO:CONSOLE(36)] "RESPONSE_STARTED 1633592023998 {"frameId":0,"fromCache":false,"initiator":"https://www.youtube.com","ip":"172.217.165.130","method":"GET","parentFrameId":-1,"requestId":"74","statusCode":200,"statusLine":"HTTP/1.1 200","tabId":2,"timeStamp":1633592023997.855,"type":"xmlhttprequest","url":"https://googleads.g.doubleclick.net/pagead/id?slf_rd=1"}", source: chrome-extension://ebefegahjicgjdnbeinacgimdggcignk/content.js (36)
[28937:28937:1007/073344.018385:INFO:CONSOLE(36)] "COMPLETE 1633592024017 {"frameId":0,"fromCache":false,"initiator":"https://www.youtube.com","ip":"172.217.165.130","method":"GET","parentFrameId":-1,"requestId":"74","responseHeaders":[{"name":"p3p","value":"policyref=\"https://googleads.g.doubleclick.net/pagead/gcn_p3p_.xml\", CP=\"CURa ADMa DEVa TAIo PSAo PSDo OUR IND UNI PUR INT DEM STA PRE COM NAV OTC NOI DSP COR\""},{"name":"timing-allow-origin","value":"*"},{"name":"cross-origin-resource-policy","value":"cross-origin"},{"name":"access-control-allow-credentials","value":"true"},{"name":"access-control-allow-origin","value":"https://www.youtube.com"},{"name":"content-type","value":"application/json; charset=UTF-8"},{"name":"date","value":"Thu, 07 Oct 2021 07:33:43 GMT"},{"name":"pragma","value":"no-cache"},{"name":"expires","value":"Fri, 01 Jan 1990 00:00:00 GMT"},{"name":"cache-control","value":"no-cache, no-store, must-revalidate"},{"name":"x-content-type-options","value":"nosniff"},{"name":"content-disposition","value":"attachment; filename=\"f.txt\""},{"name":"content-encoding","value":"gzip"},{"name":"server","value":"cafe"},{"name":"content-length","value":"133"},{"name":"x-xss-protection","value":"0"},{"name":"alt-svc","value":"h3=\":443\"; ma=2592000,h3-29=\":443\"; ma=2592000,h3-T051=\":443\"; ma=2592000,h3-Q050=\":443\"; ma=2592000,h3-Q046=\":443\"; ma=2592000,h3-Q043=\":443\"; ma=2592000,quic=\":443\"; ma=2592000; v=\"46,43\""}],"statusCode":200,"statusLine":"HTTP/1.1 200","tabId":2,"timeStamp":1633592024014.064,"type":"xmlhttprequest","url":"https://googleads.g.doubleclick.net/pagead/id?slf_rd=1"}", source: chrome-extension://ebefegahjicgjdnbeinacgimdggcignk/content.js (36)
[28937:28937:1007/073345.636987:INFO:CONSOLE(36)] "BEFORE_REQUEST 1633592025633 {"frameId":0,"initiator":"https://www.youtube.com","method":"POST","parentFrameId":-1,"requestId":"79","tabId":2,"timeStamp":1633592025631.5889,"type":"xmlhttprequest","url":"https://www.youtube.com/youtubei/v1/log_event?alt=json&key=AIzaSyAO_FJ2SlqU8Q4STEHLGCilw_Y9_11qcW8"}", source: chrome-extension://ebefegahjicgjdnbeinacgimdggcignk/content.js (36)
[28937:28937:1007/073345.638352:INFO:CONSOLE(36)] "SEND_HEADERS 1633592025633 {"frameId":0,"initiator":"https://www.youtube.com","method":"POST","parentFrameId":-1,"requestId":"79","tabId":2,"timeStamp":1633592025631.699,"type":"xmlhttprequest","url":"https://www.youtube.com/youtubei/v1/log_event?alt=json&key=AIzaSyAO_FJ2SlqU8Q4STEHLGCilw_Y9_11qcW8"}", source: chrome-extension://ebefegahjicgjdnbeinacgimdggcignk/content.js (36)
[28937:28937:1007/073345.910051:INFO:CONSOLE(36)] "RESPONSE_STARTED 1633592025906 {"frameId":0,"fromCache":false,"initiator":"https://www.youtube.com","ip":"142.250.64.110","method":"POST","parentFrameId":-1,"requestId":"79","statusCode":200,"statusLine":"HTTP/1.1 200","tabId":2,"timeStamp":1633592025905.1099,"type":"xmlhttprequest","url":"https://www.youtube.com/youtubei/v1/log_event?alt=json&key=AIzaSyAO_FJ2SlqU8Q4STEHLGCilw_Y9_11qcW8"}", source: chrome-extension://ebefegahjicgjdnbeinacgimdggcignk/content.js (36)
[28937:28937:1007/073345.910668:INFO:CONSOLE(36)] "COMPLETE 1633592025907 {"frameId":0,"fromCache":false,"initiator":"https://www.youtube.com","ip":"142.250.64.110","method":"POST","parentFrameId":-1,"requestId":"79","responseHeaders":[{"name":"content-type","value":"application/json; charset=UTF-8"},{"name":"vary","value":"Origin"},{"name":"vary","value":"X-Origin"},{"name":"vary","value":"Referer"},{"name":"content-encoding","value":"br"},{"name":"date","value":"Thu, 07 Oct 2021 07:33:45 GMT"},{"name":"server","value":"ESF"},{"name":"content-length","value":"31"},{"name":"x-xss-protection","value":"0"},{"name":"x-frame-options","value":"SAMEORIGIN"},{"name":"x-content-type-options","value":"nosniff"},{"name":"alt-svc","value":"h3=\":443\"; ma=2592000,h3-29=\":443\"; ma=2592000,h3-T051=\":443\"; ma=2592000,h3-Q050=\":443\"; ma=2592000,h3-Q046=\":443\"; ma=2592000,h3-Q043=\":443\"; ma=2592000,quic=\":443\"; ma=2592000; v=\"46,43\""}],"statusCode":200,"statusLine":"HTTP/1.1 200","tabId":2,"timeStamp":1633592025905.556,"type":"xmlhttprequest","url":"https://www.youtube.com/youtubei/v1/log_event?alt=json&key=AIzaSyAO_FJ2SlqU8Q4STEHLGCilw_Y9_11qcW8"}", source: chrome-extension://ebefegahjicgjdnbeinacgimdggcignk/content.js (36)
[28937:28937:1007/073543.110767:INFO:CONSOLE(29)] "Closing window 0", source: chrome-extension://ebefegahjicgjdnbeinacgimdggcignk/content.js (29)
[28937:28937:1007/073543.300942:WARNING:pref_notifier_impl.cc(40)] Pref observer for media_router.cast_allow_all_ips found at shutdown.
