[2099:2099:1003/184257.891342:ERROR:angle_platform_impl.cc(44)] Display.cpp:840 (initialize): ANGLE Display::initialize error 12289: GLX is not present.
[2099:2099:1003/184257.891787:ERROR:gl_surface_egl.cc(780)] EGL Driver message (Critical) eglInitialize: GLX is not present.
[2099:2099:1003/184257.894682:ERROR:gl_surface_egl.cc(1374)] eglInitialize OpenGL failed with error EGL_NOT_INITIALIZED, trying next display type
[2099:2099:1003/184257.896085:ERROR:angle_platform_impl.cc(44)] Display.cpp:840 (initialize): ANGLE Display::initialize error 12289: GLX is not present.
[2099:2099:1003/184257.896263:ERROR:gl_surface_egl.cc(780)] EGL Driver message (Critical) eglInitialize: GLX is not present.
[2099:2099:1003/184257.896405:ERROR:gl_surface_egl.cc(1374)] eglInitialize OpenGLES failed with error EGL_NOT_INITIALIZED
[2099:2099:1003/184257.896550:ERROR:gl_initializer_linux_x11.cc(178)] GLSurfaceEGL::InitializeOneOff failed.
[2099:2099:1003/184257.913562:ERROR:viz_main_impl.cc(162)] Exiting GPU process due to errors during initialization
[2116:2116:1003/184257.993742:ERROR:gpu_init.cc(441)] Passthrough is not supported, GL is swiftshader
[2054:2091:1003/184258.152484:WARNING:external_pref_loader.cc(334)] You are using an old-style extension deployment method (external_extensions.json), which will soon be deprecated. (see http://developer.chrome.com/extensions/external_extensions.html)
[2054:2054:1003/184259.125404:INFO:CONSOLE(128)] "Uncaught (in promise) Error: Could not establish connection. Receiving end does not exist.", source: chrome-extension://eoahfblaekpddckmppimofgnpkdljmli/polyfill.js (128)
[2054:2054:1003/184259.131762:INFO:CONSOLE(128)] "Uncaught (in promise) Error: Could not establish connection. Receiving end does not exist.", source: chrome-extension://eoahfblaekpddckmppimofgnpkdljmli/polyfill.js (128)
[2054:2054:1003/184259.581081:INFO:CONSOLE(0)] "Error in event handler: TypeError: Cannot read property 'postMessage' of undefined
    at logFunc (chrome-extension://ebefegahjicgjdnbeinacgimdggcignk/background.js:16:14)
    at chrome.webRequest.onBeforeRequest.addListener.urls (chrome-extension://ebefegahjicgjdnbeinacgimdggcignk/background.js:22:15)", source: chrome-extension://ebefegahjicgjdnbeinacgimdggcignk/_generated_background_page.html (0)
[2054:2054:1003/184259.590395:INFO:CONSOLE(0)] "Error in event handler: TypeError: Cannot read property 'postMessage' of undefined
    at logFunc (chrome-extension://ebefegahjicgjdnbeinacgimdggcignk/background.js:16:14)
    at chrome.webRequest.onBeforeRequest.addListener.urls (chrome-extension://ebefegahjicgjdnbeinacgimdggcignk/background.js:22:15)", source: chrome-extension://ebefegahjicgjdnbeinacgimdggcignk/_generated_background_page.html (0)
[2054:2054:1003/184259.597853:INFO:CONSOLE(0)] "Error in event handler: TypeError: Cannot read property 'postMessage' of undefined
    at logFunc (chrome-extension://ebefegahjicgjdnbeinacgimdggcignk/background.js:16:14)
    at chrome.webRequest.onBeforeRequest.addListener.urls (chrome-extension://ebefegahjicgjdnbeinacgimdggcignk/background.js:22:15)", source: chrome-extension://ebefegahjicgjdnbeinacgimdggcignk/_generated_background_page.html (0)
[2054:2054:1003/184259.636659:INFO:CONSOLE(0)] "Error in event handler: TypeError: Cannot read property 'postMessage' of undefined
    at logFunc (chrome-extension://ebefegahjicgjdnbeinacgimdggcignk/background.js:16:14)
    at chrome.webRequest.onSendHeaders.addListener.urls (chrome-extension://ebefegahjicgjdnbeinacgimdggcignk/background.js:34:15)", source: chrome-extension://ebefegahjicgjdnbeinacgimdggcignk/_generated_background_page.html (0)
[2054:2054:1003/184259.637508:INFO:CONSOLE(0)] "Error in event handler: TypeError: Cannot read property 'postMessage' of undefined
    at logFunc (chrome-extension://ebefegahjicgjdnbeinacgimdggcignk/background.js:16:14)
    at chrome.webRequest.onResponseStarted.addListener.urls (chrome-extension://ebefegahjicgjdnbeinacgimdggcignk/background.js:28:15)", source: chrome-extension://ebefegahjicgjdnbeinacgimdggcignk/_generated_background_page.html (0)
[2054:2054:1003/184259.638317:INFO:CONSOLE(0)] "Error in event handler: TypeError: Cannot read property 'postMessage' of undefined
    at logFunc (chrome-extension://ebefegahjicgjdnbeinacgimdggcignk/background.js:16:14)
    at chrome.webRequest.onSendHeaders.addListener.urls (chrome-extension://ebefegahjicgjdnbeinacgimdggcignk/background.js:34:15)", source: chrome-extension://ebefegahjicgjdnbeinacgimdggcignk/_generated_background_page.html (0)
[2054:2054:1003/184259.639104:INFO:CONSOLE(0)] "Error in event handler: TypeError: Cannot read property 'postMessage' of undefined
    at logFunc (chrome-extension://ebefegahjicgjdnbeinacgimdggcignk/background.js:16:14)
    at chrome.webRequest.onSendHeaders.addListener.urls (chrome-extension://ebefegahjicgjdnbeinacgimdggcignk/background.js:34:15)", source: chrome-extension://ebefegahjicgjdnbeinacgimdggcignk/_generated_background_page.html (0)
[2054:2054:1003/184300.590964:INFO:CONSOLE(0)] "Error in event handler: TypeError: Cannot read property 'postMessage' of undefined
    at logFunc (chrome-extension://ebefegahjicgjdnbeinacgimdggcignk/background.js:16:14)
    at chrome.webRequest.onResponseStarted.addListener.urls (chrome-extension://ebefegahjicgjdnbeinacgimdggcignk/background.js:28:15)", source: chrome-extension://ebefegahjicgjdnbeinacgimdggcignk/_generated_background_page.html (0)
[2054:2054:1003/184300.591552:INFO:CONSOLE(0)] "Error in event handler: TypeError: Cannot read property 'postMessage' of undefined
    at logFunc (chrome-extension://ebefegahjicgjdnbeinacgimdggcignk/background.js:16:14)
    at chrome.webRequest.onCompleted.addListener.urls (chrome-extension://ebefegahjicgjdnbeinacgimdggcignk/background.js:47:15)", source: chrome-extension://ebefegahjicgjdnbeinacgimdggcignk/_generated_background_page.html (0)
[2054:2054:1003/184302.744639:INFO:CONSOLE(0)] "Error in event handler: TypeError: Cannot read property 'postMessage' of undefined
    at logFunc (chrome-extension://ebefegahjicgjdnbeinacgimdggcignk/background.js:16:14)
    at chrome.webRequest.onResponseStarted.addListener.urls (chrome-extension://ebefegahjicgjdnbeinacgimdggcignk/background.js:28:15)", source: chrome-extension://ebefegahjicgjdnbeinacgimdggcignk/_generated_background_page.html (0)
[2054:2054:1003/184303.285479:INFO:CONSOLE(0)] "Error in event handler: TypeError: Cannot read property 'postMessage' of undefined
    at logFunc (chrome-extension://ebefegahjicgjdnbeinacgimdggcignk/background.js:16:14)
    at chrome.webRequest.onCompleted.addListener.urls (chrome-extension://ebefegahjicgjdnbeinacgimdggcignk/background.js:47:15)", source: chrome-extension://ebefegahjicgjdnbeinacgimdggcignk/_generated_background_page.html (0)
[2054:2054:1003/184310.689723:INFO:CONSOLE(0)] "Error in event handler: TypeError: Cannot read property 'postMessage' of undefined
    at logFunc (chrome-extension://ebefegahjicgjdnbeinacgimdggcignk/background.js:16:14)
    at chrome.webRequest.onResponseStarted.addListener.urls (chrome-extension://ebefegahjicgjdnbeinacgimdggcignk/background.js:28:15)", source: chrome-extension://ebefegahjicgjdnbeinacgimdggcignk/_generated_background_page.html (0)
[2054:2054:1003/184310.695087:INFO:CONSOLE(0)] "Error in event handler: TypeError: Cannot read property 'postMessage' of undefined
    at logFunc (chrome-extension://ebefegahjicgjdnbeinacgimdggcignk/background.js:16:14)
    at chrome.webRequest.onCompleted.addListener.urls (chrome-extension://ebefegahjicgjdnbeinacgimdggcignk/background.js:47:15)", source: chrome-extension://ebefegahjicgjdnbeinacgimdggcignk/_generated_background_page.html (0)
[2054:2054:1003/184311.402275:INFO:CONSOLE(0)] "Error in event handler: TypeError: Cannot read property 'postMessage' of undefined
    at logFunc (chrome-extension://ebefegahjicgjdnbeinacgimdggcignk/background.js:16:14)
    at chrome.webRequest.onResponseStarted.addListener.urls (chrome-extension://ebefegahjicgjdnbeinacgimdggcignk/background.js:28:15)", source: chrome-extension://ebefegahjicgjdnbeinacgimdggcignk/_generated_background_page.html (0)
[2054:2054:1003/184311.440862:INFO:CONSOLE(0)] "Error in event handler: TypeError: Cannot read property 'postMessage' of undefined
    at logFunc (chrome-extension://ebefegahjicgjdnbeinacgimdggcignk/background.js:16:14)
    at chrome.webRequest.onCompleted.addListener.urls (chrome-extension://ebefegahjicgjdnbeinacgimdggcignk/background.js:47:15)", source: chrome-extension://ebefegahjicgjdnbeinacgimdggcignk/_generated_background_page.html (0)
[2054:2102:1003/184322.802612:WARNING:bus.cc(638)] Bus::SendWithReplyAndBlock took 25021ms to process message: type=method_call, path=/org/freedesktop/Notifications, interface=org.freedesktop.Notifications, member=GetCapabilities
[2054:2102:1003/184322.802686:ERROR:object_proxy.cc(622)] Failed to call method: org.freedesktop.Notifications.GetCapabilities: object_path= /org/freedesktop/Notifications: org.freedesktop.DBus.Error.NoReply: Did not receive a reply. Possible causes include: the remote application did not send a reply, the message bus security policy blocked the reply, the reply timeout expired, or the network connection was broken.
[2100:2122:1003/184328.931490:WARNING:key_storage_linux.cc(178)] OSCrypt tried Libsecret but couldn't initialise.
[2054:2054:1003/184349.117543:INFO:CONSOLE(0)] "Error in event handler: TypeError: Cannot read property 'postMessage' of undefined
    at logFunc (chrome-extension://ebefegahjicgjdnbeinacgimdggcignk/background.js:16:14)
    at chrome.webRequest.onCompleted.addListener.urls (chrome-extension://ebefegahjicgjdnbeinacgimdggcignk/background.js:47:15)", source: chrome-extension://ebefegahjicgjdnbeinacgimdggcignk/_generated_background_page.html (0)
[2054:2054:1003/184349.263422:INFO:CONSOLE(0)] "Error in event handler: TypeError: Cannot read property 'postMessage' of undefined
    at logFunc (chrome-extension://ebefegahjicgjdnbeinacgimdggcignk/background.js:16:14)
    at chrome.webRequest.onBeforeRequest.addListener.urls (chrome-extension://ebefegahjicgjdnbeinacgimdggcignk/background.js:22:15)", source: chrome-extension://ebefegahjicgjdnbeinacgimdggcignk/_generated_background_page.html (0)
[2054:2054:1003/184349.263515:INFO:CONSOLE(0)] "Error in event handler: TypeError: Cannot read property 'postMessage' of undefined
    at logFunc (chrome-extension://ebefegahjicgjdnbeinacgimdggcignk/background.js:16:14)
    at chrome.webRequest.onSendHeaders.addListener.urls (chrome-extension://ebefegahjicgjdnbeinacgimdggcignk/background.js:34:15)", source: chrome-extension://ebefegahjicgjdnbeinacgimdggcignk/_generated_background_page.html (0)
[2054:2054:1003/184349.283428:INFO:CONSOLE(0)] "Error in event handler: TypeError: Cannot read property 'postMessage' of undefined
    at logFunc (chrome-extension://ebefegahjicgjdnbeinacgimdggcignk/background.js:16:14)
    at chrome.webRequest.onBeforeRequest.addListener.urls (chrome-extension://ebefegahjicgjdnbeinacgimdggcignk/background.js:22:15)", source: chrome-extension://ebefegahjicgjdnbeinacgimdggcignk/_generated_background_page.html (0)
[2054:2054:1003/184349.283521:INFO:CONSOLE(0)] "Error in event handler: TypeError: Cannot read property 'postMessage' of undefined
    at logFunc (chrome-extension://ebefegahjicgjdnbeinacgimdggcignk/background.js:16:14)
    at chrome.webRequest.onSendHeaders.addListener.urls (chrome-extension://ebefegahjicgjdnbeinacgimdggcignk/background.js:34:15)", source: chrome-extension://ebefegahjicgjdnbeinacgimdggcignk/_generated_background_page.html (0)
[2054:2054:1003/184349.376011:INFO:CONSOLE(0)] "Error in event handler: TypeError: Cannot read property 'postMessage' of undefined
    at logFunc (chrome-extension://ebefegahjicgjdnbeinacgimdggcignk/background.js:16:14)
    at chrome.webRequest.onBeforeRequest.addListener.urls (chrome-extension://ebefegahjicgjdnbeinacgimdggcignk/background.js:22:15)", source: chrome-extension://ebefegahjicgjdnbeinacgimdggcignk/_generated_background_page.html (0)
[2054:2054:1003/184349.376108:INFO:CONSOLE(0)] "Error in event handler: TypeError: Cannot read property 'postMessage' of undefined
    at logFunc (chrome-extension://ebefegahjicgjdnbeinacgimdggcignk/background.js:16:14)
    at chrome.webRequest.onSendHeaders.addListener.urls (chrome-extension://ebefegahjicgjdnbeinacgimdggcignk/background.js:34:15)", source: chrome-extension://ebefegahjicgjdnbeinacgimdggcignk/_generated_background_page.html (0)
[2054:2054:1003/184349.509778:INFO:CONSOLE(0)] "Error in event handler: TypeError: Cannot read property 'postMessage' of undefined
    at logFunc (chrome-extension://ebefegahjicgjdnbeinacgimdggcignk/background.js:16:14)
    at chrome.webRequest.onBeforeRequest.addListener.urls (chrome-extension://ebefegahjicgjdnbeinacgimdggcignk/background.js:22:15)", source: chrome-extension://ebefegahjicgjdnbeinacgimdggcignk/_generated_background_page.html (0)
[2054:2054:1003/184349.509878:INFO:CONSOLE(0)] "Error in event handler: TypeError: Cannot read property 'postMessage' of undefined
    at logFunc (chrome-extension://ebefegahjicgjdnbeinacgimdggcignk/background.js:16:14)
    at chrome.webRequest.onSendHeaders.addListener.urls (chrome-extension://ebefegahjicgjdnbeinacgimdggcignk/background.js:34:15)", source: chrome-extension://ebefegahjicgjdnbeinacgimdggcignk/_generated_background_page.html (0)
[2054:2054:1003/184349.546990:INFO:CONSOLE(0)] "Error in event handler: TypeError: Cannot read property 'postMessage' of undefined
    at logFunc (chrome-extension://ebefegahjicgjdnbeinacgimdggcignk/background.js:16:14)
    at chrome.webRequest.onResponseStarted.addListener.urls (chrome-extension://ebefegahjicgjdnbeinacgimdggcignk/background.js:28:15)", source: chrome-extension://ebefegahjicgjdnbeinacgimdggcignk/_generated_background_page.html (0)
[2054:2054:1003/184349.548760:INFO:CONSOLE(0)] "Error in event handler: TypeError: Cannot read property 'postMessage' of undefined
    at logFunc (chrome-extension://ebefegahjicgjdnbeinacgimdggcignk/background.js:16:14)
    at chrome.webRequest.onCompleted.addListener.urls (chrome-extension://ebefegahjicgjdnbeinacgimdggcignk/background.js:47:15)", source: chrome-extension://ebefegahjicgjdnbeinacgimdggcignk/_generated_background_page.html (0)
[2054:2054:1003/184349.555868:INFO:CONSOLE(0)] "Error in event handler: TypeError: Cannot read property 'postMessage' of undefined
    at logFunc (chrome-extension://ebefegahjicgjdnbeinacgimdggcignk/background.js:16:14)
    at chrome.webRequest.onBeforeRequest.addListener.urls (chrome-extension://ebefegahjicgjdnbeinacgimdggcignk/background.js:22:15)", source: chrome-extension://ebefegahjicgjdnbeinacgimdggcignk/_generated_background_page.html (0)
[2054:2054:1003/184349.555957:INFO:CONSOLE(0)] "Error in event handler: TypeError: Cannot read property 'postMessage' of undefined
    at logFunc (chrome-extension://ebefegahjicgjdnbeinacgimdggcignk/background.js:16:14)
    at chrome.webRequest.onSendHeaders.addListener.urls (chrome-extension://ebefegahjicgjdnbeinacgimdggcignk/background.js:34:15)", source: chrome-extension://ebefegahjicgjdnbeinacgimdggcignk/_generated_background_page.html (0)
[2054:2054:1003/184349.557043:INFO:CONSOLE(128)] "Uncaught (in promise) Error: Could not establish connection. Receiving end does not exist.", source: chrome-extension://eoahfblaekpddckmppimofgnpkdljmli/polyfill.js (128)
[2054:2054:1003/184349.561363:INFO:CONSOLE(0)] "Error in event handler: TypeError: Cannot read property 'postMessage' of undefined
    at logFunc (chrome-extension://ebefegahjicgjdnbeinacgimdggcignk/background.js:16:14)
    at chrome.webRequest.onResponseStarted.addListener.urls (chrome-extension://ebefegahjicgjdnbeinacgimdggcignk/background.js:28:15)", source: chrome-extension://ebefegahjicgjdnbeinacgimdggcignk/_generated_background_page.html (0)
[2054:2054:1003/184349.563580:INFO:CONSOLE(1)] "CONTENT SCRIPT", source: chrome-extension://ebefegahjicgjdnbeinacgimdggcignk/content.js (1)
[2054:2054:1003/184349.929765:INFO:CONSOLE(36)] "COMPLETE 1633286629871 {"frameId":0,"fromCache":false,"initiator":"https://www.youtube.com","ip":"142.250.80.78","method":"GET","parentFrameId":-1,"requestId":"81","responseHeaders":[{"name":"accept-ranges","value":"bytes"},{"name":"vary","value":"Accept-Encoding, Origin"},{"name":"content-type","value":"text/javascript"},{"name":"cross-origin-resource-policy","value":"cross-origin"},{"name":"cross-origin-opener-policy-report-only","value":"same-origin; report-to=\"youtube\""},{"name":"report-to","value":"{\"group\":\"youtube\",\"max_age\":2592000,\"endpoints\":[{\"url\":\"https://csp.withgoogle.com/csp/report-to/youtube\"}]}"},{"name":"content-length","value":"25041"},{"name":"date","value":"Thu, 30 Sep 2021 05:29:15 GMT"},{"name":"expires","value":"Fri, 30 Sep 2022 05:29:15 GMT"},{"name":"last-modified","value":"Thu, 30 Sep 2021 03:09:04 GMT"},{"name":"x-content-type-options","value":"nosniff"},{"name":"server","value":"sffe"},{"name":"x-xss-protection","value":"0"},{"name":"cache-control","value":"public, max-age=31536000"},{"name":"age","value":"306874"},{"name":"alt-svc","value":"h3=\":443\"; ma=2592000,h3-29=\":443\"; ma=2592000,h3-T051=\":443\"; ma=2592000,h3-Q050=\":443\"; ma=2592000,h3-Q046=\":443\"; ma=2592000,h3-Q043=\":443\"; ma=2592000,quic=\":443\"; ma=2592000; v=\"46,43\""}],"statusCode":200,"statusLine":"HTTP/1.1 200","tabId":2,"timeStamp":1633286629870.886,"type":"script","url":"https://www.youtube.com/s/player/9fd4fd09/player_ias.vflset/en_US/embed.js"}", source: chrome-extension://ebefegahjicgjdnbeinacgimdggcignk/content.js (36)
[2054:2054:1003/184349.932054:INFO:CONSOLE(36)] "RESPONSE_STARTED 1633286629886 {"frameId":0,"fromCache":false,"initiator":"https://www.youtube.com","ip":"142.250.80.78","method":"POST","parentFrameId":-1,"requestId":"80","statusCode":204,"statusLine":"HTTP/1.1 204","tabId":2,"timeStamp":1633286629885.918,"type":"ping","url":"https://www.youtube.com/api/stats/qoe?event=streamingstats&cpn=Nk7CpHfeq96TiX-M&el=embedded&docid=4QcHHal-pt4&ns=yt&fexp=23853953%2C23983296%2C24001373%2C24002022%2C24002025%2C24002923%2C24004644%2C24007246%2C24058362%2C24064555%2C24080738%2C24082662%2C24106093&cl=399829848&seq=1&cbr=Chrome&cbrver=92.0.4515.159&c=WEB_EMBEDDED_PLAYER&cver=1.20210928.1.1&cplayer=UNIPLAYER&cos=X11&cplatform=DESKTOP&vps=0.000:N,0.000:ER&cmt=0.000:0.000,0.000:0.000&error=0.000:auth:0.000:0;a6s.0&vis=0.000:0&bh=0.000:0.000"}", source: chrome-extension://ebefegahjicgjdnbeinacgimdggcignk/content.js (36)
[2054:2054:1003/184349.932500:INFO:CONSOLE(36)] "COMPLETE 1633286629888 {"frameId":0,"fromCache":false,"initiator":"https://www.youtube.com","ip":"142.250.80.78","method":"POST","parentFrameId":-1,"requestId":"80","responseHeaders":[{"name":"content-type","value":"text/html; charset=UTF-8"},{"name":"date","value":"Sun, 03 Oct 2021 18:43:49 GMT"},{"name":"pragma","value":"no-cache"},{"name":"expires","value":"Fri, 01 Jan 1990 00:00:00 GMT"},{"name":"cache-control","value":"no-cache, must-revalidate"},{"name":"access-control-allow-origin","value":"https://www.youtube.com"},{"name":"access-control-allow-credentials","value":"true"},{"name":"x-content-type-options","value":"nosniff"},{"name":"server","value":"Video Stats Server"},{"name":"content-length","value":"0"},{"name":"x-xss-protection","value":"0"},{"name":"x-frame-options","value":"SAMEORIGIN"},{"name":"alt-svc","value":"h3=\":443\"; ma=2592000,h3-29=\":443\"; ma=2592000,h3-T051=\":443\"; ma=2592000,h3-Q050=\":443\"; ma=2592000,h3-Q046=\":443\"; ma=2592000,h3-Q043=\":443\"; ma=2592000,quic=\":443\"; ma=2592000; v=\"46,43\""}],"statusCode":204,"statusLine":"HTTP/1.1 204","tabId":2,"timeStamp":1633286629888.196,"type":"ping","url":"https://www.youtube.com/api/stats/qoe?event=streamingstats&cpn=Nk7CpHfeq96TiX-M&el=embedded&docid=4QcHHal-pt4&ns=yt&fexp=23853953%2C23983296%2C24001373%2C24002022%2C24002025%2C24002923%2C24004644%2C24007246%2C24058362%2C24064555%2C24080738%2C24082662%2C24106093&cl=399829848&seq=1&cbr=Chrome&cbrver=92.0.4515.159&c=WEB_EMBEDDED_PLAYER&cver=1.20210928.1.1&cplayer=UNIPLAYER&cos=X11&cplatform=DESKTOP&vps=0.000:N,0.000:ER&cmt=0.000:0.000,0.000:0.000&error=0.000:auth:0.000:0;a6s.0&vis=0.000:0&bh=0.000:0.000"}", source: chrome-extension://ebefegahjicgjdnbeinacgimdggcignk/content.js (36)
[2054:2054:1003/184349.943275:INFO:CONSOLE(36)] "BEFORE_REQUEST 1633286629941 {"frameId":0,"initiator":"https://www.youtube.com","method":"GET","parentFrameId":-1,"requestId":"82","tabId":2,"timeStamp":1633286629939.527,"type":"image","url":"https://www.youtube.com/favicon.ico"}", source: chrome-extension://ebefegahjicgjdnbeinacgimdggcignk/content.js (36)
[2054:2054:1003/184349.943690:INFO:CONSOLE(36)] "SEND_HEADERS 1633286629941 {"frameId":0,"initiator":"https://www.youtube.com","method":"GET","parentFrameId":-1,"requestId":"82","tabId":2,"timeStamp":1633286629939.6018,"type":"image","url":"https://www.youtube.com/favicon.ico"}", source: chrome-extension://ebefegahjicgjdnbeinacgimdggcignk/content.js (36)
[2054:2054:1003/184349.983962:INFO:CONSOLE(36)] "RESPONSE_STARTED 1633286629976 {"frameId":0,"fromCache":false,"initiator":"https://www.youtube.com","ip":"142.251.35.162","method":"GET","parentFrameId":-1,"requestId":"78","statusCode":200,"statusLine":"HTTP/1.1 200","tabId":2,"timeStamp":1633286629976.33,"type":"xmlhttprequest","url":"https://googleads.g.doubleclick.net/pagead/id?slf_rd=1"}", source: chrome-extension://ebefegahjicgjdnbeinacgimdggcignk/content.js (36)
[2054:2054:1003/184349.984488:INFO:CONSOLE(36)] "COMPLETE 1633286629978 {"frameId":0,"fromCache":false,"initiator":"https://www.youtube.com","ip":"142.251.35.162","method":"GET","parentFrameId":-1,"requestId":"78","responseHeaders":[{"name":"p3p","value":"policyref=\"https://googleads.g.doubleclick.net/pagead/gcn_p3p_.xml\", CP=\"CURa ADMa DEVa TAIo PSAo PSDo OUR IND UNI PUR INT DEM STA PRE COM NAV OTC NOI DSP COR\""},{"name":"timing-allow-origin","value":"*"},{"name":"cross-origin-resource-policy","value":"cross-origin"},{"name":"access-control-allow-credentials","value":"true"},{"name":"access-control-allow-origin","value":"https://www.youtube.com"},{"name":"content-type","value":"application/json; charset=UTF-8"},{"name":"date","value":"Sun, 03 Oct 2021 18:43:49 GMT"},{"name":"pragma","value":"no-cache"},{"name":"expires","value":"Fri, 01 Jan 1990 00:00:00 GMT"},{"name":"cache-control","value":"no-cache, no-store, must-revalidate"},{"name":"x-content-type-options","value":"nosniff"},{"name":"content-disposition","value":"attachment; filename=\"f.txt\""},{"name":"content-encoding","value":"gzip"},{"name":"server","value":"cafe"},{"name":"content-length","value":"133"},{"name":"x-xss-protection","value":"0"},{"name":"alt-svc","value":"h3=\":443\"; ma=2592000,h3-29=\":443\"; ma=2592000,h3-T051=\":443\"; ma=2592000,h3-Q050=\":443\"; ma=2592000,h3-Q046=\":443\"; ma=2592000,h3-Q043=\":443\"; ma=2592000,quic=\":443\"; ma=2592000; v=\"46,43\""}],"statusCode":200,"statusLine":"HTTP/1.1 200","tabId":2,"timeStamp":1633286629978.144,"type":"xmlhttprequest","url":"https://googleads.g.doubleclick.net/pagead/id?slf_rd=1"}", source: chrome-extension://ebefegahjicgjdnbeinacgimdggcignk/content.js (36)
[2054:2054:1003/184349.998952:INFO:CONSOLE(36)] "RESPONSE_STARTED 1633286629993 {"frameId":0,"fromCache":false,"initiator":"https://www.youtube.com","ip":"142.250.80.78","method":"GET","parentFrameId":-1,"requestId":"82","statusCode":200,"statusLine":"HTTP/1.1 200","tabId":2,"timeStamp":1633286629992.883,"type":"image","url":"https://www.youtube.com/favicon.ico"}", source: chrome-extension://ebefegahjicgjdnbeinacgimdggcignk/content.js (36)
[2054:2054:1003/184349.999369:INFO:CONSOLE(36)] "COMPLETE 1633286629995 {"frameId":0,"fromCache":false,"initiator":"https://www.youtube.com","ip":"142.250.80.78","method":"GET","parentFrameId":-1,"requestId":"82","responseHeaders":[{"name":"accept-ranges","value":"bytes"},{"name":"vary","value":"Accept-Encoding"},{"name":"content-encoding","value":"gzip"},{"name":"content-type","value":"image/x-icon"},{"name":"cross-origin-resource-policy","value":"cross-origin"},{"name":"cross-origin-opener-policy-report-only","value":"same-origin; report-to=\"youtube-marketing\""},{"name":"report-to","value":"{\"group\":\"youtube-marketing\",\"max_age\":2592000,\"endpoints\":[{\"url\":\"https://csp.withgoogle.com/csp/report-to/youtube-marketing\"}]}"},{"name":"content-length","value":"180"},{"name":"date","value":"Fri, 01 Oct 2021 00:52:19 GMT"},{"name":"expires","value":"Sat, 01 Oct 2022 00:52:19 GMT"},{"name":"last-modified","value":"Tue, 03 Mar 2020 20:15:00 GMT"},{"name":"x-content-type-options","value":"nosniff"},{"name":"server","value":"sffe"},{"name":"x-xss-protection","value":"0"},{"name":"cache-control","value":"public, max-age=31536000"},{"name":"age","value":"237090"},{"name":"alt-svc","value":"h3=\":443\"; ma=2592000,h3-29=\":443\"; ma=2592000,h3-T051=\":443\"; ma=2592000,h3-Q050=\":443\"; ma=2592000,h3-Q046=\":443\"; ma=2592000,h3-Q043=\":443\"; ma=2592000,quic=\":443\"; ma=2592000; v=\"46,43\""}],"statusCode":200,"statusLine":"HTTP/1.1 200","tabId":2,"timeStamp":1633286629994.579,"type":"image","url":"https://www.youtube.com/favicon.ico"}", source: chrome-extension://ebefegahjicgjdnbeinacgimdggcignk/content.js (36)
[2054:2054:1003/184351.941215:INFO:CONSOLE(36)] "BEFORE_REQUEST 1633286631938 {"frameId":0,"initiator":"https://www.youtube.com","method":"POST","parentFrameId":-1,"requestId":"83","tabId":2,"timeStamp":1633286631936.6318,"type":"xmlhttprequest","url":"https://www.youtube.com/youtubei/v1/log_event?alt=json&key=AIzaSyAO_FJ2SlqU8Q4STEHLGCilw_Y9_11qcW8"}", source: chrome-extension://ebefegahjicgjdnbeinacgimdggcignk/content.js (36)
[2054:2054:1003/184351.941732:INFO:CONSOLE(36)] "SEND_HEADERS 1633286631938 {"frameId":0,"initiator":"https://www.youtube.com","method":"POST","parentFrameId":-1,"requestId":"83","tabId":2,"timeStamp":1633286631936.703,"type":"xmlhttprequest","url":"https://www.youtube.com/youtubei/v1/log_event?alt=json&key=AIzaSyAO_FJ2SlqU8Q4STEHLGCilw_Y9_11qcW8"}", source: chrome-extension://ebefegahjicgjdnbeinacgimdggcignk/content.js (36)
[2054:2054:1003/184352.122576:INFO:CONSOLE(36)] "RESPONSE_STARTED 1633286632117 {"frameId":0,"fromCache":false,"initiator":"https://www.youtube.com","ip":"142.250.80.78","method":"POST","parentFrameId":-1,"requestId":"83","statusCode":200,"statusLine":"HTTP/1.1 200","tabId":2,"timeStamp":1633286632116.57,"type":"xmlhttprequest","url":"https://www.youtube.com/youtubei/v1/log_event?alt=json&key=AIzaSyAO_FJ2SlqU8Q4STEHLGCilw_Y9_11qcW8"}", source: chrome-extension://ebefegahjicgjdnbeinacgimdggcignk/content.js (36)
[2054:2054:1003/184352.124041:INFO:CONSOLE(36)] "COMPLETE 1633286632119 {"frameId":0,"fromCache":false,"initiator":"https://www.youtube.com","ip":"142.250.80.78","method":"POST","parentFrameId":-1,"requestId":"83","responseHeaders":[{"name":"content-type","value":"application/json; charset=UTF-8"},{"name":"vary","value":"Origin"},{"name":"vary","value":"X-Origin"},{"name":"vary","value":"Referer"},{"name":"content-encoding","value":"br"},{"name":"date","value":"Sun, 03 Oct 2021 18:43:52 GMT"},{"name":"server","value":"ESF"},{"name":"content-length","value":"31"},{"name":"x-xss-protection","value":"0"},{"name":"x-frame-options","value":"SAMEORIGIN"},{"name":"x-content-type-options","value":"nosniff"},{"name":"alt-svc","value":"h3=\":443\"; ma=2592000,h3-29=\":443\"; ma=2592000,h3-T051=\":443\"; ma=2592000,h3-Q050=\":443\"; ma=2592000,h3-Q046=\":443\"; ma=2592000,h3-Q043=\":443\"; ma=2592000,quic=\":443\"; ma=2592000; v=\"46,43\""}],"statusCode":200,"statusLine":"HTTP/1.1 200","tabId":2,"timeStamp":1633286632118.325,"type":"xmlhttprequest","url":"https://www.youtube.com/youtubei/v1/log_event?alt=json&key=AIzaSyAO_FJ2SlqU8Q4STEHLGCilw_Y9_11qcW8"}", source: chrome-extension://ebefegahjicgjdnbeinacgimdggcignk/content.js (36)
[2054:2054:1003/184550.565680:INFO:CONSOLE(29)] "Closing window 0", source: chrome-extension://ebefegahjicgjdnbeinacgimdggcignk/content.js (29)
[2054:2054:1003/184550.748757:WARNING:pref_notifier_impl.cc(40)] Pref observer for media_router.cast_allow_all_ips found at shutdown.
