[2674:2718:0904/145215.417996:ERROR:bus.cc(393)] Failed to connect to the bus: Failed to connect to socket /tmp/dbus-QTxL68V18p: Connection refused
[2674:2718:0904/145215.418185:ERROR:bus.cc(393)] Failed to connect to the bus: Failed to connect to socket /tmp/dbus-QTxL68V18p: Connection refused
[2716:2716:0904/145215.487430:ERROR:angle_platform_impl.cc(44)] Display.cpp:840 (initialize): ANGLE Display::initialize error 12289: GLX is not present.
[2716:2716:0904/145215.487962:ERROR:gl_surface_egl.cc(780)] EGL Driver message (Critical) eglInitialize: GLX is not present.
[2716:2716:0904/145215.488085:ERROR:gl_surface_egl.cc(1374)] eglInitialize OpenGL failed with error EGL_NOT_INITIALIZED, trying next display type
[2716:2716:0904/145215.488845:ERROR:angle_platform_impl.cc(44)] Display.cpp:840 (initialize): ANGLE Display::initialize error 12289: GLX is not present.
[2716:2716:0904/145215.488976:ERROR:gl_surface_egl.cc(780)] EGL Driver message (Critical) eglInitialize: GLX is not present.
[2716:2716:0904/145215.489058:ERROR:gl_surface_egl.cc(1374)] eglInitialize OpenGLES failed with error EGL_NOT_INITIALIZED
[2716:2716:0904/145215.489143:ERROR:gl_initializer_linux_x11.cc(178)] GLSurfaceEGL::InitializeOneOff failed.
[2716:2716:0904/145215.500199:ERROR:viz_main_impl.cc(162)] Exiting GPU process due to errors during initialization
[2732:2732:0904/145215.561153:ERROR:gpu_init.cc(441)] Passthrough is not supported, GL is swiftshader
[2674:2708:0904/145215.649889:WARNING:external_pref_loader.cc(334)] You are using an old-style extension deployment method (external_extensions.json), which will soon be deprecated. (see http://developer.chrome.com/extensions/external_extensions.html)
[2674:2718:0904/145215.664571:ERROR:bus.cc(393)] Failed to connect to the bus: Failed to connect to socket /tmp/dbus-QTxL68V18p: Connection refused
[2674:2718:0904/145215.664765:ERROR:bus.cc(393)] Failed to connect to the bus: Failed to connect to socket /tmp/dbus-QTxL68V18p: Connection refused
[2674:2674:0904/145216.386422:INFO:CONSOLE(935)] "Uncaught (in promise) TypeError: Cannot read property 'inline' of undefined", source: chrome-extension://eoahfblaekpddckmppimofgnpkdljmli/include.preload.js (935)
[2674:2674:0904/145216.582741:INFO:CONSOLE(0)] "Error in event handler: TypeError: Cannot read property 'postMessage' of undefined
    at logFunc (chrome-extension://ebefegahjicgjdnbeinacgimdggcignk/background.js:16:14)
    at chrome.webRequest.onBeforeRequest.addListener.urls (chrome-extension://ebefegahjicgjdnbeinacgimdggcignk/background.js:22:15)", source: chrome-extension://ebefegahjicgjdnbeinacgimdggcignk/_generated_background_page.html (0)
[2674:2674:0904/145216.583335:INFO:CONSOLE(0)] "Error in event handler: TypeError: Cannot read property 'postMessage' of undefined
    at logFunc (chrome-extension://ebefegahjicgjdnbeinacgimdggcignk/background.js:16:14)
    at chrome.webRequest.onSendHeaders.addListener.urls (chrome-extension://ebefegahjicgjdnbeinacgimdggcignk/background.js:34:15)", source: chrome-extension://ebefegahjicgjdnbeinacgimdggcignk/_generated_background_page.html (0)
[2674:2674:0904/145216.583871:INFO:CONSOLE(0)] "Error in event handler: TypeError: Cannot read property 'postMessage' of undefined
    at logFunc (chrome-extension://ebefegahjicgjdnbeinacgimdggcignk/background.js:16:14)
    at chrome.webRequest.onBeforeRequest.addListener.urls (chrome-extension://ebefegahjicgjdnbeinacgimdggcignk/background.js:22:15)", source: chrome-extension://ebefegahjicgjdnbeinacgimdggcignk/_generated_background_page.html (0)
[2674:2674:0904/145216.584315:INFO:CONSOLE(0)] "Error in event handler: TypeError: Cannot read property 'postMessage' of undefined
    at logFunc (chrome-extension://ebefegahjicgjdnbeinacgimdggcignk/background.js:16:14)
    at chrome.webRequest.onSendHeaders.addListener.urls (chrome-extension://ebefegahjicgjdnbeinacgimdggcignk/background.js:34:15)", source: chrome-extension://ebefegahjicgjdnbeinacgimdggcignk/_generated_background_page.html (0)
[2674:2674:0904/145216.584789:INFO:CONSOLE(0)] "Error in event handler: TypeError: Cannot read property 'postMessage' of undefined
    at logFunc (chrome-extension://ebefegahjicgjdnbeinacgimdggcignk/background.js:16:14)
    at chrome.webRequest.onBeforeRequest.addListener.urls (chrome-extension://ebefegahjicgjdnbeinacgimdggcignk/background.js:22:15)", source: chrome-extension://ebefegahjicgjdnbeinacgimdggcignk/_generated_background_page.html (0)
[2674:2674:0904/145216.585327:INFO:CONSOLE(0)] "Error in event handler: TypeError: Cannot read property 'postMessage' of undefined
    at logFunc (chrome-extension://ebefegahjicgjdnbeinacgimdggcignk/background.js:16:14)
    at chrome.webRequest.onSendHeaders.addListener.urls (chrome-extension://ebefegahjicgjdnbeinacgimdggcignk/background.js:34:15)", source: chrome-extension://ebefegahjicgjdnbeinacgimdggcignk/_generated_background_page.html (0)
[2674:2674:0904/145216.659057:INFO:CONSOLE(0)] "Error in event handler: TypeError: Cannot read property 'postMessage' of undefined
    at logFunc (chrome-extension://ebefegahjicgjdnbeinacgimdggcignk/background.js:16:14)
    at chrome.webRequest.onResponseStarted.addListener.urls (chrome-extension://ebefegahjicgjdnbeinacgimdggcignk/background.js:28:15)", source: chrome-extension://ebefegahjicgjdnbeinacgimdggcignk/_generated_background_page.html (0)
[2674:2674:0904/145217.669746:INFO:CONSOLE(0)] "Error in event handler: TypeError: Cannot read property 'postMessage' of undefined
    at logFunc (chrome-extension://ebefegahjicgjdnbeinacgimdggcignk/background.js:16:14)
    at chrome.webRequest.onResponseStarted.addListener.urls (chrome-extension://ebefegahjicgjdnbeinacgimdggcignk/background.js:28:15)", source: chrome-extension://ebefegahjicgjdnbeinacgimdggcignk/_generated_background_page.html (0)
[2674:2674:0904/145217.670606:INFO:CONSOLE(0)] "Error in event handler: TypeError: Cannot read property 'postMessage' of undefined
    at logFunc (chrome-extension://ebefegahjicgjdnbeinacgimdggcignk/background.js:16:14)
    at chrome.webRequest.onCompleted.addListener.urls (chrome-extension://ebefegahjicgjdnbeinacgimdggcignk/background.js:47:15)", source: chrome-extension://ebefegahjicgjdnbeinacgimdggcignk/_generated_background_page.html (0)
[2674:2674:0904/145219.358450:INFO:CONSOLE(0)] "Error in event handler: TypeError: Cannot read property 'postMessage' of undefined
    at logFunc (chrome-extension://ebefegahjicgjdnbeinacgimdggcignk/background.js:16:14)
    at chrome.webRequest.onResponseStarted.addListener.urls (chrome-extension://ebefegahjicgjdnbeinacgimdggcignk/background.js:28:15)", source: chrome-extension://ebefegahjicgjdnbeinacgimdggcignk/_generated_background_page.html (0)
[2674:2674:0904/145219.768562:INFO:CONSOLE(0)] "Error in event handler: TypeError: Cannot read property 'postMessage' of undefined
    at logFunc (chrome-extension://ebefegahjicgjdnbeinacgimdggcignk/background.js:16:14)
    at chrome.webRequest.onCompleted.addListener.urls (chrome-extension://ebefegahjicgjdnbeinacgimdggcignk/background.js:47:15)", source: chrome-extension://ebefegahjicgjdnbeinacgimdggcignk/_generated_background_page.html (0)
[2674:2674:0904/145220.058960:INFO:CONSOLE(0)] "Error in event handler: TypeError: Cannot read property 'postMessage' of undefined
    at logFunc (chrome-extension://ebefegahjicgjdnbeinacgimdggcignk/background.js:16:14)
    at chrome.webRequest.onResponseStarted.addListener.urls (chrome-extension://ebefegahjicgjdnbeinacgimdggcignk/background.js:28:15)", source: chrome-extension://ebefegahjicgjdnbeinacgimdggcignk/_generated_background_page.html (0)
[2674:2674:0904/145220.059035:INFO:CONSOLE(0)] "Error in event handler: TypeError: Cannot read property 'postMessage' of undefined
    at logFunc (chrome-extension://ebefegahjicgjdnbeinacgimdggcignk/background.js:16:14)
    at chrome.webRequest.onCompleted.addListener.urls (chrome-extension://ebefegahjicgjdnbeinacgimdggcignk/background.js:47:15)", source: chrome-extension://ebefegahjicgjdnbeinacgimdggcignk/_generated_background_page.html (0)
[2674:2674:0904/145220.293848:INFO:CONSOLE(0)] "Error in event handler: TypeError: Cannot read property 'postMessage' of undefined
    at logFunc (chrome-extension://ebefegahjicgjdnbeinacgimdggcignk/background.js:16:14)
    at chrome.webRequest.onResponseStarted.addListener.urls (chrome-extension://ebefegahjicgjdnbeinacgimdggcignk/background.js:28:15)", source: chrome-extension://ebefegahjicgjdnbeinacgimdggcignk/_generated_background_page.html (0)
[2674:2674:0904/145220.294313:INFO:CONSOLE(0)] "Error in event handler: TypeError: Cannot read property 'postMessage' of undefined
    at logFunc (chrome-extension://ebefegahjicgjdnbeinacgimdggcignk/background.js:16:14)
    at chrome.webRequest.onCompleted.addListener.urls (chrome-extension://ebefegahjicgjdnbeinacgimdggcignk/background.js:47:15)", source: chrome-extension://ebefegahjicgjdnbeinacgimdggcignk/_generated_background_page.html (0)
[2674:2674:0904/145243.572168:INFO:CONSOLE(0)] "Error in event handler: TypeError: Cannot read property 'postMessage' of undefined
    at logFunc (chrome-extension://ebefegahjicgjdnbeinacgimdggcignk/background.js:16:14)
    at chrome.webRequest.onCompleted.addListener.urls (chrome-extension://ebefegahjicgjdnbeinacgimdggcignk/background.js:47:15)", source: chrome-extension://ebefegahjicgjdnbeinacgimdggcignk/_generated_background_page.html (0)
[2674:2674:0904/145243.697627:INFO:CONSOLE(0)] "Error in event handler: TypeError: Cannot read property 'postMessage' of undefined
    at logFunc (chrome-extension://ebefegahjicgjdnbeinacgimdggcignk/background.js:16:14)
    at chrome.webRequest.onBeforeRequest.addListener.urls (chrome-extension://ebefegahjicgjdnbeinacgimdggcignk/background.js:22:15)", source: chrome-extension://ebefegahjicgjdnbeinacgimdggcignk/_generated_background_page.html (0)
[2674:2674:0904/145243.697694:INFO:CONSOLE(0)] "Error in event handler: TypeError: Cannot read property 'postMessage' of undefined
    at logFunc (chrome-extension://ebefegahjicgjdnbeinacgimdggcignk/background.js:16:14)
    at chrome.webRequest.onSendHeaders.addListener.urls (chrome-extension://ebefegahjicgjdnbeinacgimdggcignk/background.js:34:15)", source: chrome-extension://ebefegahjicgjdnbeinacgimdggcignk/_generated_background_page.html (0)
[2674:2674:0904/145243.734573:INFO:CONSOLE(0)] "Error in event handler: TypeError: Cannot read property 'postMessage' of undefined
    at logFunc (chrome-extension://ebefegahjicgjdnbeinacgimdggcignk/background.js:16:14)
    at chrome.webRequest.onBeforeRequest.addListener.urls (chrome-extension://ebefegahjicgjdnbeinacgimdggcignk/background.js:22:15)", source: chrome-extension://ebefegahjicgjdnbeinacgimdggcignk/_generated_background_page.html (0)
[2674:2674:0904/145243.734644:INFO:CONSOLE(0)] "Error in event handler: TypeError: Cannot read property 'postMessage' of undefined
    at logFunc (chrome-extension://ebefegahjicgjdnbeinacgimdggcignk/background.js:16:14)
    at chrome.webRequest.onSendHeaders.addListener.urls (chrome-extension://ebefegahjicgjdnbeinacgimdggcignk/background.js:34:15)", source: chrome-extension://ebefegahjicgjdnbeinacgimdggcignk/_generated_background_page.html (0)
[2674:2674:0904/145243.891299:INFO:CONSOLE(0)] "Error in event handler: TypeError: Cannot read property 'postMessage' of undefined
    at logFunc (chrome-extension://ebefegahjicgjdnbeinacgimdggcignk/background.js:16:14)
    at chrome.webRequest.onBeforeRequest.addListener.urls (chrome-extension://ebefegahjicgjdnbeinacgimdggcignk/background.js:22:15)", source: chrome-extension://ebefegahjicgjdnbeinacgimdggcignk/_generated_background_page.html (0)
[2674:2674:0904/145243.891403:INFO:CONSOLE(0)] "Error in event handler: TypeError: Cannot read property 'postMessage' of undefined
    at logFunc (chrome-extension://ebefegahjicgjdnbeinacgimdggcignk/background.js:16:14)
    at chrome.webRequest.onSendHeaders.addListener.urls (chrome-extension://ebefegahjicgjdnbeinacgimdggcignk/background.js:34:15)", source: chrome-extension://ebefegahjicgjdnbeinacgimdggcignk/_generated_background_page.html (0)
[2674:2674:0904/145243.970499:INFO:CONSOLE(0)] "Error in event handler: TypeError: Cannot read property 'postMessage' of undefined
    at logFunc (chrome-extension://ebefegahjicgjdnbeinacgimdggcignk/background.js:16:14)
    at chrome.webRequest.onBeforeRequest.addListener.urls (chrome-extension://ebefegahjicgjdnbeinacgimdggcignk/background.js:22:15)", source: chrome-extension://ebefegahjicgjdnbeinacgimdggcignk/_generated_background_page.html (0)
[2674:2674:0904/145243.970618:INFO:CONSOLE(0)] "Error in event handler: TypeError: Cannot read property 'postMessage' of undefined
    at logFunc (chrome-extension://ebefegahjicgjdnbeinacgimdggcignk/background.js:16:14)
    at chrome.webRequest.onSendHeaders.addListener.urls (chrome-extension://ebefegahjicgjdnbeinacgimdggcignk/background.js:34:15)", source: chrome-extension://ebefegahjicgjdnbeinacgimdggcignk/_generated_background_page.html (0)
[2674:2674:0904/145243.992665:INFO:CONSOLE(128)] "Uncaught (in promise) Error: Could not establish connection. Receiving end does not exist.", source: chrome-extension://eoahfblaekpddckmppimofgnpkdljmli/polyfill.js (128)
[2674:2674:0904/145243.993302:INFO:CONSOLE(1)] "CONTENT SCRIPT", source: chrome-extension://ebefegahjicgjdnbeinacgimdggcignk/content.js (1)
[2674:2674:0904/145244.266766:INFO:CONSOLE(36)] "RESPONSE_STARTED 1630767164265 {"frameId":0,"fromCache":false,"initiator":"https://www.youtube.com","ip":"172.217.194.91","method":"GET","parentFrameId":-1,"requestId":"76","statusCode":200,"statusLine":"HTTP/1.1 200","tabId":2,"timeStamp":1630767164264.7869,"type":"script","url":"https://www.youtube.com/s/player/9da24d97/player_ias.vflset/en_US/remote.js"}", source: chrome-extension://ebefegahjicgjdnbeinacgimdggcignk/content.js (36)
[2674:2674:0904/145244.753504:INFO:CONSOLE(36)] "RESPONSE_STARTED 1630767164751 {"frameId":0,"fromCache":false,"initiator":"https://www.youtube.com","ip":"172.217.194.91","method":"GET","parentFrameId":-1,"requestId":"77","statusCode":200,"statusLine":"HTTP/1.1 200","tabId":2,"timeStamp":1630767164750.9329,"type":"script","url":"https://www.youtube.com/s/player/9da24d97/player_ias.vflset/en_US/embed.js"}", source: chrome-extension://ebefegahjicgjdnbeinacgimdggcignk/content.js (36)
[2674:2674:0904/145244.826108:INFO:CONSOLE(36)] "BEFORE_REQUEST 1630767164824 {"frameId":0,"initiator":"https://www.youtube.com","method":"GET","parentFrameId":-1,"requestId":"74","tabId":2,"timeStamp":1630767164823.698,"type":"xmlhttprequest","url":"https://googleads.g.doubleclick.net/pagead/id?slf_rd=1"}", source: chrome-extension://ebefegahjicgjdnbeinacgimdggcignk/content.js (36)
[2674:2674:0904/145244.826150:INFO:CONSOLE(36)] "SEND_HEADERS 1630767164825 {"frameId":0,"initiator":"https://www.youtube.com","method":"GET","parentFrameId":-1,"requestId":"74","tabId":2,"timeStamp":1630767164825.063,"type":"xmlhttprequest","url":"https://googleads.g.doubleclick.net/pagead/id?slf_rd=1"}", source: chrome-extension://ebefegahjicgjdnbeinacgimdggcignk/content.js (36)
[2674:2674:0904/145244.869814:INFO:CONSOLE(36)] "COMPLETE 1630767164864 {"frameId":0,"fromCache":false,"initiator":"https://www.youtube.com","ip":"172.217.194.91","method":"GET","parentFrameId":-1,"requestId":"77","responseHeaders":[{"name":"accept-ranges","value":"bytes"},{"name":"vary","value":"Accept-Encoding, Origin"},{"name":"content-encoding","value":"br"},{"name":"content-type","value":"text/javascript"},{"name":"content-security-policy-report-only","value":"require-trusted-types-for 'script'; report-uri https://csp.withgoogle.com/csp/youtube"},{"name":"cross-origin-resource-policy","value":"cross-origin"},{"name":"content-length","value":"7335"},{"name":"date","value":"Fri, 03 Sep 2021 15:00:20 GMT"},{"name":"expires","value":"Sat, 03 Sep 2022 15:00:20 GMT"},{"name":"last-modified","value":"Thu, 02 Sep 2021 00:22:16 GMT"},{"name":"x-content-type-options","value":"nosniff"},{"name":"server","value":"sffe"},{"name":"x-xss-protection","value":"0"},{"name":"cache-control","value":"public, max-age=31536000"},{"name":"age","value":"85943"},{"name":"alt-svc","value":"h3=\":443\"; ma=2592000,h3-29=\":443\"; ma=2592000,h3-T051=\":443\"; ma=2592000,h3-Q050=\":443\"; ma=2592000,h3-Q046=\":443\"; ma=2592000,h3-Q043=\":443\"; ma=2592000,quic=\":443\"; ma=2592000; v=\"46,43\""}],"statusCode":200,"statusLine":"HTTP/1.1 200","tabId":2,"timeStamp":1630767164864.157,"type":"script","url":"https://www.youtube.com/s/player/9da24d97/player_ias.vflset/en_US/embed.js"}", source: chrome-extension://ebefegahjicgjdnbeinacgimdggcignk/content.js (36)
[2674:2674:0904/145244.952630:INFO:CONSOLE(36)] "COMPLETE 1630767164951 {"frameId":0,"fromCache":false,"initiator":"https://www.youtube.com","ip":"172.217.194.91","method":"GET","parentFrameId":-1,"requestId":"76","responseHeaders":[{"name":"accept-ranges","value":"bytes"},{"name":"vary","value":"Accept-Encoding, Origin"},{"name":"content-encoding","value":"br"},{"name":"content-type","value":"text/javascript"},{"name":"cross-origin-resource-policy","value":"cross-origin"},{"name":"content-length","value":"29751"},{"name":"date","value":"Fri, 03 Sep 2021 15:26:19 GMT"},{"name":"expires","value":"Sat, 03 Sep 2022 15:26:19 GMT"},{"name":"last-modified","value":"Thu, 02 Sep 2021 00:22:16 GMT"},{"name":"x-content-type-options","value":"nosniff"},{"name":"server","value":"sffe"},{"name":"x-xss-protection","value":"0"},{"name":"cache-control","value":"public, max-age=31536000"},{"name":"age","value":"84384"},{"name":"alt-svc","value":"h3=\":443\"; ma=2592000,h3-29=\":443\"; ma=2592000,h3-T051=\":443\"; ma=2592000,h3-Q050=\":443\"; ma=2592000,h3-Q046=\":443\"; ma=2592000,h3-Q043=\":443\"; ma=2592000,quic=\":443\"; ma=2592000; v=\"46,43\""}],"statusCode":200,"statusLine":"HTTP/1.1 200","tabId":2,"timeStamp":1630767164951.0059,"type":"script","url":"https://www.youtube.com/s/player/9da24d97/player_ias.vflset/en_US/remote.js"}", source: chrome-extension://ebefegahjicgjdnbeinacgimdggcignk/content.js (36)
[2674:2674:0904/145244.967817:INFO:CONSOLE(36)] "BEFORE_REQUEST 1630767164962 {"frameId":0,"initiator":"https://www.youtube.com","method":"GET","parentFrameId":-1,"requestId":"78","tabId":2,"timeStamp":1630767164961.171,"type":"script","url":"https://www.gstatic.com/cv/js/sender/v1/cast_sender.js"}", source: chrome-extension://ebefegahjicgjdnbeinacgimdggcignk/content.js (36)
[2674:2674:0904/145244.968152:INFO:CONSOLE(36)] "SEND_HEADERS 1630767164962 {"frameId":0,"initiator":"https://www.youtube.com","method":"GET","parentFrameId":-1,"requestId":"78","tabId":2,"timeStamp":1630767164961.221,"type":"script","url":"https://www.gstatic.com/cv/js/sender/v1/cast_sender.js"}", source: chrome-extension://ebefegahjicgjdnbeinacgimdggcignk/content.js (36)
[2674:2674:0904/145245.294673:INFO:CONSOLE(36)] "RESPONSE_STARTED 1630767165291 {"frameId":0,"fromCache":false,"initiator":"https://www.youtube.com","ip":"74.125.68.149","method":"GET","parentFrameId":-1,"requestId":"75","statusCode":200,"statusLine":"HTTP/1.1 200","tabId":2,"timeStamp":1630767165291.627,"type":"script","url":"https://static.doubleclick.net/instream/ad_status.js"}", source: chrome-extension://ebefegahjicgjdnbeinacgimdggcignk/content.js (36)
[2674:2674:0904/145245.295398:INFO:CONSOLE(36)] "COMPLETE 1630767165294 {"frameId":0,"fromCache":false,"initiator":"https://www.youtube.com","ip":"74.125.68.149","method":"GET","parentFrameId":-1,"requestId":"75","responseHeaders":[{"name":"accept-ranges","value":"bytes"},{"name":"content-type","value":"text/javascript"},{"name":"access-control-allow-origin","value":"*"},{"name":"cross-origin-resource-policy","value":"cross-origin"},{"name":"timing-allow-origin","value":"*"},{"name":"content-length","value":"29"},{"name":"date","value":"Sat, 04 Sep 2021 14:46:02 GMT"},{"name":"expires","value":"Sat, 04 Sep 2021 15:01:02 GMT"},{"name":"last-modified","value":"Thu, 12 Dec 2013 23:40:16 GMT"},{"name":"x-content-type-options","value":"nosniff"},{"name":"server","value":"sffe"},{"name":"x-xss-protection","value":"0"},{"name":"age","value":"402"},{"name":"cache-control","value":"public, max-age=900"},{"name":"alt-svc","value":"h3=\":443\"; ma=2592000,h3-29=\":443\"; ma=2592000,h3-T051=\":443\"; ma=2592000,h3-Q050=\":443\"; ma=2592000,h3-Q046=\":443\"; ma=2592000,h3-Q043=\":443\"; ma=2592000,quic=\":443\"; ma=2592000; v=\"46,43\""}],"statusCode":200,"statusLine":"HTTP/1.1 200","tabId":2,"timeStamp":1630767165293.999,"type":"script","url":"https://static.doubleclick.net/instream/ad_status.js"}", source: chrome-extension://ebefegahjicgjdnbeinacgimdggcignk/content.js (36)
[2674:2674:0904/145245.617173:INFO:CONSOLE(36)] "RESPONSE_STARTED 1630767165616 {"frameId":0,"fromCache":false,"initiator":"https://www.youtube.com","ip":"172.217.194.155","method":"GET","parentFrameId":-1,"requestId":"74","statusCode":200,"statusLine":"HTTP/1.1 200","tabId":2,"timeStamp":1630767165615.678,"type":"xmlhttprequest","url":"https://googleads.g.doubleclick.net/pagead/id?slf_rd=1"}", source: chrome-extension://ebefegahjicgjdnbeinacgimdggcignk/content.js (36)
[2674:2674:0904/145245.636676:INFO:CONSOLE(36)] "COMPLETE 1630767165635 {"frameId":0,"fromCache":false,"initiator":"https://www.youtube.com","ip":"172.217.194.155","method":"GET","parentFrameId":-1,"requestId":"74","responseHeaders":[{"name":"p3p","value":"policyref=\"https://googleads.g.doubleclick.net/pagead/gcn_p3p_.xml\", CP=\"CURa ADMa DEVa TAIo PSAo PSDo OUR IND UNI PUR INT DEM STA PRE COM NAV OTC NOI DSP COR\""},{"name":"timing-allow-origin","value":"*"},{"name":"cross-origin-resource-policy","value":"cross-origin"},{"name":"access-control-allow-credentials","value":"true"},{"name":"access-control-allow-origin","value":"https://www.youtube.com"},{"name":"content-type","value":"application/json; charset=UTF-8"},{"name":"date","value":"Sat, 04 Sep 2021 14:52:45 GMT"},{"name":"pragma","value":"no-cache"},{"name":"expires","value":"Fri, 01 Jan 1990 00:00:00 GMT"},{"name":"cache-control","value":"no-cache, no-store, must-revalidate"},{"name":"x-content-type-options","value":"nosniff"},{"name":"content-disposition","value":"attachment; filename=\"f.txt\""},{"name":"content-encoding","value":"gzip"},{"name":"server","value":"cafe"},{"name":"content-length","value":"133"},{"name":"x-xss-protection","value":"0"},{"name":"alt-svc","value":"h3=\":443\"; ma=2592000,h3-29=\":443\"; ma=2592000,h3-T051=\":443\"; ma=2592000,h3-Q050=\":443\"; ma=2592000,h3-Q046=\":443\"; ma=2592000,h3-Q043=\":443\"; ma=2592000,quic=\":443\"; ma=2592000; v=\"46,43\""}],"statusCode":200,"statusLine":"HTTP/1.1 200","tabId":2,"timeStamp":1630767165634.9438,"type":"xmlhttprequest","url":"https://googleads.g.doubleclick.net/pagead/id?slf_rd=1"}", source: chrome-extension://ebefegahjicgjdnbeinacgimdggcignk/content.js (36)
[2674:2674:0904/145245.730908:INFO:CONSOLE(36)] "BEFORE_REQUEST 1630767165729 {"frameId":0,"initiator":"https://www.youtube.com","method":"POST","parentFrameId":-1,"requestId":"79","tabId":2,"timeStamp":1630767165728.3088,"type":"xmlhttprequest","url":"https://www.youtube.com/youtubei/v1/log_event?alt=json&key=AIzaSyAO_FJ2SlqU8Q4STEHLGCilw_Y9_11qcW8"}", source: chrome-extension://ebefegahjicgjdnbeinacgimdggcignk/content.js (36)
[2674:2674:0904/145245.731187:INFO:CONSOLE(36)] "SEND_HEADERS 1630767165729 {"frameId":0,"initiator":"https://www.youtube.com","method":"POST","parentFrameId":-1,"requestId":"79","tabId":2,"timeStamp":1630767165728.363,"type":"xmlhttprequest","url":"https://www.youtube.com/youtubei/v1/log_event?alt=json&key=AIzaSyAO_FJ2SlqU8Q4STEHLGCilw_Y9_11qcW8"}", source: chrome-extension://ebefegahjicgjdnbeinacgimdggcignk/content.js (36)
[2674:2674:0904/145246.139146:INFO:CONSOLE(36)] "RESPONSE_STARTED 1630767166137 {"frameId":0,"fromCache":false,"initiator":"https://www.youtube.com","ip":"172.217.194.91","method":"POST","parentFrameId":-1,"requestId":"79","statusCode":200,"statusLine":"HTTP/1.1 200","tabId":2,"timeStamp":1630767166137.2458,"type":"xmlhttprequest","url":"https://www.youtube.com/youtubei/v1/log_event?alt=json&key=AIzaSyAO_FJ2SlqU8Q4STEHLGCilw_Y9_11qcW8"}", source: chrome-extension://ebefegahjicgjdnbeinacgimdggcignk/content.js (36)
[2674:2674:0904/145246.157614:INFO:CONSOLE(36)] "COMPLETE 1630767166156 {"frameId":0,"fromCache":false,"initiator":"https://www.youtube.com","ip":"172.217.194.91","method":"POST","parentFrameId":-1,"requestId":"79","responseHeaders":[{"name":"content-type","value":"application/json; charset=UTF-8"},{"name":"vary","value":"Origin"},{"name":"vary","value":"X-Origin"},{"name":"vary","value":"Referer"},{"name":"content-encoding","value":"br"},{"name":"date","value":"Sat, 04 Sep 2021 14:52:45 GMT"},{"name":"server","value":"ESF"},{"name":"content-length","value":"31"},{"name":"x-xss-protection","value":"0"},{"name":"x-frame-options","value":"SAMEORIGIN"},{"name":"x-content-type-options","value":"nosniff"},{"name":"alt-svc","value":"h3=\":443\"; ma=2592000,h3-29=\":443\"; ma=2592000,h3-T051=\":443\"; ma=2592000,h3-Q050=\":443\"; ma=2592000,h3-Q046=\":443\"; ma=2592000,h3-Q043=\":443\"; ma=2592000,quic=\":443\"; ma=2592000; v=\"46,43\""}],"statusCode":200,"statusLine":"HTTP/1.1 200","tabId":2,"timeStamp":1630767166156.2852,"type":"xmlhttprequest","url":"https://www.youtube.com/youtubei/v1/log_event?alt=json&key=AIzaSyAO_FJ2SlqU8Q4STEHLGCilw_Y9_11qcW8"}", source: chrome-extension://ebefegahjicgjdnbeinacgimdggcignk/content.js (36)
[2717:2734:0904/145246.306976:WARNING:key_storage_linux.cc(178)] OSCrypt tried Libsecret but couldn't initialise.
[2674:2674:0904/145246.432398:INFO:CONSOLE(36)] "RESPONSE_STARTED 1630767166426 {"frameId":0,"fromCache":false,"initiator":"https://www.youtube.com","ip":"142.251.10.94","method":"GET","parentFrameId":-1,"requestId":"78","statusCode":200,"statusLine":"HTTP/1.1 200","tabId":2,"timeStamp":1630767166425.71,"type":"script","url":"https://www.gstatic.com/cv/js/sender/v1/cast_sender.js"}", source: chrome-extension://ebefegahjicgjdnbeinacgimdggcignk/content.js (36)
[2674:2674:0904/145246.436572:INFO:CONSOLE(36)] "COMPLETE 1630767166431 {"frameId":0,"fromCache":false,"initiator":"https://www.youtube.com","ip":"142.251.10.94","method":"GET","parentFrameId":-1,"requestId":"78","responseHeaders":[{"name":"accept-ranges","value":"bytes"},{"name":"vary","value":"Accept-Encoding"},{"name":"content-encoding","value":"gzip"},{"name":"content-type","value":"text/javascript"},{"name":"content-security-policy-report-only","value":"require-trusted-types-for 'script'; report-uri https://csp.withgoogle.com/csp/cloudview"},{"name":"cross-origin-resource-policy","value":"cross-origin"},{"name":"content-length","value":"2007"},{"name":"date","value":"Sat, 04 Sep 2021 14:52:46 GMT"},{"name":"expires","value":"Sat, 04 Sep 2021 14:52:46 GMT"},{"name":"cache-control","value":"private, max-age=3000"},{"name":"last-modified","value":"Tue, 16 Feb 2021 23:57:06 GMT"},{"name":"x-content-type-options","value":"nosniff"},{"name":"server","value":"sffe"},{"name":"x-xss-protection","value":"0"},{"name":"alt-svc","value":"h3=\":443\"; ma=2592000,h3-29=\":443\"; ma=2592000,h3-T051=\":443\"; ma=2592000,h3-Q050=\":443\"; ma=2592000,h3-Q046=\":443\"; ma=2592000,h3-Q043=\":443\"; ma=2592000,quic=\":443\"; ma=2592000; v=\"46,43\""}],"statusCode":200,"statusLine":"HTTP/1.1 200","tabId":2,"timeStamp":1630767166431.187,"type":"script","url":"https://www.gstatic.com/cv/js/sender/v1/cast_sender.js"}", source: chrome-extension://ebefegahjicgjdnbeinacgimdggcignk/content.js (36)
[2674:2674:0904/145246.436762:INFO:CONSOLE(36)] "BEFORE_REQUEST 1630767166432 {"frameId":0,"initiator":"https://www.youtube.com","method":"GET","parentFrameId":-1,"requestId":"80","tabId":2,"timeStamp":1630767166432.622,"type":"script","url":"https://www.gstatic.com/eureka/clank/92/cast_sender.js"}", source: chrome-extension://ebefegahjicgjdnbeinacgimdggcignk/content.js (36)
[2674:2674:0904/145246.436869:INFO:CONSOLE(36)] "SEND_HEADERS 1630767166433 {"frameId":0,"initiator":"https://www.youtube.com","method":"GET","parentFrameId":-1,"requestId":"80","tabId":2,"timeStamp":1630767166433.0598,"type":"script","url":"https://www.gstatic.com/eureka/clank/92/cast_sender.js"}", source: chrome-extension://ebefegahjicgjdnbeinacgimdggcignk/content.js (36)
[2674:2674:0904/145246.823643:INFO:CONSOLE(36)] "RESPONSE_STARTED 1630767166821 {"frameId":0,"fromCache":false,"initiator":"https://www.youtube.com","ip":"142.251.10.94","method":"GET","parentFrameId":-1,"requestId":"80","statusCode":200,"statusLine":"HTTP/1.1 200","tabId":2,"timeStamp":1630767166820.8872,"type":"script","url":"https://www.gstatic.com/eureka/clank/92/cast_sender.js"}", source: chrome-extension://ebefegahjicgjdnbeinacgimdggcignk/content.js (36)
[2674:2674:0904/145247.041725:INFO:CONSOLE(36)] "COMPLETE 1630767167027 {"frameId":0,"fromCache":false,"initiator":"https://www.youtube.com","ip":"142.251.10.94","method":"GET","parentFrameId":-1,"requestId":"80","responseHeaders":[{"name":"accept-ranges","value":"bytes"},{"name":"vary","value":"Accept-Encoding"},{"name":"content-encoding","value":"gzip"},{"name":"content-type","value":"text/javascript"},{"name":"content-security-policy-report-only","value":"require-trusted-types-for 'script'; report-uri https://csp.withgoogle.com/csp/cloudview-release"},{"name":"cross-origin-resource-policy","value":"cross-origin"},{"name":"content-length","value":"15330"},{"name":"date","value":"Sat, 04 Sep 2021 14:04:01 GMT"},{"name":"expires","value":"Sun, 05 Sep 2021 14:04:01 GMT"},{"name":"last-modified","value":"Mon, 14 Jun 2021 15:08:18 GMT"},{"name":"x-content-type-options","value":"nosniff"},{"name":"server","value":"sffe"},{"name":"x-xss-protection","value":"0"},{"name":"cache-control","value":"public, max-age=86400"},{"name":"age","value":"2925"},{"name":"alt-svc","value":"h3=\":443\"; ma=2592000,h3-29=\":443\"; ma=2592000,h3-T051=\":443\"; ma=2592000,h3-Q050=\":443\"; ma=2592000,h3-Q046=\":443\"; ma=2592000,h3-Q043=\":443\"; ma=2592000,quic=\":443\"; ma=2592000; v=\"46,43\""}],"statusCode":200,"statusLine":"HTTP/1.1 200","tabId":2,"timeStamp":1630767167027.432,"type":"script","url":"https://www.gstatic.com/eureka/clank/92/cast_sender.js"}", source: chrome-extension://ebefegahjicgjdnbeinacgimdggcignk/content.js (36)
[2674:2674:0904/145247.046246:INFO:CONSOLE(36)] "BEFORE_REQUEST 1630767167044 {"frameId":0,"initiator":"https://www.youtube.com","method":"GET","parentFrameId":-1,"requestId":"81","tabId":2,"timeStamp":1630767167043.797,"type":"image","url":"https://www.youtube.com/favicon.ico"}", source: chrome-extension://ebefegahjicgjdnbeinacgimdggcignk/content.js (36)
[2674:2674:0904/145247.046561:INFO:CONSOLE(36)] "SEND_HEADERS 1630767167044 {"frameId":0,"initiator":"https://www.youtube.com","method":"GET","parentFrameId":-1,"requestId":"81","tabId":2,"timeStamp":1630767167044.2048,"type":"image","url":"https://www.youtube.com/favicon.ico"}", source: chrome-extension://ebefegahjicgjdnbeinacgimdggcignk/content.js (36)
[2674:2674:0904/145247.186022:INFO:CONSOLE(36)] "RESPONSE_STARTED 1630767167181 {"frameId":0,"fromCache":false,"initiator":"https://www.youtube.com","ip":"172.217.194.91","method":"GET","parentFrameId":-1,"requestId":"81","statusCode":200,"statusLine":"HTTP/1.1 200","tabId":2,"timeStamp":1630767167181.635,"type":"image","url":"https://www.youtube.com/favicon.ico"}", source: chrome-extension://ebefegahjicgjdnbeinacgimdggcignk/content.js (36)
[2674:2674:0904/145247.186309:INFO:CONSOLE(36)] "COMPLETE 1630767167183 {"frameId":0,"fromCache":false,"initiator":"https://www.youtube.com","ip":"172.217.194.91","method":"GET","parentFrameId":-1,"requestId":"81","responseHeaders":[{"name":"accept-ranges","value":"bytes"},{"name":"vary","value":"Accept-Encoding"},{"name":"content-encoding","value":"gzip"},{"name":"content-type","value":"image/x-icon"},{"name":"cross-origin-resource-policy","value":"cross-origin"},{"name":"content-length","value":"180"},{"name":"date","value":"Sun, 29 Aug 2021 05:17:25 GMT"},{"name":"expires","value":"Mon, 29 Aug 2022 05:17:25 GMT"},{"name":"last-modified","value":"Tue, 03 Mar 2020 20:15:00 GMT"},{"name":"x-content-type-options","value":"nosniff"},{"name":"server","value":"sffe"},{"name":"x-xss-protection","value":"0"},{"name":"age","value":"552922"},{"name":"cache-control","value":"public, max-age=31536000"},{"name":"alt-svc","value":"h3=\":443\"; ma=2592000,h3-29=\":443\"; ma=2592000,h3-T051=\":443\"; ma=2592000,h3-Q050=\":443\"; ma=2592000,h3-Q046=\":443\"; ma=2592000,h3-Q043=\":443\"; ma=2592000,quic=\":443\"; ma=2592000; v=\"46,43\""}],"statusCode":200,"statusLine":"HTTP/1.1 200","tabId":2,"timeStamp":1630767167183.1729,"type":"image","url":"https://www.youtube.com/favicon.ico"}", source: chrome-extension://ebefegahjicgjdnbeinacgimdggcignk/content.js (36)
[2674:2674:0904/145249.033650:INFO:CONSOLE(36)] "BEFORE_REQUEST 1630767169031 {"frameId":0,"initiator":"https://www.youtube.com","method":"POST","parentFrameId":-1,"requestId":"84","tabId":2,"timeStamp":1630767169031.553,"type":"xmlhttprequest","url":"https://www.youtube.com/youtubei/v1/log_event?alt=json&key=AIzaSyAO_FJ2SlqU8Q4STEHLGCilw_Y9_11qcW8"}", source: chrome-extension://ebefegahjicgjdnbeinacgimdggcignk/content.js (36)
[2674:2674:0904/145249.034295:INFO:CONSOLE(36)] "SEND_HEADERS 1630767169032 {"frameId":0,"initiator":"https://www.youtube.com","method":"POST","parentFrameId":-1,"requestId":"84","tabId":2,"timeStamp":1630767169031.604,"type":"xmlhttprequest","url":"https://www.youtube.com/youtubei/v1/log_event?alt=json&key=AIzaSyAO_FJ2SlqU8Q4STEHLGCilw_Y9_11qcW8"}", source: chrome-extension://ebefegahjicgjdnbeinacgimdggcignk/content.js (36)
[2674:2674:0904/145249.216785:INFO:CONSOLE(36)] "RESPONSE_STARTED 1630767169216 {"frameId":0,"fromCache":false,"initiator":"https://www.youtube.com","ip":"172.217.194.91","method":"POST","parentFrameId":-1,"requestId":"84","statusCode":200,"statusLine":"HTTP/1.1 200","tabId":2,"timeStamp":1630767169215.358,"type":"xmlhttprequest","url":"https://www.youtube.com/youtubei/v1/log_event?alt=json&key=AIzaSyAO_FJ2SlqU8Q4STEHLGCilw_Y9_11qcW8"}", source: chrome-extension://ebefegahjicgjdnbeinacgimdggcignk/content.js (36)
[2674:2674:0904/145249.224025:INFO:CONSOLE(36)] "COMPLETE 1630767169223 {"frameId":0,"fromCache":false,"initiator":"https://www.youtube.com","ip":"172.217.194.91","method":"POST","parentFrameId":-1,"requestId":"84","responseHeaders":[{"name":"content-type","value":"application/json; charset=UTF-8"},{"name":"vary","value":"Origin"},{"name":"vary","value":"X-Origin"},{"name":"vary","value":"Referer"},{"name":"content-encoding","value":"br"},{"name":"date","value":"Sat, 04 Sep 2021 14:52:49 GMT"},{"name":"server","value":"ESF"},{"name":"content-length","value":"31"},{"name":"x-xss-protection","value":"0"},{"name":"x-frame-options","value":"SAMEORIGIN"},{"name":"x-content-type-options","value":"nosniff"},{"name":"alt-svc","value":"h3=\":443\"; ma=2592000,h3-29=\":443\"; ma=2592000,h3-T051=\":443\"; ma=2592000,h3-Q050=\":443\"; ma=2592000,h3-Q046=\":443\"; ma=2592000,h3-Q043=\":443\"; ma=2592000,quic=\":443\"; ma=2592000; v=\"46,43\""}],"statusCode":200,"statusLine":"HTTP/1.1 200","tabId":2,"timeStamp":1630767169221.931,"type":"xmlhttprequest","url":"https://www.youtube.com/youtubei/v1/log_event?alt=json&key=AIzaSyAO_FJ2SlqU8Q4STEHLGCilw_Y9_11qcW8"}", source: chrome-extension://ebefegahjicgjdnbeinacgimdggcignk/content.js (36)
[2674:2674:0904/145445.004796:INFO:CONSOLE(29)] "Closing window 0", source: chrome-extension://ebefegahjicgjdnbeinacgimdggcignk/content.js (29)
[2674:2674:0904/145445.106537:WARNING:pref_notifier_impl.cc(40)] Pref observer for media_router.cast_allow_all_ips found at shutdown.
