[15759:15759:0210/171816.775148:ERROR:angle_platform_impl.cc(44)] Display.cpp:894 (initialize): ANGLE Display::initialize error 12289: GLX is not present.
[15759:15759:0210/171816.776137:ERROR:gl_surface_egl.cc(780)] EGL Driver message (Critical) eglInitialize: GLX is not present.
[15759:15759:0210/171816.776496:ERROR:gl_surface_egl.cc(1375)] eglInitialize OpenGL failed with error EGL_NOT_INITIALIZED, trying next display type
[15759:15759:0210/171816.779129:ERROR:angle_platform_impl.cc(44)] Display.cpp:894 (initialize): ANGLE Display::initialize error 12289: GLX is not present.
[15759:15759:0210/171816.781940:ERROR:gl_surface_egl.cc(780)] EGL Driver message (Critical) eglInitialize: GLX is not present.
[15759:15759:0210/171816.782156:ERROR:gl_surface_egl.cc(1375)] eglInitialize OpenGLES failed with error EGL_NOT_INITIALIZED
[15759:15759:0210/171816.782467:ERROR:gl_ozone_egl.cc(20)] GLSurfaceEGL::InitializeOneOff failed.
[15759:15759:0210/171816.790693:ERROR:viz_main_impl.cc(161)] Exiting GPU process due to errors during initialization
[15717:15767:0210/171816.807550:WARNING:external_pref_loader.cc(331)] You are using an old-style extension deployment method (external_extensions.json), which will soon be deprecated. (see http://developer.chrome.com/extensions/external_extensions.html)
[15814:15814:0210/171816.944432:ERROR:angle_platform_impl.cc(44)] Display.cpp:894 (initialize): ANGLE Display::initialize error 12289: GLX is not present.
[15814:15814:0210/171816.944615:ERROR:gl_surface_egl.cc(780)] EGL Driver message (Critical) eglInitialize: GLX is not present.
[15814:15814:0210/171816.944665:ERROR:gl_surface_egl.cc(1375)] eglInitialize OpenGL failed with error EGL_NOT_INITIALIZED, trying next display type
[15814:15814:0210/171816.945644:ERROR:angle_platform_impl.cc(44)] Display.cpp:894 (initialize): ANGLE Display::initialize error 12289: GLX is not present.
[15814:15814:0210/171816.945720:ERROR:gl_surface_egl.cc(780)] EGL Driver message (Critical) eglInitialize: GLX is not present.
[15814:15814:0210/171816.945757:ERROR:gl_surface_egl.cc(1375)] eglInitialize OpenGLES failed with error EGL_NOT_INITIALIZED
[15814:15814:0210/171816.945793:ERROR:gl_ozone_egl.cc(20)] GLSurfaceEGL::InitializeOneOff failed.
[15814:15814:0210/171816.977748:ERROR:viz_main_impl.cc(161)] Exiting GPU process due to errors during initialization
[15873:15873:0210/171817.133203:ERROR:angle_platform_impl.cc(44)] Display.cpp:894 (initialize): ANGLE Display::initialize error 12289: GLX is not present.
[15873:15873:0210/171817.134886:ERROR:gl_surface_egl.cc(780)] EGL Driver message (Critical) eglInitialize: GLX is not present.
[15873:15873:0210/171817.135440:ERROR:gl_surface_egl.cc(1375)] eglInitialize OpenGL failed with error EGL_NOT_INITIALIZED, trying next display type
[15873:15873:0210/171817.137702:ERROR:angle_platform_impl.cc(44)] Display.cpp:894 (initialize): ANGLE Display::initialize error 12289: GLX is not present.
[15873:15873:0210/171817.137786:ERROR:gl_surface_egl.cc(780)] EGL Driver message (Critical) eglInitialize: GLX is not present.
[15873:15873:0210/171817.137843:ERROR:gl_surface_egl.cc(1375)] eglInitialize OpenGLES failed with error EGL_NOT_INITIALIZED
[15873:15873:0210/171817.137882:ERROR:gl_ozone_egl.cc(20)] GLSurfaceEGL::InitializeOneOff failed.
[15873:15873:0210/171817.151449:ERROR:viz_main_impl.cc(161)] Exiting GPU process due to errors during initialization
[15904:15904:0210/171817.210011:ERROR:gpu_init.cc(453)] Passthrough is not supported, GL is swiftshader, ANGLE is 
[15717:15717:0210/171818.416955:WARNING:idle_linux.cc(110)] None of the known D-Bus ScreenSaver services could be used.
[15717:15767:0210/171819.211809:ERROR:chrome_browser_main_extra_parts_metrics.cc(230)] crbug.com/1216328: Checking Bluetooth availability started. Please report if there is no report that this ends.
[15717:15767:0210/171819.211880:ERROR:chrome_browser_main_extra_parts_metrics.cc(233)] crbug.com/1216328: Checking Bluetooth availability ended.
[15717:15767:0210/171819.211890:ERROR:chrome_browser_main_extra_parts_metrics.cc(236)] crbug.com/1216328: Checking default browser status started. Please report if there is no report that this ends.
[15717:15767:0210/171819.247690:ERROR:chrome_browser_main_extra_parts_metrics.cc(240)] crbug.com/1216328: Checking default browser status ended.
[15717:15717:0210/171827.798487:INFO:CONSOLE(0)] "Error with Permissions-Policy header: Unrecognized feature: 'ch-ua-full-version-list'.", source:  (0)
[15717:15717:0210/171827.982972:INFO:CONSOLE(0)] "Error in event handler: TypeError: Cannot read properties of undefined (reading 'postMessage')
    at logFunc (chrome-extension://nleagjjmkkjcfcajcnlgpddbdehflfem/background.js:16:14)
    at chrome.webRequest.onBeforeRequest.addListener.urls (chrome-extension://nleagjjmkkjcfcajcnlgpddbdehflfem/background.js:22:15)", source: chrome-extension://nleagjjmkkjcfcajcnlgpddbdehflfem/_generated_background_page.html (0)
[15717:15717:0210/171827.983063:INFO:CONSOLE(0)] "Error in event handler: TypeError: Cannot read properties of undefined (reading 'postMessage')
    at logFunc (chrome-extension://nleagjjmkkjcfcajcnlgpddbdehflfem/background.js:16:14)
    at chrome.webRequest.onSendHeaders.addListener.urls (chrome-extension://nleagjjmkkjcfcajcnlgpddbdehflfem/background.js:34:15)", source: chrome-extension://nleagjjmkkjcfcajcnlgpddbdehflfem/_generated_background_page.html (0)
[15717:15717:0210/171827.997211:INFO:CONSOLE(1)] "Slow network is detected. See https://www.chromestatus.com/feature/5636954674692096 for more details. Fallback font will be used while loading: https://fonts.gstatic.com/s/roboto/v18/KFOmCnqEu92Fr1Mu4mxK.woff2", source: https://www.youtube.com/embed/aXwCrtAo4W?rel=0&autoplay=1 (1)
[15717:15717:0210/171827.997847:INFO:CONSOLE(128)] "Uncaught (in promise) Error: Could not establish connection. Receiving end does not exist.", source: chrome-extension://nhjejghfobloljpipmmgefggimbdefbo/polyfill.js (128)
[15717:15717:0210/171827.997912:INFO:CONSOLE(128)] "Uncaught (in promise) Error: Could not establish connection. Receiving end does not exist.", source: chrome-extension://nhjejghfobloljpipmmgefggimbdefbo/polyfill.js (128)
[15717:15717:0210/171827.999254:INFO:CONSOLE(0)] "Error in event handler: TypeError: Cannot read properties of undefined (reading 'postMessage')
    at logFunc (chrome-extension://nleagjjmkkjcfcajcnlgpddbdehflfem/background.js:16:14)
    at chrome.webRequest.onBeforeRequest.addListener.urls (chrome-extension://nleagjjmkkjcfcajcnlgpddbdehflfem/background.js:22:15)", source: chrome-extension://nleagjjmkkjcfcajcnlgpddbdehflfem/_generated_background_page.html (0)
[15717:15717:0210/171827.999313:INFO:CONSOLE(0)] "Error in event handler: TypeError: Cannot read properties of undefined (reading 'postMessage')
    at logFunc (chrome-extension://nleagjjmkkjcfcajcnlgpddbdehflfem/background.js:16:14)
    at chrome.webRequest.onSendHeaders.addListener.urls (chrome-extension://nleagjjmkkjcfcajcnlgpddbdehflfem/background.js:34:15)", source: chrome-extension://nleagjjmkkjcfcajcnlgpddbdehflfem/_generated_background_page.html (0)
[15717:15717:0210/171828.004289:INFO:CONSOLE(0)] "Error in event handler: TypeError: Cannot read properties of undefined (reading 'postMessage')
    at logFunc (chrome-extension://nleagjjmkkjcfcajcnlgpddbdehflfem/background.js:16:14)
    at chrome.webRequest.onBeforeRequest.addListener.urls (chrome-extension://nleagjjmkkjcfcajcnlgpddbdehflfem/background.js:22:15)", source: chrome-extension://nleagjjmkkjcfcajcnlgpddbdehflfem/_generated_background_page.html (0)
[15717:15717:0210/171828.004342:INFO:CONSOLE(0)] "Error in event handler: TypeError: Cannot read properties of undefined (reading 'postMessage')
    at logFunc (chrome-extension://nleagjjmkkjcfcajcnlgpddbdehflfem/background.js:16:14)
    at chrome.webRequest.onSendHeaders.addListener.urls (chrome-extension://nleagjjmkkjcfcajcnlgpddbdehflfem/background.js:34:15)", source: chrome-extension://nleagjjmkkjcfcajcnlgpddbdehflfem/_generated_background_page.html (0)
[15717:15717:0210/171829.103706:INFO:CONSOLE(0)] "Error in event handler: TypeError: Cannot read properties of undefined (reading 'postMessage')
    at logFunc (chrome-extension://nleagjjmkkjcfcajcnlgpddbdehflfem/background.js:16:14)
    at chrome.webRequest.onBeforeRequest.addListener.urls (chrome-extension://nleagjjmkkjcfcajcnlgpddbdehflfem/background.js:22:15)", source: chrome-extension://nleagjjmkkjcfcajcnlgpddbdehflfem/_generated_background_page.html (0)
[15717:15717:0210/171829.103775:INFO:CONSOLE(0)] "Error in event handler: TypeError: Cannot read properties of undefined (reading 'postMessage')
    at logFunc (chrome-extension://nleagjjmkkjcfcajcnlgpddbdehflfem/background.js:16:14)
    at chrome.webRequest.onSendHeaders.addListener.urls (chrome-extension://nleagjjmkkjcfcajcnlgpddbdehflfem/background.js:34:15)", source: chrome-extension://nleagjjmkkjcfcajcnlgpddbdehflfem/_generated_background_page.html (0)
[15717:15717:0210/171829.103881:INFO:CONSOLE(0)] "Error in event handler: TypeError: Cannot read properties of undefined (reading 'postMessage')
    at logFunc (chrome-extension://nleagjjmkkjcfcajcnlgpddbdehflfem/background.js:16:14)
    at chrome.webRequest.onBeforeRequest.addListener.urls (chrome-extension://nleagjjmkkjcfcajcnlgpddbdehflfem/background.js:22:15)", source: chrome-extension://nleagjjmkkjcfcajcnlgpddbdehflfem/_generated_background_page.html (0)
[15717:15717:0210/171829.103906:INFO:CONSOLE(0)] "Error in event handler: TypeError: Cannot read properties of undefined (reading 'postMessage')
    at logFunc (chrome-extension://nleagjjmkkjcfcajcnlgpddbdehflfem/background.js:16:14)
    at chrome.webRequest.onSendHeaders.addListener.urls (chrome-extension://nleagjjmkkjcfcajcnlgpddbdehflfem/background.js:34:15)", source: chrome-extension://nleagjjmkkjcfcajcnlgpddbdehflfem/_generated_background_page.html (0)
[15717:15717:0210/171829.103927:INFO:CONSOLE(0)] "Error in event handler: TypeError: Cannot read properties of undefined (reading 'postMessage')
    at logFunc (chrome-extension://nleagjjmkkjcfcajcnlgpddbdehflfem/background.js:16:14)
    at chrome.webRequest.onBeforeRequest.addListener.urls (chrome-extension://nleagjjmkkjcfcajcnlgpddbdehflfem/background.js:22:15)", source: chrome-extension://nleagjjmkkjcfcajcnlgpddbdehflfem/_generated_background_page.html (0)
[15717:15717:0210/171829.103949:INFO:CONSOLE(0)] "Error in event handler: TypeError: Cannot read properties of undefined (reading 'postMessage')
    at logFunc (chrome-extension://nleagjjmkkjcfcajcnlgpddbdehflfem/background.js:16:14)
    at chrome.webRequest.onSendHeaders.addListener.urls (chrome-extension://nleagjjmkkjcfcajcnlgpddbdehflfem/background.js:34:15)", source: chrome-extension://nleagjjmkkjcfcajcnlgpddbdehflfem/_generated_background_page.html (0)
[15760:15783:0210/171831.529645:ERROR:ssl_client_socket_impl.cc(976)] handshake failed; returned -1, SSL error code 1, net_error -101
[15717:15717:0210/171835.833405:INFO:CONSOLE(0)] "Error in event handler: TypeError: Cannot read properties of undefined (reading 'postMessage')
    at logFunc (chrome-extension://nleagjjmkkjcfcajcnlgpddbdehflfem/background.js:16:14)
    at chrome.webRequest.onResponseStarted.addListener.urls (chrome-extension://nleagjjmkkjcfcajcnlgpddbdehflfem/background.js:28:15)", source: chrome-extension://nleagjjmkkjcfcajcnlgpddbdehflfem/_generated_background_page.html (0)
[15717:15748:0210/171841.743693:WARNING:bus.cc(637)] Bus::SendWithReplyAndBlock took 25021ms to process message: type=method_call, path=/org/freedesktop/Notifications, interface=org.freedesktop.Notifications, member=GetCapabilities
[15717:15748:0210/171841.743764:ERROR:object_proxy.cc(642)] Failed to call method: org.freedesktop.Notifications.GetCapabilities: object_path= /org/freedesktop/Notifications: org.freedesktop.DBus.Error.NoReply: Did not receive a reply. Possible causes include: the remote application did not send a reply, the message bus security policy blocked the reply, the reply timeout expired, or the network connection was broken.
[15717:15717:0210/171844.813363:INFO:CONSOLE(0)] "Error in event handler: TypeError: Cannot read properties of undefined (reading 'postMessage')
    at logFunc (chrome-extension://nleagjjmkkjcfcajcnlgpddbdehflfem/background.js:16:14)
    at chrome.webRequest.onResponseStarted.addListener.urls (chrome-extension://nleagjjmkkjcfcajcnlgpddbdehflfem/background.js:28:15)", source: chrome-extension://nleagjjmkkjcfcajcnlgpddbdehflfem/_generated_background_page.html (0)
[15717:15717:0210/171844.814467:INFO:CONSOLE(0)] "Error in event handler: TypeError: Cannot read properties of undefined (reading 'postMessage')
    at logFunc (chrome-extension://nleagjjmkkjcfcajcnlgpddbdehflfem/background.js:16:14)
    at chrome.webRequest.onCompleted.addListener.urls (chrome-extension://nleagjjmkkjcfcajcnlgpddbdehflfem/background.js:47:15)", source: chrome-extension://nleagjjmkkjcfcajcnlgpddbdehflfem/_generated_background_page.html (0)
[15717:15717:0210/171850.606266:INFO:CONSOLE(0)] "Error in event handler: TypeError: Cannot read properties of undefined (reading 'postMessage')
    at logFunc (chrome-extension://nleagjjmkkjcfcajcnlgpddbdehflfem/background.js:16:14)
    at chrome.webRequest.onResponseStarted.addListener.urls (chrome-extension://nleagjjmkkjcfcajcnlgpddbdehflfem/background.js:28:15)", source: chrome-extension://nleagjjmkkjcfcajcnlgpddbdehflfem/_generated_background_page.html (0)
[15717:15717:0210/171856.964253:INFO:CONSOLE(0)] "Error in event handler: TypeError: Cannot read properties of undefined (reading 'postMessage')
    at logFunc (chrome-extension://nleagjjmkkjcfcajcnlgpddbdehflfem/background.js:16:14)
    at chrome.webRequest.onResponseStarted.addListener.urls (chrome-extension://nleagjjmkkjcfcajcnlgpddbdehflfem/background.js:28:15)", source: chrome-extension://nleagjjmkkjcfcajcnlgpddbdehflfem/_generated_background_page.html (0)
[15717:15717:0210/171857.524518:INFO:CONSOLE(0)] "Error in event handler: TypeError: Cannot read properties of undefined (reading 'postMessage')
    at logFunc (chrome-extension://nleagjjmkkjcfcajcnlgpddbdehflfem/background.js:16:14)
    at chrome.webRequest.onCompleted.addListener.urls (chrome-extension://nleagjjmkkjcfcajcnlgpddbdehflfem/background.js:47:15)", source: chrome-extension://nleagjjmkkjcfcajcnlgpddbdehflfem/_generated_background_page.html (0)
[15760:15782:0210/171857.800170:WARNING:key_storage_linux.cc(178)] OSCrypt tried Libsecret but couldn't initialise.
[15717:15717:0210/171904.257517:INFO:CONSOLE(0)] "Error in event handler: TypeError: Cannot read properties of undefined (reading 'postMessage')
    at logFunc (chrome-extension://nleagjjmkkjcfcajcnlgpddbdehflfem/background.js:16:14)
    at chrome.webRequest.onResponseStarted.addListener.urls (chrome-extension://nleagjjmkkjcfcajcnlgpddbdehflfem/background.js:28:15)", source: chrome-extension://nleagjjmkkjcfcajcnlgpddbdehflfem/_generated_background_page.html (0)
[15717:15717:0210/171906.874494:INFO:CONSOLE(0)] "Error in event handler: TypeError: Cannot read properties of undefined (reading 'postMessage')
    at logFunc (chrome-extension://nleagjjmkkjcfcajcnlgpddbdehflfem/background.js:16:14)
    at chrome.webRequest.onCompleted.addListener.urls (chrome-extension://nleagjjmkkjcfcajcnlgpddbdehflfem/background.js:47:15)", source: chrome-extension://nleagjjmkkjcfcajcnlgpddbdehflfem/_generated_background_page.html (0)
[15717:15717:0210/171916.225098:INFO:CONSOLE(0)] "Error in event handler: TypeError: Cannot read properties of undefined (reading 'postMessage')
    at logFunc (chrome-extension://nleagjjmkkjcfcajcnlgpddbdehflfem/background.js:16:14)
    at chrome.webRequest.onCompleted.addListener.urls (chrome-extension://nleagjjmkkjcfcajcnlgpddbdehflfem/background.js:47:15)", source: chrome-extension://nleagjjmkkjcfcajcnlgpddbdehflfem/_generated_background_page.html (0)
[15717:15717:0210/171959.105943:INFO:CONSOLE(0)] "Error in event handler: TypeError: Cannot read properties of undefined (reading 'postMessage')
    at logFunc (chrome-extension://nleagjjmkkjcfcajcnlgpddbdehflfem/background.js:16:14)
    at chrome.webRequest.onCompleted.addListener.urls (chrome-extension://nleagjjmkkjcfcajcnlgpddbdehflfem/background.js:47:15)", source: chrome-extension://nleagjjmkkjcfcajcnlgpddbdehflfem/_generated_background_page.html (0)
[15717:15717:0210/171959.193736:INFO:CONSOLE(0)] "Error in event handler: TypeError: Cannot read properties of undefined (reading 'postMessage')
    at logFunc (chrome-extension://nleagjjmkkjcfcajcnlgpddbdehflfem/background.js:16:14)
    at chrome.webRequest.onBeforeRequest.addListener.urls (chrome-extension://nleagjjmkkjcfcajcnlgpddbdehflfem/background.js:22:15)", source: chrome-extension://nleagjjmkkjcfcajcnlgpddbdehflfem/_generated_background_page.html (0)
[15717:15717:0210/171959.193824:INFO:CONSOLE(0)] "Error in event handler: TypeError: Cannot read properties of undefined (reading 'postMessage')
    at logFunc (chrome-extension://nleagjjmkkjcfcajcnlgpddbdehflfem/background.js:16:14)
    at chrome.webRequest.onSendHeaders.addListener.urls (chrome-extension://nleagjjmkkjcfcajcnlgpddbdehflfem/background.js:34:15)", source: chrome-extension://nleagjjmkkjcfcajcnlgpddbdehflfem/_generated_background_page.html (0)
[15717:15717:0210/171959.201846:INFO:CONSOLE(0)] "Error in event handler: TypeError: Cannot read properties of undefined (reading 'postMessage')
    at logFunc (chrome-extension://nleagjjmkkjcfcajcnlgpddbdehflfem/background.js:16:14)
    at chrome.webRequest.onBeforeRequest.addListener.urls (chrome-extension://nleagjjmkkjcfcajcnlgpddbdehflfem/background.js:22:15)", source: chrome-extension://nleagjjmkkjcfcajcnlgpddbdehflfem/_generated_background_page.html (0)
[15717:15717:0210/171959.201904:INFO:CONSOLE(0)] "Error in event handler: TypeError: Cannot read properties of undefined (reading 'postMessage')
    at logFunc (chrome-extension://nleagjjmkkjcfcajcnlgpddbdehflfem/background.js:16:14)
    at chrome.webRequest.onSendHeaders.addListener.urls (chrome-extension://nleagjjmkkjcfcajcnlgpddbdehflfem/background.js:34:15)", source: chrome-extension://nleagjjmkkjcfcajcnlgpddbdehflfem/_generated_background_page.html (0)
[15717:15717:0210/171959.259077:INFO:CONSOLE(0)] "Error in event handler: TypeError: Cannot read properties of undefined (reading 'postMessage')
    at logFunc (chrome-extension://nleagjjmkkjcfcajcnlgpddbdehflfem/background.js:16:14)
    at chrome.webRequest.onBeforeRequest.addListener.urls (chrome-extension://nleagjjmkkjcfcajcnlgpddbdehflfem/background.js:22:15)", source: chrome-extension://nleagjjmkkjcfcajcnlgpddbdehflfem/_generated_background_page.html (0)
[15717:15717:0210/171959.259144:INFO:CONSOLE(0)] "Error in event handler: TypeError: Cannot read properties of undefined (reading 'postMessage')
    at logFunc (chrome-extension://nleagjjmkkjcfcajcnlgpddbdehflfem/background.js:16:14)
    at chrome.webRequest.onSendHeaders.addListener.urls (chrome-extension://nleagjjmkkjcfcajcnlgpddbdehflfem/background.js:34:15)", source: chrome-extension://nleagjjmkkjcfcajcnlgpddbdehflfem/_generated_background_page.html (0)
[15717:15717:0210/171959.304615:INFO:CONSOLE(0)] "Error in event handler: TypeError: Cannot read properties of undefined (reading 'postMessage')
    at logFunc (chrome-extension://nleagjjmkkjcfcajcnlgpddbdehflfem/background.js:16:14)
    at chrome.webRequest.onBeforeRequest.addListener.urls (chrome-extension://nleagjjmkkjcfcajcnlgpddbdehflfem/background.js:22:15)", source: chrome-extension://nleagjjmkkjcfcajcnlgpddbdehflfem/_generated_background_page.html (0)
[15717:15717:0210/171959.304678:INFO:CONSOLE(0)] "Error in event handler: TypeError: Cannot read properties of undefined (reading 'postMessage')
    at logFunc (chrome-extension://nleagjjmkkjcfcajcnlgpddbdehflfem/background.js:16:14)
    at chrome.webRequest.onSendHeaders.addListener.urls (chrome-extension://nleagjjmkkjcfcajcnlgpddbdehflfem/background.js:34:15)", source: chrome-extension://nleagjjmkkjcfcajcnlgpddbdehflfem/_generated_background_page.html (0)
[15717:15717:0210/171959.313086:INFO:CONSOLE(128)] "Uncaught (in promise) Error: Could not establish connection. Receiving end does not exist.", source: chrome-extension://nhjejghfobloljpipmmgefggimbdefbo/polyfill.js (128)
[15717:15717:0210/171959.410017:INFO:CONSOLE(1)] "CONTENT SCRIPT", source: chrome-extension://nleagjjmkkjcfcajcnlgpddbdehflfem/content.js (1)
[15717:15717:0210/172000.681338:INFO:CONSOLE(36)] "RESPONSE_STARTED 1644513600680 {"frameId":0,"fromCache":false,"initiator":"https://www.youtube.com","ip":"142.251.12.93","method":"GET","parentFrameId":-1,"requestId":"70","statusCode":200,"statusLine":"HTTP/1.1 200","tabId":2,"timeStamp":1644513600679.552,"type":"script","url":"https://www.youtube.com/s/player/96dcbc8c/player_ias.vflset/en_US/remote.js"}", source: chrome-extension://nleagjjmkkjcfcajcnlgpddbdehflfem/content.js (36)
[15717:15717:0210/172001.207680:INFO:CONSOLE(36)] "BEFORE_REQUEST 1644513601206 {"frameId":0,"initiator":"https://www.youtube.com","method":"POST","parentFrameId":-1,"requestId":"72","tabId":2,"timeStamp":1644513601206.305,"type":"xmlhttprequest","url":"https://www.youtube.com/youtubei/v1/log_event?alt=json&key=AIzaSyAO_FJ2SlqU8Q4STEHLGCilw_Y9_11qcW8"}", source: chrome-extension://nleagjjmkkjcfcajcnlgpddbdehflfem/content.js (36)
[15717:15717:0210/172001.207731:INFO:CONSOLE(36)] "SEND_HEADERS 1644513601206 {"frameId":0,"initiator":"https://www.youtube.com","method":"POST","parentFrameId":-1,"requestId":"72","tabId":2,"timeStamp":1644513601206.362,"type":"xmlhttprequest","url":"https://www.youtube.com/youtubei/v1/log_event?alt=json&key=AIzaSyAO_FJ2SlqU8Q4STEHLGCilw_Y9_11qcW8"}", source: chrome-extension://nleagjjmkkjcfcajcnlgpddbdehflfem/content.js (36)
[15717:15717:0210/172002.645625:INFO:CONSOLE(36)] "COMPLETE 1644513602633 {"frameId":0,"fromCache":false,"initiator":"https://www.youtube.com","ip":"142.251.12.93","method":"GET","parentFrameId":-1,"requestId":"70","responseHeaders":[{"name":"accept-ranges","value":"bytes"},{"name":"vary","value":"Accept-Encoding, Origin"},{"name":"content-encoding","value":"br"},{"name":"cross-origin-resource-policy","value":"cross-origin"},{"name":"cross-origin-opener-policy-report-only","value":"same-origin; report-to=\"youtube\""},{"name":"report-to","value":"{\"group\":\"youtube\",\"max_age\":2592000,\"endpoints\":[{\"url\":\"https://csp.withgoogle.com/csp/report-to/youtube\"}]}"},{"name":"content-length","value":"30660"},{"name":"x-content-type-options","value":"nosniff"},{"name":"server","value":"sffe"},{"name":"x-xss-protection","value":"0"},{"name":"date","value":"Wed, 09 Feb 2022 16:58:08 GMT"},{"name":"expires","value":"Thu, 09 Feb 2023 16:58:08 GMT"},{"name":"cache-control","value":"public, max-age=31536000"},{"name":"last-modified","value":"Wed, 09 Feb 2022 01:19:32 GMT"},{"name":"content-type","value":"text/javascript"},{"name":"age","value":"87711"},{"name":"alt-svc","value":"h3=\":443\"; ma=2592000,h3-29=\":443\"; ma=2592000,h3-Q050=\":443\"; ma=2592000,h3-Q046=\":443\"; ma=2592000,h3-Q043=\":443\"; ma=2592000,quic=\":443\"; ma=2592000; v=\"46,43\""}],"statusCode":200,"statusLine":"HTTP/1.1 200","tabId":2,"timeStamp":1644513602632.959,"type":"script","url":"https://www.youtube.com/s/player/96dcbc8c/player_ias.vflset/en_US/remote.js"}", source: chrome-extension://nleagjjmkkjcfcajcnlgpddbdehflfem/content.js (36)
[15717:15717:0210/172002.645882:INFO:CONSOLE(36)] "BEFORE_REQUEST 1644513602642 {"frameId":0,"initiator":"https://www.youtube.com","method":"GET","parentFrameId":-1,"requestId":"73","tabId":2,"timeStamp":1644513602641.885,"type":"script","url":"https://www.gstatic.com/cv/js/sender/v1/cast_sender.js"}", source: chrome-extension://nleagjjmkkjcfcajcnlgpddbdehflfem/content.js (36)
[15717:15717:0210/172002.646031:INFO:CONSOLE(36)] "SEND_HEADERS 1644513602642 {"frameId":0,"initiator":"https://www.youtube.com","method":"GET","parentFrameId":-1,"requestId":"73","tabId":2,"timeStamp":1644513602641.936,"type":"script","url":"https://www.gstatic.com/cv/js/sender/v1/cast_sender.js"}", source: chrome-extension://nleagjjmkkjcfcajcnlgpddbdehflfem/content.js (36)
[15717:15717:0210/172002.726952:INFO:CONSOLE(36)] "RESPONSE_STARTED 1644513602726 {"frameId":0,"fromCache":false,"initiator":"https://www.youtube.com","ip":"142.251.12.93","method":"GET","parentFrameId":-1,"requestId":"71","statusCode":200,"statusLine":"HTTP/1.1 200","tabId":2,"timeStamp":1644513602725.6848,"type":"script","url":"https://www.youtube.com/s/player/96dcbc8c/player_ias.vflset/en_US/embed.js"}", source: chrome-extension://nleagjjmkkjcfcajcnlgpddbdehflfem/content.js (36)
[15717:15717:0210/172003.197017:INFO:CONSOLE(36)] "COMPLETE 1644513603191 {"frameId":0,"fromCache":false,"initiator":"https://www.youtube.com","ip":"142.251.12.93","method":"GET","parentFrameId":-1,"requestId":"71","responseHeaders":[{"name":"accept-ranges","value":"bytes"},{"name":"vary","value":"Accept-Encoding, Origin"},{"name":"content-encoding","value":"br"},{"name":"cross-origin-resource-policy","value":"cross-origin"},{"name":"cross-origin-opener-policy-report-only","value":"same-origin; report-to=\"youtube\""},{"name":"report-to","value":"{\"group\":\"youtube\",\"max_age\":2592000,\"endpoints\":[{\"url\":\"https://csp.withgoogle.com/csp/report-to/youtube\"}]}"},{"name":"content-length","value":"7644"},{"name":"x-content-type-options","value":"nosniff"},{"name":"server","value":"sffe"},{"name":"x-xss-protection","value":"0"},{"name":"date","value":"Wed, 09 Feb 2022 16:50:18 GMT"},{"name":"expires","value":"Thu, 09 Feb 2023 16:50:18 GMT"},{"name":"cache-control","value":"public, max-age=31536000"},{"name":"last-modified","value":"Wed, 09 Feb 2022 01:19:32 GMT"},{"name":"content-type","value":"text/javascript"},{"name":"age","value":"88181"},{"name":"alt-svc","value":"h3=\":443\"; ma=2592000,h3-29=\":443\"; ma=2592000,h3-Q050=\":443\"; ma=2592000,h3-Q046=\":443\"; ma=2592000,h3-Q043=\":443\"; ma=2592000,quic=\":443\"; ma=2592000; v=\"46,43\""}],"statusCode":200,"statusLine":"HTTP/1.1 200","tabId":2,"timeStamp":1644513603191.4001,"type":"script","url":"https://www.youtube.com/s/player/96dcbc8c/player_ias.vflset/en_US/embed.js"}", source: chrome-extension://nleagjjmkkjcfcajcnlgpddbdehflfem/content.js (36)
[15717:15717:0210/172003.285531:INFO:CONSOLE(36)] "RESPONSE_STARTED 1644513603284 {"frameId":0,"fromCache":false,"initiator":"https://www.youtube.com","ip":"142.251.12.93","method":"POST","parentFrameId":-1,"requestId":"72","statusCode":200,"statusLine":"HTTP/1.1 200","tabId":2,"timeStamp":1644513603283.766,"type":"xmlhttprequest","url":"https://www.youtube.com/youtubei/v1/log_event?alt=json&key=AIzaSyAO_FJ2SlqU8Q4STEHLGCilw_Y9_11qcW8"}", source: chrome-extension://nleagjjmkkjcfcajcnlgpddbdehflfem/content.js (36)
[15717:15717:0210/172003.286806:INFO:CONSOLE(36)] "COMPLETE 1644513603285 {"frameId":0,"fromCache":false,"initiator":"https://www.youtube.com","ip":"142.251.12.93","method":"POST","parentFrameId":-1,"requestId":"72","responseHeaders":[{"name":"content-type","value":"application/json; charset=UTF-8"},{"name":"vary","value":"Origin"},{"name":"vary","value":"X-Origin"},{"name":"vary","value":"Referer"},{"name":"content-encoding","value":"br"},{"name":"date","value":"Thu, 10 Feb 2022 17:20:01 GMT"},{"name":"server","value":"ESF"},{"name":"content-length","value":"31"},{"name":"x-xss-protection","value":"0"},{"name":"x-frame-options","value":"SAMEORIGIN"},{"name":"x-content-type-options","value":"nosniff"},{"name":"alt-svc","value":"h3=\":443\"; ma=2592000,h3-29=\":443\"; ma=2592000,h3-Q050=\":443\"; ma=2592000,h3-Q046=\":443\"; ma=2592000,h3-Q043=\":443\"; ma=2592000,quic=\":443\"; ma=2592000; v=\"46,43\""}],"statusCode":200,"statusLine":"HTTP/1.1 200","tabId":2,"timeStamp":1644513603284.812,"type":"xmlhttprequest","url":"https://www.youtube.com/youtubei/v1/log_event?alt=json&key=AIzaSyAO_FJ2SlqU8Q4STEHLGCilw_Y9_11qcW8"}", source: chrome-extension://nleagjjmkkjcfcajcnlgpddbdehflfem/content.js (36)
[15717:15717:0210/172005.199383:INFO:CONSOLE(36)] "BEFORE_REQUEST 1644513605197 {"frameId":0,"initiator":"https://www.youtube.com","method":"POST","parentFrameId":-1,"requestId":"74","tabId":2,"timeStamp":1644513605197.699,"type":"xmlhttprequest","url":"https://www.youtube.com/youtubei/v1/log_event?alt=json&key=AIzaSyAO_FJ2SlqU8Q4STEHLGCilw_Y9_11qcW8"}", source: chrome-extension://nleagjjmkkjcfcajcnlgpddbdehflfem/content.js (36)
[15717:15717:0210/172005.199505:INFO:CONSOLE(36)] "SEND_HEADERS 1644513605198 {"frameId":0,"initiator":"https://www.youtube.com","method":"POST","parentFrameId":-1,"requestId":"74","tabId":2,"timeStamp":1644513605197.7551,"type":"xmlhttprequest","url":"https://www.youtube.com/youtubei/v1/log_event?alt=json&key=AIzaSyAO_FJ2SlqU8Q4STEHLGCilw_Y9_11qcW8"}", source: chrome-extension://nleagjjmkkjcfcajcnlgpddbdehflfem/content.js (36)
[15717:15717:0210/172005.612754:INFO:CONSOLE(36)] "RESPONSE_STARTED 1644513605610 {"frameId":0,"fromCache":false,"initiator":"https://www.youtube.com","ip":"74.125.68.149","method":"GET","parentFrameId":-1,"requestId":"69","statusCode":200,"statusLine":"HTTP/1.1 200","tabId":2,"timeStamp":1644513605610.1128,"type":"script","url":"https://static.doubleclick.net/instream/ad_status.js"}", source: chrome-extension://nleagjjmkkjcfcajcnlgpddbdehflfem/content.js (36)
[15717:15717:0210/172005.613376:INFO:CONSOLE(36)] "COMPLETE 1644513605612 {"frameId":0,"fromCache":false,"initiator":"https://www.youtube.com","ip":"74.125.68.149","method":"GET","parentFrameId":-1,"requestId":"69","responseHeaders":[{"name":"accept-ranges","value":"bytes"},{"name":"access-control-allow-origin","value":"*"},{"name":"cross-origin-resource-policy","value":"cross-origin"},{"name":"cross-origin-opener-policy-report-only","value":"same-origin; report-to=\"ads-doubleclick-media\""},{"name":"report-to","value":"{\"group\":\"ads-doubleclick-media\",\"max_age\":2592000,\"endpoints\":[{\"url\":\"https://csp.withgoogle.com/csp/report-to/ads-doubleclick-media\"}]}"},{"name":"timing-allow-origin","value":"*"},{"name":"content-length","value":"29"},{"name":"x-content-type-options","value":"nosniff"},{"name":"server","value":"sffe"},{"name":"x-xss-protection","value":"0"},{"name":"date","value":"Thu, 10 Feb 2022 17:07:41 GMT"},{"name":"expires","value":"Thu, 10 Feb 2022 17:22:41 GMT"},{"name":"cache-control","value":"public, max-age=900"},{"name":"age","value":"742"},{"name":"last-modified","value":"Thu, 12 Dec 2013 23:40:16 GMT"},{"name":"content-type","value":"text/javascript"},{"name":"alt-svc","value":"h3=\":443\"; ma=2592000,h3-29=\":443\"; ma=2592000,h3-Q050=\":443\"; ma=2592000,h3-Q046=\":443\"; ma=2592000,h3-Q043=\":443\"; ma=2592000,quic=\":443\"; ma=2592000; v=\"46,43\""}],"statusCode":200,"statusLine":"HTTP/1.1 200","tabId":2,"timeStamp":1644513605611.0078,"type":"script","url":"https://static.doubleclick.net/instream/ad_status.js"}", source: chrome-extension://nleagjjmkkjcfcajcnlgpddbdehflfem/content.js (36)
[15760:15783:0210/172005.794229:WARNING:spdy_session.cc(3499)] Received HEADERS for invalid stream 1
[15717:15717:0210/172007.378362:INFO:CONSOLE(36)] "RESPONSE_STARTED 1644513607376 {"frameId":0,"fromCache":false,"initiator":"https://www.youtube.com","ip":"142.251.12.93","method":"POST","parentFrameId":-1,"requestId":"74","statusCode":200,"statusLine":"HTTP/1.1 200","tabId":2,"timeStamp":1644513607376.2542,"type":"xmlhttprequest","url":"https://www.youtube.com/youtubei/v1/log_event?alt=json&key=AIzaSyAO_FJ2SlqU8Q4STEHLGCilw_Y9_11qcW8"}", source: chrome-extension://nleagjjmkkjcfcajcnlgpddbdehflfem/content.js (36)
[15717:15717:0210/172007.378815:INFO:CONSOLE(36)] "COMPLETE 1644513607377 {"frameId":0,"fromCache":false,"initiator":"https://www.youtube.com","ip":"142.251.12.93","method":"POST","parentFrameId":-1,"requestId":"74","responseHeaders":[{"name":"content-type","value":"application/json; charset=UTF-8"},{"name":"vary","value":"Origin"},{"name":"vary","value":"X-Origin"},{"name":"vary","value":"Referer"},{"name":"content-encoding","value":"br"},{"name":"date","value":"Thu, 10 Feb 2022 17:20:05 GMT"},{"name":"server","value":"ESF"},{"name":"content-length","value":"31"},{"name":"x-xss-protection","value":"0"},{"name":"x-frame-options","value":"SAMEORIGIN"},{"name":"x-content-type-options","value":"nosniff"},{"name":"alt-svc","value":"h3=\":443\"; ma=2592000,h3-29=\":443\"; ma=2592000,h3-Q050=\":443\"; ma=2592000,h3-Q046=\":443\"; ma=2592000,h3-Q043=\":443\"; ma=2592000,quic=\":443\"; ma=2592000; v=\"46,43\""}],"statusCode":200,"statusLine":"HTTP/1.1 200","tabId":2,"timeStamp":1644513607377.665,"type":"xmlhttprequest","url":"https://www.youtube.com/youtubei/v1/log_event?alt=json&key=AIzaSyAO_FJ2SlqU8Q4STEHLGCilw_Y9_11qcW8"}", source: chrome-extension://nleagjjmkkjcfcajcnlgpddbdehflfem/content.js (36)
[15717:15717:0210/172008.589489:INFO:CONSOLE(36)] "RESPONSE_STARTED 1644513608585 {"frameId":0,"fromCache":false,"initiator":"https://www.youtube.com","ip":"142.251.10.94","method":"GET","parentFrameId":-1,"requestId":"73","statusCode":200,"statusLine":"HTTP/1.1 200","tabId":2,"timeStamp":1644513608585.071,"type":"script","url":"https://www.gstatic.com/cv/js/sender/v1/cast_sender.js"}", source: chrome-extension://nleagjjmkkjcfcajcnlgpddbdehflfem/content.js (36)
[15717:15717:0210/172008.591019:INFO:CONSOLE(36)] "COMPLETE 1644513608587 {"frameId":0,"fromCache":false,"initiator":"https://www.youtube.com","ip":"142.251.10.94","method":"GET","parentFrameId":-1,"requestId":"73","responseHeaders":[{"name":"accept-ranges","value":"bytes"},{"name":"vary","value":"Accept-Encoding"},{"name":"content-encoding","value":"gzip"},{"name":"content-type","value":"text/javascript"},{"name":"content-security-policy-report-only","value":"require-trusted-types-for 'script'; report-uri https://csp.withgoogle.com/csp/cloudview"},{"name":"cross-origin-resource-policy","value":"cross-origin"},{"name":"cross-origin-opener-policy","value":"same-origin; report-to=\"cloudview\""},{"name":"report-to","value":"{\"group\":\"cloudview\",\"max_age\":2592000,\"endpoints\":[{\"url\":\"https://csp.withgoogle.com/csp/report-to/cloudview\"}]}"},{"name":"content-length","value":"2007"},{"name":"date","value":"Thu, 10 Feb 2022 17:20:06 GMT"},{"name":"expires","value":"Thu, 10 Feb 2022 17:20:06 GMT"},{"name":"cache-control","value":"private, max-age=3000"},{"name":"last-modified","value":"Tue, 16 Feb 2021 23:57:06 GMT"},{"name":"x-content-type-options","value":"nosniff"},{"name":"server","value":"sffe"},{"name":"x-xss-protection","value":"0"},{"name":"alt-svc","value":"h3=\":443\"; ma=2592000,h3-29=\":443\"; ma=2592000,h3-Q050=\":443\"; ma=2592000,h3-Q046=\":443\"; ma=2592000,h3-Q043=\":443\"; ma=2592000,quic=\":443\"; ma=2592000; v=\"46,43\""}],"statusCode":200,"statusLine":"HTTP/1.1 200","tabId":2,"timeStamp":1644513608587.041,"type":"script","url":"https://www.gstatic.com/cv/js/sender/v1/cast_sender.js"}", source: chrome-extension://nleagjjmkkjcfcajcnlgpddbdehflfem/content.js (36)
[15717:15717:0210/172008.591961:INFO:CONSOLE(36)] "BEFORE_REQUEST 1644513608590 {"frameId":0,"initiator":"https://www.youtube.com","method":"GET","parentFrameId":-1,"requestId":"75","tabId":2,"timeStamp":1644513608590.225,"type":"script","url":"https://www.gstatic.com/eureka/clank/95/cast_sender.js"}", source: chrome-extension://nleagjjmkkjcfcajcnlgpddbdehflfem/content.js (36)
[15717:15717:0210/172008.591984:INFO:CONSOLE(36)] "SEND_HEADERS 1644513608590 {"frameId":0,"initiator":"https://www.youtube.com","method":"GET","parentFrameId":-1,"requestId":"75","tabId":2,"timeStamp":1644513608590.53,"type":"script","url":"https://www.gstatic.com/eureka/clank/95/cast_sender.js"}", source: chrome-extension://nleagjjmkkjcfcajcnlgpddbdehflfem/content.js (36)
[15717:15717:0210/172010.632637:INFO:CONSOLE(36)] "RESPONSE_STARTED 1644513610631 {"frameId":0,"fromCache":false,"initiator":"https://www.youtube.com","ip":"142.251.10.94","method":"GET","parentFrameId":-1,"requestId":"75","statusCode":200,"statusLine":"HTTP/1.1 200","tabId":2,"timeStamp":1644513610631.044,"type":"script","url":"https://www.gstatic.com/eureka/clank/95/cast_sender.js"}", source: chrome-extension://nleagjjmkkjcfcajcnlgpddbdehflfem/content.js (36)
[15717:15717:0210/172011.748128:INFO:CONSOLE(36)] "COMPLETE 1644513611746 {"frameId":0,"fromCache":false,"initiator":"https://www.youtube.com","ip":"142.251.10.94","method":"GET","parentFrameId":-1,"requestId":"75","responseHeaders":[{"name":"accept-ranges","value":"bytes"},{"name":"vary","value":"Accept-Encoding"},{"name":"content-encoding","value":"gzip"},{"name":"content-security-policy-report-only","value":"require-trusted-types-for 'script'; report-uri https://csp.withgoogle.com/csp/cloudview-release"},{"name":"cross-origin-resource-policy","value":"cross-origin"},{"name":"cross-origin-opener-policy-report-only","value":"same-origin; report-to=\"cloudview-release\""},{"name":"report-to","value":"{\"group\":\"cloudview-release\",\"max_age\":2592000,\"endpoints\":[{\"url\":\"https://csp.withgoogle.com/csp/report-to/cloudview-release\"}]}"},{"name":"content-length","value":"15249"},{"name":"x-content-type-options","value":"nosniff"},{"name":"server","value":"sffe"},{"name":"x-xss-protection","value":"0"},{"name":"date","value":"Wed, 09 Feb 2022 18:05:45 GMT"},{"name":"expires","value":"Thu, 10 Feb 2022 18:05:45 GMT"},{"name":"cache-control","value":"public, max-age=86400"},{"name":"age","value":"83663"},{"name":"last-modified","value":"Wed, 22 Sep 2021 23:31:09 GMT"},{"name":"content-type","value":"text/javascript"},{"name":"alt-svc","value":"h3=\":443\"; ma=2592000,h3-29=\":443\"; ma=2592000,h3-Q050=\":443\"; ma=2592000,h3-Q046=\":443\"; ma=2592000,h3-Q043=\":443\"; ma=2592000,quic=\":443\"; ma=2592000; v=\"46,43\""}],"statusCode":200,"statusLine":"HTTP/1.1 200","tabId":2,"timeStamp":1644513611746.304,"type":"script","url":"https://www.gstatic.com/eureka/clank/95/cast_sender.js"}", source: chrome-extension://nleagjjmkkjcfcajcnlgpddbdehflfem/content.js (36)
[15717:15717:0210/172011.771553:INFO:CONSOLE(36)] "BEFORE_REQUEST 1644513611770 {"frameId":0,"initiator":"https://www.youtube.com","method":"GET","parentFrameId":-1,"requestId":"76","tabId":2,"timeStamp":1644513611769.166,"type":"image","url":"https://www.youtube.com/favicon.ico"}", source: chrome-extension://nleagjjmkkjcfcajcnlgpddbdehflfem/content.js (36)
[15717:15717:0210/172011.771726:INFO:CONSOLE(36)] "SEND_HEADERS 1644513611770 {"frameId":0,"initiator":"https://www.youtube.com","method":"GET","parentFrameId":-1,"requestId":"76","tabId":2,"timeStamp":1644513611769.247,"type":"image","url":"https://www.youtube.com/favicon.ico"}", source: chrome-extension://nleagjjmkkjcfcajcnlgpddbdehflfem/content.js (36)
[15717:15717:0210/172013.424154:INFO:CONSOLE(36)] "RESPONSE_STARTED 1644513613421 {"frameId":0,"fromCache":false,"initiator":"https://www.youtube.com","ip":"142.251.12.93","method":"GET","parentFrameId":-1,"requestId":"76","statusCode":200,"statusLine":"HTTP/1.1 200","tabId":2,"timeStamp":1644513613421.5952,"type":"image","url":"https://www.youtube.com/favicon.ico"}", source: chrome-extension://nleagjjmkkjcfcajcnlgpddbdehflfem/content.js (36)
[15717:15717:0210/172013.424215:INFO:CONSOLE(36)] "COMPLETE 1644513613422 {"frameId":0,"fromCache":false,"initiator":"https://www.youtube.com","ip":"142.251.12.93","method":"GET","parentFrameId":-1,"requestId":"76","responseHeaders":[{"name":"accept-ranges","value":"bytes"},{"name":"vary","value":"Accept-Encoding"},{"name":"content-encoding","value":"gzip"},{"name":"cross-origin-resource-policy","value":"cross-origin"},{"name":"cross-origin-opener-policy-report-only","value":"same-origin; report-to=\"youtube-marketing\""},{"name":"report-to","value":"{\"group\":\"youtube-marketing\",\"max_age\":2592000,\"endpoints\":[{\"url\":\"https://csp.withgoogle.com/csp/report-to/youtube-marketing\"}]}"},{"name":"content-length","value":"180"},{"name":"x-content-type-options","value":"nosniff"},{"name":"server","value":"sffe"},{"name":"x-xss-protection","value":"0"},{"name":"date","value":"Tue, 08 Feb 2022 19:00:32 GMT"},{"name":"expires","value":"Wed, 08 Feb 2023 19:00:32 GMT"},{"name":"cache-control","value":"public, max-age=31536000"},{"name":"last-modified","value":"Tue, 03 Mar 2020 20:15:00 GMT"},{"name":"content-type","value":"image/x-icon"},{"name":"age","value":"166779"},{"name":"alt-svc","value":"h3=\":443\"; ma=2592000,h3-29=\":443\"; ma=2592000,h3-Q050=\":443\"; ma=2592000,h3-Q046=\":443\"; ma=2592000,h3-Q043=\":443\"; ma=2592000,quic=\":443\"; ma=2592000; v=\"46,43\""}],"statusCode":200,"statusLine":"HTTP/1.1 200","tabId":2,"timeStamp":1644513613422.462,"type":"image","url":"https://www.youtube.com/favicon.ico"}", source: chrome-extension://nleagjjmkkjcfcajcnlgpddbdehflfem/content.js (36)
[15717:15717:0210/172021.765874:INFO:CONSOLE(36)] "BEFORE_REQUEST 1644513621765 {"frameId":0,"initiator":"https://www.youtube.com","method":"POST","parentFrameId":-1,"requestId":"77","tabId":2,"timeStamp":1644513621764.077,"type":"xmlhttprequest","url":"https://www.youtube.com/youtubei/v1/log_event?alt=json&key=AIzaSyAO_FJ2SlqU8Q4STEHLGCilw_Y9_11qcW8"}", source: chrome-extension://nleagjjmkkjcfcajcnlgpddbdehflfem/content.js (36)
[15717:15717:0210/172021.766267:INFO:CONSOLE(36)] "SEND_HEADERS 1644513621765 {"frameId":0,"initiator":"https://www.youtube.com","method":"POST","parentFrameId":-1,"requestId":"77","tabId":2,"timeStamp":1644513621764.171,"type":"xmlhttprequest","url":"https://www.youtube.com/youtubei/v1/log_event?alt=json&key=AIzaSyAO_FJ2SlqU8Q4STEHLGCilw_Y9_11qcW8"}", source: chrome-extension://nleagjjmkkjcfcajcnlgpddbdehflfem/content.js (36)
[15717:15717:0210/172022.878256:INFO:CONSOLE(36)] "RESPONSE_STARTED 1644513622876 {"frameId":0,"fromCache":false,"initiator":"https://www.youtube.com","ip":"142.251.12.93","method":"POST","parentFrameId":-1,"requestId":"77","statusCode":200,"statusLine":"HTTP/1.1 200","tabId":2,"timeStamp":1644513622876.466,"type":"xmlhttprequest","url":"https://www.youtube.com/youtubei/v1/log_event?alt=json&key=AIzaSyAO_FJ2SlqU8Q4STEHLGCilw_Y9_11qcW8"}", source: chrome-extension://nleagjjmkkjcfcajcnlgpddbdehflfem/content.js (36)
[15717:15717:0210/172022.878303:INFO:CONSOLE(36)] "COMPLETE 1644513622877 {"frameId":0,"fromCache":false,"initiator":"https://www.youtube.com","ip":"142.251.12.93","method":"POST","parentFrameId":-1,"requestId":"77","responseHeaders":[{"name":"content-type","value":"application/json; charset=UTF-8"},{"name":"vary","value":"Origin"},{"name":"vary","value":"X-Origin"},{"name":"vary","value":"Referer"},{"name":"content-encoding","value":"br"},{"name":"date","value":"Thu, 10 Feb 2022 17:20:22 GMT"},{"name":"server","value":"scaffolding on HTTPServer2"},{"name":"content-length","value":"31"},{"name":"x-xss-protection","value":"0"},{"name":"x-frame-options","value":"SAMEORIGIN"},{"name":"x-content-type-options","value":"nosniff"},{"name":"alt-svc","value":"h3=\":443\"; ma=2592000,h3-29=\":443\"; ma=2592000,h3-Q050=\":443\"; ma=2592000,h3-Q046=\":443\"; ma=2592000,h3-Q043=\":443\"; ma=2592000,quic=\":443\"; ma=2592000; v=\"46,43\""}],"statusCode":200,"statusLine":"HTTP/1.1 200","tabId":2,"timeStamp":1644513622876.956,"type":"xmlhttprequest","url":"https://www.youtube.com/youtubei/v1/log_event?alt=json&key=AIzaSyAO_FJ2SlqU8Q4STEHLGCilw_Y9_11qcW8"}", source: chrome-extension://nleagjjmkkjcfcajcnlgpddbdehflfem/content.js (36)
[15717:15717:0210/172200.411573:INFO:CONSOLE(29)] "Closing window 0", source: chrome-extension://nleagjjmkkjcfcajcnlgpddbdehflfem/content.js (29)
[15717:15717:0210/172200.506472:WARNING:pref_notifier_impl.cc(40)] Pref observer for media_router.cast_allow_all_ips found at shutdown.
