[4979:5091:1012/094834.503560:ERROR:bus.cc(392)] Failed to connect to the bus: Failed to connect to socket /tmp/dbus-ixdwMsFjCA: Connection refused
[4979:5091:1012/094834.503645:ERROR:bus.cc(392)] Failed to connect to the bus: Failed to connect to socket /tmp/dbus-ixdwMsFjCA: Connection refused
[4979:5091:1012/094834.512146:ERROR:bus.cc(392)] Failed to connect to the bus: Failed to connect to socket /tmp/dbus-ixdwMsFjCA: Connection refused
[4979:5091:1012/094834.512220:ERROR:bus.cc(392)] Failed to connect to the bus: Failed to connect to socket /tmp/dbus-ixdwMsFjCA: Connection refused
[5106:7:1012/094834.520556:WARNING:crashpad_client_linux.cc(306)] prctl: Invalid argument (22)
[5102:5102:1012/094834.544650:ERROR:gpu_init.cc(441)] Passthrough is not supported, GL is swiftshader
[4979:5111:1012/094834.608764:WARNING:external_pref_loader.cc(331)] You are using an old-style extension deployment method (external_extensions.json), which will soon be deprecated. (see http://developer.chrome.com/extensions/external_extensions.html)
[4979:4979:1012/094834.612445:WARNING:browser_main_loop.cc(271)] <unknown>: Couldn't connect to accessibility bus: Failed to connect to socket /tmp/dbus-ZAvxrYUX2Q: Connection refused
[5135:13:1012/094834.647203:WARNING:crashpad_client_linux.cc(306)] prctl: Invalid argument (22)
[5138:14:1012/094834.655566:WARNING:crashpad_client_linux.cc(306)] prctl: Invalid argument (22)
[5169:35:1012/094834.765103:WARNING:crashpad_client_linux.cc(306)] prctl: Invalid argument (22)
[5172:36:1012/094834.784492:WARNING:crashpad_client_linux.cc(306)] prctl: Invalid argument (22)
[5189:50:1012/094834.793977:WARNING:crashpad_client_linux.cc(306)] prctl: Invalid argument (22)
[5201:60:1012/094834.811478:WARNING:crashpad_client_linux.cc(306)] prctl: Invalid argument (22)
[5222:79:1012/094834.851773:WARNING:crashpad_client_linux.cc(306)] prctl: Invalid argument (22)
[5225:80:1012/094834.864006:WARNING:crashpad_client_linux.cc(306)] prctl: Invalid argument (22)
[4979:5091:1012/094835.168737:ERROR:bus.cc(392)] Failed to connect to the bus: Failed to connect to socket /tmp/dbus-ixdwMsFjCA: Connection refused
[4979:5091:1012/094835.168776:ERROR:bus.cc(392)] Failed to connect to the bus: Failed to connect to socket /tmp/dbus-ixdwMsFjCA: Connection refused
[5264:101:1012/094835.744820:WARNING:crashpad_client_linux.cc(306)] prctl: Invalid argument (22)
[4979:5163:1012/094836.204879:ERROR:bus.cc(392)] Failed to connect to the bus: Failed to connect to socket /tmp/dbus-ixdwMsFjCA: Connection refused
[4979:4979:1012/094836.204986:ERROR:object_proxy.cc(642)] Failed to call method: org.freedesktop.DBus.NameHasOwner: object_path= /org/freedesktop/DBus: unknown error type: 
[4979:5163:1012/094836.205039:ERROR:bus.cc(392)] Failed to connect to the bus: Failed to connect to socket /tmp/dbus-ixdwMsFjCA: Connection refused
[4979:4979:1012/094836.205069:ERROR:object_proxy.cc(642)] Failed to call method: org.freedesktop.DBus.NameHasOwner: object_path= /org/freedesktop/DBus: unknown error type: 
[4979:5163:1012/094836.205111:ERROR:bus.cc(392)] Failed to connect to the bus: Failed to connect to socket /tmp/dbus-ixdwMsFjCA: Connection refused
[4979:4979:1012/094836.205132:ERROR:object_proxy.cc(642)] Failed to call method: org.freedesktop.DBus.NameHasOwner: object_path= /org/freedesktop/DBus: unknown error type: 
[4979:5163:1012/094836.205171:ERROR:bus.cc(392)] Failed to connect to the bus: Failed to connect to socket /tmp/dbus-ixdwMsFjCA: Connection refused
[4979:4979:1012/094836.205192:ERROR:object_proxy.cc(642)] Failed to call method: org.freedesktop.DBus.NameHasOwner: object_path= /org/freedesktop/DBus: unknown error type: 
[4979:5163:1012/094836.205230:ERROR:bus.cc(392)] Failed to connect to the bus: Failed to connect to socket /tmp/dbus-ixdwMsFjCA: Connection refused
[4979:4979:1012/094836.205251:ERROR:object_proxy.cc(642)] Failed to call method: org.freedesktop.DBus.NameHasOwner: object_path= /org/freedesktop/DBus: unknown error type: 
[4979:4979:1012/094836.205259:WARNING:idle_linux.cc(110)] None of the known D-Bus ScreenSaver services could be used.
[4979:4979:1012/094837.781880:INFO:CONSOLE(0)] "Error in event handler: TypeError: Cannot read properties of undefined (reading 'postMessage')
    at logFunc (chrome-extension://nphlliopfobfddkbiohifpjfhljjpiob/background.js:11:14)
    at chrome.webRequest.onBeforeRequest.addListener.urls (chrome-extension://nphlliopfobfddkbiohifpjfhljjpiob/background.js:16:15)", source: chrome-extension://nphlliopfobfddkbiohifpjfhljjpiob/_generated_background_page.html (0)
[4979:4979:1012/094837.782080:INFO:CONSOLE(0)] "Error in event handler: TypeError: Cannot read properties of undefined (reading 'postMessage')
    at logFunc (chrome-extension://nphlliopfobfddkbiohifpjfhljjpiob/background.js:11:14)
    at chrome.webRequest.onSendHeaders.addListener.urls (chrome-extension://nphlliopfobfddkbiohifpjfhljjpiob/background.js:28:15)", source: chrome-extension://nphlliopfobfddkbiohifpjfhljjpiob/_generated_background_page.html (0)
[4979:4979:1012/094837.793318:INFO:CONSOLE(0)] "Error in event handler: TypeError: Cannot read properties of undefined (reading 'postMessage')
    at logFunc (chrome-extension://nphlliopfobfddkbiohifpjfhljjpiob/background.js:11:14)
    at chrome.webRequest.onBeforeRequest.addListener.urls (chrome-extension://nphlliopfobfddkbiohifpjfhljjpiob/background.js:16:15)", source: chrome-extension://nphlliopfobfddkbiohifpjfhljjpiob/_generated_background_page.html (0)
[4979:4979:1012/094837.793390:INFO:CONSOLE(0)] "Error in event handler: TypeError: Cannot read properties of undefined (reading 'postMessage')
    at logFunc (chrome-extension://nphlliopfobfddkbiohifpjfhljjpiob/background.js:11:14)
    at chrome.webRequest.onSendHeaders.addListener.urls (chrome-extension://nphlliopfobfddkbiohifpjfhljjpiob/background.js:28:15)", source: chrome-extension://nphlliopfobfddkbiohifpjfhljjpiob/_generated_background_page.html (0)
[4979:4979:1012/094837.794236:INFO:CONSOLE(128)] "Uncaught (in promise) Error: Could not establish connection. Receiving end does not exist.", source: chrome-extension://nehjjjagpkhikejmlaiffhpgaiphilng/polyfill.js (128)
[4979:4979:1012/094837.794484:INFO:CONSOLE(128)] "Uncaught (in promise) Error: Could not establish connection. Receiving end does not exist.", source: chrome-extension://nehjjjagpkhikejmlaiffhpgaiphilng/polyfill.js (128)
[4979:4979:1012/094837.796856:INFO:CONSOLE(0)] "Error in event handler: TypeError: Cannot read properties of undefined (reading 'postMessage')
    at logFunc (chrome-extension://nphlliopfobfddkbiohifpjfhljjpiob/background.js:11:14)
    at chrome.webRequest.onBeforeRequest.addListener.urls (chrome-extension://nphlliopfobfddkbiohifpjfhljjpiob/background.js:16:15)", source: chrome-extension://nphlliopfobfddkbiohifpjfhljjpiob/_generated_background_page.html (0)
[4979:4979:1012/094837.796969:INFO:CONSOLE(0)] "Error in event handler: TypeError: Cannot read properties of undefined (reading 'postMessage')
    at logFunc (chrome-extension://nphlliopfobfddkbiohifpjfhljjpiob/background.js:11:14)
    at chrome.webRequest.onSendHeaders.addListener.urls (chrome-extension://nphlliopfobfddkbiohifpjfhljjpiob/background.js:28:15)", source: chrome-extension://nphlliopfobfddkbiohifpjfhljjpiob/_generated_background_page.html (0)
[4979:4979:1012/094839.741737:INFO:CONSOLE(0)] "Error in event handler: TypeError: Cannot read properties of undefined (reading 'postMessage')
    at logFunc (chrome-extension://nphlliopfobfddkbiohifpjfhljjpiob/background.js:11:14)
    at chrome.webRequest.onBeforeRequest.addListener.urls (chrome-extension://nphlliopfobfddkbiohifpjfhljjpiob/background.js:16:15)", source: chrome-extension://nphlliopfobfddkbiohifpjfhljjpiob/_generated_background_page.html (0)
[4979:4979:1012/094839.741789:INFO:CONSOLE(0)] "Error in event handler: TypeError: Cannot read properties of undefined (reading 'postMessage')
    at logFunc (chrome-extension://nphlliopfobfddkbiohifpjfhljjpiob/background.js:11:14)
    at chrome.webRequest.onSendHeaders.addListener.urls (chrome-extension://nphlliopfobfddkbiohifpjfhljjpiob/background.js:28:15)", source: chrome-extension://nphlliopfobfddkbiohifpjfhljjpiob/_generated_background_page.html (0)
[4979:4979:1012/094839.741819:INFO:CONSOLE(0)] "Error in event handler: TypeError: Cannot read properties of undefined (reading 'postMessage')
    at logFunc (chrome-extension://nphlliopfobfddkbiohifpjfhljjpiob/background.js:11:14)
    at chrome.webRequest.onBeforeRequest.addListener.urls (chrome-extension://nphlliopfobfddkbiohifpjfhljjpiob/background.js:16:15)", source: chrome-extension://nphlliopfobfddkbiohifpjfhljjpiob/_generated_background_page.html (0)
[4979:4979:1012/094839.741841:INFO:CONSOLE(0)] "Error in event handler: TypeError: Cannot read properties of undefined (reading 'postMessage')
    at logFunc (chrome-extension://nphlliopfobfddkbiohifpjfhljjpiob/background.js:11:14)
    at chrome.webRequest.onSendHeaders.addListener.urls (chrome-extension://nphlliopfobfddkbiohifpjfhljjpiob/background.js:28:15)", source: chrome-extension://nphlliopfobfddkbiohifpjfhljjpiob/_generated_background_page.html (0)
[4979:4979:1012/094839.742453:INFO:CONSOLE(0)] "Error in event handler: TypeError: Cannot read properties of undefined (reading 'postMessage')
    at logFunc (chrome-extension://nphlliopfobfddkbiohifpjfhljjpiob/background.js:11:14)
    at chrome.webRequest.onBeforeRequest.addListener.urls (chrome-extension://nphlliopfobfddkbiohifpjfhljjpiob/background.js:16:15)", source: chrome-extension://nphlliopfobfddkbiohifpjfhljjpiob/_generated_background_page.html (0)
[4979:4979:1012/094839.742491:INFO:CONSOLE(0)] "Error in event handler: TypeError: Cannot read properties of undefined (reading 'postMessage')
    at logFunc (chrome-extension://nphlliopfobfddkbiohifpjfhljjpiob/background.js:11:14)
    at chrome.webRequest.onSendHeaders.addListener.urls (chrome-extension://nphlliopfobfddkbiohifpjfhljjpiob/background.js:28:15)", source: chrome-extension://nphlliopfobfddkbiohifpjfhljjpiob/_generated_background_page.html (0)
[4979:4979:1012/094839.829622:INFO:CONSOLE(0)] "Error in event handler: TypeError: Cannot read properties of undefined (reading 'postMessage')
    at logFunc (chrome-extension://nphlliopfobfddkbiohifpjfhljjpiob/background.js:11:14)
    at chrome.webRequest.onResponseStarted.addListener.urls (chrome-extension://nphlliopfobfddkbiohifpjfhljjpiob/background.js:22:15)", source: chrome-extension://nphlliopfobfddkbiohifpjfhljjpiob/_generated_background_page.html (0)
[4979:4979:1012/094841.918993:INFO:CONSOLE(0)] "Error in event handler: TypeError: Cannot read properties of undefined (reading 'postMessage')
    at logFunc (chrome-extension://nphlliopfobfddkbiohifpjfhljjpiob/background.js:11:14)
    at chrome.webRequest.onResponseStarted.addListener.urls (chrome-extension://nphlliopfobfddkbiohifpjfhljjpiob/background.js:22:15)", source: chrome-extension://nphlliopfobfddkbiohifpjfhljjpiob/_generated_background_page.html (0)
[4979:4979:1012/094842.098907:INFO:CONSOLE(0)] "Error in event handler: TypeError: Cannot read properties of undefined (reading 'postMessage')
    at logFunc (chrome-extension://nphlliopfobfddkbiohifpjfhljjpiob/background.js:11:14)
    at chrome.webRequest.onResponseStarted.addListener.urls (chrome-extension://nphlliopfobfddkbiohifpjfhljjpiob/background.js:22:15)", source: chrome-extension://nphlliopfobfddkbiohifpjfhljjpiob/_generated_background_page.html (0)
[5344:107:1012/094842.532262:WARNING:crashpad_client_linux.cc(306)] prctl: Invalid argument (22)
[5352:113:1012/094842.545607:WARNING:crashpad_client_linux.cc(306)] prctl: Invalid argument (22)
[5360:119:1012/094842.560054:WARNING:crashpad_client_linux.cc(306)] prctl: Invalid argument (22)
[5368:125:1012/094842.586710:WARNING:crashpad_client_linux.cc(306)] prctl: Invalid argument (22)
[4979:4979:1012/094842.781516:INFO:CONSOLE(0)] "Error in event handler: TypeError: Cannot read properties of undefined (reading 'postMessage')
    at logFunc (chrome-extension://nphlliopfobfddkbiohifpjfhljjpiob/background.js:11:14)
    at chrome.webRequest.onResponseStarted.addListener.urls (chrome-extension://nphlliopfobfddkbiohifpjfhljjpiob/background.js:22:15)", source: chrome-extension://nphlliopfobfddkbiohifpjfhljjpiob/_generated_background_page.html (0)
[4979:4979:1012/094842.854783:INFO:CONSOLE(0)] "Error in event handler: TypeError: Cannot read properties of undefined (reading 'postMessage')
    at logFunc (chrome-extension://nphlliopfobfddkbiohifpjfhljjpiob/background.js:11:14)
    at chrome.webRequest.onCompleted.addListener.urls (chrome-extension://nphlliopfobfddkbiohifpjfhljjpiob/background.js:34:15)", source: chrome-extension://nphlliopfobfddkbiohifpjfhljjpiob/_generated_background_page.html (0)
[4979:4979:1012/094844.422368:INFO:CONSOLE(0)] "Error in event handler: TypeError: Cannot read properties of undefined (reading 'postMessage')
    at logFunc (chrome-extension://nphlliopfobfddkbiohifpjfhljjpiob/background.js:11:14)
    at chrome.webRequest.onCompleted.addListener.urls (chrome-extension://nphlliopfobfddkbiohifpjfhljjpiob/background.js:34:15)", source: chrome-extension://nphlliopfobfddkbiohifpjfhljjpiob/_generated_background_page.html (0)
[5390:132:1012/094845.653046:WARNING:crashpad_client_linux.cc(306)] prctl: Invalid argument (22)
[5398:138:1012/094845.666981:WARNING:crashpad_client_linux.cc(306)] prctl: Invalid argument (22)
[5405:143:1012/094845.674828:WARNING:crashpad_client_linux.cc(306)] prctl: Invalid argument (22)
[5413:149:1012/094845.708614:WARNING:crashpad_client_linux.cc(306)] prctl: Invalid argument (22)
[4979:4979:1012/094846.418523:INFO:CONSOLE(0)] "Error in event handler: TypeError: Cannot read properties of undefined (reading 'postMessage')
    at logFunc (chrome-extension://nphlliopfobfddkbiohifpjfhljjpiob/background.js:11:14)
    at chrome.webRequest.onCompleted.addListener.urls (chrome-extension://nphlliopfobfddkbiohifpjfhljjpiob/background.js:34:15)", source: chrome-extension://nphlliopfobfddkbiohifpjfhljjpiob/_generated_background_page.html (0)
[4979:4979:1012/094847.372203:INFO:CONSOLE(0)] "Error in event handler: TypeError: Cannot read properties of undefined (reading 'postMessage')
    at logFunc (chrome-extension://nphlliopfobfddkbiohifpjfhljjpiob/background.js:11:14)
    at chrome.webRequest.onResponseStarted.addListener.urls (chrome-extension://nphlliopfobfddkbiohifpjfhljjpiob/background.js:22:15)", source: chrome-extension://nphlliopfobfddkbiohifpjfhljjpiob/_generated_background_page.html (0)
[5426:155:1012/094848.454488:WARNING:crashpad_client_linux.cc(306)] prctl: Invalid argument (22)
[5434:161:1012/094848.471731:WARNING:crashpad_client_linux.cc(306)] prctl: Invalid argument (22)
[5442:167:1012/094848.482737:WARNING:crashpad_client_linux.cc(306)] prctl: Invalid argument (22)
[5450:173:1012/094848.508842:WARNING:crashpad_client_linux.cc(306)] prctl: Invalid argument (22)
[4979:4979:1012/094850.000694:INFO:CONSOLE(0)] "Error in event handler: TypeError: Cannot read properties of undefined (reading 'postMessage')
    at logFunc (chrome-extension://nphlliopfobfddkbiohifpjfhljjpiob/background.js:11:14)
    at chrome.webRequest.onCompleted.addListener.urls (chrome-extension://nphlliopfobfddkbiohifpjfhljjpiob/background.js:34:15)", source: chrome-extension://nphlliopfobfddkbiohifpjfhljjpiob/_generated_background_page.html (0)
[5468:179:1012/094851.084325:WARNING:crashpad_client_linux.cc(306)] prctl: Invalid argument (22)
[5476:185:1012/094851.095624:WARNING:crashpad_client_linux.cc(306)] prctl: Invalid argument (22)
[5484:191:1012/094851.108012:WARNING:crashpad_client_linux.cc(306)] prctl: Invalid argument (22)
[5492:197:1012/094851.136068:WARNING:crashpad_client_linux.cc(306)] prctl: Invalid argument (22)
[4979:4979:1012/094852.934331:INFO:CONSOLE(0)] "Error in event handler: TypeError: Cannot read properties of undefined (reading 'postMessage')
    at logFunc (chrome-extension://nphlliopfobfddkbiohifpjfhljjpiob/background.js:11:14)
    at chrome.webRequest.onCompleted.addListener.urls (chrome-extension://nphlliopfobfddkbiohifpjfhljjpiob/background.js:34:15)", source: chrome-extension://nphlliopfobfddkbiohifpjfhljjpiob/_generated_background_page.html (0)
[4979:4979:1012/094852.990567:INFO:CONSOLE(0)] "Error in event handler: TypeError: Cannot read properties of undefined (reading 'postMessage')
    at logFunc (chrome-extension://nphlliopfobfddkbiohifpjfhljjpiob/background.js:11:14)
    at chrome.webRequest.onBeforeRequest.addListener.urls (chrome-extension://nphlliopfobfddkbiohifpjfhljjpiob/background.js:16:15)", source: chrome-extension://nphlliopfobfddkbiohifpjfhljjpiob/_generated_background_page.html (0)
[4979:4979:1012/094852.990626:INFO:CONSOLE(0)] "Error in event handler: TypeError: Cannot read properties of undefined (reading 'postMessage')
    at logFunc (chrome-extension://nphlliopfobfddkbiohifpjfhljjpiob/background.js:11:14)
    at chrome.webRequest.onSendHeaders.addListener.urls (chrome-extension://nphlliopfobfddkbiohifpjfhljjpiob/background.js:28:15)", source: chrome-extension://nphlliopfobfddkbiohifpjfhljjpiob/_generated_background_page.html (0)
[4979:4979:1012/094852.997252:INFO:CONSOLE(0)] "Error in event handler: TypeError: Cannot read properties of undefined (reading 'postMessage')
    at logFunc (chrome-extension://nphlliopfobfddkbiohifpjfhljjpiob/background.js:11:14)
    at chrome.webRequest.onBeforeRequest.addListener.urls (chrome-extension://nphlliopfobfddkbiohifpjfhljjpiob/background.js:16:15)", source: chrome-extension://nphlliopfobfddkbiohifpjfhljjpiob/_generated_background_page.html (0)
[4979:4979:1012/094852.997304:INFO:CONSOLE(0)] "Error in event handler: TypeError: Cannot read properties of undefined (reading 'postMessage')
    at logFunc (chrome-extension://nphlliopfobfddkbiohifpjfhljjpiob/background.js:11:14)
    at chrome.webRequest.onSendHeaders.addListener.urls (chrome-extension://nphlliopfobfddkbiohifpjfhljjpiob/background.js:28:15)", source: chrome-extension://nphlliopfobfddkbiohifpjfhljjpiob/_generated_background_page.html (0)
[4979:4979:1012/094853.033491:INFO:CONSOLE(0)] "Error in event handler: TypeError: Cannot read properties of undefined (reading 'postMessage')
    at logFunc (chrome-extension://nphlliopfobfddkbiohifpjfhljjpiob/background.js:11:14)
    at chrome.webRequest.onBeforeRequest.addListener.urls (chrome-extension://nphlliopfobfddkbiohifpjfhljjpiob/background.js:16:15)", source: chrome-extension://nphlliopfobfddkbiohifpjfhljjpiob/_generated_background_page.html (0)
[4979:4979:1012/094853.033555:INFO:CONSOLE(0)] "Error in event handler: TypeError: Cannot read properties of undefined (reading 'postMessage')
    at logFunc (chrome-extension://nphlliopfobfddkbiohifpjfhljjpiob/background.js:11:14)
    at chrome.webRequest.onSendHeaders.addListener.urls (chrome-extension://nphlliopfobfddkbiohifpjfhljjpiob/background.js:28:15)", source: chrome-extension://nphlliopfobfddkbiohifpjfhljjpiob/_generated_background_page.html (0)
[4979:4979:1012/094853.071004:INFO:CONSOLE(0)] "Error in event handler: TypeError: Cannot read properties of undefined (reading 'postMessage')
    at logFunc (chrome-extension://nphlliopfobfddkbiohifpjfhljjpiob/background.js:11:14)
    at chrome.webRequest.onBeforeRequest.addListener.urls (chrome-extension://nphlliopfobfddkbiohifpjfhljjpiob/background.js:16:15)", source: chrome-extension://nphlliopfobfddkbiohifpjfhljjpiob/_generated_background_page.html (0)
[4979:4979:1012/094853.071056:INFO:CONSOLE(0)] "Error in event handler: TypeError: Cannot read properties of undefined (reading 'postMessage')
    at logFunc (chrome-extension://nphlliopfobfddkbiohifpjfhljjpiob/background.js:11:14)
    at chrome.webRequest.onSendHeaders.addListener.urls (chrome-extension://nphlliopfobfddkbiohifpjfhljjpiob/background.js:28:15)", source: chrome-extension://nphlliopfobfddkbiohifpjfhljjpiob/_generated_background_page.html (0)
[4979:4979:1012/094853.088032:INFO:CONSOLE(128)] "Uncaught (in promise) Error: Could not establish connection. Receiving end does not exist.", source: chrome-extension://nehjjjagpkhikejmlaiffhpgaiphilng/polyfill.js (128)
[4979:4979:1012/094853.200610:INFO:CONSOLE(1)] "CONTENT SCRIPT", source: chrome-extension://nphlliopfobfddkbiohifpjfhljjpiob/content.js (1)
[4979:4979:1012/094853.225329:INFO:CONSOLE(36)] "RESPONSE_STARTED 1634012333221 {"frameId":0,"fromCache":false,"initiator":"https://www.youtube.com","ip":"142.250.193.14","method":"GET","parentFrameId":-1,"requestId":"64","statusCode":200,"statusLine":"HTTP/1.1 200","tabId":2,"timeStamp":1634012333221.507,"type":"script","url":"https://www.youtube.com/s/player/920e4583/player_ias.vflset/en_GB/embed.js"}", source: chrome-extension://nphlliopfobfddkbiohifpjfhljjpiob/content.js (36)
[5502:203:1012/094853.225809:WARNING:crashpad_client_linux.cc(306)] prctl: Invalid argument (22)
[5510:209:1012/094853.238692:WARNING:crashpad_client_linux.cc(306)] prctl: Invalid argument (22)
[5519:215:1012/094853.247178:WARNING:crashpad_client_linux.cc(306)] prctl: Invalid argument (22)
[5527:221:1012/094853.270512:WARNING:crashpad_client_linux.cc(306)] prctl: Invalid argument (22)
[4979:4979:1012/094853.328706:INFO:CONSOLE(36)] "COMPLETE 1634012333313 {"frameId":0,"fromCache":false,"initiator":"https://www.youtube.com","ip":"142.250.193.14","method":"GET","parentFrameId":-1,"requestId":"64","responseHeaders":[{"name":"accept-ranges","value":"bytes"},{"name":"vary","value":"Accept-Encoding, Origin"},{"name":"content-encoding","value":"br"},{"name":"content-type","value":"text/javascript"},{"name":"cross-origin-resource-policy","value":"cross-origin"},{"name":"cross-origin-opener-policy-report-only","value":"same-origin; report-to=\"youtube\""},{"name":"report-to","value":"{\"group\":\"youtube\",\"max_age\":2592000,\"endpoints\":[{\"url\":\"https://csp.withgoogle.com/csp/report-to/youtube\"}]}"},{"name":"content-length","value":"7324"},{"name":"date","value":"Fri, 08 Oct 2021 00:59:18 GMT"},{"name":"expires","value":"Sat, 08 Oct 2022 00:59:18 GMT"},{"name":"last-modified","value":"Thu, 07 Oct 2021 00:21:39 GMT"},{"name":"x-content-type-options","value":"nosniff"},{"name":"server","value":"sffe"},{"name":"x-xss-protection","value":"0"},{"name":"cache-control","value":"public, max-age=31536000"},{"name":"age","value":"357575"},{"name":"alt-svc","value":"h3=\":443\"; ma=2592000,h3-29=\":443\"; ma=2592000,h3-T051=\":443\"; ma=2592000,h3-Q050=\":443\"; ma=2592000,h3-Q046=\":443\"; ma=2592000,h3-Q043=\":443\"; ma=2592000,quic=\":443\"; ma=2592000; v=\"46,43\""}],"statusCode":200,"statusLine":"HTTP/1.1 200","tabId":2,"timeStamp":1634012333310.991,"type":"script","url":"https://www.youtube.com/s/player/920e4583/player_ias.vflset/en_GB/embed.js"}", source: chrome-extension://nphlliopfobfddkbiohifpjfhljjpiob/content.js (36)
[4979:4979:1012/094853.331957:INFO:CONSOLE(36)] "RESPONSE_STARTED 1634012333331 {"frameId":0,"fromCache":false,"initiator":"https://www.youtube.com","ip":"142.250.193.14","method":"POST","parentFrameId":-1,"requestId":"63","statusCode":204,"statusLine":"HTTP/1.1 204","tabId":2,"timeStamp":1634012333330.513,"type":"ping","url":"https://www.youtube.com/api/stats/qoe?event=streamingstats&cpn=9GKXigxyLka0_4ZN&el=embedded&docid=SegxEqthbbk&ns=yt&fexp=23983296%2C24001373%2C24002022%2C24002025%2C24002922%2C24004644%2C24007246%2C24064555%2C24080738%2C24082662%2C24094826%2C24101841%2C24106092&cl=401352273&seq=1&cbr=Chrome&cbrver=93.0.4577.63&c=WEB_EMBEDDED_PLAYER&cver=1.20211006.1.0&cplayer=UNIPLAYER&cos=X11&cplatform=DESKTOP&vps=0.000:N,0.000:ER&cmt=0.000:0.000,0.000:0.000&error=0.000:auth:0.000:0;a6s.0&vis=0.000:0&bh=0.000:0.000"}", source: chrome-extension://nphlliopfobfddkbiohifpjfhljjpiob/content.js (36)
[4979:4979:1012/094853.332381:INFO:CONSOLE(36)] "COMPLETE 1634012333331 {"frameId":0,"fromCache":false,"initiator":"https://www.youtube.com","ip":"142.250.193.14","method":"POST","parentFrameId":-1,"requestId":"63","responseHeaders":[{"name":"content-type","value":"text/html; charset=UTF-8"},{"name":"date","value":"Tue, 12 Oct 2021 04:18:53 GMT"},{"name":"pragma","value":"no-cache"},{"name":"expires","value":"Fri, 01 Jan 1990 00:00:00 GMT"},{"name":"cache-control","value":"no-cache, must-revalidate"},{"name":"access-control-allow-origin","value":"https://www.youtube.com"},{"name":"access-control-allow-credentials","value":"true"},{"name":"x-content-type-options","value":"nosniff"},{"name":"server","value":"Video Stats Server"},{"name":"content-length","value":"0"},{"name":"x-xss-protection","value":"0"},{"name":"x-frame-options","value":"SAMEORIGIN"},{"name":"alt-svc","value":"h3=\":443\"; ma=2592000,h3-29=\":443\"; ma=2592000,h3-T051=\":443\"; ma=2592000,h3-Q050=\":443\"; ma=2592000,h3-Q046=\":443\"; ma=2592000,h3-Q043=\":443\"; ma=2592000,quic=\":443\"; ma=2592000; v=\"46,43\""}],"statusCode":204,"statusLine":"HTTP/1.1 204","tabId":2,"timeStamp":1634012333330.673,"type":"ping","url":"https://www.youtube.com/api/stats/qoe?event=streamingstats&cpn=9GKXigxyLka0_4ZN&el=embedded&docid=SegxEqthbbk&ns=yt&fexp=23983296%2C24001373%2C24002022%2C24002025%2C24002922%2C24004644%2C24007246%2C24064555%2C24080738%2C24082662%2C24094826%2C24101841%2C24106092&cl=401352273&seq=1&cbr=Chrome&cbrver=93.0.4577.63&c=WEB_EMBEDDED_PLAYER&cver=1.20211006.1.0&cplayer=UNIPLAYER&cos=X11&cplatform=DESKTOP&vps=0.000:N,0.000:ER&cmt=0.000:0.000,0.000:0.000&error=0.000:auth:0.000:0;a6s.0&vis=0.000:0&bh=0.000:0.000"}", source: chrome-extension://nphlliopfobfddkbiohifpjfhljjpiob/content.js (36)
[4979:4979:1012/094854.212327:INFO:CONSOLE(36)] "RESPONSE_STARTED 1634012334211 {"frameId":0,"fromCache":false,"initiator":"https://www.youtube.com","ip":"142.250.194.70","method":"GET","parentFrameId":-1,"requestId":"62","statusCode":200,"statusLine":"HTTP/1.1 200","tabId":2,"timeStamp":1634012334211.221,"type":"script","url":"https://static.doubleclick.net/instream/ad_status.js"}", source: chrome-extension://nphlliopfobfddkbiohifpjfhljjpiob/content.js (36)
[4979:4979:1012/094854.216286:INFO:CONSOLE(36)] "COMPLETE 1634012334211 {"frameId":0,"fromCache":false,"initiator":"https://www.youtube.com","ip":"142.250.194.70","method":"GET","parentFrameId":-1,"requestId":"62","responseHeaders":[{"name":"accept-ranges","value":"bytes"},{"name":"content-type","value":"text/javascript"},{"name":"access-control-allow-origin","value":"*"},{"name":"cross-origin-resource-policy","value":"cross-origin"},{"name":"cross-origin-opener-policy-report-only","value":"same-origin; report-to=\"ads-doubleclick-media\""},{"name":"report-to","value":"{\"group\":\"ads-doubleclick-media\",\"max_age\":2592000,\"endpoints\":[{\"url\":\"https://csp.withgoogle.com/csp/report-to/ads-doubleclick-media\"}]}"},{"name":"timing-allow-origin","value":"*"},{"name":"content-length","value":"29"},{"name":"date","value":"Tue, 12 Oct 2021 04:08:54 GMT"},{"name":"expires","value":"Tue, 12 Oct 2021 04:23:54 GMT"},{"name":"last-modified","value":"Thu, 12 Dec 2013 23:40:16 GMT"},{"name":"x-content-type-options","value":"nosniff"},{"name":"server","value":"sffe"},{"name":"x-xss-protection","value":"0"},{"name":"age","value":"599"},{"name":"cache-control","value":"public, max-age=900"},{"name":"alt-svc","value":"h3=\":443\"; ma=2592000,h3-29=\":443\"; ma=2592000,h3-T051=\":443\"; ma=2592000,h3-Q050=\":443\"; ma=2592000,h3-Q046=\":443\"; ma=2592000,h3-Q043=\":443\"; ma=2592000,quic=\":443\"; ma=2592000; v=\"46,43\""}],"statusCode":200,"statusLine":"HTTP/1.1 200","tabId":2,"timeStamp":1634012334211.736,"type":"script","url":"https://static.doubleclick.net/instream/ad_status.js"}", source: chrome-extension://nphlliopfobfddkbiohifpjfhljjpiob/content.js (36)
[4979:4979:1012/094854.221393:INFO:CONSOLE(36)] "BEFORE_REQUEST 1634012334220 {"frameId":0,"initiator":"https://www.youtube.com","method":"GET","parentFrameId":-1,"requestId":"65","tabId":2,"timeStamp":1634012334219.6628,"type":"image","url":"https://www.youtube.com/favicon.ico"}", source: chrome-extension://nphlliopfobfddkbiohifpjfhljjpiob/content.js (36)
[4979:4979:1012/094854.221464:INFO:CONSOLE(36)] "SEND_HEADERS 1634012334220 {"frameId":0,"initiator":"https://www.youtube.com","method":"GET","parentFrameId":-1,"requestId":"65","tabId":2,"timeStamp":1634012334220.426,"type":"image","url":"https://www.youtube.com/favicon.ico"}", source: chrome-extension://nphlliopfobfddkbiohifpjfhljjpiob/content.js (36)
[4979:4979:1012/094854.247806:INFO:CONSOLE(36)] "BEFORE_REQUEST 1634012334247 {"frameId":0,"initiator":"https://www.youtube.com","method":"GET","parentFrameId":-1,"requestId":"61","tabId":2,"timeStamp":1634012334246.967,"type":"xmlhttprequest","url":"https://googleads.g.doubleclick.net/pagead/id?slf_rd=1"}", source: chrome-extension://nphlliopfobfddkbiohifpjfhljjpiob/content.js (36)
[4979:4979:1012/094854.247878:INFO:CONSOLE(36)] "SEND_HEADERS 1634012334247 {"frameId":0,"initiator":"https://www.youtube.com","method":"GET","parentFrameId":-1,"requestId":"61","tabId":2,"timeStamp":1634012334247.0142,"type":"xmlhttprequest","url":"https://googleads.g.doubleclick.net/pagead/id?slf_rd=1"}", source: chrome-extension://nphlliopfobfddkbiohifpjfhljjpiob/content.js (36)
[4979:4979:1012/094854.609467:INFO:CONSOLE(36)] "RESPONSE_STARTED 1634012334608 {"frameId":0,"fromCache":false,"initiator":"https://www.youtube.com","ip":"142.250.193.14","method":"GET","parentFrameId":-1,"requestId":"65","statusCode":200,"statusLine":"HTTP/1.1 200","tabId":2,"timeStamp":1634012334607.771,"type":"image","url":"https://www.youtube.com/favicon.ico"}", source: chrome-extension://nphlliopfobfddkbiohifpjfhljjpiob/content.js (36)
[4979:4979:1012/094854.609495:INFO:CONSOLE(36)] "COMPLETE 1634012334608 {"frameId":0,"fromCache":false,"initiator":"https://www.youtube.com","ip":"142.250.193.14","method":"GET","parentFrameId":-1,"requestId":"65","responseHeaders":[{"name":"accept-ranges","value":"bytes"},{"name":"vary","value":"Accept-Encoding"},{"name":"content-encoding","value":"gzip"},{"name":"content-type","value":"image/x-icon"},{"name":"cross-origin-resource-policy","value":"cross-origin"},{"name":"cross-origin-opener-policy-report-only","value":"same-origin; report-to=\"youtube-marketing\""},{"name":"report-to","value":"{\"group\":\"youtube-marketing\",\"max_age\":2592000,\"endpoints\":[{\"url\":\"https://csp.withgoogle.com/csp/report-to/youtube-marketing\"}]}"},{"name":"content-length","value":"180"},{"name":"date","value":"Mon, 11 Oct 2021 02:55:42 GMT"},{"name":"expires","value":"Tue, 11 Oct 2022 02:55:42 GMT"},{"name":"last-modified","value":"Tue, 03 Mar 2020 20:15:00 GMT"},{"name":"x-content-type-options","value":"nosniff"},{"name":"server","value":"sffe"},{"name":"x-xss-protection","value":"0"},{"name":"age","value":"91392"},{"name":"cache-control","value":"public, max-age=31536000"},{"name":"alt-svc","value":"h3=\":443\"; ma=2592000,h3-29=\":443\"; ma=2592000,h3-T051=\":443\"; ma=2592000,h3-Q050=\":443\"; ma=2592000,h3-Q046=\":443\"; ma=2592000,h3-Q043=\":443\"; ma=2592000,quic=\":443\"; ma=2592000; v=\"46,43\""}],"statusCode":200,"statusLine":"HTTP/1.1 200","tabId":2,"timeStamp":1634012334608.324,"type":"image","url":"https://www.youtube.com/favicon.ico"}", source: chrome-extension://nphlliopfobfddkbiohifpjfhljjpiob/content.js (36)
[4979:4979:1012/094855.058872:INFO:CONSOLE(36)] "RESPONSE_STARTED 1634012335057 {"frameId":0,"fromCache":false,"initiator":"https://www.youtube.com","ip":"216.58.200.162","method":"GET","parentFrameId":-1,"requestId":"61","statusCode":200,"statusLine":"HTTP/1.1 200","tabId":2,"timeStamp":1634012335057.135,"type":"xmlhttprequest","url":"https://googleads.g.doubleclick.net/pagead/id?slf_rd=1"}", source: chrome-extension://nphlliopfobfddkbiohifpjfhljjpiob/content.js (36)
[4979:4979:1012/094855.059887:INFO:CONSOLE(36)] "COMPLETE 1634012335057 {"frameId":0,"fromCache":false,"initiator":"https://www.youtube.com","ip":"216.58.200.162","method":"GET","parentFrameId":-1,"requestId":"61","responseHeaders":[{"name":"p3p","value":"policyref=\"https://googleads.g.doubleclick.net/pagead/gcn_p3p_.xml\", CP=\"CURa ADMa DEVa TAIo PSAo PSDo OUR IND UNI PUR INT DEM STA PRE COM NAV OTC NOI DSP COR\""},{"name":"timing-allow-origin","value":"*"},{"name":"cross-origin-resource-policy","value":"cross-origin"},{"name":"access-control-allow-credentials","value":"true"},{"name":"access-control-allow-origin","value":"https://www.youtube.com"},{"name":"content-type","value":"application/json; charset=UTF-8"},{"name":"date","value":"Tue, 12 Oct 2021 04:18:54 GMT"},{"name":"pragma","value":"no-cache"},{"name":"expires","value":"Fri, 01 Jan 1990 00:00:00 GMT"},{"name":"cache-control","value":"no-cache, no-store, must-revalidate"},{"name":"x-content-type-options","value":"nosniff"},{"name":"content-disposition","value":"attachment; filename=\"f.txt\""},{"name":"content-encoding","value":"gzip"},{"name":"server","value":"cafe"},{"name":"content-length","value":"133"},{"name":"x-xss-protection","value":"0"},{"name":"alt-svc","value":"h3=\":443\"; ma=2592000,h3-29=\":443\"; ma=2592000,h3-T051=\":443\"; ma=2592000,h3-Q050=\":443\"; ma=2592000,h3-Q046=\":443\"; ma=2592000,h3-Q043=\":443\"; ma=2592000,quic=\":443\"; ma=2592000; v=\"46,43\""}],"statusCode":200,"statusLine":"HTTP/1.1 200","tabId":2,"timeStamp":1634012335057.542,"type":"xmlhttprequest","url":"https://googleads.g.doubleclick.net/pagead/id?slf_rd=1"}", source: chrome-extension://nphlliopfobfddkbiohifpjfhljjpiob/content.js (36)
[4979:4979:1012/094856.223331:INFO:CONSOLE(36)] "BEFORE_REQUEST 1634012336222 {"frameId":0,"initiator":"https://www.youtube.com","method":"POST","parentFrameId":-1,"requestId":"66","tabId":2,"timeStamp":1634012336222.6118,"type":"xmlhttprequest","url":"https://www.youtube.com/youtubei/v1/log_event?alt=json&key=AIzaSyAO_FJ2SlqU8Q4STEHLGCilw_Y9_11qcW8"}", source: chrome-extension://nphlliopfobfddkbiohifpjfhljjpiob/content.js (36)
[4979:4979:1012/094856.223464:INFO:CONSOLE(36)] "SEND_HEADERS 1634012336222 {"frameId":0,"initiator":"https://www.youtube.com","method":"POST","parentFrameId":-1,"requestId":"66","tabId":2,"timeStamp":1634012336222.647,"type":"xmlhttprequest","url":"https://www.youtube.com/youtubei/v1/log_event?alt=json&key=AIzaSyAO_FJ2SlqU8Q4STEHLGCilw_Y9_11qcW8"}", source: chrome-extension://nphlliopfobfddkbiohifpjfhljjpiob/content.js (36)
[4979:4979:1012/094856.444952:INFO:CONSOLE(36)] "RESPONSE_STARTED 1634012336443 {"frameId":0,"fromCache":false,"initiator":"https://www.youtube.com","ip":"142.250.193.14","method":"POST","parentFrameId":-1,"requestId":"66","statusCode":200,"statusLine":"HTTP/1.1 200","tabId":2,"timeStamp":1634012336443.223,"type":"xmlhttprequest","url":"https://www.youtube.com/youtubei/v1/log_event?alt=json&key=AIzaSyAO_FJ2SlqU8Q4STEHLGCilw_Y9_11qcW8"}", source: chrome-extension://nphlliopfobfddkbiohifpjfhljjpiob/content.js (36)
[4979:4979:1012/094856.445046:INFO:CONSOLE(36)] "COMPLETE 1634012336443 {"frameId":0,"fromCache":false,"initiator":"https://www.youtube.com","ip":"142.250.193.14","method":"POST","parentFrameId":-1,"requestId":"66","responseHeaders":[{"name":"content-type","value":"application/json; charset=UTF-8"},{"name":"vary","value":"Origin"},{"name":"vary","value":"X-Origin"},{"name":"vary","value":"Referer"},{"name":"content-encoding","value":"br"},{"name":"date","value":"Tue, 12 Oct 2021 04:18:56 GMT"},{"name":"server","value":"ESF"},{"name":"content-length","value":"31"},{"name":"x-xss-protection","value":"0"},{"name":"x-frame-options","value":"SAMEORIGIN"},{"name":"x-content-type-options","value":"nosniff"},{"name":"alt-svc","value":"h3=\":443\"; ma=2592000,h3-29=\":443\"; ma=2592000,h3-T051=\":443\"; ma=2592000,h3-Q050=\":443\"; ma=2592000,h3-Q046=\":443\"; ma=2592000,h3-Q043=\":443\"; ma=2592000,quic=\":443\"; ma=2592000; v=\"46,43\""}],"statusCode":200,"statusLine":"HTTP/1.1 200","tabId":2,"timeStamp":1634012336443.422,"type":"xmlhttprequest","url":"https://www.youtube.com/youtubei/v1/log_event?alt=json&key=AIzaSyAO_FJ2SlqU8Q4STEHLGCilw_Y9_11qcW8"}", source: chrome-extension://nphlliopfobfddkbiohifpjfhljjpiob/content.js (36)
[5545:226:1012/094856.952492:WARNING:crashpad_client_linux.cc(306)] prctl: Invalid argument (22)
[5553:232:1012/094856.965376:WARNING:crashpad_client_linux.cc(306)] prctl: Invalid argument (22)
[5560:237:1012/094856.976759:WARNING:crashpad_client_linux.cc(306)] prctl: Invalid argument (22)
[5568:243:1012/094857.006495:WARNING:crashpad_client_linux.cc(306)] prctl: Invalid argument (22)
[5576:249:1012/094857.029269:WARNING:crashpad_client_linux.cc(306)] prctl: Invalid argument (22)
[5589:260:1012/094858.029599:WARNING:crashpad_client_linux.cc(306)] prctl: Invalid argument (22)
[5597:266:1012/094858.043559:WARNING:crashpad_client_linux.cc(306)] prctl: Invalid argument (22)
[5605:272:1012/094858.053184:WARNING:crashpad_client_linux.cc(306)] prctl: Invalid argument (22)
[5612:277:1012/094858.086735:WARNING:crashpad_client_linux.cc(306)] prctl: Invalid argument (22)
[5620:283:1012/094858.114088:WARNING:crashpad_client_linux.cc(306)] prctl: Invalid argument (22)
[5633:294:1012/094858.299350:WARNING:crashpad_client_linux.cc(306)] prctl: Invalid argument (22)
[5641:300:1012/094858.310818:WARNING:crashpad_client_linux.cc(306)] prctl: Invalid argument (22)
[5649:306:1012/094858.322615:WARNING:crashpad_client_linux.cc(306)] prctl: Invalid argument (22)
[5657:312:1012/094858.345870:WARNING:crashpad_client_linux.cc(306)] prctl: Invalid argument (22)
[5105:5131:1012/094907.789985:WARNING:key_storage_linux.cc(178)] OSCrypt tried Libsecret but couldn't initialise.
[5780:318:1012/094935.036230:WARNING:crashpad_client_linux.cc(306)] prctl: Invalid argument (22)
[4979:4979:1012/095054.201100:INFO:CONSOLE(29)] "Closing window 0", source: chrome-extension://nphlliopfobfddkbiohifpjfhljjpiob/content.js (29)
[5105:5133:1012/095054.485286:WARNING:sqlite_persistent_store_backend_base.cc(172)] Failed to post task from FlushAndNotifyInBackground@net/extras/sqlite/sqlite_persistent_store_backend_base.cc:220 to client_task_runner_.
[4979:4979:1012/095054.516359:WARNING:pref_notifier_impl.cc(40)] Pref observer for media_router.cast_allow_all_ips found at shutdown.
