[3119:3160:1010/095908.213296:ERROR:bus.cc(392)] Failed to connect to the bus: Failed to connect to socket /tmp/dbus-ixdwMsFjCA: Connection refused
[3119:3160:1010/095908.213380:ERROR:bus.cc(392)] Failed to connect to the bus: Failed to connect to socket /tmp/dbus-ixdwMsFjCA: Connection refused
[3119:3160:1010/095908.237249:ERROR:bus.cc(392)] Failed to connect to the bus: Failed to connect to socket /tmp/dbus-ixdwMsFjCA: Connection refused
[3119:3160:1010/095908.237315:ERROR:bus.cc(392)] Failed to connect to the bus: Failed to connect to socket /tmp/dbus-ixdwMsFjCA: Connection refused
[3211:7:1010/095908.236852:WARNING:crashpad_client_linux.cc(306)] prctl: Invalid argument (22)
[3200:3200:1010/095908.253435:ERROR:gpu_init.cc(441)] Passthrough is not supported, GL is swiftshader
[3119:3266:1010/095908.351539:WARNING:external_pref_loader.cc(331)] You are using an old-style extension deployment method (external_extensions.json), which will soon be deprecated. (see http://developer.chrome.com/extensions/external_extensions.html)
[3119:3119:1010/095908.355260:WARNING:browser_main_loop.cc(271)] <unknown>: Couldn't connect to accessibility bus: Failed to connect to socket /tmp/dbus-ZAvxrYUX2Q: Connection refused
[3284:13:1010/095908.392247:WARNING:crashpad_client_linux.cc(306)] prctl: Invalid argument (22)
[3287:14:1010/095908.399416:WARNING:crashpad_client_linux.cc(306)] prctl: Invalid argument (22)
[3320:34:1010/095908.483619:WARNING:crashpad_client_linux.cc(306)] prctl: Invalid argument (22)
[3326:38:1010/095908.496171:WARNING:crashpad_client_linux.cc(306)] prctl: Invalid argument (22)
[3342:52:1010/095908.521050:WARNING:crashpad_client_linux.cc(306)] prctl: Invalid argument (22)
[3287:30:1010/095908.484889:ERROR:command_buffer_proxy_impl.cc(125)] ContextResult::kTransientFailure: Failed to send GpuControl.CreateCommandBuffer.
[3352:60:1010/095908.537178:WARNING:crashpad_client_linux.cc(306)] prctl: Invalid argument (22)
[3363:69:1010/095908.551957:WARNING:crashpad_client_linux.cc(306)] prctl: Invalid argument (22)
[3368:72:1010/095908.570426:WARNING:crashpad_client_linux.cc(306)] prctl: Invalid argument (22)
[3119:3160:1010/095908.955022:ERROR:bus.cc(392)] Failed to connect to the bus: Failed to connect to socket /tmp/dbus-ixdwMsFjCA: Connection refused
[3119:3160:1010/095908.955096:ERROR:bus.cc(392)] Failed to connect to the bus: Failed to connect to socket /tmp/dbus-ixdwMsFjCA: Connection refused
[3413:99:1010/095909.677627:WARNING:crashpad_client_linux.cc(306)] prctl: Invalid argument (22)
[3119:3267:1010/095909.891451:ERROR:bus.cc(392)] Failed to connect to the bus: Failed to connect to socket /tmp/dbus-ixdwMsFjCA: Connection refused
[3119:3119:1010/095909.891499:ERROR:object_proxy.cc(642)] Failed to call method: org.freedesktop.DBus.NameHasOwner: object_path= /org/freedesktop/DBus: unknown error type: 
[3119:3267:1010/095909.891552:ERROR:bus.cc(392)] Failed to connect to the bus: Failed to connect to socket /tmp/dbus-ixdwMsFjCA: Connection refused
[3119:3119:1010/095909.891597:ERROR:object_proxy.cc(642)] Failed to call method: org.freedesktop.DBus.NameHasOwner: object_path= /org/freedesktop/DBus: unknown error type: 
[3119:3267:1010/095909.891640:ERROR:bus.cc(392)] Failed to connect to the bus: Failed to connect to socket /tmp/dbus-ixdwMsFjCA: Connection refused
[3119:3119:1010/095909.891663:ERROR:object_proxy.cc(642)] Failed to call method: org.freedesktop.DBus.NameHasOwner: object_path= /org/freedesktop/DBus: unknown error type: 
[3119:3267:1010/095909.891702:ERROR:bus.cc(392)] Failed to connect to the bus: Failed to connect to socket /tmp/dbus-ixdwMsFjCA: Connection refused
[3119:3119:1010/095909.891719:ERROR:object_proxy.cc(642)] Failed to call method: org.freedesktop.DBus.NameHasOwner: object_path= /org/freedesktop/DBus: unknown error type: 
[3119:3267:1010/095909.891756:ERROR:bus.cc(392)] Failed to connect to the bus: Failed to connect to socket /tmp/dbus-ixdwMsFjCA: Connection refused
[3119:3119:1010/095909.891777:ERROR:object_proxy.cc(642)] Failed to call method: org.freedesktop.DBus.NameHasOwner: object_path= /org/freedesktop/DBus: unknown error type: 
[3119:3119:1010/095909.891789:WARNING:idle_linux.cc(110)] None of the known D-Bus ScreenSaver services could be used.
[3119:3119:1010/095910.598046:INFO:CONSOLE(0)] "Error in event handler: TypeError: Cannot read properties of undefined (reading 'postMessage')
    at logFunc (chrome-extension://nphlliopfobfddkbiohifpjfhljjpiob/background.js:11:14)
    at chrome.webRequest.onBeforeRequest.addListener.urls (chrome-extension://nphlliopfobfddkbiohifpjfhljjpiob/background.js:16:15)", source: chrome-extension://nphlliopfobfddkbiohifpjfhljjpiob/_generated_background_page.html (0)
[3119:3119:1010/095910.598161:INFO:CONSOLE(0)] "Error in event handler: TypeError: Cannot read properties of undefined (reading 'postMessage')
    at logFunc (chrome-extension://nphlliopfobfddkbiohifpjfhljjpiob/background.js:11:14)
    at chrome.webRequest.onSendHeaders.addListener.urls (chrome-extension://nphlliopfobfddkbiohifpjfhljjpiob/background.js:28:15)", source: chrome-extension://nphlliopfobfddkbiohifpjfhljjpiob/_generated_background_page.html (0)
[3119:3119:1010/095910.609608:INFO:CONSOLE(0)] "Error in event handler: TypeError: Cannot read properties of undefined (reading 'postMessage')
    at logFunc (chrome-extension://nphlliopfobfddkbiohifpjfhljjpiob/background.js:11:14)
    at chrome.webRequest.onBeforeRequest.addListener.urls (chrome-extension://nphlliopfobfddkbiohifpjfhljjpiob/background.js:16:15)", source: chrome-extension://nphlliopfobfddkbiohifpjfhljjpiob/_generated_background_page.html (0)
[3119:3119:1010/095910.609746:INFO:CONSOLE(0)] "Error in event handler: TypeError: Cannot read properties of undefined (reading 'postMessage')
    at logFunc (chrome-extension://nphlliopfobfddkbiohifpjfhljjpiob/background.js:11:14)
    at chrome.webRequest.onSendHeaders.addListener.urls (chrome-extension://nphlliopfobfddkbiohifpjfhljjpiob/background.js:28:15)", source: chrome-extension://nphlliopfobfddkbiohifpjfhljjpiob/_generated_background_page.html (0)
[3119:3119:1010/095910.610163:INFO:CONSOLE(128)] "Uncaught (in promise) Error: Could not establish connection. Receiving end does not exist.", source: chrome-extension://nehjjjagpkhikejmlaiffhpgaiphilng/polyfill.js (128)
[3119:3119:1010/095910.610304:INFO:CONSOLE(128)] "Uncaught (in promise) Error: Could not establish connection. Receiving end does not exist.", source: chrome-extension://nehjjjagpkhikejmlaiffhpgaiphilng/polyfill.js (128)
[3119:3119:1010/095910.612053:INFO:CONSOLE(0)] "Error in event handler: TypeError: Cannot read properties of undefined (reading 'postMessage')
    at logFunc (chrome-extension://nphlliopfobfddkbiohifpjfhljjpiob/background.js:11:14)
    at chrome.webRequest.onBeforeRequest.addListener.urls (chrome-extension://nphlliopfobfddkbiohifpjfhljjpiob/background.js:16:15)", source: chrome-extension://nphlliopfobfddkbiohifpjfhljjpiob/_generated_background_page.html (0)
[3119:3119:1010/095910.612103:INFO:CONSOLE(0)] "Error in event handler: TypeError: Cannot read properties of undefined (reading 'postMessage')
    at logFunc (chrome-extension://nphlliopfobfddkbiohifpjfhljjpiob/background.js:11:14)
    at chrome.webRequest.onSendHeaders.addListener.urls (chrome-extension://nphlliopfobfddkbiohifpjfhljjpiob/background.js:28:15)", source: chrome-extension://nphlliopfobfddkbiohifpjfhljjpiob/_generated_background_page.html (0)
[3119:3119:1010/095911.516190:INFO:CONSOLE(0)] "Error in event handler: TypeError: Cannot read properties of undefined (reading 'postMessage')
    at logFunc (chrome-extension://nphlliopfobfddkbiohifpjfhljjpiob/background.js:11:14)
    at chrome.webRequest.onBeforeRequest.addListener.urls (chrome-extension://nphlliopfobfddkbiohifpjfhljjpiob/background.js:16:15)", source: chrome-extension://nphlliopfobfddkbiohifpjfhljjpiob/_generated_background_page.html (0)
[3119:3119:1010/095911.516258:INFO:CONSOLE(0)] "Error in event handler: TypeError: Cannot read properties of undefined (reading 'postMessage')
    at logFunc (chrome-extension://nphlliopfobfddkbiohifpjfhljjpiob/background.js:11:14)
    at chrome.webRequest.onSendHeaders.addListener.urls (chrome-extension://nphlliopfobfddkbiohifpjfhljjpiob/background.js:28:15)", source: chrome-extension://nphlliopfobfddkbiohifpjfhljjpiob/_generated_background_page.html (0)
[3119:3119:1010/095911.516290:INFO:CONSOLE(0)] "Error in event handler: TypeError: Cannot read properties of undefined (reading 'postMessage')
    at logFunc (chrome-extension://nphlliopfobfddkbiohifpjfhljjpiob/background.js:11:14)
    at chrome.webRequest.onBeforeRequest.addListener.urls (chrome-extension://nphlliopfobfddkbiohifpjfhljjpiob/background.js:16:15)", source: chrome-extension://nphlliopfobfddkbiohifpjfhljjpiob/_generated_background_page.html (0)
[3119:3119:1010/095911.516310:INFO:CONSOLE(0)] "Error in event handler: TypeError: Cannot read properties of undefined (reading 'postMessage')
    at logFunc (chrome-extension://nphlliopfobfddkbiohifpjfhljjpiob/background.js:11:14)
    at chrome.webRequest.onSendHeaders.addListener.urls (chrome-extension://nphlliopfobfddkbiohifpjfhljjpiob/background.js:28:15)", source: chrome-extension://nphlliopfobfddkbiohifpjfhljjpiob/_generated_background_page.html (0)
[3119:3119:1010/095911.516328:INFO:CONSOLE(0)] "Error in event handler: TypeError: Cannot read properties of undefined (reading 'postMessage')
    at logFunc (chrome-extension://nphlliopfobfddkbiohifpjfhljjpiob/background.js:11:14)
    at chrome.webRequest.onBeforeRequest.addListener.urls (chrome-extension://nphlliopfobfddkbiohifpjfhljjpiob/background.js:16:15)", source: chrome-extension://nphlliopfobfddkbiohifpjfhljjpiob/_generated_background_page.html (0)
[3119:3119:1010/095911.516345:INFO:CONSOLE(0)] "Error in event handler: TypeError: Cannot read properties of undefined (reading 'postMessage')
    at logFunc (chrome-extension://nphlliopfobfddkbiohifpjfhljjpiob/background.js:11:14)
    at chrome.webRequest.onSendHeaders.addListener.urls (chrome-extension://nphlliopfobfddkbiohifpjfhljjpiob/background.js:28:15)", source: chrome-extension://nphlliopfobfddkbiohifpjfhljjpiob/_generated_background_page.html (0)
[3119:3119:1010/095912.664994:INFO:CONSOLE(0)] "Error in event handler: TypeError: Cannot read properties of undefined (reading 'postMessage')
    at logFunc (chrome-extension://nphlliopfobfddkbiohifpjfhljjpiob/background.js:11:14)
    at chrome.webRequest.onResponseStarted.addListener.urls (chrome-extension://nphlliopfobfddkbiohifpjfhljjpiob/background.js:22:15)", source: chrome-extension://nphlliopfobfddkbiohifpjfhljjpiob/_generated_background_page.html (0)
[3119:3119:1010/095914.953178:INFO:CONSOLE(0)] "Error in event handler: TypeError: Cannot read properties of undefined (reading 'postMessage')
    at logFunc (chrome-extension://nphlliopfobfddkbiohifpjfhljjpiob/background.js:11:14)
    at chrome.webRequest.onResponseStarted.addListener.urls (chrome-extension://nphlliopfobfddkbiohifpjfhljjpiob/background.js:22:15)", source: chrome-extension://nphlliopfobfddkbiohifpjfhljjpiob/_generated_background_page.html (0)
[3119:3119:1010/095914.954101:INFO:CONSOLE(0)] "Error in event handler: TypeError: Cannot read properties of undefined (reading 'postMessage')
    at logFunc (chrome-extension://nphlliopfobfddkbiohifpjfhljjpiob/background.js:11:14)
    at chrome.webRequest.onCompleted.addListener.urls (chrome-extension://nphlliopfobfddkbiohifpjfhljjpiob/background.js:34:15)", source: chrome-extension://nphlliopfobfddkbiohifpjfhljjpiob/_generated_background_page.html (0)
[3119:3119:1010/095917.596572:INFO:CONSOLE(0)] "Error in event handler: TypeError: Cannot read properties of undefined (reading 'postMessage')
    at logFunc (chrome-extension://nphlliopfobfddkbiohifpjfhljjpiob/background.js:11:14)
    at chrome.webRequest.onResponseStarted.addListener.urls (chrome-extension://nphlliopfobfddkbiohifpjfhljjpiob/background.js:22:15)", source: chrome-extension://nphlliopfobfddkbiohifpjfhljjpiob/_generated_background_page.html (0)
[3485:105:1010/095917.689104:WARNING:crashpad_client_linux.cc(306)] prctl: Invalid argument (22)
[3493:111:1010/095917.702299:WARNING:crashpad_client_linux.cc(306)] prctl: Invalid argument (22)
[3502:117:1010/095917.710096:WARNING:crashpad_client_linux.cc(306)] prctl: Invalid argument (22)
[3509:122:1010/095917.743910:WARNING:crashpad_client_linux.cc(306)] prctl: Invalid argument (22)
[3119:3119:1010/095918.013021:INFO:CONSOLE(0)] "Error in event handler: TypeError: Cannot read properties of undefined (reading 'postMessage')
    at logFunc (chrome-extension://nphlliopfobfddkbiohifpjfhljjpiob/background.js:11:14)
    at chrome.webRequest.onCompleted.addListener.urls (chrome-extension://nphlliopfobfddkbiohifpjfhljjpiob/background.js:34:15)", source: chrome-extension://nphlliopfobfddkbiohifpjfhljjpiob/_generated_background_page.html (0)
[3119:3119:1010/095918.388630:INFO:CONSOLE(0)] "Error in event handler: TypeError: Cannot read properties of undefined (reading 'postMessage')
    at logFunc (chrome-extension://nphlliopfobfddkbiohifpjfhljjpiob/background.js:11:14)
    at chrome.webRequest.onResponseStarted.addListener.urls (chrome-extension://nphlliopfobfddkbiohifpjfhljjpiob/background.js:22:15)", source: chrome-extension://nphlliopfobfddkbiohifpjfhljjpiob/_generated_background_page.html (0)
[3525:129:1010/095919.290788:WARNING:crashpad_client_linux.cc(306)] prctl: Invalid argument (22)
[3533:135:1010/095919.307673:WARNING:crashpad_client_linux.cc(306)] prctl: Invalid argument (22)
[3541:141:1010/095919.318531:WARNING:crashpad_client_linux.cc(306)] prctl: Invalid argument (22)
[3549:147:1010/095919.345398:WARNING:crashpad_client_linux.cc(306)] prctl: Invalid argument (22)
[3119:3119:1010/095919.346351:INFO:CONSOLE(0)] "Error in event handler: TypeError: Cannot read properties of undefined (reading 'postMessage')
    at logFunc (chrome-extension://nphlliopfobfddkbiohifpjfhljjpiob/background.js:11:14)
    at chrome.webRequest.onResponseStarted.addListener.urls (chrome-extension://nphlliopfobfddkbiohifpjfhljjpiob/background.js:22:15)", source: chrome-extension://nphlliopfobfddkbiohifpjfhljjpiob/_generated_background_page.html (0)
[3119:3119:1010/095919.396548:INFO:CONSOLE(0)] "Error in event handler: TypeError: Cannot read properties of undefined (reading 'postMessage')
    at logFunc (chrome-extension://nphlliopfobfddkbiohifpjfhljjpiob/background.js:11:14)
    at chrome.webRequest.onCompleted.addListener.urls (chrome-extension://nphlliopfobfddkbiohifpjfhljjpiob/background.js:34:15)", source: chrome-extension://nphlliopfobfddkbiohifpjfhljjpiob/_generated_background_page.html (0)
[3119:3119:1010/095920.386939:INFO:CONSOLE(0)] "Error in event handler: TypeError: Cannot read properties of undefined (reading 'postMessage')
    at logFunc (chrome-extension://nphlliopfobfddkbiohifpjfhljjpiob/background.js:11:14)
    at chrome.webRequest.onCompleted.addListener.urls (chrome-extension://nphlliopfobfddkbiohifpjfhljjpiob/background.js:34:15)", source: chrome-extension://nphlliopfobfddkbiohifpjfhljjpiob/_generated_background_page.html (0)
[3558:152:1010/095921.037636:WARNING:crashpad_client_linux.cc(306)] prctl: Invalid argument (22)
[3566:158:1010/095921.056227:WARNING:crashpad_client_linux.cc(306)] prctl: Invalid argument (22)
[3573:163:1010/095921.063188:WARNING:crashpad_client_linux.cc(306)] prctl: Invalid argument (22)
[3581:169:1010/095921.092373:WARNING:crashpad_client_linux.cc(306)] prctl: Invalid argument (22)
[3589:175:1010/095923.682276:WARNING:crashpad_client_linux.cc(306)] prctl: Invalid argument (22)
[3597:181:1010/095923.697043:WARNING:crashpad_client_linux.cc(306)] prctl: Invalid argument (22)
[3604:186:1010/095923.712219:WARNING:crashpad_client_linux.cc(306)] prctl: Invalid argument (22)
[3611:191:1010/095923.740033:WARNING:crashpad_client_linux.cc(306)] prctl: Invalid argument (22)
[3619:197:1010/095925.195186:WARNING:crashpad_client_linux.cc(306)] prctl: Invalid argument (22)
[3628:203:1010/095925.212719:WARNING:crashpad_client_linux.cc(306)] prctl: Invalid argument (22)
[3636:209:1010/095925.221079:WARNING:crashpad_client_linux.cc(306)] prctl: Invalid argument (22)
[3644:215:1010/095925.247166:WARNING:crashpad_client_linux.cc(306)] prctl: Invalid argument (22)
[3119:3119:1010/095927.249662:INFO:CONSOLE(0)] "Error in event handler: TypeError: Cannot read properties of undefined (reading 'postMessage')
    at logFunc (chrome-extension://nphlliopfobfddkbiohifpjfhljjpiob/background.js:11:14)
    at chrome.webRequest.onCompleted.addListener.urls (chrome-extension://nphlliopfobfddkbiohifpjfhljjpiob/background.js:34:15)", source: chrome-extension://nphlliopfobfddkbiohifpjfhljjpiob/_generated_background_page.html (0)
[3119:3119:1010/095927.302246:INFO:CONSOLE(0)] "Error in event handler: TypeError: Cannot read properties of undefined (reading 'postMessage')
    at logFunc (chrome-extension://nphlliopfobfddkbiohifpjfhljjpiob/background.js:11:14)
    at chrome.webRequest.onBeforeRequest.addListener.urls (chrome-extension://nphlliopfobfddkbiohifpjfhljjpiob/background.js:16:15)", source: chrome-extension://nphlliopfobfddkbiohifpjfhljjpiob/_generated_background_page.html (0)
[3119:3119:1010/095927.302306:INFO:CONSOLE(0)] "Error in event handler: TypeError: Cannot read properties of undefined (reading 'postMessage')
    at logFunc (chrome-extension://nphlliopfobfddkbiohifpjfhljjpiob/background.js:11:14)
    at chrome.webRequest.onSendHeaders.addListener.urls (chrome-extension://nphlliopfobfddkbiohifpjfhljjpiob/background.js:28:15)", source: chrome-extension://nphlliopfobfddkbiohifpjfhljjpiob/_generated_background_page.html (0)
[3119:3119:1010/095927.310058:INFO:CONSOLE(0)] "Error in event handler: TypeError: Cannot read properties of undefined (reading 'postMessage')
    at logFunc (chrome-extension://nphlliopfobfddkbiohifpjfhljjpiob/background.js:11:14)
    at chrome.webRequest.onBeforeRequest.addListener.urls (chrome-extension://nphlliopfobfddkbiohifpjfhljjpiob/background.js:16:15)", source: chrome-extension://nphlliopfobfddkbiohifpjfhljjpiob/_generated_background_page.html (0)
[3119:3119:1010/095927.310109:INFO:CONSOLE(0)] "Error in event handler: TypeError: Cannot read properties of undefined (reading 'postMessage')
    at logFunc (chrome-extension://nphlliopfobfddkbiohifpjfhljjpiob/background.js:11:14)
    at chrome.webRequest.onSendHeaders.addListener.urls (chrome-extension://nphlliopfobfddkbiohifpjfhljjpiob/background.js:28:15)", source: chrome-extension://nphlliopfobfddkbiohifpjfhljjpiob/_generated_background_page.html (0)
[3119:3119:1010/095927.349580:INFO:CONSOLE(0)] "Error in event handler: TypeError: Cannot read properties of undefined (reading 'postMessage')
    at logFunc (chrome-extension://nphlliopfobfddkbiohifpjfhljjpiob/background.js:11:14)
    at chrome.webRequest.onBeforeRequest.addListener.urls (chrome-extension://nphlliopfobfddkbiohifpjfhljjpiob/background.js:16:15)", source: chrome-extension://nphlliopfobfddkbiohifpjfhljjpiob/_generated_background_page.html (0)
[3119:3119:1010/095927.349644:INFO:CONSOLE(0)] "Error in event handler: TypeError: Cannot read properties of undefined (reading 'postMessage')
    at logFunc (chrome-extension://nphlliopfobfddkbiohifpjfhljjpiob/background.js:11:14)
    at chrome.webRequest.onSendHeaders.addListener.urls (chrome-extension://nphlliopfobfddkbiohifpjfhljjpiob/background.js:28:15)", source: chrome-extension://nphlliopfobfddkbiohifpjfhljjpiob/_generated_background_page.html (0)
[3119:3119:1010/095927.384482:INFO:CONSOLE(0)] "Error in event handler: TypeError: Cannot read properties of undefined (reading 'postMessage')
    at logFunc (chrome-extension://nphlliopfobfddkbiohifpjfhljjpiob/background.js:11:14)
    at chrome.webRequest.onBeforeRequest.addListener.urls (chrome-extension://nphlliopfobfddkbiohifpjfhljjpiob/background.js:16:15)", source: chrome-extension://nphlliopfobfddkbiohifpjfhljjpiob/_generated_background_page.html (0)
[3119:3119:1010/095927.384537:INFO:CONSOLE(0)] "Error in event handler: TypeError: Cannot read properties of undefined (reading 'postMessage')
    at logFunc (chrome-extension://nphlliopfobfddkbiohifpjfhljjpiob/background.js:11:14)
    at chrome.webRequest.onSendHeaders.addListener.urls (chrome-extension://nphlliopfobfddkbiohifpjfhljjpiob/background.js:28:15)", source: chrome-extension://nphlliopfobfddkbiohifpjfhljjpiob/_generated_background_page.html (0)
[3119:3119:1010/095927.401045:INFO:CONSOLE(128)] "Uncaught (in promise) Error: Could not establish connection. Receiving end does not exist.", source: chrome-extension://nehjjjagpkhikejmlaiffhpgaiphilng/polyfill.js (128)
[3119:3119:1010/095927.515203:INFO:CONSOLE(1)] "CONTENT SCRIPT", source: chrome-extension://nphlliopfobfddkbiohifpjfhljjpiob/content.js (1)
[3119:3119:1010/095927.750024:INFO:CONSOLE(36)] "RESPONSE_STARTED 1633840167749 {"frameId":0,"fromCache":false,"initiator":"https://www.youtube.com","ip":"142.250.76.206","method":"GET","parentFrameId":-1,"requestId":"64","statusCode":200,"statusLine":"HTTP/1.1 200","tabId":2,"timeStamp":1633840167748.78,"type":"script","url":"https://www.youtube.com/s/player/920e4583/player_ias.vflset/en_GB/embed.js"}", source: chrome-extension://nphlliopfobfddkbiohifpjfhljjpiob/content.js (36)
[3119:3119:1010/095927.857143:INFO:CONSOLE(36)] "COMPLETE 1633840167838 {"frameId":0,"fromCache":false,"initiator":"https://www.youtube.com","ip":"142.250.76.206","method":"GET","parentFrameId":-1,"requestId":"64","responseHeaders":[{"name":"accept-ranges","value":"bytes"},{"name":"vary","value":"Accept-Encoding, Origin"},{"name":"content-encoding","value":"br"},{"name":"content-type","value":"text/javascript"},{"name":"cross-origin-resource-policy","value":"cross-origin"},{"name":"cross-origin-opener-policy-report-only","value":"same-origin; report-to=\"youtube\""},{"name":"report-to","value":"{\"group\":\"youtube\",\"max_age\":2592000,\"endpoints\":[{\"url\":\"https://csp.withgoogle.com/csp/report-to/youtube\"}]}"},{"name":"content-length","value":"7324"},{"name":"date","value":"Fri, 08 Oct 2021 00:59:35 GMT"},{"name":"expires","value":"Sat, 08 Oct 2022 00:59:35 GMT"},{"name":"last-modified","value":"Thu, 07 Oct 2021 00:21:39 GMT"},{"name":"x-content-type-options","value":"nosniff"},{"name":"server","value":"sffe"},{"name":"x-xss-protection","value":"0"},{"name":"cache-control","value":"public, max-age=31536000"},{"name":"age","value":"185392"},{"name":"alt-svc","value":"h3=\":443\"; ma=2592000,h3-29=\":443\"; ma=2592000,h3-T051=\":443\"; ma=2592000,h3-Q050=\":443\"; ma=2592000,h3-Q046=\":443\"; ma=2592000,h3-Q043=\":443\"; ma=2592000,quic=\":443\"; ma=2592000; v=\"46,43\""}],"statusCode":200,"statusLine":"HTTP/1.1 200","tabId":2,"timeStamp":1633840167838.0571,"type":"script","url":"https://www.youtube.com/s/player/920e4583/player_ias.vflset/en_GB/embed.js"}", source: chrome-extension://nphlliopfobfddkbiohifpjfhljjpiob/content.js (36)
[3119:3119:1010/095927.874899:INFO:CONSOLE(36)] "RESPONSE_STARTED 1633840167874 {"frameId":0,"fromCache":false,"initiator":"https://www.youtube.com","ip":"142.250.76.206","method":"POST","parentFrameId":-1,"requestId":"63","statusCode":204,"statusLine":"HTTP/1.1 204","tabId":2,"timeStamp":1633840167873.9941,"type":"ping","url":"https://www.youtube.com/api/stats/qoe?event=streamingstats&cpn=6JrXDee4zuIkE2xp&el=embedded&docid=VbpF3vuPGYw&ns=yt&fexp=23983296%2C24001373%2C24002022%2C24002025%2C24002922%2C24004644%2C24007246%2C24064555%2C24064675%2C24080738%2C24082662%2C24087479%2C24101841%2C24106092%2C24106565&cl=401352273&seq=1&cbr=Chrome&cbrver=93.0.4577.63&c=WEB_EMBEDDED_PLAYER&cver=1.20211006.1.0&cplayer=UNIPLAYER&cos=X11&cplatform=DESKTOP&vps=0.000:N,0.000:ER&cmt=0.000:0.000,0.000:0.000&error=0.000:auth:0.000:0;a6s.0&vis=0.000:0&bh=0.000:0.000"}", source: chrome-extension://nphlliopfobfddkbiohifpjfhljjpiob/content.js (36)
[3119:3119:1010/095927.874967:INFO:CONSOLE(36)] "COMPLETE 1633840167874 {"frameId":0,"fromCache":false,"initiator":"https://www.youtube.com","ip":"142.250.76.206","method":"POST","parentFrameId":-1,"requestId":"63","responseHeaders":[{"name":"content-type","value":"text/html; charset=UTF-8"},{"name":"date","value":"Sun, 10 Oct 2021 04:29:27 GMT"},{"name":"pragma","value":"no-cache"},{"name":"expires","value":"Fri, 01 Jan 1990 00:00:00 GMT"},{"name":"cache-control","value":"no-cache, must-revalidate"},{"name":"access-control-allow-origin","value":"https://www.youtube.com"},{"name":"access-control-allow-credentials","value":"true"},{"name":"x-content-type-options","value":"nosniff"},{"name":"server","value":"Video Stats Server"},{"name":"content-length","value":"0"},{"name":"x-xss-protection","value":"0"},{"name":"x-frame-options","value":"SAMEORIGIN"},{"name":"alt-svc","value":"h3=\":443\"; ma=2592000,h3-29=\":443\"; ma=2592000,h3-T051=\":443\"; ma=2592000,h3-Q050=\":443\"; ma=2592000,h3-Q046=\":443\"; ma=2592000,h3-Q043=\":443\"; ma=2592000,quic=\":443\"; ma=2592000; v=\"46,43\""}],"statusCode":204,"statusLine":"HTTP/1.1 204","tabId":2,"timeStamp":1633840167874.226,"type":"ping","url":"https://www.youtube.com/api/stats/qoe?event=streamingstats&cpn=6JrXDee4zuIkE2xp&el=embedded&docid=VbpF3vuPGYw&ns=yt&fexp=23983296%2C24001373%2C24002022%2C24002025%2C24002922%2C24004644%2C24007246%2C24064555%2C24064675%2C24080738%2C24082662%2C24087479%2C24101841%2C24106092%2C24106565&cl=401352273&seq=1&cbr=Chrome&cbrver=93.0.4577.63&c=WEB_EMBEDDED_PLAYER&cver=1.20211006.1.0&cplayer=UNIPLAYER&cos=X11&cplatform=DESKTOP&vps=0.000:N,0.000:ER&cmt=0.000:0.000,0.000:0.000&error=0.000:auth:0.000:0;a6s.0&vis=0.000:0&bh=0.000:0.000"}", source: chrome-extension://nphlliopfobfddkbiohifpjfhljjpiob/content.js (36)
[3119:3119:1010/095929.311062:INFO:CONSOLE(36)] "BEFORE_REQUEST 1633840169310 {"frameId":0,"initiator":"https://www.youtube.com","method":"POST","parentFrameId":-1,"requestId":"65","tabId":2,"timeStamp":1633840169309.927,"type":"xmlhttprequest","url":"https://www.youtube.com/youtubei/v1/log_event?alt=json&key=AIzaSyAO_FJ2SlqU8Q4STEHLGCilw_Y9_11qcW8"}", source: chrome-extension://nphlliopfobfddkbiohifpjfhljjpiob/content.js (36)
[3119:3119:1010/095929.311120:INFO:CONSOLE(36)] "SEND_HEADERS 1633840169310 {"frameId":0,"initiator":"https://www.youtube.com","method":"POST","parentFrameId":-1,"requestId":"65","tabId":2,"timeStamp":1633840169309.9639,"type":"xmlhttprequest","url":"https://www.youtube.com/youtubei/v1/log_event?alt=json&key=AIzaSyAO_FJ2SlqU8Q4STEHLGCilw_Y9_11qcW8"}", source: chrome-extension://nphlliopfobfddkbiohifpjfhljjpiob/content.js (36)
[3653:220:1010/095930.309280:WARNING:crashpad_client_linux.cc(306)] prctl: Invalid argument (22)
[3661:226:1010/095930.320643:WARNING:crashpad_client_linux.cc(306)] prctl: Invalid argument (22)
[3119:3119:1010/095930.325236:INFO:CONSOLE(36)] "BEFORE_REQUEST 1633840170324 {"frameId":0,"initiator":"https://www.youtube.com","method":"GET","parentFrameId":-1,"requestId":"61","tabId":2,"timeStamp":1633840170323.493,"type":"xmlhttprequest","url":"https://googleads.g.doubleclick.net/pagead/id?slf_rd=1"}", source: chrome-extension://nphlliopfobfddkbiohifpjfhljjpiob/content.js (36)
[3119:3119:1010/095930.325277:INFO:CONSOLE(36)] "SEND_HEADERS 1633840170324 {"frameId":0,"initiator":"https://www.youtube.com","method":"GET","parentFrameId":-1,"requestId":"61","tabId":2,"timeStamp":1633840170323.563,"type":"xmlhttprequest","url":"https://googleads.g.doubleclick.net/pagead/id?slf_rd=1"}", source: chrome-extension://nphlliopfobfddkbiohifpjfhljjpiob/content.js (36)
[3669:232:1010/095930.334938:WARNING:crashpad_client_linux.cc(306)] prctl: Invalid argument (22)
[3119:3119:1010/095930.346784:INFO:CONSOLE(36)] "RESPONSE_STARTED 1633840170340 {"frameId":0,"fromCache":false,"initiator":"https://www.youtube.com","ip":"142.250.192.70","method":"GET","parentFrameId":-1,"requestId":"62","statusCode":200,"statusLine":"HTTP/1.1 200","tabId":2,"timeStamp":1633840170340.604,"type":"script","url":"https://static.doubleclick.net/instream/ad_status.js"}", source: chrome-extension://nphlliopfobfddkbiohifpjfhljjpiob/content.js (36)
[3119:3119:1010/095930.346826:INFO:CONSOLE(36)] "COMPLETE 1633840170342 {"frameId":0,"fromCache":false,"initiator":"https://www.youtube.com","ip":"142.250.192.70","method":"GET","parentFrameId":-1,"requestId":"62","responseHeaders":[{"name":"accept-ranges","value":"bytes"},{"name":"content-type","value":"text/javascript"},{"name":"access-control-allow-origin","value":"*"},{"name":"cross-origin-resource-policy","value":"cross-origin"},{"name":"cross-origin-opener-policy-report-only","value":"same-origin; report-to=\"ads-doubleclick-media\""},{"name":"report-to","value":"{\"group\":\"ads-doubleclick-media\",\"max_age\":2592000,\"endpoints\":[{\"url\":\"https://csp.withgoogle.com/csp/report-to/ads-doubleclick-media\"}]}"},{"name":"timing-allow-origin","value":"*"},{"name":"content-length","value":"29"},{"name":"date","value":"Sun, 10 Oct 2021 04:24:20 GMT"},{"name":"expires","value":"Sun, 10 Oct 2021 04:39:20 GMT"},{"name":"last-modified","value":"Thu, 12 Dec 2013 23:40:16 GMT"},{"name":"x-content-type-options","value":"nosniff"},{"name":"server","value":"sffe"},{"name":"x-xss-protection","value":"0"},{"name":"age","value":"309"},{"name":"cache-control","value":"public, max-age=900"},{"name":"alt-svc","value":"h3=\":443\"; ma=2592000,h3-29=\":443\"; ma=2592000,h3-T051=\":443\"; ma=2592000,h3-Q050=\":443\"; ma=2592000,h3-Q046=\":443\"; ma=2592000,h3-Q043=\":443\"; ma=2592000,quic=\":443\"; ma=2592000; v=\"46,43\""}],"statusCode":200,"statusLine":"HTTP/1.1 200","tabId":2,"timeStamp":1633840170340.992,"type":"script","url":"https://static.doubleclick.net/instream/ad_status.js"}", source: chrome-extension://nphlliopfobfddkbiohifpjfhljjpiob/content.js (36)
[3119:3119:1010/095930.352282:INFO:CONSOLE(36)] "BEFORE_REQUEST 1633840170348 {"frameId":0,"initiator":"https://www.youtube.com","method":"GET","parentFrameId":-1,"requestId":"66","tabId":2,"timeStamp":1633840170348.243,"type":"image","url":"https://www.youtube.com/favicon.ico"}", source: chrome-extension://nphlliopfobfddkbiohifpjfhljjpiob/content.js (36)
[3119:3119:1010/095930.352329:INFO:CONSOLE(36)] "SEND_HEADERS 1633840170348 {"frameId":0,"initiator":"https://www.youtube.com","method":"GET","parentFrameId":-1,"requestId":"66","tabId":2,"timeStamp":1633840170348.283,"type":"image","url":"https://www.youtube.com/favicon.ico"}", source: chrome-extension://nphlliopfobfddkbiohifpjfhljjpiob/content.js (36)
[3119:3119:1010/095930.360516:INFO:CONSOLE(36)] "RESPONSE_STARTED 1633840170358 {"frameId":0,"fromCache":false,"initiator":"https://www.youtube.com","ip":"142.250.76.206","method":"POST","parentFrameId":-1,"requestId":"65","statusCode":200,"statusLine":"HTTP/1.1 200","tabId":2,"timeStamp":1633840170357.9768,"type":"xmlhttprequest","url":"https://www.youtube.com/youtubei/v1/log_event?alt=json&key=AIzaSyAO_FJ2SlqU8Q4STEHLGCilw_Y9_11qcW8"}", source: chrome-extension://nphlliopfobfddkbiohifpjfhljjpiob/content.js (36)
[3119:3119:1010/095930.360649:INFO:CONSOLE(36)] "COMPLETE 1633840170358 {"frameId":0,"fromCache":false,"initiator":"https://www.youtube.com","ip":"142.250.76.206","method":"POST","parentFrameId":-1,"requestId":"65","responseHeaders":[{"name":"content-type","value":"application/json; charset=UTF-8"},{"name":"vary","value":"Origin"},{"name":"vary","value":"X-Origin"},{"name":"vary","value":"Referer"},{"name":"content-encoding","value":"br"},{"name":"date","value":"Sun, 10 Oct 2021 04:29:29 GMT"},{"name":"server","value":"ESF"},{"name":"content-length","value":"31"},{"name":"x-xss-protection","value":"0"},{"name":"x-frame-options","value":"SAMEORIGIN"},{"name":"x-content-type-options","value":"nosniff"},{"name":"alt-svc","value":"h3=\":443\"; ma=2592000,h3-29=\":443\"; ma=2592000,h3-T051=\":443\"; ma=2592000,h3-Q050=\":443\"; ma=2592000,h3-Q046=\":443\"; ma=2592000,h3-Q043=\":443\"; ma=2592000,quic=\":443\"; ma=2592000; v=\"46,43\""}],"statusCode":200,"statusLine":"HTTP/1.1 200","tabId":2,"timeStamp":1633840170358.43,"type":"xmlhttprequest","url":"https://www.youtube.com/youtubei/v1/log_event?alt=json&key=AIzaSyAO_FJ2SlqU8Q4STEHLGCilw_Y9_11qcW8"}", source: chrome-extension://nphlliopfobfddkbiohifpjfhljjpiob/content.js (36)
[3677:237:1010/095930.376592:WARNING:crashpad_client_linux.cc(306)] prctl: Invalid argument (22)
[3690:243:1010/095930.404905:WARNING:crashpad_client_linux.cc(306)] prctl: Invalid argument (22)
[3119:3119:1010/095930.575967:INFO:CONSOLE(36)] "RESPONSE_STARTED 1633840170575 {"frameId":0,"fromCache":false,"initiator":"https://www.youtube.com","ip":"142.250.76.206","method":"GET","parentFrameId":-1,"requestId":"66","statusCode":200,"statusLine":"HTTP/1.1 200","tabId":2,"timeStamp":1633840170574.743,"type":"image","url":"https://www.youtube.com/favicon.ico"}", source: chrome-extension://nphlliopfobfddkbiohifpjfhljjpiob/content.js (36)
[3119:3119:1010/095930.576008:INFO:CONSOLE(36)] "COMPLETE 1633840170575 {"frameId":0,"fromCache":false,"initiator":"https://www.youtube.com","ip":"142.250.76.206","method":"GET","parentFrameId":-1,"requestId":"66","responseHeaders":[{"name":"accept-ranges","value":"bytes"},{"name":"vary","value":"Accept-Encoding"},{"name":"content-encoding","value":"gzip"},{"name":"content-type","value":"image/x-icon"},{"name":"content-security-policy-report-only","value":"require-trusted-types-for 'script'; report-uri https://csp.withgoogle.com/csp/youtube-marketing"},{"name":"cross-origin-resource-policy","value":"cross-origin"},{"name":"cross-origin-opener-policy-report-only","value":"same-origin; report-to=\"youtube-marketing\""},{"name":"report-to","value":"{\"group\":\"youtube-marketing\",\"max_age\":2592000,\"endpoints\":[{\"url\":\"https://csp.withgoogle.com/csp/report-to/youtube-marketing\"}]}"},{"name":"content-length","value":"180"},{"name":"date","value":"Fri, 08 Oct 2021 20:18:31 GMT"},{"name":"expires","value":"Sat, 08 Oct 2022 20:18:31 GMT"},{"name":"last-modified","value":"Tue, 03 Mar 2020 20:15:00 GMT"},{"name":"x-content-type-options","value":"nosniff"},{"name":"server","value":"sffe"},{"name":"x-xss-protection","value":"0"},{"name":"age","value":"115859"},{"name":"cache-control","value":"public, max-age=31536000"},{"name":"alt-svc","value":"h3=\":443\"; ma=2592000,h3-29=\":443\"; ma=2592000,h3-T051=\":443\"; ma=2592000,h3-Q050=\":443\"; ma=2592000,h3-Q046=\":443\"; ma=2592000,h3-Q043=\":443\"; ma=2592000,quic=\":443\"; ma=2592000; v=\"46,43\""}],"statusCode":200,"statusLine":"HTTP/1.1 200","tabId":2,"timeStamp":1633840170575.1309,"type":"image","url":"https://www.youtube.com/favicon.ico"}", source: chrome-extension://nphlliopfobfddkbiohifpjfhljjpiob/content.js (36)
[3119:3119:1010/095931.223104:INFO:CONSOLE(36)] "RESPONSE_STARTED 1633840171222 {"frameId":0,"fromCache":false,"initiator":"https://www.youtube.com","ip":"142.250.183.98","method":"GET","parentFrameId":-1,"requestId":"61","statusCode":200,"statusLine":"HTTP/1.1 200","tabId":2,"timeStamp":1633840171222.399,"type":"xmlhttprequest","url":"https://googleads.g.doubleclick.net/pagead/id?slf_rd=1"}", source: chrome-extension://nphlliopfobfddkbiohifpjfhljjpiob/content.js (36)
[3119:3119:1010/095931.241375:INFO:CONSOLE(36)] "COMPLETE 1633840171240 {"frameId":0,"fromCache":false,"initiator":"https://www.youtube.com","ip":"142.250.183.98","method":"GET","parentFrameId":-1,"requestId":"61","responseHeaders":[{"name":"p3p","value":"policyref=\"https://googleads.g.doubleclick.net/pagead/gcn_p3p_.xml\", CP=\"CURa ADMa DEVa TAIo PSAo PSDo OUR IND UNI PUR INT DEM STA PRE COM NAV OTC NOI DSP COR\""},{"name":"timing-allow-origin","value":"*"},{"name":"cross-origin-resource-policy","value":"cross-origin"},{"name":"access-control-allow-credentials","value":"true"},{"name":"access-control-allow-origin","value":"https://www.youtube.com"},{"name":"content-type","value":"application/json; charset=UTF-8"},{"name":"date","value":"Sun, 10 Oct 2021 04:29:30 GMT"},{"name":"pragma","value":"no-cache"},{"name":"expires","value":"Fri, 01 Jan 1990 00:00:00 GMT"},{"name":"cache-control","value":"no-cache, no-store, must-revalidate"},{"name":"x-content-type-options","value":"nosniff"},{"name":"content-disposition","value":"attachment; filename=\"f.txt\""},{"name":"content-encoding","value":"gzip"},{"name":"server","value":"cafe"},{"name":"content-length","value":"133"},{"name":"x-xss-protection","value":"0"},{"name":"alt-svc","value":"h3=\":443\"; ma=2592000,h3-29=\":443\"; ma=2592000,h3-T051=\":443\"; ma=2592000,h3-Q050=\":443\"; ma=2592000,h3-Q046=\":443\"; ma=2592000,h3-Q043=\":443\"; ma=2592000,quic=\":443\"; ma=2592000; v=\"46,43\""}],"statusCode":200,"statusLine":"HTTP/1.1 200","tabId":2,"timeStamp":1633840171240.7,"type":"xmlhttprequest","url":"https://googleads.g.doubleclick.net/pagead/id?slf_rd=1"}", source: chrome-extension://nphlliopfobfddkbiohifpjfhljjpiob/content.js (36)
[3703:254:1010/095931.567296:WARNING:crashpad_client_linux.cc(306)] prctl: Invalid argument (22)
[3711:260:1010/095931.579704:WARNING:crashpad_client_linux.cc(306)] prctl: Invalid argument (22)
[3719:266:1010/095931.588648:WARNING:crashpad_client_linux.cc(306)] prctl: Invalid argument (22)
[3727:272:1010/095931.618837:WARNING:crashpad_client_linux.cc(306)] prctl: Invalid argument (22)
[3735:278:1010/095931.648525:WARNING:crashpad_client_linux.cc(306)] prctl: Invalid argument (22)
[3748:289:1010/095931.871958:WARNING:crashpad_client_linux.cc(306)] prctl: Invalid argument (22)
[3756:295:1010/095931.885161:WARNING:crashpad_client_linux.cc(306)] prctl: Invalid argument (22)
[3764:301:1010/095931.894436:WARNING:crashpad_client_linux.cc(306)] prctl: Invalid argument (22)
[3771:306:1010/095931.918948:WARNING:crashpad_client_linux.cc(306)] prctl: Invalid argument (22)
[3119:3119:1010/095932.348305:INFO:CONSOLE(36)] "BEFORE_REQUEST 1633840172347 {"frameId":0,"initiator":"https://www.youtube.com","method":"POST","parentFrameId":-1,"requestId":"71","tabId":2,"timeStamp":1633840172347.402,"type":"xmlhttprequest","url":"https://www.youtube.com/youtubei/v1/log_event?alt=json&key=AIzaSyAO_FJ2SlqU8Q4STEHLGCilw_Y9_11qcW8"}", source: chrome-extension://nphlliopfobfddkbiohifpjfhljjpiob/content.js (36)
[3119:3119:1010/095932.348383:INFO:CONSOLE(36)] "SEND_HEADERS 1633840172347 {"frameId":0,"initiator":"https://www.youtube.com","method":"POST","parentFrameId":-1,"requestId":"71","tabId":2,"timeStamp":1633840172347.441,"type":"xmlhttprequest","url":"https://www.youtube.com/youtubei/v1/log_event?alt=json&key=AIzaSyAO_FJ2SlqU8Q4STEHLGCilw_Y9_11qcW8"}", source: chrome-extension://nphlliopfobfddkbiohifpjfhljjpiob/content.js (36)
[3119:3119:1010/095932.520174:INFO:CONSOLE(36)] "RESPONSE_STARTED 1633840172518 {"frameId":0,"fromCache":false,"initiator":"https://www.youtube.com","ip":"142.250.76.206","method":"POST","parentFrameId":-1,"requestId":"71","statusCode":200,"statusLine":"HTTP/1.1 200","tabId":2,"timeStamp":1633840172518.71,"type":"xmlhttprequest","url":"https://www.youtube.com/youtubei/v1/log_event?alt=json&key=AIzaSyAO_FJ2SlqU8Q4STEHLGCilw_Y9_11qcW8"}", source: chrome-extension://nphlliopfobfddkbiohifpjfhljjpiob/content.js (36)
[3119:3119:1010/095932.520303:INFO:CONSOLE(36)] "COMPLETE 1633840172519 {"frameId":0,"fromCache":false,"initiator":"https://www.youtube.com","ip":"142.250.76.206","method":"POST","parentFrameId":-1,"requestId":"71","responseHeaders":[{"name":"content-type","value":"application/json; charset=UTF-8"},{"name":"vary","value":"Origin"},{"name":"vary","value":"X-Origin"},{"name":"vary","value":"Referer"},{"name":"content-encoding","value":"br"},{"name":"date","value":"Sun, 10 Oct 2021 04:29:32 GMT"},{"name":"server","value":"ESF"},{"name":"content-length","value":"31"},{"name":"x-xss-protection","value":"0"},{"name":"x-frame-options","value":"SAMEORIGIN"},{"name":"x-content-type-options","value":"nosniff"},{"name":"alt-svc","value":"h3=\":443\"; ma=2592000,h3-29=\":443\"; ma=2592000,h3-T051=\":443\"; ma=2592000,h3-Q050=\":443\"; ma=2592000,h3-Q046=\":443\"; ma=2592000,h3-Q043=\":443\"; ma=2592000,quic=\":443\"; ma=2592000; v=\"46,43\""}],"statusCode":200,"statusLine":"HTTP/1.1 200","tabId":2,"timeStamp":1633840172519.1902,"type":"xmlhttprequest","url":"https://www.youtube.com/youtubei/v1/log_event?alt=json&key=AIzaSyAO_FJ2SlqU8Q4STEHLGCilw_Y9_11qcW8"}", source: chrome-extension://nphlliopfobfddkbiohifpjfhljjpiob/content.js (36)
[3210:3275:1010/095940.605048:WARNING:key_storage_linux.cc(178)] OSCrypt tried Libsecret but couldn't initialise.
[3852:312:1010/100008.825230:WARNING:crashpad_client_linux.cc(306)] prctl: Invalid argument (22)
[3119:3119:1010/100128.515706:INFO:CONSOLE(29)] "Closing window 0", source: chrome-extension://nphlliopfobfddkbiohifpjfhljjpiob/content.js (29)
[3210:3275:1010/100128.815616:WARNING:sqlite_persistent_store_backend_base.cc(172)] Failed to post task from FlushAndNotifyInBackground@net/extras/sqlite/sqlite_persistent_store_backend_base.cc:220 to client_task_runner_.
[3119:3119:1010/100128.842645:WARNING:pref_notifier_impl.cc(40)] Pref observer for media_router.cast_allow_all_ips found at shutdown.
