[618:716:1010/095316.658611:ERROR:bus.cc(392)] Failed to connect to the bus: Failed to connect to socket /tmp/dbus-ixdwMsFjCA: Connection refused
[618:716:1010/095316.658698:ERROR:bus.cc(392)] Failed to connect to the bus: Failed to connect to socket /tmp/dbus-ixdwMsFjCA: Connection refused
[618:716:1010/095316.672564:ERROR:bus.cc(392)] Failed to connect to the bus: Failed to connect to socket /tmp/dbus-ixdwMsFjCA: Connection refused
[618:716:1010/095316.672620:ERROR:bus.cc(392)] Failed to connect to the bus: Failed to connect to socket /tmp/dbus-ixdwMsFjCA: Connection refused
[731:7:1010/095316.676584:WARNING:crashpad_client_linux.cc(306)] prctl: Invalid argument (22)
[727:727:1010/095316.722607:ERROR:gpu_init.cc(441)] Passthrough is not supported, GL is swiftshader
[618:745:1010/095316.763002:WARNING:external_pref_loader.cc(331)] You are using an old-style extension deployment method (external_extensions.json), which will soon be deprecated. (see http://developer.chrome.com/extensions/external_extensions.html)
[618:618:1010/095316.766538:WARNING:browser_main_loop.cc(271)] <unknown>: Couldn't connect to accessibility bus: Failed to connect to socket /tmp/dbus-ZAvxrYUX2Q: Connection refused
[764:13:1010/095316.935582:WARNING:crashpad_client_linux.cc(306)] prctl: Invalid argument (22)
[767:14:1010/095316.947940:WARNING:crashpad_client_linux.cc(306)] prctl: Invalid argument (22)
[802:35:1010/095317.025935:WARNING:crashpad_client_linux.cc(306)] prctl: Invalid argument (22)
[810:39:1010/095317.043458:WARNING:crashpad_client_linux.cc(306)] prctl: Invalid argument (22)
[818:43:1010/095317.055021:WARNING:crashpad_client_linux.cc(306)] prctl: Invalid argument (22)
[841:58:1010/095317.082226:WARNING:crashpad_client_linux.cc(306)] prctl: Invalid argument (22)
[852:65:1010/095317.102928:WARNING:crashpad_client_linux.cc(306)] prctl: Invalid argument (22)
[861:72:1010/095317.112207:WARNING:crashpad_client_linux.cc(306)] prctl: Invalid argument (22)
[618:716:1010/095317.527281:ERROR:bus.cc(392)] Failed to connect to the bus: Failed to connect to socket /tmp/dbus-ixdwMsFjCA: Connection refused
[618:716:1010/095317.527322:ERROR:bus.cc(392)] Failed to connect to the bus: Failed to connect to socket /tmp/dbus-ixdwMsFjCA: Connection refused
[913:101:1010/095318.167973:WARNING:crashpad_client_linux.cc(306)] prctl: Invalid argument (22)
[618:742:1010/095318.469718:ERROR:bus.cc(392)] Failed to connect to the bus: Failed to connect to socket /tmp/dbus-ixdwMsFjCA: Connection refused
[618:618:1010/095318.469777:ERROR:object_proxy.cc(642)] Failed to call method: org.freedesktop.DBus.NameHasOwner: object_path= /org/freedesktop/DBus: unknown error type: 
[618:742:1010/095318.469827:ERROR:bus.cc(392)] Failed to connect to the bus: Failed to connect to socket /tmp/dbus-ixdwMsFjCA: Connection refused
[618:618:1010/095318.469847:ERROR:object_proxy.cc(642)] Failed to call method: org.freedesktop.DBus.NameHasOwner: object_path= /org/freedesktop/DBus: unknown error type: 
[618:742:1010/095318.469885:ERROR:bus.cc(392)] Failed to connect to the bus: Failed to connect to socket /tmp/dbus-ixdwMsFjCA: Connection refused
[618:618:1010/095318.469907:ERROR:object_proxy.cc(642)] Failed to call method: org.freedesktop.DBus.NameHasOwner: object_path= /org/freedesktop/DBus: unknown error type: 
[618:742:1010/095318.469945:ERROR:bus.cc(392)] Failed to connect to the bus: Failed to connect to socket /tmp/dbus-ixdwMsFjCA: Connection refused
[618:618:1010/095318.469961:ERROR:object_proxy.cc(642)] Failed to call method: org.freedesktop.DBus.NameHasOwner: object_path= /org/freedesktop/DBus: unknown error type: 
[618:742:1010/095318.469997:ERROR:bus.cc(392)] Failed to connect to the bus: Failed to connect to socket /tmp/dbus-ixdwMsFjCA: Connection refused
[618:618:1010/095318.470017:ERROR:object_proxy.cc(642)] Failed to call method: org.freedesktop.DBus.NameHasOwner: object_path= /org/freedesktop/DBus: unknown error type: 
[618:618:1010/095318.470023:WARNING:idle_linux.cc(110)] None of the known D-Bus ScreenSaver services could be used.
[618:618:1010/095319.306100:INFO:CONSOLE(0)] "Error in event handler: TypeError: Cannot read properties of undefined (reading 'postMessage')
    at logFunc (chrome-extension://nphlliopfobfddkbiohifpjfhljjpiob/background.js:11:14)
    at chrome.webRequest.onBeforeRequest.addListener.urls (chrome-extension://nphlliopfobfddkbiohifpjfhljjpiob/background.js:16:15)", source: chrome-extension://nphlliopfobfddkbiohifpjfhljjpiob/_generated_background_page.html (0)
[618:618:1010/095319.306191:INFO:CONSOLE(0)] "Error in event handler: TypeError: Cannot read properties of undefined (reading 'postMessage')
    at logFunc (chrome-extension://nphlliopfobfddkbiohifpjfhljjpiob/background.js:11:14)
    at chrome.webRequest.onSendHeaders.addListener.urls (chrome-extension://nphlliopfobfddkbiohifpjfhljjpiob/background.js:28:15)", source: chrome-extension://nphlliopfobfddkbiohifpjfhljjpiob/_generated_background_page.html (0)
[618:618:1010/095319.331801:INFO:CONSOLE(0)] "Error in event handler: TypeError: Cannot read properties of undefined (reading 'postMessage')
    at logFunc (chrome-extension://nphlliopfobfddkbiohifpjfhljjpiob/background.js:11:14)
    at chrome.webRequest.onBeforeRequest.addListener.urls (chrome-extension://nphlliopfobfddkbiohifpjfhljjpiob/background.js:16:15)", source: chrome-extension://nphlliopfobfddkbiohifpjfhljjpiob/_generated_background_page.html (0)
[618:618:1010/095319.331925:INFO:CONSOLE(0)] "Error in event handler: TypeError: Cannot read properties of undefined (reading 'postMessage')
    at logFunc (chrome-extension://nphlliopfobfddkbiohifpjfhljjpiob/background.js:11:14)
    at chrome.webRequest.onSendHeaders.addListener.urls (chrome-extension://nphlliopfobfddkbiohifpjfhljjpiob/background.js:28:15)", source: chrome-extension://nphlliopfobfddkbiohifpjfhljjpiob/_generated_background_page.html (0)
[618:618:1010/095319.339144:INFO:CONSOLE(128)] "Uncaught (in promise) Error: Could not establish connection. Receiving end does not exist.", source: chrome-extension://nehjjjagpkhikejmlaiffhpgaiphilng/polyfill.js (128)
[618:618:1010/095319.339682:INFO:CONSOLE(0)] "Error in event handler: TypeError: Cannot read properties of undefined (reading 'postMessage')
    at logFunc (chrome-extension://nphlliopfobfddkbiohifpjfhljjpiob/background.js:11:14)
    at chrome.webRequest.onBeforeRequest.addListener.urls (chrome-extension://nphlliopfobfddkbiohifpjfhljjpiob/background.js:16:15)", source: chrome-extension://nphlliopfobfddkbiohifpjfhljjpiob/_generated_background_page.html (0)
[618:618:1010/095319.339729:INFO:CONSOLE(0)] "Error in event handler: TypeError: Cannot read properties of undefined (reading 'postMessage')
    at logFunc (chrome-extension://nphlliopfobfddkbiohifpjfhljjpiob/background.js:11:14)
    at chrome.webRequest.onSendHeaders.addListener.urls (chrome-extension://nphlliopfobfddkbiohifpjfhljjpiob/background.js:28:15)", source: chrome-extension://nphlliopfobfddkbiohifpjfhljjpiob/_generated_background_page.html (0)
[618:618:1010/095319.339872:INFO:CONSOLE(128)] "Uncaught (in promise) Error: Could not establish connection. Receiving end does not exist.", source: chrome-extension://nehjjjagpkhikejmlaiffhpgaiphilng/polyfill.js (128)
[618:618:1010/095319.587536:INFO:CONSOLE(0)] "Error in event handler: TypeError: Cannot read properties of undefined (reading 'postMessage')
    at logFunc (chrome-extension://nphlliopfobfddkbiohifpjfhljjpiob/background.js:11:14)
    at chrome.webRequest.onBeforeRequest.addListener.urls (chrome-extension://nphlliopfobfddkbiohifpjfhljjpiob/background.js:16:15)", source: chrome-extension://nphlliopfobfddkbiohifpjfhljjpiob/_generated_background_page.html (0)
[618:618:1010/095319.587585:INFO:CONSOLE(0)] "Error in event handler: TypeError: Cannot read properties of undefined (reading 'postMessage')
    at logFunc (chrome-extension://nphlliopfobfddkbiohifpjfhljjpiob/background.js:11:14)
    at chrome.webRequest.onSendHeaders.addListener.urls (chrome-extension://nphlliopfobfddkbiohifpjfhljjpiob/background.js:28:15)", source: chrome-extension://nphlliopfobfddkbiohifpjfhljjpiob/_generated_background_page.html (0)
[618:618:1010/095319.588723:INFO:CONSOLE(0)] "Error in event handler: TypeError: Cannot read properties of undefined (reading 'postMessage')
    at logFunc (chrome-extension://nphlliopfobfddkbiohifpjfhljjpiob/background.js:11:14)
    at chrome.webRequest.onBeforeRequest.addListener.urls (chrome-extension://nphlliopfobfddkbiohifpjfhljjpiob/background.js:16:15)", source: chrome-extension://nphlliopfobfddkbiohifpjfhljjpiob/_generated_background_page.html (0)
[618:618:1010/095319.588807:INFO:CONSOLE(0)] "Error in event handler: TypeError: Cannot read properties of undefined (reading 'postMessage')
    at logFunc (chrome-extension://nphlliopfobfddkbiohifpjfhljjpiob/background.js:11:14)
    at chrome.webRequest.onSendHeaders.addListener.urls (chrome-extension://nphlliopfobfddkbiohifpjfhljjpiob/background.js:28:15)", source: chrome-extension://nphlliopfobfddkbiohifpjfhljjpiob/_generated_background_page.html (0)
[618:618:1010/095319.589038:INFO:CONSOLE(0)] "Error in event handler: TypeError: Cannot read properties of undefined (reading 'postMessage')
    at logFunc (chrome-extension://nphlliopfobfddkbiohifpjfhljjpiob/background.js:11:14)
    at chrome.webRequest.onBeforeRequest.addListener.urls (chrome-extension://nphlliopfobfddkbiohifpjfhljjpiob/background.js:16:15)", source: chrome-extension://nphlliopfobfddkbiohifpjfhljjpiob/_generated_background_page.html (0)
[618:618:1010/095319.589068:INFO:CONSOLE(0)] "Error in event handler: TypeError: Cannot read properties of undefined (reading 'postMessage')
    at logFunc (chrome-extension://nphlliopfobfddkbiohifpjfhljjpiob/background.js:11:14)
    at chrome.webRequest.onSendHeaders.addListener.urls (chrome-extension://nphlliopfobfddkbiohifpjfhljjpiob/background.js:28:15)", source: chrome-extension://nphlliopfobfddkbiohifpjfhljjpiob/_generated_background_page.html (0)
[618:618:1010/095321.548213:INFO:CONSOLE(0)] "Error in event handler: TypeError: Cannot read properties of undefined (reading 'postMessage')
    at logFunc (chrome-extension://nphlliopfobfddkbiohifpjfhljjpiob/background.js:11:14)
    at chrome.webRequest.onResponseStarted.addListener.urls (chrome-extension://nphlliopfobfddkbiohifpjfhljjpiob/background.js:22:15)", source: chrome-extension://nphlliopfobfddkbiohifpjfhljjpiob/_generated_background_page.html (0)
[972:106:1010/095322.161608:WARNING:crashpad_client_linux.cc(306)] prctl: Invalid argument (22)
[980:112:1010/095322.179068:WARNING:crashpad_client_linux.cc(306)] prctl: Invalid argument (22)
[990:118:1010/095322.191683:WARNING:crashpad_client_linux.cc(306)] prctl: Invalid argument (22)
[999:124:1010/095322.219275:WARNING:crashpad_client_linux.cc(306)] prctl: Invalid argument (22)
[618:618:1010/095324.125936:INFO:CONSOLE(0)] "Error in event handler: TypeError: Cannot read properties of undefined (reading 'postMessage')
    at logFunc (chrome-extension://nphlliopfobfddkbiohifpjfhljjpiob/background.js:11:14)
    at chrome.webRequest.onResponseStarted.addListener.urls (chrome-extension://nphlliopfobfddkbiohifpjfhljjpiob/background.js:22:15)", source: chrome-extension://nphlliopfobfddkbiohifpjfhljjpiob/_generated_background_page.html (0)
[618:618:1010/095324.125992:INFO:CONSOLE(0)] "Error in event handler: TypeError: Cannot read properties of undefined (reading 'postMessage')
    at logFunc (chrome-extension://nphlliopfobfddkbiohifpjfhljjpiob/background.js:11:14)
    at chrome.webRequest.onCompleted.addListener.urls (chrome-extension://nphlliopfobfddkbiohifpjfhljjpiob/background.js:34:15)", source: chrome-extension://nphlliopfobfddkbiohifpjfhljjpiob/_generated_background_page.html (0)
[1009:129:1010/095324.933753:WARNING:crashpad_client_linux.cc(306)] prctl: Invalid argument (22)
[1017:135:1010/095324.946654:WARNING:crashpad_client_linux.cc(306)] prctl: Invalid argument (22)
[1024:140:1010/095324.958871:WARNING:crashpad_client_linux.cc(306)] prctl: Invalid argument (22)
[1046:146:1010/095324.988994:WARNING:crashpad_client_linux.cc(306)] prctl: Invalid argument (22)
[618:618:1010/095326.533839:INFO:CONSOLE(0)] "Error in event handler: TypeError: Cannot read properties of undefined (reading 'postMessage')
    at logFunc (chrome-extension://nphlliopfobfddkbiohifpjfhljjpiob/background.js:11:14)
    at chrome.webRequest.onResponseStarted.addListener.urls (chrome-extension://nphlliopfobfddkbiohifpjfhljjpiob/background.js:22:15)", source: chrome-extension://nphlliopfobfddkbiohifpjfhljjpiob/_generated_background_page.html (0)
[1061:152:1010/095328.461796:WARNING:crashpad_client_linux.cc(306)] prctl: Invalid argument (22)
[1069:158:1010/095328.472831:WARNING:crashpad_client_linux.cc(306)] prctl: Invalid argument (22)
[1076:163:1010/095328.488351:WARNING:crashpad_client_linux.cc(306)] prctl: Invalid argument (22)
[1084:169:1010/095328.519300:WARNING:crashpad_client_linux.cc(306)] prctl: Invalid argument (22)
[618:618:1010/095329.323719:INFO:CONSOLE(0)] "Error in event handler: TypeError: Cannot read properties of undefined (reading 'postMessage')
    at logFunc (chrome-extension://nphlliopfobfddkbiohifpjfhljjpiob/background.js:11:14)
    at chrome.webRequest.onResponseStarted.addListener.urls (chrome-extension://nphlliopfobfddkbiohifpjfhljjpiob/background.js:22:15)", source: chrome-extension://nphlliopfobfddkbiohifpjfhljjpiob/_generated_background_page.html (0)
[618:618:1010/095329.521985:INFO:CONSOLE(0)] "Error in event handler: TypeError: Cannot read properties of undefined (reading 'postMessage')
    at logFunc (chrome-extension://nphlliopfobfddkbiohifpjfhljjpiob/background.js:11:14)
    at chrome.webRequest.onResponseStarted.addListener.urls (chrome-extension://nphlliopfobfddkbiohifpjfhljjpiob/background.js:22:15)", source: chrome-extension://nphlliopfobfddkbiohifpjfhljjpiob/_generated_background_page.html (0)
[618:618:1010/095329.575811:INFO:CONSOLE(0)] "Error in event handler: TypeError: Cannot read properties of undefined (reading 'postMessage')
    at logFunc (chrome-extension://nphlliopfobfddkbiohifpjfhljjpiob/background.js:11:14)
    at chrome.webRequest.onCompleted.addListener.urls (chrome-extension://nphlliopfobfddkbiohifpjfhljjpiob/background.js:34:15)", source: chrome-extension://nphlliopfobfddkbiohifpjfhljjpiob/_generated_background_page.html (0)
[1103:176:1010/095329.936749:WARNING:crashpad_client_linux.cc(306)] prctl: Invalid argument (22)
[1111:182:1010/095329.952162:WARNING:crashpad_client_linux.cc(306)] prctl: Invalid argument (22)
[1119:188:1010/095329.965065:WARNING:crashpad_client_linux.cc(306)] prctl: Invalid argument (22)
[1130:194:1010/095329.993260:WARNING:crashpad_client_linux.cc(306)] prctl: Invalid argument (22)
[618:618:1010/095330.314302:INFO:CONSOLE(0)] "Error in event handler: TypeError: Cannot read properties of undefined (reading 'postMessage')
    at logFunc (chrome-extension://nphlliopfobfddkbiohifpjfhljjpiob/background.js:11:14)
    at chrome.webRequest.onCompleted.addListener.urls (chrome-extension://nphlliopfobfddkbiohifpjfhljjpiob/background.js:34:15)", source: chrome-extension://nphlliopfobfddkbiohifpjfhljjpiob/_generated_background_page.html (0)
[1139:200:1010/095330.730676:WARNING:crashpad_client_linux.cc(306)] prctl: Invalid argument (22)
[1147:206:1010/095330.747432:WARNING:crashpad_client_linux.cc(306)] prctl: Invalid argument (22)
[1155:212:1010/095330.756733:WARNING:crashpad_client_linux.cc(306)] prctl: Invalid argument (22)
[1163:218:1010/095330.785287:WARNING:crashpad_client_linux.cc(306)] prctl: Invalid argument (22)
[618:618:1010/095330.963602:INFO:CONSOLE(0)] "Error in event handler: TypeError: Cannot read properties of undefined (reading 'postMessage')
    at logFunc (chrome-extension://nphlliopfobfddkbiohifpjfhljjpiob/background.js:11:14)
    at chrome.webRequest.onCompleted.addListener.urls (chrome-extension://nphlliopfobfddkbiohifpjfhljjpiob/background.js:34:15)", source: chrome-extension://nphlliopfobfddkbiohifpjfhljjpiob/_generated_background_page.html (0)
[1182:224:1010/095336.405241:WARNING:crashpad_client_linux.cc(306)] prctl: Invalid argument (22)
[1191:230:1010/095336.420084:WARNING:crashpad_client_linux.cc(306)] prctl: Invalid argument (22)
[1200:236:1010/095336.432441:WARNING:crashpad_client_linux.cc(306)] prctl: Invalid argument (22)
[1207:241:1010/095336.469974:WARNING:crashpad_client_linux.cc(306)] prctl: Invalid argument (22)
[1215:247:1010/095336.507037:WARNING:crashpad_client_linux.cc(306)] prctl: Invalid argument (22)
[1228:258:1010/095337.696335:WARNING:crashpad_client_linux.cc(306)] prctl: Invalid argument (22)
[1236:264:1010/095337.712038:WARNING:crashpad_client_linux.cc(306)] prctl: Invalid argument (22)
[1243:269:1010/095337.720741:WARNING:crashpad_client_linux.cc(306)] prctl: Invalid argument (22)
[1251:275:1010/095337.757921:WARNING:crashpad_client_linux.cc(306)] prctl: Invalid argument (22)
[1259:281:1010/095337.786970:WARNING:crashpad_client_linux.cc(306)] prctl: Invalid argument (22)
[1272:292:1010/095338.109139:WARNING:crashpad_client_linux.cc(306)] prctl: Invalid argument (22)
[1280:298:1010/095338.120113:WARNING:crashpad_client_linux.cc(306)] prctl: Invalid argument (22)
[1287:303:1010/095338.138167:WARNING:crashpad_client_linux.cc(306)] prctl: Invalid argument (22)
[1294:308:1010/095338.162248:WARNING:crashpad_client_linux.cc(306)] prctl: Invalid argument (22)
[618:618:1010/095341.383650:INFO:CONSOLE(0)] "Error in event handler: TypeError: Cannot read properties of undefined (reading 'postMessage')
    at logFunc (chrome-extension://nphlliopfobfddkbiohifpjfhljjpiob/background.js:11:14)
    at chrome.webRequest.onCompleted.addListener.urls (chrome-extension://nphlliopfobfddkbiohifpjfhljjpiob/background.js:34:15)", source: chrome-extension://nphlliopfobfddkbiohifpjfhljjpiob/_generated_background_page.html (0)
[618:618:1010/095341.441122:INFO:CONSOLE(0)] "Error in event handler: TypeError: Cannot read properties of undefined (reading 'postMessage')
    at logFunc (chrome-extension://nphlliopfobfddkbiohifpjfhljjpiob/background.js:11:14)
    at chrome.webRequest.onBeforeRequest.addListener.urls (chrome-extension://nphlliopfobfddkbiohifpjfhljjpiob/background.js:16:15)", source: chrome-extension://nphlliopfobfddkbiohifpjfhljjpiob/_generated_background_page.html (0)
[618:618:1010/095341.441170:INFO:CONSOLE(0)] "Error in event handler: TypeError: Cannot read properties of undefined (reading 'postMessage')
    at logFunc (chrome-extension://nphlliopfobfddkbiohifpjfhljjpiob/background.js:11:14)
    at chrome.webRequest.onSendHeaders.addListener.urls (chrome-extension://nphlliopfobfddkbiohifpjfhljjpiob/background.js:28:15)", source: chrome-extension://nphlliopfobfddkbiohifpjfhljjpiob/_generated_background_page.html (0)
[618:618:1010/095341.446950:INFO:CONSOLE(0)] "Error in event handler: TypeError: Cannot read properties of undefined (reading 'postMessage')
    at logFunc (chrome-extension://nphlliopfobfddkbiohifpjfhljjpiob/background.js:11:14)
    at chrome.webRequest.onBeforeRequest.addListener.urls (chrome-extension://nphlliopfobfddkbiohifpjfhljjpiob/background.js:16:15)", source: chrome-extension://nphlliopfobfddkbiohifpjfhljjpiob/_generated_background_page.html (0)
[618:618:1010/095341.447058:INFO:CONSOLE(0)] "Error in event handler: TypeError: Cannot read properties of undefined (reading 'postMessage')
    at logFunc (chrome-extension://nphlliopfobfddkbiohifpjfhljjpiob/background.js:11:14)
    at chrome.webRequest.onSendHeaders.addListener.urls (chrome-extension://nphlliopfobfddkbiohifpjfhljjpiob/background.js:28:15)", source: chrome-extension://nphlliopfobfddkbiohifpjfhljjpiob/_generated_background_page.html (0)
[618:618:1010/095341.485906:INFO:CONSOLE(0)] "Error in event handler: TypeError: Cannot read properties of undefined (reading 'postMessage')
    at logFunc (chrome-extension://nphlliopfobfddkbiohifpjfhljjpiob/background.js:11:14)
    at chrome.webRequest.onBeforeRequest.addListener.urls (chrome-extension://nphlliopfobfddkbiohifpjfhljjpiob/background.js:16:15)", source: chrome-extension://nphlliopfobfddkbiohifpjfhljjpiob/_generated_background_page.html (0)
[618:618:1010/095341.485958:INFO:CONSOLE(0)] "Error in event handler: TypeError: Cannot read properties of undefined (reading 'postMessage')
    at logFunc (chrome-extension://nphlliopfobfddkbiohifpjfhljjpiob/background.js:11:14)
    at chrome.webRequest.onSendHeaders.addListener.urls (chrome-extension://nphlliopfobfddkbiohifpjfhljjpiob/background.js:28:15)", source: chrome-extension://nphlliopfobfddkbiohifpjfhljjpiob/_generated_background_page.html (0)
[618:618:1010/095341.524715:INFO:CONSOLE(0)] "Error in event handler: TypeError: Cannot read properties of undefined (reading 'postMessage')
    at logFunc (chrome-extension://nphlliopfobfddkbiohifpjfhljjpiob/background.js:11:14)
    at chrome.webRequest.onBeforeRequest.addListener.urls (chrome-extension://nphlliopfobfddkbiohifpjfhljjpiob/background.js:16:15)", source: chrome-extension://nphlliopfobfddkbiohifpjfhljjpiob/_generated_background_page.html (0)
[618:618:1010/095341.524768:INFO:CONSOLE(0)] "Error in event handler: TypeError: Cannot read properties of undefined (reading 'postMessage')
    at logFunc (chrome-extension://nphlliopfobfddkbiohifpjfhljjpiob/background.js:11:14)
    at chrome.webRequest.onSendHeaders.addListener.urls (chrome-extension://nphlliopfobfddkbiohifpjfhljjpiob/background.js:28:15)", source: chrome-extension://nphlliopfobfddkbiohifpjfhljjpiob/_generated_background_page.html (0)
[618:618:1010/095341.540662:INFO:CONSOLE(128)] "Uncaught (in promise) Error: Could not establish connection. Receiving end does not exist.", source: chrome-extension://nehjjjagpkhikejmlaiffhpgaiphilng/polyfill.js (128)
[618:618:1010/095341.564010:INFO:CONSOLE(0)] "Error in event handler: TypeError: Cannot read properties of undefined (reading 'postMessage')
    at logFunc (chrome-extension://nphlliopfobfddkbiohifpjfhljjpiob/background.js:11:14)
    at chrome.webRequest.onResponseStarted.addListener.urls (chrome-extension://nphlliopfobfddkbiohifpjfhljjpiob/background.js:22:15)", source: chrome-extension://nphlliopfobfddkbiohifpjfhljjpiob/_generated_background_page.html (0)
[618:618:1010/095341.651922:INFO:CONSOLE(1)] "CONTENT SCRIPT", source: chrome-extension://nphlliopfobfddkbiohifpjfhljjpiob/content.js (1)
[618:618:1010/095341.655866:INFO:CONSOLE(36)] "RESPONSE_STARTED 1633839821653 {"frameId":0,"fromCache":false,"initiator":"https://www.youtube.com","ip":"142.250.183.46","method":"POST","parentFrameId":-1,"requestId":"67","statusCode":204,"statusLine":"HTTP/1.1 204","tabId":2,"timeStamp":1633839821653.658,"type":"ping","url":"https://www.youtube.com/api/stats/qoe?event=streamingstats&cpn=r4k8ox-QOJVaImtS&el=embedded&docid=SqQIvR0N3lk&ns=yt&fexp=23983296%2C24001373%2C24002022%2C24002025%2C24002922%2C24004644%2C24007246%2C24064555%2C24080738%2C24082662%2C24091243%2C24101841%2C24106092&cl=401352273&seq=1&cbr=Chrome&cbrver=93.0.4577.63&c=WEB_EMBEDDED_PLAYER&cver=1.20211006.1.0&cplayer=UNIPLAYER&cos=X11&cplatform=DESKTOP&vps=0.000:N,0.000:ER&cmt=0.000:0.000,0.000:0.000&error=0.000:auth:0.000:0;a6s.0&vis=0.000:0&bh=0.000:0.000"}", source: chrome-extension://nphlliopfobfddkbiohifpjfhljjpiob/content.js (36)
[618:618:1010/095341.655953:INFO:CONSOLE(36)] "COMPLETE 1633839821654 {"frameId":0,"fromCache":false,"initiator":"https://www.youtube.com","ip":"142.250.183.46","method":"GET","parentFrameId":-1,"requestId":"68","responseHeaders":[{"name":"accept-ranges","value":"bytes"},{"name":"vary","value":"Accept-Encoding, Origin"},{"name":"content-encoding","value":"br"},{"name":"content-type","value":"text/javascript"},{"name":"cross-origin-resource-policy","value":"cross-origin"},{"name":"cross-origin-opener-policy-report-only","value":"same-origin; report-to=\"youtube\""},{"name":"report-to","value":"{\"group\":\"youtube\",\"max_age\":2592000,\"endpoints\":[{\"url\":\"https://csp.withgoogle.com/csp/report-to/youtube\"}]}"},{"name":"content-length","value":"7324"},{"name":"date","value":"Fri, 08 Oct 2021 00:59:35 GMT"},{"name":"expires","value":"Sat, 08 Oct 2022 00:59:35 GMT"},{"name":"last-modified","value":"Thu, 07 Oct 2021 00:21:39 GMT"},{"name":"x-content-type-options","value":"nosniff"},{"name":"server","value":"sffe"},{"name":"x-xss-protection","value":"0"},{"name":"cache-control","value":"public, max-age=31536000"},{"name":"age","value":"185046"},{"name":"alt-svc","value":"h3=\":443\"; ma=2592000,h3-29=\":443\"; ma=2592000,h3-T051=\":443\"; ma=2592000,h3-Q050=\":443\"; ma=2592000,h3-Q046=\":443\"; ma=2592000,h3-Q043=\":443\"; ma=2592000,quic=\":443\"; ma=2592000; v=\"46,43\""}],"statusCode":200,"statusLine":"HTTP/1.1 200","tabId":2,"timeStamp":1633839821653.727,"type":"script","url":"https://www.youtube.com/s/player/920e4583/player_ias.vflset/en_GB/embed.js"}", source: chrome-extension://nphlliopfobfddkbiohifpjfhljjpiob/content.js (36)
[618:618:1010/095341.656028:INFO:CONSOLE(36)] "COMPLETE 1633839821655 {"frameId":0,"fromCache":false,"initiator":"https://www.youtube.com","ip":"142.250.183.46","method":"POST","parentFrameId":-1,"requestId":"67","responseHeaders":[{"name":"content-type","value":"text/html; charset=UTF-8"},{"name":"date","value":"Sun, 10 Oct 2021 04:23:41 GMT"},{"name":"pragma","value":"no-cache"},{"name":"expires","value":"Fri, 01 Jan 1990 00:00:00 GMT"},{"name":"cache-control","value":"no-cache, must-revalidate"},{"name":"access-control-allow-origin","value":"https://www.youtube.com"},{"name":"access-control-allow-credentials","value":"true"},{"name":"x-content-type-options","value":"nosniff"},{"name":"server","value":"Video Stats Server"},{"name":"content-length","value":"0"},{"name":"x-xss-protection","value":"0"},{"name":"x-frame-options","value":"SAMEORIGIN"},{"name":"alt-svc","value":"h3=\":443\"; ma=2592000,h3-29=\":443\"; ma=2592000,h3-T051=\":443\"; ma=2592000,h3-Q050=\":443\"; ma=2592000,h3-Q046=\":443\"; ma=2592000,h3-Q043=\":443\"; ma=2592000,quic=\":443\"; ma=2592000; v=\"46,43\""}],"statusCode":204,"statusLine":"HTTP/1.1 204","tabId":2,"timeStamp":1633839821655.051,"type":"ping","url":"https://www.youtube.com/api/stats/qoe?event=streamingstats&cpn=r4k8ox-QOJVaImtS&el=embedded&docid=SqQIvR0N3lk&ns=yt&fexp=23983296%2C24001373%2C24002022%2C24002025%2C24002922%2C24004644%2C24007246%2C24064555%2C24080738%2C24082662%2C24091243%2C24101841%2C24106092&cl=401352273&seq=1&cbr=Chrome&cbrver=93.0.4577.63&c=WEB_EMBEDDED_PLAYER&cver=1.20211006.1.0&cplayer=UNIPLAYER&cos=X11&cplatform=DESKTOP&vps=0.000:N,0.000:ER&cmt=0.000:0.000,0.000:0.000&error=0.000:auth:0.000:0;a6s.0&vis=0.000:0&bh=0.000:0.000"}", source: chrome-extension://nphlliopfobfddkbiohifpjfhljjpiob/content.js (36)
[618:618:1010/095341.835109:INFO:CONSOLE(36)] "BEFORE_REQUEST 1633839821833 {"frameId":0,"initiator":"https://www.youtube.com","method":"GET","parentFrameId":-1,"requestId":"65","tabId":2,"timeStamp":1633839821833.652,"type":"xmlhttprequest","url":"https://googleads.g.doubleclick.net/pagead/id?slf_rd=1"}", source: chrome-extension://nphlliopfobfddkbiohifpjfhljjpiob/content.js (36)
[618:618:1010/095341.835234:INFO:CONSOLE(36)] "SEND_HEADERS 1633839821834 {"frameId":0,"initiator":"https://www.youtube.com","method":"GET","parentFrameId":-1,"requestId":"65","tabId":2,"timeStamp":1633839821834.677,"type":"xmlhttprequest","url":"https://googleads.g.doubleclick.net/pagead/id?slf_rd=1"}", source: chrome-extension://nphlliopfobfddkbiohifpjfhljjpiob/content.js (36)
[618:618:1010/095341.888703:INFO:CONSOLE(36)] "RESPONSE_STARTED 1633839821887 {"frameId":0,"fromCache":false,"initiator":"https://www.youtube.com","ip":"172.217.166.166","method":"GET","parentFrameId":-1,"requestId":"66","statusCode":200,"statusLine":"HTTP/1.1 200","tabId":2,"timeStamp":1633839821887.753,"type":"script","url":"https://static.doubleclick.net/instream/ad_status.js"}", source: chrome-extension://nphlliopfobfddkbiohifpjfhljjpiob/content.js (36)
[618:618:1010/095341.888787:INFO:CONSOLE(36)] "COMPLETE 1633839821888 {"frameId":0,"fromCache":false,"initiator":"https://www.youtube.com","ip":"172.217.166.166","method":"GET","parentFrameId":-1,"requestId":"66","responseHeaders":[{"name":"accept-ranges","value":"bytes"},{"name":"content-type","value":"text/javascript"},{"name":"access-control-allow-origin","value":"*"},{"name":"cross-origin-resource-policy","value":"cross-origin"},{"name":"cross-origin-opener-policy-report-only","value":"same-origin; report-to=\"ads-doubleclick-media\""},{"name":"report-to","value":"{\"group\":\"ads-doubleclick-media\",\"max_age\":2592000,\"endpoints\":[{\"url\":\"https://csp.withgoogle.com/csp/report-to/ads-doubleclick-media\"}]}"},{"name":"timing-allow-origin","value":"*"},{"name":"content-length","value":"29"},{"name":"date","value":"Sun, 10 Oct 2021 04:11:13 GMT"},{"name":"expires","value":"Sun, 10 Oct 2021 04:26:13 GMT"},{"name":"last-modified","value":"Thu, 12 Dec 2013 23:40:16 GMT"},{"name":"x-content-type-options","value":"nosniff"},{"name":"server","value":"sffe"},{"name":"x-xss-protection","value":"0"},{"name":"age","value":"748"},{"name":"cache-control","value":"public, max-age=900"},{"name":"alt-svc","value":"h3=\":443\"; ma=2592000,h3-29=\":443\"; ma=2592000,h3-T051=\":443\"; ma=2592000,h3-Q050=\":443\"; ma=2592000,h3-Q046=\":443\"; ma=2592000,h3-Q043=\":443\"; ma=2592000,quic=\":443\"; ma=2592000; v=\"46,43\""}],"statusCode":200,"statusLine":"HTTP/1.1 200","tabId":2,"timeStamp":1633839821888.119,"type":"script","url":"https://static.doubleclick.net/instream/ad_status.js"}", source: chrome-extension://nphlliopfobfddkbiohifpjfhljjpiob/content.js (36)
[618:618:1010/095341.894487:INFO:CONSOLE(36)] "BEFORE_REQUEST 1633839821893 {"frameId":0,"initiator":"https://www.youtube.com","method":"GET","parentFrameId":-1,"requestId":"69","tabId":2,"timeStamp":1633839821893.476,"type":"image","url":"https://www.youtube.com/favicon.ico"}", source: chrome-extension://nphlliopfobfddkbiohifpjfhljjpiob/content.js (36)
[618:618:1010/095341.894520:INFO:CONSOLE(36)] "SEND_HEADERS 1633839821893 {"frameId":0,"initiator":"https://www.youtube.com","method":"GET","parentFrameId":-1,"requestId":"69","tabId":2,"timeStamp":1633839821893.512,"type":"image","url":"https://www.youtube.com/favicon.ico"}", source: chrome-extension://nphlliopfobfddkbiohifpjfhljjpiob/content.js (36)
[618:618:1010/095341.943537:INFO:CONSOLE(36)] "RESPONSE_STARTED 1633839821942 {"frameId":0,"fromCache":false,"initiator":"https://www.youtube.com","ip":"142.250.183.46","method":"GET","parentFrameId":-1,"requestId":"69","statusCode":200,"statusLine":"HTTP/1.1 200","tabId":2,"timeStamp":1633839821941.814,"type":"image","url":"https://www.youtube.com/favicon.ico"}", source: chrome-extension://nphlliopfobfddkbiohifpjfhljjpiob/content.js (36)
[618:618:1010/095341.943750:INFO:CONSOLE(36)] "COMPLETE 1633839821942 {"frameId":0,"fromCache":false,"initiator":"https://www.youtube.com","ip":"142.250.183.46","method":"GET","parentFrameId":-1,"requestId":"69","responseHeaders":[{"name":"accept-ranges","value":"bytes"},{"name":"vary","value":"Accept-Encoding"},{"name":"content-encoding","value":"gzip"},{"name":"content-type","value":"image/x-icon"},{"name":"content-security-policy-report-only","value":"require-trusted-types-for 'script'; report-uri https://csp.withgoogle.com/csp/youtube-marketing"},{"name":"cross-origin-resource-policy","value":"cross-origin"},{"name":"cross-origin-opener-policy-report-only","value":"same-origin; report-to=\"youtube-marketing\""},{"name":"report-to","value":"{\"group\":\"youtube-marketing\",\"max_age\":2592000,\"endpoints\":[{\"url\":\"https://csp.withgoogle.com/csp/report-to/youtube-marketing\"}]}"},{"name":"content-length","value":"180"},{"name":"date","value":"Fri, 08 Oct 2021 20:18:31 GMT"},{"name":"expires","value":"Sat, 08 Oct 2022 20:18:31 GMT"},{"name":"last-modified","value":"Tue, 03 Mar 2020 20:15:00 GMT"},{"name":"x-content-type-options","value":"nosniff"},{"name":"server","value":"sffe"},{"name":"x-xss-protection","value":"0"},{"name":"age","value":"115510"},{"name":"cache-control","value":"public, max-age=31536000"},{"name":"alt-svc","value":"h3=\":443\"; ma=2592000,h3-29=\":443\"; ma=2592000,h3-T051=\":443\"; ma=2592000,h3-Q050=\":443\"; ma=2592000,h3-Q046=\":443\"; ma=2592000,h3-Q043=\":443\"; ma=2592000,quic=\":443\"; ma=2592000; v=\"46,43\""}],"statusCode":200,"statusLine":"HTTP/1.1 200","tabId":2,"timeStamp":1633839821942.384,"type":"image","url":"https://www.youtube.com/favicon.ico"}", source: chrome-extension://nphlliopfobfddkbiohifpjfhljjpiob/content.js (36)
[618:618:1010/095342.105486:INFO:CONSOLE(36)] "RESPONSE_STARTED 1633839822104 {"frameId":0,"fromCache":false,"initiator":"https://www.youtube.com","ip":"142.250.67.226","method":"GET","parentFrameId":-1,"requestId":"65","statusCode":200,"statusLine":"HTTP/1.1 200","tabId":2,"timeStamp":1633839822103.837,"type":"xmlhttprequest","url":"https://googleads.g.doubleclick.net/pagead/id?slf_rd=1"}", source: chrome-extension://nphlliopfobfddkbiohifpjfhljjpiob/content.js (36)
[618:618:1010/095342.105562:INFO:CONSOLE(36)] "COMPLETE 1633839822104 {"frameId":0,"fromCache":false,"initiator":"https://www.youtube.com","ip":"142.250.67.226","method":"GET","parentFrameId":-1,"requestId":"65","responseHeaders":[{"name":"p3p","value":"policyref=\"https://googleads.g.doubleclick.net/pagead/gcn_p3p_.xml\", CP=\"CURa ADMa DEVa TAIo PSAo PSDo OUR IND UNI PUR INT DEM STA PRE COM NAV OTC NOI DSP COR\""},{"name":"timing-allow-origin","value":"*"},{"name":"cross-origin-resource-policy","value":"cross-origin"},{"name":"access-control-allow-credentials","value":"true"},{"name":"access-control-allow-origin","value":"https://www.youtube.com"},{"name":"content-type","value":"application/json; charset=UTF-8"},{"name":"date","value":"Sun, 10 Oct 2021 04:23:42 GMT"},{"name":"pragma","value":"no-cache"},{"name":"expires","value":"Fri, 01 Jan 1990 00:00:00 GMT"},{"name":"cache-control","value":"no-cache, no-store, must-revalidate"},{"name":"x-content-type-options","value":"nosniff"},{"name":"content-disposition","value":"attachment; filename=\"f.txt\""},{"name":"content-encoding","value":"gzip"},{"name":"server","value":"cafe"},{"name":"content-length","value":"133"},{"name":"x-xss-protection","value":"0"},{"name":"alt-svc","value":"h3=\":443\"; ma=2592000,h3-29=\":443\"; ma=2592000,h3-T051=\":443\"; ma=2592000,h3-Q050=\":443\"; ma=2592000,h3-Q046=\":443\"; ma=2592000,h3-Q043=\":443\"; ma=2592000,quic=\":443\"; ma=2592000; v=\"46,43\""}],"statusCode":200,"statusLine":"HTTP/1.1 200","tabId":2,"timeStamp":1633839822104.296,"type":"xmlhttprequest","url":"https://googleads.g.doubleclick.net/pagead/id?slf_rd=1"}", source: chrome-extension://nphlliopfobfddkbiohifpjfhljjpiob/content.js (36)
[618:618:1010/095343.899935:INFO:CONSOLE(36)] "BEFORE_REQUEST 1633839823899 {"frameId":0,"initiator":"https://www.youtube.com","method":"POST","parentFrameId":-1,"requestId":"70","tabId":2,"timeStamp":1633839823899.231,"type":"xmlhttprequest","url":"https://www.youtube.com/youtubei/v1/log_event?alt=json&key=AIzaSyAO_FJ2SlqU8Q4STEHLGCilw_Y9_11qcW8"}", source: chrome-extension://nphlliopfobfddkbiohifpjfhljjpiob/content.js (36)
[618:618:1010/095343.900067:INFO:CONSOLE(36)] "SEND_HEADERS 1633839823899 {"frameId":0,"initiator":"https://www.youtube.com","method":"POST","parentFrameId":-1,"requestId":"70","tabId":2,"timeStamp":1633839823899.2678,"type":"xmlhttprequest","url":"https://www.youtube.com/youtubei/v1/log_event?alt=json&key=AIzaSyAO_FJ2SlqU8Q4STEHLGCilw_Y9_11qcW8"}", source: chrome-extension://nphlliopfobfddkbiohifpjfhljjpiob/content.js (36)
[618:618:1010/095344.120618:INFO:CONSOLE(36)] "RESPONSE_STARTED 1633839824119 {"frameId":0,"fromCache":false,"initiator":"https://www.youtube.com","ip":"142.250.183.46","method":"POST","parentFrameId":-1,"requestId":"70","statusCode":200,"statusLine":"HTTP/1.1 200","tabId":2,"timeStamp":1633839824118.9749,"type":"xmlhttprequest","url":"https://www.youtube.com/youtubei/v1/log_event?alt=json&key=AIzaSyAO_FJ2SlqU8Q4STEHLGCilw_Y9_11qcW8"}", source: chrome-extension://nphlliopfobfddkbiohifpjfhljjpiob/content.js (36)
[618:618:1010/095344.120716:INFO:CONSOLE(36)] "COMPLETE 1633839824119 {"frameId":0,"fromCache":false,"initiator":"https://www.youtube.com","ip":"142.250.183.46","method":"POST","parentFrameId":-1,"requestId":"70","responseHeaders":[{"name":"content-type","value":"application/json; charset=UTF-8"},{"name":"vary","value":"Origin"},{"name":"vary","value":"X-Origin"},{"name":"vary","value":"Referer"},{"name":"content-encoding","value":"br"},{"name":"date","value":"Sun, 10 Oct 2021 04:23:44 GMT"},{"name":"server","value":"ESF"},{"name":"content-length","value":"31"},{"name":"x-xss-protection","value":"0"},{"name":"x-frame-options","value":"SAMEORIGIN"},{"name":"x-content-type-options","value":"nosniff"},{"name":"alt-svc","value":"h3=\":443\"; ma=2592000,h3-29=\":443\"; ma=2592000,h3-T051=\":443\"; ma=2592000,h3-Q050=\":443\"; ma=2592000,h3-Q046=\":443\"; ma=2592000,h3-Q043=\":443\"; ma=2592000,quic=\":443\"; ma=2592000; v=\"46,43\""}],"statusCode":200,"statusLine":"HTTP/1.1 200","tabId":2,"timeStamp":1633839824119.184,"type":"xmlhttprequest","url":"https://www.youtube.com/youtubei/v1/log_event?alt=json&key=AIzaSyAO_FJ2SlqU8Q4STEHLGCilw_Y9_11qcW8"}", source: chrome-extension://nphlliopfobfddkbiohifpjfhljjpiob/content.js (36)
[730:748:1010/095349.303024:WARNING:key_storage_linux.cc(178)] OSCrypt tried Libsecret but couldn't initialise.
[1356:313:1010/095417.366143:WARNING:crashpad_client_linux.cc(306)] prctl: Invalid argument (22)
[1560:322:1010/095541.255157:WARNING:crashpad_client_linux.cc(306)] prctl: Invalid argument (22)
[1578:328:1010/095541.949001:WARNING:crashpad_client_linux.cc(306)] prctl: Invalid argument (22)
[618:618:1010/095542.652395:INFO:CONSOLE(29)] "Closing window 0", source: chrome-extension://nphlliopfobfddkbiohifpjfhljjpiob/content.js (29)
[730:750:1010/095543.113231:WARNING:sqlite_persistent_store_backend_base.cc(172)] Failed to post task from FlushAndNotifyInBackground@net/extras/sqlite/sqlite_persistent_store_backend_base.cc:220 to client_task_runner_.
[618:618:1010/095543.175112:WARNING:pref_notifier_impl.cc(40)] Pref observer for media_router.cast_allow_all_ips found at shutdown.
