[1872:1998:1010/095613.672875:ERROR:bus.cc(392)] Failed to connect to the bus: Failed to connect to socket /tmp/dbus-ixdwMsFjCA: Connection refused
[1872:1998:1010/095613.672964:ERROR:bus.cc(392)] Failed to connect to the bus: Failed to connect to socket /tmp/dbus-ixdwMsFjCA: Connection refused
[1872:1998:1010/095613.685770:ERROR:bus.cc(392)] Failed to connect to the bus: Failed to connect to socket /tmp/dbus-ixdwMsFjCA: Connection refused
[1872:1998:1010/095613.685817:ERROR:bus.cc(392)] Failed to connect to the bus: Failed to connect to socket /tmp/dbus-ixdwMsFjCA: Connection refused
[2096:7:1010/095613.687971:WARNING:crashpad_client_linux.cc(306)] prctl: Invalid argument (22)
[2084:2084:1010/095613.698254:ERROR:gpu_init.cc(441)] Passthrough is not supported, GL is swiftshader
[1872:2111:1010/095613.778880:WARNING:external_pref_loader.cc(331)] You are using an old-style extension deployment method (external_extensions.json), which will soon be deprecated. (see http://developer.chrome.com/extensions/external_extensions.html)
[1872:1872:1010/095613.782391:WARNING:browser_main_loop.cc(271)] <unknown>: Couldn't connect to accessibility bus: Failed to connect to socket /tmp/dbus-ZAvxrYUX2Q: Connection refused
[2125:13:1010/095613.819735:WARNING:crashpad_client_linux.cc(306)] prctl: Invalid argument (22)
[2128:14:1010/095613.824781:WARNING:crashpad_client_linux.cc(306)] prctl: Invalid argument (22)
[2165:35:1010/095613.913799:WARNING:crashpad_client_linux.cc(306)] prctl: Invalid argument (22)
[2171:39:1010/095613.927493:WARNING:crashpad_client_linux.cc(306)] prctl: Invalid argument (22)
[2181:47:1010/095613.938707:WARNING:crashpad_client_linux.cc(306)] prctl: Invalid argument (22)
[2184:48:1010/095613.962319:WARNING:crashpad_client_linux.cc(306)] prctl: Invalid argument (22)
[2206:61:1010/095613.975124:WARNING:crashpad_client_linux.cc(306)] prctl: Invalid argument (22)
[2226:70:1010/095613.990908:WARNING:crashpad_client_linux.cc(306)] prctl: Invalid argument (22)
[1872:1998:1010/095614.579087:ERROR:bus.cc(392)] Failed to connect to the bus: Failed to connect to socket /tmp/dbus-ixdwMsFjCA: Connection refused
[1872:1998:1010/095614.579129:ERROR:bus.cc(392)] Failed to connect to the bus: Failed to connect to socket /tmp/dbus-ixdwMsFjCA: Connection refused
[2279:101:1010/095615.017342:WARNING:crashpad_client_linux.cc(306)] prctl: Invalid argument (22)
[1872:1872:1010/095615.236705:INFO:CONSOLE(0)] "Error in event handler: TypeError: Cannot read properties of undefined (reading 'postMessage')
    at logFunc (chrome-extension://nphlliopfobfddkbiohifpjfhljjpiob/background.js:11:14)
    at chrome.webRequest.onBeforeRequest.addListener.urls (chrome-extension://nphlliopfobfddkbiohifpjfhljjpiob/background.js:16:15)", source: chrome-extension://nphlliopfobfddkbiohifpjfhljjpiob/_generated_background_page.html (0)
[1872:1872:1010/095615.236786:INFO:CONSOLE(0)] "Error in event handler: TypeError: Cannot read properties of undefined (reading 'postMessage')
    at logFunc (chrome-extension://nphlliopfobfddkbiohifpjfhljjpiob/background.js:11:14)
    at chrome.webRequest.onSendHeaders.addListener.urls (chrome-extension://nphlliopfobfddkbiohifpjfhljjpiob/background.js:28:15)", source: chrome-extension://nphlliopfobfddkbiohifpjfhljjpiob/_generated_background_page.html (0)
[1872:1872:1010/095615.251317:INFO:CONSOLE(0)] "Error in event handler: TypeError: Cannot read properties of undefined (reading 'postMessage')
    at logFunc (chrome-extension://nphlliopfobfddkbiohifpjfhljjpiob/background.js:11:14)
    at chrome.webRequest.onBeforeRequest.addListener.urls (chrome-extension://nphlliopfobfddkbiohifpjfhljjpiob/background.js:16:15)", source: chrome-extension://nphlliopfobfddkbiohifpjfhljjpiob/_generated_background_page.html (0)
[1872:1872:1010/095615.251428:INFO:CONSOLE(0)] "Error in event handler: TypeError: Cannot read properties of undefined (reading 'postMessage')
    at logFunc (chrome-extension://nphlliopfobfddkbiohifpjfhljjpiob/background.js:11:14)
    at chrome.webRequest.onSendHeaders.addListener.urls (chrome-extension://nphlliopfobfddkbiohifpjfhljjpiob/background.js:28:15)", source: chrome-extension://nphlliopfobfddkbiohifpjfhljjpiob/_generated_background_page.html (0)
[1872:1872:1010/095615.253257:INFO:CONSOLE(0)] "Error in event handler: TypeError: Cannot read properties of undefined (reading 'postMessage')
    at logFunc (chrome-extension://nphlliopfobfddkbiohifpjfhljjpiob/background.js:11:14)
    at chrome.webRequest.onBeforeRequest.addListener.urls (chrome-extension://nphlliopfobfddkbiohifpjfhljjpiob/background.js:16:15)", source: chrome-extension://nphlliopfobfddkbiohifpjfhljjpiob/_generated_background_page.html (0)
[1872:1872:1010/095615.253312:INFO:CONSOLE(0)] "Error in event handler: TypeError: Cannot read properties of undefined (reading 'postMessage')
    at logFunc (chrome-extension://nphlliopfobfddkbiohifpjfhljjpiob/background.js:11:14)
    at chrome.webRequest.onSendHeaders.addListener.urls (chrome-extension://nphlliopfobfddkbiohifpjfhljjpiob/background.js:28:15)", source: chrome-extension://nphlliopfobfddkbiohifpjfhljjpiob/_generated_background_page.html (0)
[1872:1872:1010/095615.253342:INFO:CONSOLE(128)] "Uncaught (in promise) Error: Could not establish connection. Receiving end does not exist.", source: chrome-extension://nehjjjagpkhikejmlaiffhpgaiphilng/polyfill.js (128)
[1872:1872:1010/095615.253381:INFO:CONSOLE(128)] "Uncaught (in promise) Error: Could not establish connection. Receiving end does not exist.", source: chrome-extension://nehjjjagpkhikejmlaiffhpgaiphilng/polyfill.js (128)
[1872:2076:1010/095615.406372:ERROR:bus.cc(392)] Failed to connect to the bus: Failed to connect to socket /tmp/dbus-ixdwMsFjCA: Connection refused
[1872:1872:1010/095615.406467:ERROR:object_proxy.cc(642)] Failed to call method: org.freedesktop.DBus.NameHasOwner: object_path= /org/freedesktop/DBus: unknown error type: 
[1872:2076:1010/095615.406520:ERROR:bus.cc(392)] Failed to connect to the bus: Failed to connect to socket /tmp/dbus-ixdwMsFjCA: Connection refused
[1872:1872:1010/095615.406549:ERROR:object_proxy.cc(642)] Failed to call method: org.freedesktop.DBus.NameHasOwner: object_path= /org/freedesktop/DBus: unknown error type: 
[1872:2076:1010/095615.406589:ERROR:bus.cc(392)] Failed to connect to the bus: Failed to connect to socket /tmp/dbus-ixdwMsFjCA: Connection refused
[1872:1872:1010/095615.406611:ERROR:object_proxy.cc(642)] Failed to call method: org.freedesktop.DBus.NameHasOwner: object_path= /org/freedesktop/DBus: unknown error type: 
[1872:2076:1010/095615.406649:ERROR:bus.cc(392)] Failed to connect to the bus: Failed to connect to socket /tmp/dbus-ixdwMsFjCA: Connection refused
[1872:1872:1010/095615.406670:ERROR:object_proxy.cc(642)] Failed to call method: org.freedesktop.DBus.NameHasOwner: object_path= /org/freedesktop/DBus: unknown error type: 
[1872:2076:1010/095615.406708:ERROR:bus.cc(392)] Failed to connect to the bus: Failed to connect to socket /tmp/dbus-ixdwMsFjCA: Connection refused
[1872:1872:1010/095615.406729:ERROR:object_proxy.cc(642)] Failed to call method: org.freedesktop.DBus.NameHasOwner: object_path= /org/freedesktop/DBus: unknown error type: 
[1872:1872:1010/095615.406735:WARNING:idle_linux.cc(110)] None of the known D-Bus ScreenSaver services could be used.
[1872:1872:1010/095615.756207:INFO:CONSOLE(0)] "Error in event handler: TypeError: Cannot read properties of undefined (reading 'postMessage')
    at logFunc (chrome-extension://nphlliopfobfddkbiohifpjfhljjpiob/background.js:11:14)
    at chrome.webRequest.onBeforeRequest.addListener.urls (chrome-extension://nphlliopfobfddkbiohifpjfhljjpiob/background.js:16:15)", source: chrome-extension://nphlliopfobfddkbiohifpjfhljjpiob/_generated_background_page.html (0)
[1872:1872:1010/095615.756388:INFO:CONSOLE(0)] "Error in event handler: TypeError: Cannot read properties of undefined (reading 'postMessage')
    at logFunc (chrome-extension://nphlliopfobfddkbiohifpjfhljjpiob/background.js:11:14)
    at chrome.webRequest.onSendHeaders.addListener.urls (chrome-extension://nphlliopfobfddkbiohifpjfhljjpiob/background.js:28:15)", source: chrome-extension://nphlliopfobfddkbiohifpjfhljjpiob/_generated_background_page.html (0)
[1872:1872:1010/095615.756460:INFO:CONSOLE(0)] "Error in event handler: TypeError: Cannot read properties of undefined (reading 'postMessage')
    at logFunc (chrome-extension://nphlliopfobfddkbiohifpjfhljjpiob/background.js:11:14)
    at chrome.webRequest.onResponseStarted.addListener.urls (chrome-extension://nphlliopfobfddkbiohifpjfhljjpiob/background.js:22:15)", source: chrome-extension://nphlliopfobfddkbiohifpjfhljjpiob/_generated_background_page.html (0)
[1872:1872:1010/095615.756503:INFO:CONSOLE(0)] "Error in event handler: TypeError: Cannot read properties of undefined (reading 'postMessage')
    at logFunc (chrome-extension://nphlliopfobfddkbiohifpjfhljjpiob/background.js:11:14)
    at chrome.webRequest.onBeforeRequest.addListener.urls (chrome-extension://nphlliopfobfddkbiohifpjfhljjpiob/background.js:16:15)", source: chrome-extension://nphlliopfobfddkbiohifpjfhljjpiob/_generated_background_page.html (0)
[1872:1872:1010/095615.756542:INFO:CONSOLE(0)] "Error in event handler: TypeError: Cannot read properties of undefined (reading 'postMessage')
    at logFunc (chrome-extension://nphlliopfobfddkbiohifpjfhljjpiob/background.js:11:14)
    at chrome.webRequest.onSendHeaders.addListener.urls (chrome-extension://nphlliopfobfddkbiohifpjfhljjpiob/background.js:28:15)", source: chrome-extension://nphlliopfobfddkbiohifpjfhljjpiob/_generated_background_page.html (0)
[1872:1872:1010/095615.756560:INFO:CONSOLE(0)] "Error in event handler: TypeError: Cannot read properties of undefined (reading 'postMessage')
    at logFunc (chrome-extension://nphlliopfobfddkbiohifpjfhljjpiob/background.js:11:14)
    at chrome.webRequest.onBeforeRequest.addListener.urls (chrome-extension://nphlliopfobfddkbiohifpjfhljjpiob/background.js:16:15)", source: chrome-extension://nphlliopfobfddkbiohifpjfhljjpiob/_generated_background_page.html (0)
[1872:1872:1010/095615.756576:INFO:CONSOLE(0)] "Error in event handler: TypeError: Cannot read properties of undefined (reading 'postMessage')
    at logFunc (chrome-extension://nphlliopfobfddkbiohifpjfhljjpiob/background.js:11:14)
    at chrome.webRequest.onSendHeaders.addListener.urls (chrome-extension://nphlliopfobfddkbiohifpjfhljjpiob/background.js:28:15)", source: chrome-extension://nphlliopfobfddkbiohifpjfhljjpiob/_generated_background_page.html (0)
[1872:1872:1010/095616.999368:INFO:CONSOLE(0)] "Error in event handler: TypeError: Cannot read properties of undefined (reading 'postMessage')
    at logFunc (chrome-extension://nphlliopfobfddkbiohifpjfhljjpiob/background.js:11:14)
    at chrome.webRequest.onResponseStarted.addListener.urls (chrome-extension://nphlliopfobfddkbiohifpjfhljjpiob/background.js:22:15)", source: chrome-extension://nphlliopfobfddkbiohifpjfhljjpiob/_generated_background_page.html (0)
[1872:1872:1010/095617.000898:INFO:CONSOLE(0)] "Error in event handler: TypeError: Cannot read properties of undefined (reading 'postMessage')
    at logFunc (chrome-extension://nphlliopfobfddkbiohifpjfhljjpiob/background.js:11:14)
    at chrome.webRequest.onCompleted.addListener.urls (chrome-extension://nphlliopfobfddkbiohifpjfhljjpiob/background.js:34:15)", source: chrome-extension://nphlliopfobfddkbiohifpjfhljjpiob/_generated_background_page.html (0)
[1872:1872:1010/095618.509096:INFO:CONSOLE(0)] "Error in event handler: TypeError: Cannot read properties of undefined (reading 'postMessage')
    at logFunc (chrome-extension://nphlliopfobfddkbiohifpjfhljjpiob/background.js:11:14)
    at chrome.webRequest.onResponseStarted.addListener.urls (chrome-extension://nphlliopfobfddkbiohifpjfhljjpiob/background.js:22:15)", source: chrome-extension://nphlliopfobfddkbiohifpjfhljjpiob/_generated_background_page.html (0)
[2346:107:1010/095618.761836:WARNING:crashpad_client_linux.cc(306)] prctl: Invalid argument (22)
[2354:113:1010/095618.780825:WARNING:crashpad_client_linux.cc(306)] prctl: Invalid argument (22)
[2362:119:1010/095618.789260:WARNING:crashpad_client_linux.cc(306)] prctl: Invalid argument (22)
[2370:125:1010/095618.821742:WARNING:crashpad_client_linux.cc(306)] prctl: Invalid argument (22)
[1872:1872:1010/095618.994607:INFO:CONSOLE(0)] "Error in event handler: TypeError: Cannot read properties of undefined (reading 'postMessage')
    at logFunc (chrome-extension://nphlliopfobfddkbiohifpjfhljjpiob/background.js:11:14)
    at chrome.webRequest.onResponseStarted.addListener.urls (chrome-extension://nphlliopfobfddkbiohifpjfhljjpiob/background.js:22:15)", source: chrome-extension://nphlliopfobfddkbiohifpjfhljjpiob/_generated_background_page.html (0)
[1872:1872:1010/095619.211403:INFO:CONSOLE(0)] "Error in event handler: TypeError: Cannot read properties of undefined (reading 'postMessage')
    at logFunc (chrome-extension://nphlliopfobfddkbiohifpjfhljjpiob/background.js:11:14)
    at chrome.webRequest.onCompleted.addListener.urls (chrome-extension://nphlliopfobfddkbiohifpjfhljjpiob/background.js:34:15)", source: chrome-extension://nphlliopfobfddkbiohifpjfhljjpiob/_generated_background_page.html (0)
[1872:1872:1010/095619.624785:INFO:CONSOLE(0)] "Error in event handler: TypeError: Cannot read properties of undefined (reading 'postMessage')
    at logFunc (chrome-extension://nphlliopfobfddkbiohifpjfhljjpiob/background.js:11:14)
    at chrome.webRequest.onResponseStarted.addListener.urls (chrome-extension://nphlliopfobfddkbiohifpjfhljjpiob/background.js:22:15)", source: chrome-extension://nphlliopfobfddkbiohifpjfhljjpiob/_generated_background_page.html (0)
[1872:1872:1010/095619.660896:INFO:CONSOLE(0)] "Error in event handler: TypeError: Cannot read properties of undefined (reading 'postMessage')
    at logFunc (chrome-extension://nphlliopfobfddkbiohifpjfhljjpiob/background.js:11:14)
    at chrome.webRequest.onCompleted.addListener.urls (chrome-extension://nphlliopfobfddkbiohifpjfhljjpiob/background.js:34:15)", source: chrome-extension://nphlliopfobfddkbiohifpjfhljjpiob/_generated_background_page.html (0)
[2381:132:1010/095620.202141:WARNING:crashpad_client_linux.cc(306)] prctl: Invalid argument (22)
[2389:138:1010/095620.217068:WARNING:crashpad_client_linux.cc(306)] prctl: Invalid argument (22)
[2397:144:1010/095620.227398:WARNING:crashpad_client_linux.cc(306)] prctl: Invalid argument (22)
[2404:149:1010/095620.257723:WARNING:crashpad_client_linux.cc(306)] prctl: Invalid argument (22)
[2415:155:1010/095621.246046:WARNING:crashpad_client_linux.cc(306)] prctl: Invalid argument (22)
[2423:161:1010/095621.262347:WARNING:crashpad_client_linux.cc(306)] prctl: Invalid argument (22)
[2431:167:1010/095621.272764:WARNING:crashpad_client_linux.cc(306)] prctl: Invalid argument (22)
[2438:172:1010/095621.301410:WARNING:crashpad_client_linux.cc(306)] prctl: Invalid argument (22)
[1872:1872:1010/095621.533464:INFO:CONSOLE(0)] "Error in event handler: TypeError: Cannot read properties of undefined (reading 'postMessage')
    at logFunc (chrome-extension://nphlliopfobfddkbiohifpjfhljjpiob/background.js:11:14)
    at chrome.webRequest.onCompleted.addListener.urls (chrome-extension://nphlliopfobfddkbiohifpjfhljjpiob/background.js:34:15)", source: chrome-extension://nphlliopfobfddkbiohifpjfhljjpiob/_generated_background_page.html (0)
[2452:178:1010/095622.182558:WARNING:crashpad_client_linux.cc(306)] prctl: Invalid argument (22)
[2460:184:1010/095622.196582:WARNING:crashpad_client_linux.cc(306)] prctl: Invalid argument (22)
[2467:189:1010/095622.208154:WARNING:crashpad_client_linux.cc(306)] prctl: Invalid argument (22)
[2474:194:1010/095622.231135:WARNING:crashpad_client_linux.cc(306)] prctl: Invalid argument (22)
[2492:200:1010/095622.956202:WARNING:crashpad_client_linux.cc(306)] prctl: Invalid argument (22)
[2501:206:1010/095622.973540:WARNING:crashpad_client_linux.cc(306)] prctl: Invalid argument (22)
[2509:212:1010/095622.983829:WARNING:crashpad_client_linux.cc(306)] prctl: Invalid argument (22)
[2517:218:1010/095623.004163:WARNING:crashpad_client_linux.cc(306)] prctl: Invalid argument (22)
[2569:224:1010/095630.843698:WARNING:crashpad_client_linux.cc(306)] prctl: Invalid argument (22)
[2577:230:1010/095630.862755:WARNING:crashpad_client_linux.cc(306)] prctl: Invalid argument (22)
[2585:236:1010/095630.870697:WARNING:crashpad_client_linux.cc(306)] prctl: Invalid argument (22)
[2593:242:1010/095630.902625:WARNING:crashpad_client_linux.cc(306)] prctl: Invalid argument (22)
[2600:247:1010/095630.933192:WARNING:crashpad_client_linux.cc(306)] prctl: Invalid argument (22)
[2613:258:1010/095633.094632:WARNING:crashpad_client_linux.cc(306)] prctl: Invalid argument (22)
[2620:263:1010/095633.110577:WARNING:crashpad_client_linux.cc(306)] prctl: Invalid argument (22)
[2628:269:1010/095633.119216:WARNING:crashpad_client_linux.cc(306)] prctl: Invalid argument (22)
[2636:275:1010/095633.152286:WARNING:crashpad_client_linux.cc(306)] prctl: Invalid argument (22)
[2644:281:1010/095633.193122:WARNING:crashpad_client_linux.cc(306)] prctl: Invalid argument (22)
[2657:292:1010/095633.953548:WARNING:crashpad_client_linux.cc(306)] prctl: Invalid argument (22)
[2665:298:1010/095633.967753:WARNING:crashpad_client_linux.cc(306)] prctl: Invalid argument (22)
[2673:304:1010/095633.980596:WARNING:crashpad_client_linux.cc(306)] prctl: Invalid argument (22)
[2681:310:1010/095634.002800:WARNING:crashpad_client_linux.cc(306)] prctl: Invalid argument (22)
[1872:1872:1010/095636.077074:INFO:CONSOLE(0)] "Error in event handler: TypeError: Cannot read properties of undefined (reading 'postMessage')
    at logFunc (chrome-extension://nphlliopfobfddkbiohifpjfhljjpiob/background.js:11:14)
    at chrome.webRequest.onCompleted.addListener.urls (chrome-extension://nphlliopfobfddkbiohifpjfhljjpiob/background.js:34:15)", source: chrome-extension://nphlliopfobfddkbiohifpjfhljjpiob/_generated_background_page.html (0)
[1872:1872:1010/095636.134126:INFO:CONSOLE(0)] "Error in event handler: TypeError: Cannot read properties of undefined (reading 'postMessage')
    at logFunc (chrome-extension://nphlliopfobfddkbiohifpjfhljjpiob/background.js:11:14)
    at chrome.webRequest.onBeforeRequest.addListener.urls (chrome-extension://nphlliopfobfddkbiohifpjfhljjpiob/background.js:16:15)", source: chrome-extension://nphlliopfobfddkbiohifpjfhljjpiob/_generated_background_page.html (0)
[1872:1872:1010/095636.134179:INFO:CONSOLE(0)] "Error in event handler: TypeError: Cannot read properties of undefined (reading 'postMessage')
    at logFunc (chrome-extension://nphlliopfobfddkbiohifpjfhljjpiob/background.js:11:14)
    at chrome.webRequest.onSendHeaders.addListener.urls (chrome-extension://nphlliopfobfddkbiohifpjfhljjpiob/background.js:28:15)", source: chrome-extension://nphlliopfobfddkbiohifpjfhljjpiob/_generated_background_page.html (0)
[1872:1872:1010/095636.140401:INFO:CONSOLE(0)] "Error in event handler: TypeError: Cannot read properties of undefined (reading 'postMessage')
    at logFunc (chrome-extension://nphlliopfobfddkbiohifpjfhljjpiob/background.js:11:14)
    at chrome.webRequest.onBeforeRequest.addListener.urls (chrome-extension://nphlliopfobfddkbiohifpjfhljjpiob/background.js:16:15)", source: chrome-extension://nphlliopfobfddkbiohifpjfhljjpiob/_generated_background_page.html (0)
[1872:1872:1010/095636.140452:INFO:CONSOLE(0)] "Error in event handler: TypeError: Cannot read properties of undefined (reading 'postMessage')
    at logFunc (chrome-extension://nphlliopfobfddkbiohifpjfhljjpiob/background.js:11:14)
    at chrome.webRequest.onSendHeaders.addListener.urls (chrome-extension://nphlliopfobfddkbiohifpjfhljjpiob/background.js:28:15)", source: chrome-extension://nphlliopfobfddkbiohifpjfhljjpiob/_generated_background_page.html (0)
[1872:1872:1010/095636.179340:INFO:CONSOLE(0)] "Error in event handler: TypeError: Cannot read properties of undefined (reading 'postMessage')
    at logFunc (chrome-extension://nphlliopfobfddkbiohifpjfhljjpiob/background.js:11:14)
    at chrome.webRequest.onBeforeRequest.addListener.urls (chrome-extension://nphlliopfobfddkbiohifpjfhljjpiob/background.js:16:15)", source: chrome-extension://nphlliopfobfddkbiohifpjfhljjpiob/_generated_background_page.html (0)
[1872:1872:1010/095636.179396:INFO:CONSOLE(0)] "Error in event handler: TypeError: Cannot read properties of undefined (reading 'postMessage')
    at logFunc (chrome-extension://nphlliopfobfddkbiohifpjfhljjpiob/background.js:11:14)
    at chrome.webRequest.onSendHeaders.addListener.urls (chrome-extension://nphlliopfobfddkbiohifpjfhljjpiob/background.js:28:15)", source: chrome-extension://nphlliopfobfddkbiohifpjfhljjpiob/_generated_background_page.html (0)
[1872:1872:1010/095636.216376:INFO:CONSOLE(0)] "Error in event handler: TypeError: Cannot read properties of undefined (reading 'postMessage')
    at logFunc (chrome-extension://nphlliopfobfddkbiohifpjfhljjpiob/background.js:11:14)
    at chrome.webRequest.onBeforeRequest.addListener.urls (chrome-extension://nphlliopfobfddkbiohifpjfhljjpiob/background.js:16:15)", source: chrome-extension://nphlliopfobfddkbiohifpjfhljjpiob/_generated_background_page.html (0)
[1872:1872:1010/095636.216427:INFO:CONSOLE(0)] "Error in event handler: TypeError: Cannot read properties of undefined (reading 'postMessage')
    at logFunc (chrome-extension://nphlliopfobfddkbiohifpjfhljjpiob/background.js:11:14)
    at chrome.webRequest.onSendHeaders.addListener.urls (chrome-extension://nphlliopfobfddkbiohifpjfhljjpiob/background.js:28:15)", source: chrome-extension://nphlliopfobfddkbiohifpjfhljjpiob/_generated_background_page.html (0)
[1872:1872:1010/095636.233468:INFO:CONSOLE(128)] "Uncaught (in promise) Error: Could not establish connection. Receiving end does not exist.", source: chrome-extension://nehjjjagpkhikejmlaiffhpgaiphilng/polyfill.js (128)
[1872:1872:1010/095636.256896:INFO:CONSOLE(0)] "Error in event handler: TypeError: Cannot read properties of undefined (reading 'postMessage')
    at logFunc (chrome-extension://nphlliopfobfddkbiohifpjfhljjpiob/background.js:11:14)
    at chrome.webRequest.onResponseStarted.addListener.urls (chrome-extension://nphlliopfobfddkbiohifpjfhljjpiob/background.js:22:15)", source: chrome-extension://nphlliopfobfddkbiohifpjfhljjpiob/_generated_background_page.html (0)
[1872:1872:1010/095636.344270:INFO:CONSOLE(1)] "CONTENT SCRIPT", source: chrome-extension://nphlliopfobfddkbiohifpjfhljjpiob/content.js (1)
[1872:1872:1010/095636.348356:INFO:CONSOLE(36)] "RESPONSE_STARTED 1633839996347 {"frameId":0,"fromCache":false,"initiator":"https://www.youtube.com","ip":"216.58.203.46","method":"POST","parentFrameId":-1,"requestId":"67","statusCode":204,"statusLine":"HTTP/1.1 204","tabId":2,"timeStamp":1633839996346.961,"type":"ping","url":"https://www.youtube.com/api/stats/qoe?event=streamingstats&cpn=40kVNspaEoOiGlNK&el=embedded&docid=SqQIvR0N3lk&ns=yt&fexp=23983296%2C24001373%2C24002022%2C24002025%2C24004644%2C24007246%2C24064555%2C24080738%2C24082661%2C24101841%2C24106092&cl=401352273&seq=1&cbr=Chrome&cbrver=93.0.4577.63&c=WEB_EMBEDDED_PLAYER&cver=1.20211006.1.0&cplayer=UNIPLAYER&cos=X11&cplatform=DESKTOP&vps=0.000:N,0.000:ER&cmt=0.000:0.000,0.000:0.000&error=0.000:auth:0.000:0;a6s.0&vis=0.000:0&bh=0.000:0.000"}", source: chrome-extension://nphlliopfobfddkbiohifpjfhljjpiob/content.js (36)
[1872:1872:1010/095636.348440:INFO:CONSOLE(36)] "COMPLETE 1633839996347 {"frameId":0,"fromCache":false,"initiator":"https://www.youtube.com","ip":"216.58.203.46","method":"GET","parentFrameId":-1,"requestId":"68","responseHeaders":[{"name":"accept-ranges","value":"bytes"},{"name":"vary","value":"Accept-Encoding, Origin"},{"name":"content-encoding","value":"br"},{"name":"content-type","value":"text/javascript"},{"name":"cross-origin-resource-policy","value":"cross-origin"},{"name":"cross-origin-opener-policy-report-only","value":"same-origin; report-to=\"youtube\""},{"name":"report-to","value":"{\"group\":\"youtube\",\"max_age\":2592000,\"endpoints\":[{\"url\":\"https://csp.withgoogle.com/csp/report-to/youtube\"}]}"},{"name":"content-length","value":"7324"},{"name":"date","value":"Fri, 08 Oct 2021 00:59:35 GMT"},{"name":"expires","value":"Sat, 08 Oct 2022 00:59:35 GMT"},{"name":"last-modified","value":"Thu, 07 Oct 2021 00:21:39 GMT"},{"name":"x-content-type-options","value":"nosniff"},{"name":"server","value":"sffe"},{"name":"x-xss-protection","value":"0"},{"name":"cache-control","value":"public, max-age=31536000"},{"name":"age","value":"185221"},{"name":"alt-svc","value":"h3=\":443\"; ma=2592000,h3-29=\":443\"; ma=2592000,h3-T051=\":443\"; ma=2592000,h3-Q050=\":443\"; ma=2592000,h3-Q046=\":443\"; ma=2592000,h3-Q043=\":443\"; ma=2592000,quic=\":443\"; ma=2592000; v=\"46,43\""}],"statusCode":200,"statusLine":"HTTP/1.1 200","tabId":2,"timeStamp":1633839996347.091,"type":"script","url":"https://www.youtube.com/s/player/920e4583/player_ias.vflset/en_GB/embed.js"}", source: chrome-extension://nphlliopfobfddkbiohifpjfhljjpiob/content.js (36)
[1872:1872:1010/095636.348499:INFO:CONSOLE(36)] "COMPLETE 1633839996347 {"frameId":0,"fromCache":false,"initiator":"https://www.youtube.com","ip":"216.58.203.46","method":"POST","parentFrameId":-1,"requestId":"67","responseHeaders":[{"name":"content-type","value":"text/html; charset=UTF-8"},{"name":"date","value":"Sun, 10 Oct 2021 04:26:36 GMT"},{"name":"pragma","value":"no-cache"},{"name":"expires","value":"Fri, 01 Jan 1990 00:00:00 GMT"},{"name":"cache-control","value":"no-cache, must-revalidate"},{"name":"access-control-allow-origin","value":"https://www.youtube.com"},{"name":"access-control-allow-credentials","value":"true"},{"name":"x-content-type-options","value":"nosniff"},{"name":"server","value":"Video Stats Server"},{"name":"content-length","value":"0"},{"name":"x-xss-protection","value":"0"},{"name":"x-frame-options","value":"SAMEORIGIN"},{"name":"alt-svc","value":"h3=\":443\"; ma=2592000,h3-29=\":443\"; ma=2592000,h3-T051=\":443\"; ma=2592000,h3-Q050=\":443\"; ma=2592000,h3-Q046=\":443\"; ma=2592000,h3-Q043=\":443\"; ma=2592000,quic=\":443\"; ma=2592000; v=\"46,43\""}],"statusCode":204,"statusLine":"HTTP/1.1 204","tabId":2,"timeStamp":1633839996347.369,"type":"ping","url":"https://www.youtube.com/api/stats/qoe?event=streamingstats&cpn=40kVNspaEoOiGlNK&el=embedded&docid=SqQIvR0N3lk&ns=yt&fexp=23983296%2C24001373%2C24002022%2C24002025%2C24004644%2C24007246%2C24064555%2C24080738%2C24082661%2C24101841%2C24106092&cl=401352273&seq=1&cbr=Chrome&cbrver=93.0.4577.63&c=WEB_EMBEDDED_PLAYER&cver=1.20211006.1.0&cplayer=UNIPLAYER&cos=X11&cplatform=DESKTOP&vps=0.000:N,0.000:ER&cmt=0.000:0.000,0.000:0.000&error=0.000:auth:0.000:0;a6s.0&vis=0.000:0&bh=0.000:0.000"}", source: chrome-extension://nphlliopfobfddkbiohifpjfhljjpiob/content.js (36)
[1872:1872:1010/095636.527478:INFO:CONSOLE(36)] "BEFORE_REQUEST 1633839996526 {"frameId":0,"initiator":"https://www.youtube.com","method":"GET","parentFrameId":-1,"requestId":"65","tabId":2,"timeStamp":1633839996526.73,"type":"xmlhttprequest","url":"https://googleads.g.doubleclick.net/pagead/id?slf_rd=1"}", source: chrome-extension://nphlliopfobfddkbiohifpjfhljjpiob/content.js (36)
[1872:1872:1010/095636.527507:INFO:CONSOLE(36)] "SEND_HEADERS 1633839996527 {"frameId":0,"initiator":"https://www.youtube.com","method":"GET","parentFrameId":-1,"requestId":"65","tabId":2,"timeStamp":1633839996527.076,"type":"xmlhttprequest","url":"https://googleads.g.doubleclick.net/pagead/id?slf_rd=1"}", source: chrome-extension://nphlliopfobfddkbiohifpjfhljjpiob/content.js (36)
[1872:1872:1010/095636.567698:INFO:CONSOLE(36)] "RESPONSE_STARTED 1633839996562 {"frameId":0,"fromCache":false,"initiator":"https://www.youtube.com","ip":"142.250.67.134","method":"GET","parentFrameId":-1,"requestId":"66","statusCode":200,"statusLine":"HTTP/1.1 200","tabId":2,"timeStamp":1633839996562.526,"type":"script","url":"https://static.doubleclick.net/instream/ad_status.js"}", source: chrome-extension://nphlliopfobfddkbiohifpjfhljjpiob/content.js (36)
[1872:1872:1010/095636.567734:INFO:CONSOLE(36)] "COMPLETE 1633839996563 {"frameId":0,"fromCache":false,"initiator":"https://www.youtube.com","ip":"142.250.67.134","method":"GET","parentFrameId":-1,"requestId":"66","responseHeaders":[{"name":"accept-ranges","value":"bytes"},{"name":"content-type","value":"text/javascript"},{"name":"access-control-allow-origin","value":"*"},{"name":"cross-origin-resource-policy","value":"cross-origin"},{"name":"cross-origin-opener-policy-report-only","value":"same-origin; report-to=\"ads-doubleclick-media\""},{"name":"report-to","value":"{\"group\":\"ads-doubleclick-media\",\"max_age\":2592000,\"endpoints\":[{\"url\":\"https://csp.withgoogle.com/csp/report-to/ads-doubleclick-media\"}]}"},{"name":"timing-allow-origin","value":"*"},{"name":"content-length","value":"29"},{"name":"date","value":"Sun, 10 Oct 2021 04:24:20 GMT"},{"name":"expires","value":"Sun, 10 Oct 2021 04:39:20 GMT"},{"name":"last-modified","value":"Thu, 12 Dec 2013 23:40:16 GMT"},{"name":"x-content-type-options","value":"nosniff"},{"name":"server","value":"sffe"},{"name":"x-xss-protection","value":"0"},{"name":"age","value":"136"},{"name":"cache-control","value":"public, max-age=900"},{"name":"alt-svc","value":"h3=\":443\"; ma=2592000,h3-29=\":443\"; ma=2592000,h3-T051=\":443\"; ma=2592000,h3-Q050=\":443\"; ma=2592000,h3-Q046=\":443\"; ma=2592000,h3-Q043=\":443\"; ma=2592000,quic=\":443\"; ma=2592000; v=\"46,43\""}],"statusCode":200,"statusLine":"HTTP/1.1 200","tabId":2,"timeStamp":1633839996562.884,"type":"script","url":"https://static.doubleclick.net/instream/ad_status.js"}", source: chrome-extension://nphlliopfobfddkbiohifpjfhljjpiob/content.js (36)
[1872:1872:1010/095636.569355:INFO:CONSOLE(36)] "BEFORE_REQUEST 1633839996568 {"frameId":0,"initiator":"https://www.youtube.com","method":"GET","parentFrameId":-1,"requestId":"69","tabId":2,"timeStamp":1633839996568.348,"type":"image","url":"https://www.youtube.com/favicon.ico"}", source: chrome-extension://nphlliopfobfddkbiohifpjfhljjpiob/content.js (36)
[1872:1872:1010/095636.569432:INFO:CONSOLE(36)] "SEND_HEADERS 1633839996568 {"frameId":0,"initiator":"https://www.youtube.com","method":"GET","parentFrameId":-1,"requestId":"69","tabId":2,"timeStamp":1633839996568.383,"type":"image","url":"https://www.youtube.com/favicon.ico"}", source: chrome-extension://nphlliopfobfddkbiohifpjfhljjpiob/content.js (36)
[1872:1872:1010/095636.620162:INFO:CONSOLE(36)] "RESPONSE_STARTED 1633839996617 {"frameId":0,"fromCache":false,"initiator":"https://www.youtube.com","ip":"216.58.203.46","method":"GET","parentFrameId":-1,"requestId":"69","statusCode":200,"statusLine":"HTTP/1.1 200","tabId":2,"timeStamp":1633839996617.255,"type":"image","url":"https://www.youtube.com/favicon.ico"}", source: chrome-extension://nphlliopfobfddkbiohifpjfhljjpiob/content.js (36)
[1872:1872:1010/095636.620829:INFO:CONSOLE(36)] "RESPONSE_STARTED 1633839996617 {"frameId":0,"fromCache":false,"initiator":"https://www.youtube.com","ip":"142.250.192.66","method":"GET","parentFrameId":-1,"requestId":"65","statusCode":200,"statusLine":"HTTP/1.1 200","tabId":2,"timeStamp":1633839996617.859,"type":"xmlhttprequest","url":"https://googleads.g.doubleclick.net/pagead/id?slf_rd=1"}", source: chrome-extension://nphlliopfobfddkbiohifpjfhljjpiob/content.js (36)
[1872:1872:1010/095636.620852:INFO:CONSOLE(36)] "COMPLETE 1633839996618 {"frameId":0,"fromCache":false,"initiator":"https://www.youtube.com","ip":"216.58.203.46","method":"GET","parentFrameId":-1,"requestId":"69","responseHeaders":[{"name":"accept-ranges","value":"bytes"},{"name":"vary","value":"Accept-Encoding"},{"name":"content-encoding","value":"gzip"},{"name":"content-type","value":"image/x-icon"},{"name":"content-security-policy-report-only","value":"require-trusted-types-for 'script'; report-uri https://csp.withgoogle.com/csp/youtube-marketing"},{"name":"cross-origin-resource-policy","value":"cross-origin"},{"name":"cross-origin-opener-policy-report-only","value":"same-origin; report-to=\"youtube-marketing\""},{"name":"report-to","value":"{\"group\":\"youtube-marketing\",\"max_age\":2592000,\"endpoints\":[{\"url\":\"https://csp.withgoogle.com/csp/report-to/youtube-marketing\"}]}"},{"name":"content-length","value":"180"},{"name":"date","value":"Fri, 08 Oct 2021 20:18:31 GMT"},{"name":"expires","value":"Sat, 08 Oct 2022 20:18:31 GMT"},{"name":"last-modified","value":"Tue, 03 Mar 2020 20:15:00 GMT"},{"name":"x-content-type-options","value":"nosniff"},{"name":"server","value":"sffe"},{"name":"x-xss-protection","value":"0"},{"name":"age","value":"115685"},{"name":"cache-control","value":"public, max-age=31536000"},{"name":"alt-svc","value":"h3=\":443\"; ma=2592000,h3-29=\":443\"; ma=2592000,h3-T051=\":443\"; ma=2592000,h3-Q050=\":443\"; ma=2592000,h3-Q046=\":443\"; ma=2592000,h3-Q043=\":443\"; ma=2592000,quic=\":443\"; ma=2592000; v=\"46,43\""}],"statusCode":200,"statusLine":"HTTP/1.1 200","tabId":2,"timeStamp":1633839996618.305,"type":"image","url":"https://www.youtube.com/favicon.ico"}", source: chrome-extension://nphlliopfobfddkbiohifpjfhljjpiob/content.js (36)
[1872:1872:1010/095636.621030:INFO:CONSOLE(36)] "COMPLETE 1633839996619 {"frameId":0,"fromCache":false,"initiator":"https://www.youtube.com","ip":"142.250.192.66","method":"GET","parentFrameId":-1,"requestId":"65","responseHeaders":[{"name":"p3p","value":"policyref=\"https://googleads.g.doubleclick.net/pagead/gcn_p3p_.xml\", CP=\"CURa ADMa DEVa TAIo PSAo PSDo OUR IND UNI PUR INT DEM STA PRE COM NAV OTC NOI DSP COR\""},{"name":"timing-allow-origin","value":"*"},{"name":"cross-origin-resource-policy","value":"cross-origin"},{"name":"access-control-allow-credentials","value":"true"},{"name":"access-control-allow-origin","value":"https://www.youtube.com"},{"name":"content-type","value":"application/json; charset=UTF-8"},{"name":"date","value":"Sun, 10 Oct 2021 04:26:36 GMT"},{"name":"pragma","value":"no-cache"},{"name":"expires","value":"Fri, 01 Jan 1990 00:00:00 GMT"},{"name":"cache-control","value":"no-cache, no-store, must-revalidate"},{"name":"x-content-type-options","value":"nosniff"},{"name":"content-disposition","value":"attachment; filename=\"f.txt\""},{"name":"content-encoding","value":"gzip"},{"name":"server","value":"cafe"},{"name":"content-length","value":"133"},{"name":"x-xss-protection","value":"0"},{"name":"alt-svc","value":"h3=\":443\"; ma=2592000,h3-29=\":443\"; ma=2592000,h3-T051=\":443\"; ma=2592000,h3-Q050=\":443\"; ma=2592000,h3-Q046=\":443\"; ma=2592000,h3-Q043=\":443\"; ma=2592000,quic=\":443\"; ma=2592000; v=\"46,43\""}],"statusCode":200,"statusLine":"HTTP/1.1 200","tabId":2,"timeStamp":1633839996618.938,"type":"xmlhttprequest","url":"https://googleads.g.doubleclick.net/pagead/id?slf_rd=1"}", source: chrome-extension://nphlliopfobfddkbiohifpjfhljjpiob/content.js (36)
[1872:1872:1010/095638.574992:INFO:CONSOLE(36)] "BEFORE_REQUEST 1633839998573 {"frameId":0,"initiator":"https://www.youtube.com","method":"POST","parentFrameId":-1,"requestId":"70","tabId":2,"timeStamp":1633839998573.7358,"type":"xmlhttprequest","url":"https://www.youtube.com/youtubei/v1/log_event?alt=json&key=AIzaSyAO_FJ2SlqU8Q4STEHLGCilw_Y9_11qcW8"}", source: chrome-extension://nphlliopfobfddkbiohifpjfhljjpiob/content.js (36)
[1872:1872:1010/095638.575044:INFO:CONSOLE(36)] "SEND_HEADERS 1633839998574 {"frameId":0,"initiator":"https://www.youtube.com","method":"POST","parentFrameId":-1,"requestId":"70","tabId":2,"timeStamp":1633839998574.031,"type":"xmlhttprequest","url":"https://www.youtube.com/youtubei/v1/log_event?alt=json&key=AIzaSyAO_FJ2SlqU8Q4STEHLGCilw_Y9_11qcW8"}", source: chrome-extension://nphlliopfobfddkbiohifpjfhljjpiob/content.js (36)
[1872:1872:1010/095638.795568:INFO:CONSOLE(36)] "RESPONSE_STARTED 1633839998794 {"frameId":0,"fromCache":false,"initiator":"https://www.youtube.com","ip":"216.58.203.46","method":"POST","parentFrameId":-1,"requestId":"70","statusCode":200,"statusLine":"HTTP/1.1 200","tabId":2,"timeStamp":1633839998793.978,"type":"xmlhttprequest","url":"https://www.youtube.com/youtubei/v1/log_event?alt=json&key=AIzaSyAO_FJ2SlqU8Q4STEHLGCilw_Y9_11qcW8"}", source: chrome-extension://nphlliopfobfddkbiohifpjfhljjpiob/content.js (36)
[1872:1872:1010/095638.795709:INFO:CONSOLE(36)] "COMPLETE 1633839998794 {"frameId":0,"fromCache":false,"initiator":"https://www.youtube.com","ip":"216.58.203.46","method":"POST","parentFrameId":-1,"requestId":"70","responseHeaders":[{"name":"content-type","value":"application/json; charset=UTF-8"},{"name":"vary","value":"Origin"},{"name":"vary","value":"X-Origin"},{"name":"vary","value":"Referer"},{"name":"content-encoding","value":"br"},{"name":"date","value":"Sun, 10 Oct 2021 04:26:38 GMT"},{"name":"server","value":"ESF"},{"name":"content-length","value":"31"},{"name":"x-xss-protection","value":"0"},{"name":"x-frame-options","value":"SAMEORIGIN"},{"name":"x-content-type-options","value":"nosniff"},{"name":"alt-svc","value":"h3=\":443\"; ma=2592000,h3-29=\":443\"; ma=2592000,h3-T051=\":443\"; ma=2592000,h3-Q050=\":443\"; ma=2592000,h3-Q046=\":443\"; ma=2592000,h3-Q043=\":443\"; ma=2592000,quic=\":443\"; ma=2592000; v=\"46,43\""}],"statusCode":200,"statusLine":"HTTP/1.1 200","tabId":2,"timeStamp":1633839998794.158,"type":"xmlhttprequest","url":"https://www.youtube.com/youtubei/v1/log_event?alt=json&key=AIzaSyAO_FJ2SlqU8Q4STEHLGCilw_Y9_11qcW8"}", source: chrome-extension://nphlliopfobfddkbiohifpjfhljjpiob/content.js (36)
[2092:2123:1010/095645.244510:WARNING:key_storage_linux.cc(178)] OSCrypt tried Libsecret but couldn't initialise.
[2750:316:1010/095714.327606:WARNING:crashpad_client_linux.cc(306)] prctl: Invalid argument (22)
[1872:1872:1010/095837.344744:INFO:CONSOLE(29)] "Closing window 0", source: chrome-extension://nphlliopfobfddkbiohifpjfhljjpiob/content.js (29)
[2092:2120:1010/095837.664897:WARNING:sqlite_persistent_store_backend_base.cc(172)] Failed to post task from FlushAndNotifyInBackground@net/extras/sqlite/sqlite_persistent_store_backend_base.cc:220 to client_task_runner_.
[1872:1872:1010/095837.684069:WARNING:pref_notifier_impl.cc(40)] Pref observer for media_router.cast_allow_all_ips found at shutdown.
