[3897:3966:1017/154153.021685:ERROR:bus.cc(392)] Failed to connect to the bus: Failed to connect to socket /tmp/dbus-ixdwMsFjCA: Connection refused
[3897:3966:1017/154153.021772:ERROR:bus.cc(392)] Failed to connect to the bus: Failed to connect to socket /tmp/dbus-ixdwMsFjCA: Connection refused
[3897:3966:1017/154153.040504:ERROR:bus.cc(392)] Failed to connect to the bus: Failed to connect to socket /tmp/dbus-ixdwMsFjCA: Connection refused
[3897:3966:1017/154153.040563:ERROR:bus.cc(392)] Failed to connect to the bus: Failed to connect to socket /tmp/dbus-ixdwMsFjCA: Connection refused
[3991:7:1017/154153.056607:WARNING:crashpad_client_linux.cc(306)] prctl: Invalid argument (22)
[3979:3979:1017/154153.064480:ERROR:gpu_init.cc(441)] Passthrough is not supported, GL is swiftshader
[3897:3973:1017/154153.152153:WARNING:external_pref_loader.cc(331)] You are using an old-style extension deployment method (external_extensions.json), which will soon be deprecated. (see http://developer.chrome.com/extensions/external_extensions.html)
[3897:3897:1017/154153.155438:WARNING:browser_main_loop.cc(271)] <unknown>: Couldn't connect to accessibility bus: Failed to connect to socket /tmp/dbus-ZAvxrYUX2Q: Connection refused
[4063:13:1017/154153.194863:WARNING:crashpad_client_linux.cc(306)] prctl: Invalid argument (22)
[4067:14:1017/154153.198750:WARNING:crashpad_client_linux.cc(306)] prctl: Invalid argument (22)
[4103:35:1017/154153.286296:WARNING:crashpad_client_linux.cc(306)] prctl: Invalid argument (22)
[4106:36:1017/154153.296820:WARNING:crashpad_client_linux.cc(306)] prctl: Invalid argument (22)
[4119:43:1017/154153.302296:WARNING:crashpad_client_linux.cc(306)] prctl: Invalid argument (22)
[4128:50:1017/154153.312453:WARNING:crashpad_client_linux.cc(306)] prctl: Invalid argument (22)
[4159:79:1017/154153.361906:WARNING:crashpad_client_linux.cc(306)] prctl: Invalid argument (22)
[4172:90:1017/154153.382277:WARNING:crashpad_client_linux.cc(306)] prctl: Invalid argument (22)
[3897:3966:1017/154153.878324:ERROR:bus.cc(392)] Failed to connect to the bus: Failed to connect to socket /tmp/dbus-ixdwMsFjCA: Connection refused
[3897:3966:1017/154153.878622:ERROR:bus.cc(392)] Failed to connect to the bus: Failed to connect to socket /tmp/dbus-ixdwMsFjCA: Connection refused
[3897:4058:1017/154154.765551:ERROR:bus.cc(392)] Failed to connect to the bus: Failed to connect to socket /tmp/dbus-ixdwMsFjCA: Connection refused
[3897:3897:1017/154154.766893:ERROR:object_proxy.cc(642)] Failed to call method: org.freedesktop.DBus.NameHasOwner: object_path= /org/freedesktop/DBus: unknown error type: 
[3897:4058:1017/154154.766967:ERROR:bus.cc(392)] Failed to connect to the bus: Failed to connect to socket /tmp/dbus-ixdwMsFjCA: Connection refused
[3897:3897:1017/154154.767003:ERROR:object_proxy.cc(642)] Failed to call method: org.freedesktop.DBus.NameHasOwner: object_path= /org/freedesktop/DBus: unknown error type: 
[3897:4058:1017/154154.767062:ERROR:bus.cc(392)] Failed to connect to the bus: Failed to connect to socket /tmp/dbus-ixdwMsFjCA: Connection refused
[3897:3897:1017/154154.767086:ERROR:object_proxy.cc(642)] Failed to call method: org.freedesktop.DBus.NameHasOwner: object_path= /org/freedesktop/DBus: unknown error type: 
[3897:4058:1017/154154.767151:ERROR:bus.cc(392)] Failed to connect to the bus: Failed to connect to socket /tmp/dbus-ixdwMsFjCA: Connection refused
[3897:3897:1017/154154.767185:ERROR:object_proxy.cc(642)] Failed to call method: org.freedesktop.DBus.NameHasOwner: object_path= /org/freedesktop/DBus: unknown error type: 
[3897:4058:1017/154154.767234:ERROR:bus.cc(392)] Failed to connect to the bus: Failed to connect to socket /tmp/dbus-ixdwMsFjCA: Connection refused
[3897:3897:1017/154154.767257:ERROR:object_proxy.cc(642)] Failed to call method: org.freedesktop.DBus.NameHasOwner: object_path= /org/freedesktop/DBus: unknown error type: 
[3897:3897:1017/154154.767268:WARNING:idle_linux.cc(110)] None of the known D-Bus ScreenSaver services could be used.
[3897:3897:1017/154201.942416:INFO:CONSOLE(0)] "Error in event handler: TypeError: Cannot read properties of undefined (reading 'postMessage')
    at logFunc (chrome-extension://nphlliopfobfddkbiohifpjfhljjpiob/background.js:11:14)
    at chrome.webRequest.onBeforeRequest.addListener.urls (chrome-extension://nphlliopfobfddkbiohifpjfhljjpiob/background.js:16:15)", source: chrome-extension://nphlliopfobfddkbiohifpjfhljjpiob/_generated_background_page.html (0)
[3897:3897:1017/154201.942549:INFO:CONSOLE(0)] "Error in event handler: TypeError: Cannot read properties of undefined (reading 'postMessage')
    at logFunc (chrome-extension://nphlliopfobfddkbiohifpjfhljjpiob/background.js:11:14)
    at chrome.webRequest.onSendHeaders.addListener.urls (chrome-extension://nphlliopfobfddkbiohifpjfhljjpiob/background.js:28:15)", source: chrome-extension://nphlliopfobfddkbiohifpjfhljjpiob/_generated_background_page.html (0)
[3897:3897:1017/154201.953036:INFO:CONSOLE(1)] "Slow network is detected. See https://www.chromestatus.com/feature/5636954674692096 for more details. Fallback font will be used while loading: https://fonts.gstatic.com/s/roboto/v18/KFOmCnqEu92Fr1Mu4mxK.woff2", source: https://www.youtube.com/embed/g1dJQAs65O8?rel=0&autoplay=1 (1)
[3897:3897:1017/154201.956029:INFO:CONSOLE(0)] "Error in event handler: TypeError: Cannot read properties of undefined (reading 'postMessage')
    at logFunc (chrome-extension://nphlliopfobfddkbiohifpjfhljjpiob/background.js:11:14)
    at chrome.webRequest.onBeforeRequest.addListener.urls (chrome-extension://nphlliopfobfddkbiohifpjfhljjpiob/background.js:16:15)", source: chrome-extension://nphlliopfobfddkbiohifpjfhljjpiob/_generated_background_page.html (0)
[3897:3897:1017/154201.957261:INFO:CONSOLE(0)] "Error in event handler: TypeError: Cannot read properties of undefined (reading 'postMessage')
    at logFunc (chrome-extension://nphlliopfobfddkbiohifpjfhljjpiob/background.js:11:14)
    at chrome.webRequest.onSendHeaders.addListener.urls (chrome-extension://nphlliopfobfddkbiohifpjfhljjpiob/background.js:28:15)", source: chrome-extension://nphlliopfobfddkbiohifpjfhljjpiob/_generated_background_page.html (0)
[3897:3897:1017/154201.957473:INFO:CONSOLE(128)] "Uncaught (in promise) Error: Could not establish connection. Receiving end does not exist.", source: chrome-extension://nehjjjagpkhikejmlaiffhpgaiphilng/polyfill.js (128)
[3897:3897:1017/154201.957520:INFO:CONSOLE(128)] "Uncaught (in promise) Error: Could not establish connection. Receiving end does not exist.", source: chrome-extension://nehjjjagpkhikejmlaiffhpgaiphilng/polyfill.js (128)
[3897:3897:1017/154201.964970:INFO:CONSOLE(0)] "Error in event handler: TypeError: Cannot read properties of undefined (reading 'postMessage')
    at logFunc (chrome-extension://nphlliopfobfddkbiohifpjfhljjpiob/background.js:11:14)
    at chrome.webRequest.onBeforeRequest.addListener.urls (chrome-extension://nphlliopfobfddkbiohifpjfhljjpiob/background.js:16:15)", source: chrome-extension://nphlliopfobfddkbiohifpjfhljjpiob/_generated_background_page.html (0)
[3897:3897:1017/154201.965017:INFO:CONSOLE(0)] "Error in event handler: TypeError: Cannot read properties of undefined (reading 'postMessage')
    at logFunc (chrome-extension://nphlliopfobfddkbiohifpjfhljjpiob/background.js:11:14)
    at chrome.webRequest.onSendHeaders.addListener.urls (chrome-extension://nphlliopfobfddkbiohifpjfhljjpiob/background.js:28:15)", source: chrome-extension://nphlliopfobfddkbiohifpjfhljjpiob/_generated_background_page.html (0)
[4244:101:1017/154206.056325:WARNING:crashpad_client_linux.cc(306)] prctl: Invalid argument (22)
[3897:3897:1017/154217.276884:INFO:CONSOLE(0)] "Error in event handler: TypeError: Cannot read properties of undefined (reading 'postMessage')
    at logFunc (chrome-extension://nphlliopfobfddkbiohifpjfhljjpiob/background.js:11:14)
    at chrome.webRequest.onBeforeRequest.addListener.urls (chrome-extension://nphlliopfobfddkbiohifpjfhljjpiob/background.js:16:15)", source: chrome-extension://nphlliopfobfddkbiohifpjfhljjpiob/_generated_background_page.html (0)
[3897:3897:1017/154217.276935:INFO:CONSOLE(0)] "Error in event handler: TypeError: Cannot read properties of undefined (reading 'postMessage')
    at logFunc (chrome-extension://nphlliopfobfddkbiohifpjfhljjpiob/background.js:11:14)
    at chrome.webRequest.onSendHeaders.addListener.urls (chrome-extension://nphlliopfobfddkbiohifpjfhljjpiob/background.js:28:15)", source: chrome-extension://nphlliopfobfddkbiohifpjfhljjpiob/_generated_background_page.html (0)
[3897:3897:1017/154217.276962:INFO:CONSOLE(0)] "Error in event handler: TypeError: Cannot read properties of undefined (reading 'postMessage')
    at logFunc (chrome-extension://nphlliopfobfddkbiohifpjfhljjpiob/background.js:11:14)
    at chrome.webRequest.onBeforeRequest.addListener.urls (chrome-extension://nphlliopfobfddkbiohifpjfhljjpiob/background.js:16:15)", source: chrome-extension://nphlliopfobfddkbiohifpjfhljjpiob/_generated_background_page.html (0)
[3897:3897:1017/154217.276981:INFO:CONSOLE(0)] "Error in event handler: TypeError: Cannot read properties of undefined (reading 'postMessage')
    at logFunc (chrome-extension://nphlliopfobfddkbiohifpjfhljjpiob/background.js:11:14)
    at chrome.webRequest.onSendHeaders.addListener.urls (chrome-extension://nphlliopfobfddkbiohifpjfhljjpiob/background.js:28:15)", source: chrome-extension://nphlliopfobfddkbiohifpjfhljjpiob/_generated_background_page.html (0)
[3897:3897:1017/154217.276999:INFO:CONSOLE(0)] "Error in event handler: TypeError: Cannot read properties of undefined (reading 'postMessage')
    at logFunc (chrome-extension://nphlliopfobfddkbiohifpjfhljjpiob/background.js:11:14)
    at chrome.webRequest.onBeforeRequest.addListener.urls (chrome-extension://nphlliopfobfddkbiohifpjfhljjpiob/background.js:16:15)", source: chrome-extension://nphlliopfobfddkbiohifpjfhljjpiob/_generated_background_page.html (0)
[3897:3897:1017/154217.277096:INFO:CONSOLE(0)] "Error in event handler: TypeError: Cannot read properties of undefined (reading 'postMessage')
    at logFunc (chrome-extension://nphlliopfobfddkbiohifpjfhljjpiob/background.js:11:14)
    at chrome.webRequest.onSendHeaders.addListener.urls (chrome-extension://nphlliopfobfddkbiohifpjfhljjpiob/background.js:28:15)", source: chrome-extension://nphlliopfobfddkbiohifpjfhljjpiob/_generated_background_page.html (0)
[3897:3897:1017/154217.460077:INFO:CONSOLE(0)] "Error in event handler: TypeError: Cannot read properties of undefined (reading 'postMessage')
    at logFunc (chrome-extension://nphlliopfobfddkbiohifpjfhljjpiob/background.js:11:14)
    at chrome.webRequest.onResponseStarted.addListener.urls (chrome-extension://nphlliopfobfddkbiohifpjfhljjpiob/background.js:22:15)", source: chrome-extension://nphlliopfobfddkbiohifpjfhljjpiob/_generated_background_page.html (0)
[3982:4259:1017/154231.777723:WARNING:key_storage_linux.cc(178)] OSCrypt tried Libsecret but couldn't initialise.
[3897:3897:1017/154232.980930:INFO:CONSOLE(0)] "Error in event handler: TypeError: Cannot read properties of undefined (reading 'postMessage')
    at logFunc (chrome-extension://nphlliopfobfddkbiohifpjfhljjpiob/background.js:11:14)
    at chrome.webRequest.onResponseStarted.addListener.urls (chrome-extension://nphlliopfobfddkbiohifpjfhljjpiob/background.js:22:15)", source: chrome-extension://nphlliopfobfddkbiohifpjfhljjpiob/_generated_background_page.html (0)
[3897:3897:1017/154232.981240:INFO:CONSOLE(0)] "Error in event handler: TypeError: Cannot read properties of undefined (reading 'postMessage')
    at logFunc (chrome-extension://nphlliopfobfddkbiohifpjfhljjpiob/background.js:11:14)
    at chrome.webRequest.onCompleted.addListener.urls (chrome-extension://nphlliopfobfddkbiohifpjfhljjpiob/background.js:34:15)", source: chrome-extension://nphlliopfobfddkbiohifpjfhljjpiob/_generated_background_page.html (0)
[3897:3897:1017/154245.888193:INFO:CONSOLE(0)] "Uncaught (in promise) NetworkError: A network error occurred.", source: https://www.youtube.com/embed/g1dJQAs65O8?rel=0&autoplay=1 (0)
[3897:3897:1017/154245.888223:INFO:CONSOLE(0)] "Uncaught (in promise) NetworkError: A network error occurred.", source: https://www.youtube.com/embed/g1dJQAs65O8?rel=0&autoplay=1 (0)
[3897:3897:1017/154249.064948:INFO:CONSOLE(0)] "Error in event handler: TypeError: Cannot read properties of undefined (reading 'postMessage')
    at logFunc (chrome-extension://nphlliopfobfddkbiohifpjfhljjpiob/background.js:11:14)
    at chrome.webRequest.onResponseStarted.addListener.urls (chrome-extension://nphlliopfobfddkbiohifpjfhljjpiob/background.js:22:15)", source: chrome-extension://nphlliopfobfddkbiohifpjfhljjpiob/_generated_background_page.html (0)
[3897:3897:1017/154249.065021:INFO:CONSOLE(0)] "Error in event handler: TypeError: Cannot read properties of undefined (reading 'postMessage')
    at logFunc (chrome-extension://nphlliopfobfddkbiohifpjfhljjpiob/background.js:11:14)
    at chrome.webRequest.onCompleted.addListener.urls (chrome-extension://nphlliopfobfddkbiohifpjfhljjpiob/background.js:34:15)", source: chrome-extension://nphlliopfobfddkbiohifpjfhljjpiob/_generated_background_page.html (0)
[3897:3897:1017/154254.941569:INFO:CONSOLE(0)] "Error in event handler: TypeError: Cannot read properties of undefined (reading 'postMessage')
    at logFunc (chrome-extension://nphlliopfobfddkbiohifpjfhljjpiob/background.js:11:14)
    at chrome.webRequest.onResponseStarted.addListener.urls (chrome-extension://nphlliopfobfddkbiohifpjfhljjpiob/background.js:22:15)", source: chrome-extension://nphlliopfobfddkbiohifpjfhljjpiob/_generated_background_page.html (0)
[3897:3897:1017/154255.128033:INFO:CONSOLE(0)] "Error in event handler: TypeError: Cannot read properties of undefined (reading 'postMessage')
    at logFunc (chrome-extension://nphlliopfobfddkbiohifpjfhljjpiob/background.js:11:14)
    at chrome.webRequest.onCompleted.addListener.urls (chrome-extension://nphlliopfobfddkbiohifpjfhljjpiob/background.js:34:15)", source: chrome-extension://nphlliopfobfddkbiohifpjfhljjpiob/_generated_background_page.html (0)
[3897:3897:1017/154334.654012:INFO:CONSOLE(0)] "Error in event handler: TypeError: Cannot read properties of undefined (reading 'postMessage')
    at logFunc (chrome-extension://nphlliopfobfddkbiohifpjfhljjpiob/background.js:11:14)
    at chrome.webRequest.onCompleted.addListener.urls (chrome-extension://nphlliopfobfddkbiohifpjfhljjpiob/background.js:34:15)", source: chrome-extension://nphlliopfobfddkbiohifpjfhljjpiob/_generated_background_page.html (0)
[3897:3897:1017/154334.712424:INFO:CONSOLE(0)] "Error in event handler: TypeError: Cannot read properties of undefined (reading 'postMessage')
    at logFunc (chrome-extension://nphlliopfobfddkbiohifpjfhljjpiob/background.js:11:14)
    at chrome.webRequest.onBeforeRequest.addListener.urls (chrome-extension://nphlliopfobfddkbiohifpjfhljjpiob/background.js:16:15)", source: chrome-extension://nphlliopfobfddkbiohifpjfhljjpiob/_generated_background_page.html (0)
[3897:3897:1017/154334.712479:INFO:CONSOLE(0)] "Error in event handler: TypeError: Cannot read properties of undefined (reading 'postMessage')
    at logFunc (chrome-extension://nphlliopfobfddkbiohifpjfhljjpiob/background.js:11:14)
    at chrome.webRequest.onSendHeaders.addListener.urls (chrome-extension://nphlliopfobfddkbiohifpjfhljjpiob/background.js:28:15)", source: chrome-extension://nphlliopfobfddkbiohifpjfhljjpiob/_generated_background_page.html (0)
[3897:3897:1017/154334.721338:INFO:CONSOLE(0)] "Error in event handler: TypeError: Cannot read properties of undefined (reading 'postMessage')
    at logFunc (chrome-extension://nphlliopfobfddkbiohifpjfhljjpiob/background.js:11:14)
    at chrome.webRequest.onBeforeRequest.addListener.urls (chrome-extension://nphlliopfobfddkbiohifpjfhljjpiob/background.js:16:15)", source: chrome-extension://nphlliopfobfddkbiohifpjfhljjpiob/_generated_background_page.html (0)
[3897:3897:1017/154334.721415:INFO:CONSOLE(0)] "Error in event handler: TypeError: Cannot read properties of undefined (reading 'postMessage')
    at logFunc (chrome-extension://nphlliopfobfddkbiohifpjfhljjpiob/background.js:11:14)
    at chrome.webRequest.onSendHeaders.addListener.urls (chrome-extension://nphlliopfobfddkbiohifpjfhljjpiob/background.js:28:15)", source: chrome-extension://nphlliopfobfddkbiohifpjfhljjpiob/_generated_background_page.html (0)
[3897:3897:1017/154334.759919:INFO:CONSOLE(0)] "Error in event handler: TypeError: Cannot read properties of undefined (reading 'postMessage')
    at logFunc (chrome-extension://nphlliopfobfddkbiohifpjfhljjpiob/background.js:11:14)
    at chrome.webRequest.onBeforeRequest.addListener.urls (chrome-extension://nphlliopfobfddkbiohifpjfhljjpiob/background.js:16:15)", source: chrome-extension://nphlliopfobfddkbiohifpjfhljjpiob/_generated_background_page.html (0)
[3897:3897:1017/154334.759970:INFO:CONSOLE(0)] "Error in event handler: TypeError: Cannot read properties of undefined (reading 'postMessage')
    at logFunc (chrome-extension://nphlliopfobfddkbiohifpjfhljjpiob/background.js:11:14)
    at chrome.webRequest.onSendHeaders.addListener.urls (chrome-extension://nphlliopfobfddkbiohifpjfhljjpiob/background.js:28:15)", source: chrome-extension://nphlliopfobfddkbiohifpjfhljjpiob/_generated_background_page.html (0)
[3897:3897:1017/154334.798292:INFO:CONSOLE(0)] "Error in event handler: TypeError: Cannot read properties of undefined (reading 'postMessage')
    at logFunc (chrome-extension://nphlliopfobfddkbiohifpjfhljjpiob/background.js:11:14)
    at chrome.webRequest.onBeforeRequest.addListener.urls (chrome-extension://nphlliopfobfddkbiohifpjfhljjpiob/background.js:16:15)", source: chrome-extension://nphlliopfobfddkbiohifpjfhljjpiob/_generated_background_page.html (0)
[3897:3897:1017/154334.798342:INFO:CONSOLE(0)] "Error in event handler: TypeError: Cannot read properties of undefined (reading 'postMessage')
    at logFunc (chrome-extension://nphlliopfobfddkbiohifpjfhljjpiob/background.js:11:14)
    at chrome.webRequest.onSendHeaders.addListener.urls (chrome-extension://nphlliopfobfddkbiohifpjfhljjpiob/background.js:28:15)", source: chrome-extension://nphlliopfobfddkbiohifpjfhljjpiob/_generated_background_page.html (0)
[3897:3897:1017/154334.818265:INFO:CONSOLE(128)] "Uncaught (in promise) Error: Could not establish connection. Receiving end does not exist.", source: chrome-extension://nehjjjagpkhikejmlaiffhpgaiphilng/polyfill.js (128)
[3897:3897:1017/154334.927358:INFO:CONSOLE(1)] "CONTENT SCRIPT", source: chrome-extension://nphlliopfobfddkbiohifpjfhljjpiob/content.js (1)
[3897:3897:1017/154335.676664:INFO:CONSOLE(36)] "RESPONSE_STARTED 1634465615676 {"frameId":0,"fromCache":false,"initiator":"https://www.youtube.com","ip":"142.250.194.206","method":"GET","parentFrameId":-1,"requestId":"64","statusCode":200,"statusLine":"HTTP/1.1 200","tabId":2,"timeStamp":1634465615675.8499,"type":"script","url":"https://www.youtube.com/s/player/03869671/player_ias.vflset/en_GB/embed.js"}", source: chrome-extension://nphlliopfobfddkbiohifpjfhljjpiob/content.js (36)
[3897:3897:1017/154336.257482:INFO:CONSOLE(36)] "RESPONSE_STARTED 1634465616234 {"frameId":0,"fromCache":false,"initiator":"https://www.youtube.com","ip":"142.250.194.206","method":"POST","parentFrameId":-1,"requestId":"63","statusCode":204,"statusLine":"HTTP/1.1 204","tabId":2,"timeStamp":1634465616234.0369,"type":"ping","url":"https://www.youtube.com/api/stats/qoe?event=streamingstats&cpn=DixTlesw4-TKsI2Z&el=embedded&docid=g1dJQAs65O8&ns=yt&fexp=23853953%2C23983296%2C24001373%2C24002022%2C24002025%2C24004644%2C24007246%2C24064555%2C24080738%2C24082661%2C24101841%2C24106092%2C24108264&cl=402943675&seq=1&cbr=Chrome&cbrver=93.0.4577.63&c=WEB_EMBEDDED_PLAYER&cver=1.20211013.1.0&cplayer=UNIPLAYER&cos=X11&cplatform=DESKTOP&vps=0.000:N,0.000:ER&cmt=0.000:0.000,0.000:0.000&error=0.000:auth:0.000:0;a6s.0&vis=0.000:0&bh=0.000:0.000"}", source: chrome-extension://nphlliopfobfddkbiohifpjfhljjpiob/content.js (36)
[3897:3897:1017/154336.260503:INFO:CONSOLE(36)] "COMPLETE 1634465616241 {"frameId":0,"fromCache":false,"initiator":"https://www.youtube.com","ip":"142.250.194.206","method":"GET","parentFrameId":-1,"requestId":"64","responseHeaders":[{"name":"accept-ranges","value":"bytes"},{"name":"vary","value":"Accept-Encoding, Origin"},{"name":"content-encoding","value":"br"},{"name":"content-type","value":"text/javascript"},{"name":"cross-origin-resource-policy","value":"cross-origin"},{"name":"cross-origin-opener-policy-report-only","value":"same-origin; report-to=\"youtube\""},{"name":"report-to","value":"{\"group\":\"youtube\",\"max_age\":2592000,\"endpoints\":[{\"url\":\"https://csp.withgoogle.com/csp/report-to/youtube\"}]}"},{"name":"content-length","value":"7317"},{"name":"date","value":"Thu, 14 Oct 2021 16:51:40 GMT"},{"name":"expires","value":"Fri, 14 Oct 2022 16:51:40 GMT"},{"name":"last-modified","value":"Thu, 14 Oct 2021 00:20:00 GMT"},{"name":"x-content-type-options","value":"nosniff"},{"name":"server","value":"sffe"},{"name":"x-xss-protection","value":"0"},{"name":"cache-control","value":"public, max-age=31536000"},{"name":"age","value":"235314"},{"name":"alt-svc","value":"h3=\":443\"; ma=2592000,h3-29=\":443\"; ma=2592000,h3-T051=\":443\"; ma=2592000,h3-Q050=\":443\"; ma=2592000,h3-Q046=\":443\"; ma=2592000,h3-Q043=\":443\"; ma=2592000,quic=\":443\"; ma=2592000; v=\"46,43\""}],"statusCode":200,"statusLine":"HTTP/1.1 200","tabId":2,"timeStamp":1634465616234.339,"type":"script","url":"https://www.youtube.com/s/player/03869671/player_ias.vflset/en_GB/embed.js"}", source: chrome-extension://nphlliopfobfddkbiohifpjfhljjpiob/content.js (36)
[3897:3897:1017/154336.260554:INFO:CONSOLE(36)] "COMPLETE 1634465616241 {"frameId":0,"fromCache":false,"initiator":"https://www.youtube.com","ip":"142.250.194.206","method":"POST","parentFrameId":-1,"requestId":"63","responseHeaders":[{"name":"content-type","value":"text/html; charset=UTF-8"},{"name":"date","value":"Sun, 17 Oct 2021 10:13:34 GMT"},{"name":"pragma","value":"no-cache"},{"name":"expires","value":"Fri, 01 Jan 1990 00:00:00 GMT"},{"name":"cache-control","value":"no-cache, must-revalidate"},{"name":"access-control-allow-origin","value":"https://www.youtube.com"},{"name":"access-control-allow-credentials","value":"true"},{"name":"x-content-type-options","value":"nosniff"},{"name":"server","value":"Video Stats Server"},{"name":"content-length","value":"0"},{"name":"x-xss-protection","value":"0"},{"name":"x-frame-options","value":"SAMEORIGIN"},{"name":"alt-svc","value":"h3=\":443\"; ma=2592000,h3-29=\":443\"; ma=2592000,h3-T051=\":443\"; ma=2592000,h3-Q050=\":443\"; ma=2592000,h3-Q046=\":443\"; ma=2592000,h3-Q043=\":443\"; ma=2592000,quic=\":443\"; ma=2592000; v=\"46,43\""}],"statusCode":204,"statusLine":"HTTP/1.1 204","tabId":2,"timeStamp":1634465616234.571,"type":"ping","url":"https://www.youtube.com/api/stats/qoe?event=streamingstats&cpn=DixTlesw4-TKsI2Z&el=embedded&docid=g1dJQAs65O8&ns=yt&fexp=23853953%2C23983296%2C24001373%2C24002022%2C24002025%2C24004644%2C24007246%2C24064555%2C24080738%2C24082661%2C24101841%2C24106092%2C24108264&cl=402943675&seq=1&cbr=Chrome&cbrver=93.0.4577.63&c=WEB_EMBEDDED_PLAYER&cver=1.20211013.1.0&cplayer=UNIPLAYER&cos=X11&cplatform=DESKTOP&vps=0.000:N,0.000:ER&cmt=0.000:0.000,0.000:0.000&error=0.000:auth:0.000:0;a6s.0&vis=0.000:0&bh=0.000:0.000"}", source: chrome-extension://nphlliopfobfddkbiohifpjfhljjpiob/content.js (36)
[3897:3897:1017/154336.722650:INFO:CONSOLE(36)] "BEFORE_REQUEST 1634465616721 {"frameId":0,"initiator":"https://www.youtube.com","method":"POST","parentFrameId":-1,"requestId":"65","tabId":2,"timeStamp":1634465616721.625,"type":"xmlhttprequest","url":"https://www.youtube.com/youtubei/v1/log_event?alt=json&key=AIzaSyAO_FJ2SlqU8Q4STEHLGCilw_Y9_11qcW8"}", source: chrome-extension://nphlliopfobfddkbiohifpjfhljjpiob/content.js (36)
[3897:3897:1017/154336.723047:INFO:CONSOLE(36)] "SEND_HEADERS 1634465616721 {"frameId":0,"initiator":"https://www.youtube.com","method":"POST","parentFrameId":-1,"requestId":"65","tabId":2,"timeStamp":1634465616721.6611,"type":"xmlhttprequest","url":"https://www.youtube.com/youtubei/v1/log_event?alt=json&key=AIzaSyAO_FJ2SlqU8Q4STEHLGCilw_Y9_11qcW8"}", source: chrome-extension://nphlliopfobfddkbiohifpjfhljjpiob/content.js (36)
[3897:3897:1017/154339.397575:INFO:CONSOLE(36)] "RESPONSE_STARTED 1634465619395 {"frameId":0,"fromCache":false,"initiator":"https://www.youtube.com","ip":"142.250.194.206","method":"POST","parentFrameId":-1,"requestId":"65","statusCode":200,"statusLine":"HTTP/1.1 200","tabId":2,"timeStamp":1634465619395.419,"type":"xmlhttprequest","url":"https://www.youtube.com/youtubei/v1/log_event?alt=json&key=AIzaSyAO_FJ2SlqU8Q4STEHLGCilw_Y9_11qcW8"}", source: chrome-extension://nphlliopfobfddkbiohifpjfhljjpiob/content.js (36)
[3897:3897:1017/154339.397623:INFO:CONSOLE(36)] "COMPLETE 1634465619396 {"frameId":0,"fromCache":false,"initiator":"https://www.youtube.com","ip":"142.250.194.206","method":"POST","parentFrameId":-1,"requestId":"65","responseHeaders":[{"name":"content-type","value":"application/json; charset=UTF-8"},{"name":"vary","value":"Origin"},{"name":"vary","value":"X-Origin"},{"name":"vary","value":"Referer"},{"name":"content-encoding","value":"br"},{"name":"date","value":"Sun, 17 Oct 2021 10:13:37 GMT"},{"name":"server","value":"ESF"},{"name":"content-length","value":"31"},{"name":"x-xss-protection","value":"0"},{"name":"x-frame-options","value":"SAMEORIGIN"},{"name":"x-content-type-options","value":"nosniff"},{"name":"alt-svc","value":"h3=\":443\"; ma=2592000,h3-29=\":443\"; ma=2592000,h3-T051=\":443\"; ma=2592000,h3-Q050=\":443\"; ma=2592000,h3-Q046=\":443\"; ma=2592000,h3-Q043=\":443\"; ma=2592000,quic=\":443\"; ma=2592000; v=\"46,43\""}],"statusCode":200,"statusLine":"HTTP/1.1 200","tabId":2,"timeStamp":1634465619395.818,"type":"xmlhttprequest","url":"https://www.youtube.com/youtubei/v1/log_event?alt=json&key=AIzaSyAO_FJ2SlqU8Q4STEHLGCilw_Y9_11qcW8"}", source: chrome-extension://nphlliopfobfddkbiohifpjfhljjpiob/content.js (36)
[3982:4044:1017/154341.533682:WARNING:spdy_session.cc(3512)] Received HEADERS for invalid stream 1
[3897:3897:1017/154341.817722:INFO:CONSOLE(36)] "RESPONSE_STARTED 1634465621813 {"frameId":0,"fromCache":false,"initiator":"https://www.youtube.com","ip":"142.250.193.70","method":"GET","parentFrameId":-1,"requestId":"62","statusCode":200,"statusLine":"HTTP/1.1 200","tabId":2,"timeStamp":1634465621813.236,"type":"script","url":"https://static.doubleclick.net/instream/ad_status.js"}", source: chrome-extension://nphlliopfobfddkbiohifpjfhljjpiob/content.js (36)
[3897:3897:1017/154341.817768:INFO:CONSOLE(36)] "COMPLETE 1634465621814 {"frameId":0,"fromCache":false,"initiator":"https://www.youtube.com","ip":"142.250.193.70","method":"GET","parentFrameId":-1,"requestId":"62","responseHeaders":[{"name":"accept-ranges","value":"bytes"},{"name":"content-type","value":"text/javascript"},{"name":"access-control-allow-origin","value":"*"},{"name":"cross-origin-resource-policy","value":"cross-origin"},{"name":"cross-origin-opener-policy-report-only","value":"same-origin; report-to=\"ads-doubleclick-media\""},{"name":"report-to","value":"{\"group\":\"ads-doubleclick-media\",\"max_age\":2592000,\"endpoints\":[{\"url\":\"https://csp.withgoogle.com/csp/report-to/ads-doubleclick-media\"}]}"},{"name":"timing-allow-origin","value":"*"},{"name":"content-length","value":"29"},{"name":"date","value":"Sun, 17 Oct 2021 10:08:37 GMT"},{"name":"expires","value":"Sun, 17 Oct 2021 10:23:37 GMT"},{"name":"last-modified","value":"Thu, 12 Dec 2013 23:40:16 GMT"},{"name":"x-content-type-options","value":"nosniff"},{"name":"server","value":"sffe"},{"name":"x-xss-protection","value":"0"},{"name":"age","value":"301"},{"name":"cache-control","value":"public, max-age=900"},{"name":"alt-svc","value":"h3=\":443\"; ma=2592000,h3-29=\":443\"; ma=2592000,h3-T051=\":443\"; ma=2592000,h3-Q050=\":443\"; ma=2592000,h3-Q046=\":443\"; ma=2592000,h3-Q043=\":443\"; ma=2592000,quic=\":443\"; ma=2592000; v=\"46,43\""}],"statusCode":200,"statusLine":"HTTP/1.1 200","tabId":2,"timeStamp":1634465621814.568,"type":"script","url":"https://static.doubleclick.net/instream/ad_status.js"}", source: chrome-extension://nphlliopfobfddkbiohifpjfhljjpiob/content.js (36)
[3897:3897:1017/154341.820521:INFO:CONSOLE(36)] "BEFORE_REQUEST 1634465621818 {"frameId":0,"initiator":"https://www.youtube.com","method":"GET","parentFrameId":-1,"requestId":"66","tabId":2,"timeStamp":1634465621818.732,"type":"image","url":"https://www.youtube.com/favicon.ico"}", source: chrome-extension://nphlliopfobfddkbiohifpjfhljjpiob/content.js (36)
[3897:3897:1017/154341.820573:INFO:CONSOLE(36)] "SEND_HEADERS 1634465621819 {"frameId":0,"initiator":"https://www.youtube.com","method":"GET","parentFrameId":-1,"requestId":"66","tabId":2,"timeStamp":1634465621819.0242,"type":"image","url":"https://www.youtube.com/favicon.ico"}", source: chrome-extension://nphlliopfobfddkbiohifpjfhljjpiob/content.js (36)
[4547:109:1017/154342.558804:WARNING:crashpad_client_linux.cc(306)] prctl: Invalid argument (22)
[4554:114:1017/154342.571456:WARNING:crashpad_client_linux.cc(306)] prctl: Invalid argument (22)
[4561:119:1017/154342.578324:WARNING:crashpad_client_linux.cc(306)] prctl: Invalid argument (22)
[4570:126:1017/154342.604542:WARNING:crashpad_client_linux.cc(306)] prctl: Invalid argument (22)
[3897:3897:1017/154343.489327:INFO:CONSOLE(36)] "RESPONSE_STARTED 1634465623488 {"frameId":0,"fromCache":false,"initiator":"https://www.youtube.com","ip":"142.250.194.206","method":"GET","parentFrameId":-1,"requestId":"66","statusCode":200,"statusLine":"HTTP/1.1 200","tabId":2,"timeStamp":1634465623488.123,"type":"image","url":"https://www.youtube.com/favicon.ico"}", source: chrome-extension://nphlliopfobfddkbiohifpjfhljjpiob/content.js (36)
[3897:3897:1017/154343.489406:INFO:CONSOLE(36)] "COMPLETE 1634465623488 {"frameId":0,"fromCache":false,"initiator":"https://www.youtube.com","ip":"142.250.194.206","method":"GET","parentFrameId":-1,"requestId":"66","responseHeaders":[{"name":"accept-ranges","value":"bytes"},{"name":"vary","value":"Accept-Encoding"},{"name":"content-encoding","value":"gzip"},{"name":"content-type","value":"image/x-icon"},{"name":"cross-origin-resource-policy","value":"cross-origin"},{"name":"cross-origin-opener-policy-report-only","value":"same-origin; report-to=\"youtube-marketing\""},{"name":"report-to","value":"{\"group\":\"youtube-marketing\",\"max_age\":2592000,\"endpoints\":[{\"url\":\"https://csp.withgoogle.com/csp/report-to/youtube-marketing\"}]}"},{"name":"content-length","value":"180"},{"name":"date","value":"Fri, 15 Oct 2021 04:59:36 GMT"},{"name":"expires","value":"Sat, 15 Oct 2022 04:59:36 GMT"},{"name":"last-modified","value":"Tue, 03 Mar 2020 20:15:00 GMT"},{"name":"x-content-type-options","value":"nosniff"},{"name":"server","value":"sffe"},{"name":"x-xss-protection","value":"0"},{"name":"age","value":"191645"},{"name":"cache-control","value":"public, max-age=31536000"},{"name":"alt-svc","value":"h3=\":443\"; ma=2592000,h3-29=\":443\"; ma=2592000,h3-T051=\":443\"; ma=2592000,h3-Q050=\":443\"; ma=2592000,h3-Q046=\":443\"; ma=2592000,h3-Q043=\":443\"; ma=2592000,quic=\":443\"; ma=2592000; v=\"46,43\""}],"statusCode":200,"statusLine":"HTTP/1.1 200","tabId":2,"timeStamp":1634465623488.272,"type":"image","url":"https://www.youtube.com/favicon.ico"}", source: chrome-extension://nphlliopfobfddkbiohifpjfhljjpiob/content.js (36)
[3897:3897:1017/154343.820712:INFO:CONSOLE(36)] "BEFORE_REQUEST 1634465623819 {"frameId":0,"initiator":"https://www.youtube.com","method":"POST","parentFrameId":-1,"requestId":"67","tabId":2,"timeStamp":1634465623819.157,"type":"xmlhttprequest","url":"https://www.youtube.com/youtubei/v1/log_event?alt=json&key=AIzaSyAO_FJ2SlqU8Q4STEHLGCilw_Y9_11qcW8"}", source: chrome-extension://nphlliopfobfddkbiohifpjfhljjpiob/content.js (36)
[3897:3897:1017/154343.820744:INFO:CONSOLE(36)] "SEND_HEADERS 1634465623819 {"frameId":0,"initiator":"https://www.youtube.com","method":"POST","parentFrameId":-1,"requestId":"67","tabId":2,"timeStamp":1634465623819.1929,"type":"xmlhttprequest","url":"https://www.youtube.com/youtubei/v1/log_event?alt=json&key=AIzaSyAO_FJ2SlqU8Q4STEHLGCilw_Y9_11qcW8"}", source: chrome-extension://nphlliopfobfddkbiohifpjfhljjpiob/content.js (36)
[3897:3897:1017/154348.515318:INFO:CONSOLE(36)] "RESPONSE_STARTED 1634465628509 {"frameId":0,"fromCache":false,"initiator":"https://www.youtube.com","ip":"142.250.194.206","method":"POST","parentFrameId":-1,"requestId":"67","statusCode":200,"statusLine":"HTTP/1.1 200","tabId":2,"timeStamp":1634465628509.168,"type":"xmlhttprequest","url":"https://www.youtube.com/youtubei/v1/log_event?alt=json&key=AIzaSyAO_FJ2SlqU8Q4STEHLGCilw_Y9_11qcW8"}", source: chrome-extension://nphlliopfobfddkbiohifpjfhljjpiob/content.js (36)
[3897:3897:1017/154348.515409:INFO:CONSOLE(36)] "COMPLETE 1634465628509 {"frameId":0,"fromCache":false,"initiator":"https://www.youtube.com","ip":"142.250.194.206","method":"POST","parentFrameId":-1,"requestId":"67","responseHeaders":[{"name":"content-type","value":"application/json; charset=UTF-8"},{"name":"vary","value":"Origin"},{"name":"vary","value":"X-Origin"},{"name":"vary","value":"Referer"},{"name":"content-encoding","value":"br"},{"name":"date","value":"Sun, 17 Oct 2021 10:13:45 GMT"},{"name":"server","value":"ESF"},{"name":"content-length","value":"31"},{"name":"x-xss-protection","value":"0"},{"name":"x-frame-options","value":"SAMEORIGIN"},{"name":"x-content-type-options","value":"nosniff"},{"name":"alt-svc","value":"h3=\":443\"; ma=2592000,h3-29=\":443\"; ma=2592000,h3-T051=\":443\"; ma=2592000,h3-Q050=\":443\"; ma=2592000,h3-Q046=\":443\"; ma=2592000,h3-Q043=\":443\"; ma=2592000,quic=\":443\"; ma=2592000; v=\"46,43\""}],"statusCode":200,"statusLine":"HTTP/1.1 200","tabId":2,"timeStamp":1634465628509.386,"type":"xmlhttprequest","url":"https://www.youtube.com/youtubei/v1/log_event?alt=json&key=AIzaSyAO_FJ2SlqU8Q4STEHLGCilw_Y9_11qcW8"}", source: chrome-extension://nphlliopfobfddkbiohifpjfhljjpiob/content.js (36)
[4608:132:1017/154351.860289:WARNING:crashpad_client_linux.cc(306)] prctl: Invalid argument (22)
[4616:138:1017/154351.874667:WARNING:crashpad_client_linux.cc(306)] prctl: Invalid argument (22)
[4623:143:1017/154351.881351:WARNING:crashpad_client_linux.cc(306)] prctl: Invalid argument (22)
[4631:149:1017/154351.915255:WARNING:crashpad_client_linux.cc(306)] prctl: Invalid argument (22)
[4640:155:1017/154351.944221:WARNING:crashpad_client_linux.cc(306)] prctl: Invalid argument (22)
[4666:166:1017/154355.176334:WARNING:crashpad_client_linux.cc(306)] prctl: Invalid argument (22)
[4673:171:1017/154355.189496:WARNING:crashpad_client_linux.cc(306)] prctl: Invalid argument (22)
[4681:177:1017/154355.200181:WARNING:crashpad_client_linux.cc(306)] prctl: Invalid argument (22)
[4688:182:1017/154355.223761:WARNING:crashpad_client_linux.cc(306)] prctl: Invalid argument (22)
[4750:188:1017/154425.214135:WARNING:crashpad_client_linux.cc(306)] prctl: Invalid argument (22)
[4758:194:1017/154425.227664:WARNING:crashpad_client_linux.cc(306)] prctl: Invalid argument (22)
[4766:200:1017/154425.233860:WARNING:crashpad_client_linux.cc(306)] prctl: Invalid argument (22)
[4773:205:1017/154425.264680:WARNING:crashpad_client_linux.cc(306)] prctl: Invalid argument (22)
[4786:211:1017/154425.296426:WARNING:crashpad_client_linux.cc(306)] prctl: Invalid argument (22)
[4809:222:1017/154427.354995:WARNING:crashpad_client_linux.cc(306)] prctl: Invalid argument (22)
[4817:228:1017/154427.368257:WARNING:crashpad_client_linux.cc(306)] prctl: Invalid argument (22)
[4824:233:1017/154427.375209:WARNING:crashpad_client_linux.cc(306)] prctl: Invalid argument (22)
[4832:239:1017/154427.403287:WARNING:crashpad_client_linux.cc(306)] prctl: Invalid argument (22)
[4850:245:1017/154430.082883:WARNING:crashpad_client_linux.cc(306)] prctl: Invalid argument (22)
[4858:251:1017/154430.096658:WARNING:crashpad_client_linux.cc(306)] prctl: Invalid argument (22)
[4866:257:1017/154430.103106:WARNING:crashpad_client_linux.cc(306)] prctl: Invalid argument (22)
[4874:263:1017/154430.129305:WARNING:crashpad_client_linux.cc(306)] prctl: Invalid argument (22)
[4882:269:1017/154431.693837:WARNING:crashpad_client_linux.cc(306)] prctl: Invalid argument (22)
[4890:275:1017/154431.705787:WARNING:crashpad_client_linux.cc(306)] prctl: Invalid argument (22)
[4898:281:1017/154431.715627:WARNING:crashpad_client_linux.cc(306)] prctl: Invalid argument (22)
[4906:287:1017/154431.740724:WARNING:crashpad_client_linux.cc(306)] prctl: Invalid argument (22)
[4914:293:1017/154434.545820:WARNING:crashpad_client_linux.cc(306)] prctl: Invalid argument (22)
[4922:299:1017/154434.556670:WARNING:crashpad_client_linux.cc(306)] prctl: Invalid argument (22)
[4930:305:1017/154434.566448:WARNING:crashpad_client_linux.cc(306)] prctl: Invalid argument (22)
[4938:311:1017/154434.593608:WARNING:crashpad_client_linux.cc(306)] prctl: Invalid argument (22)
[3897:3897:1017/154535.927822:INFO:CONSOLE(29)] "Closing window 0", source: chrome-extension://nphlliopfobfddkbiohifpjfhljjpiob/content.js (29)
[3982:4259:1017/154536.216944:WARNING:sqlite_persistent_store_backend_base.cc(172)] Failed to post task from FlushAndNotifyInBackground@net/extras/sqlite/sqlite_persistent_store_backend_base.cc:220 to client_task_runner_.
[3897:3897:1017/154536.237440:WARNING:pref_notifier_impl.cc(40)] Pref observer for media_router.cast_allow_all_ips found at shutdown.
