[2753:2753:0224/134445.261955:ERROR:angle_platform_impl.cc(44)] Display.cpp:894 (initialize): ANGLE Display::initialize error 12289: GLX is not present.
[2753:2753:0224/134445.262141:ERROR:gl_surface_egl.cc(780)] EGL Driver message (Critical) eglInitialize: GLX is not present.
[2753:2753:0224/134445.262189:ERROR:gl_surface_egl.cc(1375)] eglInitialize OpenGL failed with error EGL_NOT_INITIALIZED, trying next display type
[2753:2753:0224/134445.262355:ERROR:angle_platform_impl.cc(44)] Display.cpp:894 (initialize): ANGLE Display::initialize error 12289: GLX is not present.
[2753:2753:0224/134445.262436:ERROR:gl_surface_egl.cc(780)] EGL Driver message (Critical) eglInitialize: GLX is not present.
[2753:2753:0224/134445.262475:ERROR:gl_surface_egl.cc(1375)] eglInitialize OpenGLES failed with error EGL_NOT_INITIALIZED
[2753:2753:0224/134445.262509:ERROR:gl_ozone_egl.cc(20)] GLSurfaceEGL::InitializeOneOff failed.
[2753:2753:0224/134445.268119:ERROR:viz_main_impl.cc(161)] Exiting GPU process due to errors during initialization
[2712:2758:0224/134445.322710:WARNING:external_pref_loader.cc(331)] You are using an old-style extension deployment method (external_extensions.json), which will soon be deprecated. (see http://developer.chrome.com/extensions/external_extensions.html)
[2808:2808:0224/134445.465162:ERROR:angle_platform_impl.cc(44)] Display.cpp:894 (initialize): ANGLE Display::initialize error 12289: GLX is not present.
[2808:2808:0224/134445.465816:ERROR:gl_surface_egl.cc(780)] EGL Driver message (Critical) eglInitialize: GLX is not present.
[2808:2808:0224/134445.466315:ERROR:gl_surface_egl.cc(1375)] eglInitialize OpenGL failed with error EGL_NOT_INITIALIZED, trying next display type
[2808:2808:0224/134445.473830:ERROR:angle_platform_impl.cc(44)] Display.cpp:894 (initialize): ANGLE Display::initialize error 12289: GLX is not present.
[2808:2808:0224/134445.474085:ERROR:gl_surface_egl.cc(780)] EGL Driver message (Critical) eglInitialize: GLX is not present.
[2808:2808:0224/134445.474256:ERROR:gl_surface_egl.cc(1375)] eglInitialize OpenGLES failed with error EGL_NOT_INITIALIZED
[2808:2808:0224/134445.475074:ERROR:gl_ozone_egl.cc(20)] GLSurfaceEGL::InitializeOneOff failed.
[2808:2808:0224/134445.482225:ERROR:viz_main_impl.cc(161)] Exiting GPU process due to errors during initialization
[2848:2848:0224/134445.612950:ERROR:angle_platform_impl.cc(44)] Display.cpp:894 (initialize): ANGLE Display::initialize error 12289: GLX is not present.
[2848:2848:0224/134445.613340:ERROR:gl_surface_egl.cc(780)] EGL Driver message (Critical) eglInitialize: GLX is not present.
[2848:2848:0224/134445.615432:ERROR:gl_surface_egl.cc(1375)] eglInitialize OpenGL failed with error EGL_NOT_INITIALIZED, trying next display type
[2848:2848:0224/134445.615893:ERROR:angle_platform_impl.cc(44)] Display.cpp:894 (initialize): ANGLE Display::initialize error 12289: GLX is not present.
[2848:2848:0224/134445.623051:ERROR:gl_surface_egl.cc(780)] EGL Driver message (Critical) eglInitialize: GLX is not present.
[2848:2848:0224/134445.623616:ERROR:gl_surface_egl.cc(1375)] eglInitialize OpenGLES failed with error EGL_NOT_INITIALIZED
[2848:2848:0224/134445.623859:ERROR:gl_ozone_egl.cc(20)] GLSurfaceEGL::InitializeOneOff failed.
[2848:2848:0224/134445.636444:ERROR:viz_main_impl.cc(161)] Exiting GPU process due to errors during initialization
[2904:2904:0224/134445.681859:ERROR:angle_platform_impl.cc(44)] Display.cpp:894 (initialize): ANGLE Display::initialize error 12289: GLX is not present.
[2904:2904:0224/134445.682120:ERROR:gl_surface_egl.cc(780)] EGL Driver message (Critical) eglInitialize: GLX is not present.
[2904:2904:0224/134445.682171:ERROR:gl_surface_egl.cc(1375)] eglInitialize OpenGL failed with error EGL_NOT_INITIALIZED, trying next display type
[2904:2904:0224/134445.682423:ERROR:angle_platform_impl.cc(44)] Display.cpp:894 (initialize): ANGLE Display::initialize error 12289: GLX is not present.
[2904:2904:0224/134445.682491:ERROR:gl_surface_egl.cc(780)] EGL Driver message (Critical) eglInitialize: GLX is not present.
[2904:2904:0224/134445.682527:ERROR:gl_surface_egl.cc(1375)] eglInitialize OpenGLES failed with error EGL_NOT_INITIALIZED
[2904:2904:0224/134445.682571:ERROR:gl_ozone_egl.cc(20)] GLSurfaceEGL::InitializeOneOff failed.
[2904:2904:0224/134445.696681:ERROR:viz_main_impl.cc(161)] Exiting GPU process due to errors during initialization
[2912:2912:0224/134445.750520:ERROR:angle_platform_impl.cc(44)] Display.cpp:894 (initialize): ANGLE Display::initialize error 12289: GLX is not present.
[2912:2912:0224/134445.750766:ERROR:gl_surface_egl.cc(780)] EGL Driver message (Critical) eglInitialize: GLX is not present.
[2912:2912:0224/134445.750818:ERROR:gl_surface_egl.cc(1375)] eglInitialize OpenGL failed with error EGL_NOT_INITIALIZED, trying next display type
[2912:2912:0224/134445.750948:ERROR:angle_platform_impl.cc(44)] Display.cpp:894 (initialize): ANGLE Display::initialize error 12289: GLX is not present.
[2912:2912:0224/134445.750992:ERROR:gl_surface_egl.cc(780)] EGL Driver message (Critical) eglInitialize: GLX is not present.
[2912:2912:0224/134445.751026:ERROR:gl_surface_egl.cc(1375)] eglInitialize OpenGLES failed with error EGL_NOT_INITIALIZED
[2912:2912:0224/134445.751059:ERROR:gl_ozone_egl.cc(20)] GLSurfaceEGL::InitializeOneOff failed.
[2912:2912:0224/134445.756159:ERROR:viz_main_impl.cc(161)] Exiting GPU process due to errors during initialization
[2920:2920:0224/134445.828085:ERROR:angle_platform_impl.cc(44)] Display.cpp:894 (initialize): ANGLE Display::initialize error 12289: GLX is not present.
[2920:2920:0224/134445.828598:ERROR:gl_surface_egl.cc(780)] EGL Driver message (Critical) eglInitialize: GLX is not present.
[2920:2920:0224/134445.828842:ERROR:gl_surface_egl.cc(1375)] eglInitialize OpenGL failed with error EGL_NOT_INITIALIZED, trying next display type
[2920:2920:0224/134445.829082:ERROR:angle_platform_impl.cc(44)] Display.cpp:894 (initialize): ANGLE Display::initialize error 12289: GLX is not present.
[2920:2920:0224/134445.829290:ERROR:gl_surface_egl.cc(780)] EGL Driver message (Critical) eglInitialize: GLX is not present.
[2920:2920:0224/134445.829431:ERROR:gl_surface_egl.cc(1375)] eglInitialize OpenGLES failed with error EGL_NOT_INITIALIZED
[2920:2920:0224/134445.829745:ERROR:gl_ozone_egl.cc(20)] GLSurfaceEGL::InitializeOneOff failed.
[2920:2920:0224/134445.841579:ERROR:viz_main_impl.cc(161)] Exiting GPU process due to errors during initialization
[2928:2928:0224/134445.866540:ERROR:gpu_init.cc(453)] Passthrough is not supported, GL is swiftshader, ANGLE is 
[2786:8:0224/134445.904154:ERROR:command_buffer_proxy_impl.cc(125)] ContextResult::kTransientFailure: Failed to send GpuControl.CreateCommandBuffer.
[2712:2712:0224/134445.909225:INFO:CONSOLE(0)] "Error with Permissions-Policy header: Unrecognized feature: 'ch-ua-full-version-list'.", source:  (0)
[2712:2712:0224/134445.949741:INFO:CONSOLE(0)] "Error in event handler: TypeError: Cannot read properties of undefined (reading 'postMessage')
    at logFunc (chrome-extension://nleagjjmkkjcfcajcnlgpddbdehflfem/background.js:16:14)
    at chrome.webRequest.onBeforeRequest.addListener.urls (chrome-extension://nleagjjmkkjcfcajcnlgpddbdehflfem/background.js:22:15)", source: chrome-extension://nleagjjmkkjcfcajcnlgpddbdehflfem/_generated_background_page.html (0)
[2712:2712:0224/134445.958149:INFO:CONSOLE(0)] "Error in event handler: TypeError: Cannot read properties of undefined (reading 'postMessage')
    at logFunc (chrome-extension://nleagjjmkkjcfcajcnlgpddbdehflfem/background.js:16:14)
    at chrome.webRequest.onSendHeaders.addListener.urls (chrome-extension://nleagjjmkkjcfcajcnlgpddbdehflfem/background.js:34:15)", source: chrome-extension://nleagjjmkkjcfcajcnlgpddbdehflfem/_generated_background_page.html (0)
[2712:2712:0224/134445.959857:INFO:CONSOLE(0)] "Error in event handler: TypeError: Cannot read properties of undefined (reading 'postMessage')
    at logFunc (chrome-extension://nleagjjmkkjcfcajcnlgpddbdehflfem/background.js:16:14)
    at chrome.webRequest.onBeforeRequest.addListener.urls (chrome-extension://nleagjjmkkjcfcajcnlgpddbdehflfem/background.js:22:15)", source: chrome-extension://nleagjjmkkjcfcajcnlgpddbdehflfem/_generated_background_page.html (0)
[2712:2712:0224/134445.959923:INFO:CONSOLE(0)] "Error in event handler: TypeError: Cannot read properties of undefined (reading 'postMessage')
    at logFunc (chrome-extension://nleagjjmkkjcfcajcnlgpddbdehflfem/background.js:16:14)
    at chrome.webRequest.onSendHeaders.addListener.urls (chrome-extension://nleagjjmkkjcfcajcnlgpddbdehflfem/background.js:34:15)", source: chrome-extension://nleagjjmkkjcfcajcnlgpddbdehflfem/_generated_background_page.html (0)
[2712:2712:0224/134445.959951:INFO:CONSOLE(0)] "Error in event handler: TypeError: Cannot read properties of undefined (reading 'postMessage')
    at logFunc (chrome-extension://nleagjjmkkjcfcajcnlgpddbdehflfem/background.js:16:14)
    at chrome.webRequest.onBeforeRequest.addListener.urls (chrome-extension://nleagjjmkkjcfcajcnlgpddbdehflfem/background.js:22:15)", source: chrome-extension://nleagjjmkkjcfcajcnlgpddbdehflfem/_generated_background_page.html (0)
[2712:2712:0224/134445.959976:INFO:CONSOLE(0)] "Error in event handler: TypeError: Cannot read properties of undefined (reading 'postMessage')
    at logFunc (chrome-extension://nleagjjmkkjcfcajcnlgpddbdehflfem/background.js:16:14)
    at chrome.webRequest.onSendHeaders.addListener.urls (chrome-extension://nleagjjmkkjcfcajcnlgpddbdehflfem/background.js:34:15)", source: chrome-extension://nleagjjmkkjcfcajcnlgpddbdehflfem/_generated_background_page.html (0)
[2712:2712:0224/134445.960000:INFO:CONSOLE(0)] "Error in event handler: TypeError: Cannot read properties of undefined (reading 'postMessage')
    at logFunc (chrome-extension://nleagjjmkkjcfcajcnlgpddbdehflfem/background.js:16:14)
    at chrome.webRequest.onBeforeRequest.addListener.urls (chrome-extension://nleagjjmkkjcfcajcnlgpddbdehflfem/background.js:22:15)", source: chrome-extension://nleagjjmkkjcfcajcnlgpddbdehflfem/_generated_background_page.html (0)
[2712:2712:0224/134445.960023:INFO:CONSOLE(0)] "Error in event handler: TypeError: Cannot read properties of undefined (reading 'postMessage')
    at logFunc (chrome-extension://nleagjjmkkjcfcajcnlgpddbdehflfem/background.js:16:14)
    at chrome.webRequest.onSendHeaders.addListener.urls (chrome-extension://nleagjjmkkjcfcajcnlgpddbdehflfem/background.js:34:15)", source: chrome-extension://nleagjjmkkjcfcajcnlgpddbdehflfem/_generated_background_page.html (0)
[2712:2712:0224/134445.965855:INFO:CONSOLE(0)] "Error in event handler: TypeError: Cannot read properties of undefined (reading 'postMessage')
    at logFunc (chrome-extension://nleagjjmkkjcfcajcnlgpddbdehflfem/background.js:16:14)
    at chrome.webRequest.onBeforeRequest.addListener.urls (chrome-extension://nleagjjmkkjcfcajcnlgpddbdehflfem/background.js:22:15)", source: chrome-extension://nleagjjmkkjcfcajcnlgpddbdehflfem/_generated_background_page.html (0)
[2712:2712:0224/134446.047341:INFO:CONSOLE(0)] "Error in event handler: TypeError: Cannot read properties of undefined (reading 'postMessage')
    at logFunc (chrome-extension://nleagjjmkkjcfcajcnlgpddbdehflfem/background.js:16:14)
    at chrome.webRequest.onSendHeaders.addListener.urls (chrome-extension://nleagjjmkkjcfcajcnlgpddbdehflfem/background.js:34:15)", source: chrome-extension://nleagjjmkkjcfcajcnlgpddbdehflfem/_generated_background_page.html (0)
[2712:2712:0224/134446.050539:INFO:CONSOLE(0)] "Error in event handler: TypeError: Cannot read properties of undefined (reading 'postMessage')
    at logFunc (chrome-extension://nleagjjmkkjcfcajcnlgpddbdehflfem/background.js:16:14)
    at chrome.webRequest.onBeforeRequest.addListener.urls (chrome-extension://nleagjjmkkjcfcajcnlgpddbdehflfem/background.js:22:15)", source: chrome-extension://nleagjjmkkjcfcajcnlgpddbdehflfem/_generated_background_page.html (0)
[2712:2712:0224/134446.063913:INFO:CONSOLE(0)] "Error in event handler: TypeError: Cannot read properties of undefined (reading 'postMessage')
    at logFunc (chrome-extension://nleagjjmkkjcfcajcnlgpddbdehflfem/background.js:16:14)
    at chrome.webRequest.onSendHeaders.addListener.urls (chrome-extension://nleagjjmkkjcfcajcnlgpddbdehflfem/background.js:34:15)", source: chrome-extension://nleagjjmkkjcfcajcnlgpddbdehflfem/_generated_background_page.html (0)
[2712:2712:0224/134446.112564:INFO:CONSOLE(0)] "Error in event handler: TypeError: Cannot read properties of undefined (reading 'postMessage')
    at logFunc (chrome-extension://nleagjjmkkjcfcajcnlgpddbdehflfem/background.js:16:14)
    at chrome.webRequest.onResponseStarted.addListener.urls (chrome-extension://nleagjjmkkjcfcajcnlgpddbdehflfem/background.js:28:15)", source: chrome-extension://nleagjjmkkjcfcajcnlgpddbdehflfem/_generated_background_page.html (0)
[2712:2712:0224/134446.651877:INFO:CONSOLE(0)] "Error in event handler: TypeError: Cannot read properties of undefined (reading 'postMessage')
    at logFunc (chrome-extension://nleagjjmkkjcfcajcnlgpddbdehflfem/background.js:16:14)
    at chrome.webRequest.onCompleted.addListener.urls (chrome-extension://nleagjjmkkjcfcajcnlgpddbdehflfem/background.js:47:15)", source: chrome-extension://nleagjjmkkjcfcajcnlgpddbdehflfem/_generated_background_page.html (0)
[2712:2712:0224/134446.661172:INFO:CONSOLE(0)] "Error in event handler: TypeError: Cannot read properties of undefined (reading 'postMessage')
    at logFunc (chrome-extension://nleagjjmkkjcfcajcnlgpddbdehflfem/background.js:16:14)
    at chrome.webRequest.onResponseStarted.addListener.urls (chrome-extension://nleagjjmkkjcfcajcnlgpddbdehflfem/background.js:28:15)", source: chrome-extension://nleagjjmkkjcfcajcnlgpddbdehflfem/_generated_background_page.html (0)
[2712:2712:0224/134446.681510:INFO:CONSOLE(0)] "Error in event handler: TypeError: Cannot read properties of undefined (reading 'postMessage')
    at logFunc (chrome-extension://nleagjjmkkjcfcajcnlgpddbdehflfem/background.js:16:14)
    at chrome.webRequest.onResponseStarted.addListener.urls (chrome-extension://nleagjjmkkjcfcajcnlgpddbdehflfem/background.js:28:15)", source: chrome-extension://nleagjjmkkjcfcajcnlgpddbdehflfem/_generated_background_page.html (0)
[2712:2712:0224/134446.681666:INFO:CONSOLE(0)] "Error in event handler: TypeError: Cannot read properties of undefined (reading 'postMessage')
    at logFunc (chrome-extension://nleagjjmkkjcfcajcnlgpddbdehflfem/background.js:16:14)
    at chrome.webRequest.onCompleted.addListener.urls (chrome-extension://nleagjjmkkjcfcajcnlgpddbdehflfem/background.js:47:15)", source: chrome-extension://nleagjjmkkjcfcajcnlgpddbdehflfem/_generated_background_page.html (0)
[2712:2712:0224/134446.910552:INFO:CONSOLE(0)] "Error in event handler: TypeError: Cannot read properties of undefined (reading 'postMessage')
    at logFunc (chrome-extension://nleagjjmkkjcfcajcnlgpddbdehflfem/background.js:16:14)
    at chrome.webRequest.onResponseStarted.addListener.urls (chrome-extension://nleagjjmkkjcfcajcnlgpddbdehflfem/background.js:28:15)", source: chrome-extension://nleagjjmkkjcfcajcnlgpddbdehflfem/_generated_background_page.html (0)
[2712:2712:0224/134447.003122:WARNING:idle_linux.cc(110)] None of the known D-Bus ScreenSaver services could be used.
[2712:2759:0224/134447.755626:ERROR:chrome_browser_main_extra_parts_metrics.cc(230)] crbug.com/1216328: Checking Bluetooth availability started. Please report if there is no report that this ends.
[2712:2759:0224/134447.755884:ERROR:chrome_browser_main_extra_parts_metrics.cc(233)] crbug.com/1216328: Checking Bluetooth availability ended.
[2712:2759:0224/134447.755965:ERROR:chrome_browser_main_extra_parts_metrics.cc(236)] crbug.com/1216328: Checking default browser status started. Please report if there is no report that this ends.
[2712:2759:0224/134447.788489:ERROR:chrome_browser_main_extra_parts_metrics.cc(240)] crbug.com/1216328: Checking default browser status ended.
[2712:2712:0224/134449.030639:INFO:CONSOLE(0)] "Error in event handler: TypeError: Cannot read properties of undefined (reading 'postMessage')
    at logFunc (chrome-extension://nleagjjmkkjcfcajcnlgpddbdehflfem/background.js:16:14)
    at chrome.webRequest.onResponseStarted.addListener.urls (chrome-extension://nleagjjmkkjcfcajcnlgpddbdehflfem/background.js:28:15)", source: chrome-extension://nleagjjmkkjcfcajcnlgpddbdehflfem/_generated_background_page.html (0)
[2712:2712:0224/134449.262207:INFO:CONSOLE(0)] "Error in event handler: TypeError: Cannot read properties of undefined (reading 'postMessage')
    at logFunc (chrome-extension://nleagjjmkkjcfcajcnlgpddbdehflfem/background.js:16:14)
    at chrome.webRequest.onCompleted.addListener.urls (chrome-extension://nleagjjmkkjcfcajcnlgpddbdehflfem/background.js:47:15)", source: chrome-extension://nleagjjmkkjcfcajcnlgpddbdehflfem/_generated_background_page.html (0)
[2712:2712:0224/134449.840514:INFO:CONSOLE(0)] "Error in event handler: TypeError: Cannot read properties of undefined (reading 'postMessage')
    at logFunc (chrome-extension://nleagjjmkkjcfcajcnlgpddbdehflfem/background.js:16:14)
    at chrome.webRequest.onCompleted.addListener.urls (chrome-extension://nleagjjmkkjcfcajcnlgpddbdehflfem/background.js:47:15)", source: chrome-extension://nleagjjmkkjcfcajcnlgpddbdehflfem/_generated_background_page.html (0)
[2712:2712:0224/134458.231092:INFO:CONSOLE(0)] "Error in event handler: TypeError: Cannot read properties of undefined (reading 'postMessage')
    at logFunc (chrome-extension://nleagjjmkkjcfcajcnlgpddbdehflfem/background.js:16:14)
    at chrome.webRequest.onCompleted.addListener.urls (chrome-extension://nleagjjmkkjcfcajcnlgpddbdehflfem/background.js:47:15)", source: chrome-extension://nleagjjmkkjcfcajcnlgpddbdehflfem/_generated_background_page.html (0)
[2712:2712:0224/134458.318035:INFO:CONSOLE(0)] "Error in event handler: TypeError: Cannot read properties of undefined (reading 'postMessage')
    at logFunc (chrome-extension://nleagjjmkkjcfcajcnlgpddbdehflfem/background.js:16:14)
    at chrome.webRequest.onBeforeRequest.addListener.urls (chrome-extension://nleagjjmkkjcfcajcnlgpddbdehflfem/background.js:22:15)", source: chrome-extension://nleagjjmkkjcfcajcnlgpddbdehflfem/_generated_background_page.html (0)
[2712:2712:0224/134458.318099:INFO:CONSOLE(0)] "Error in event handler: TypeError: Cannot read properties of undefined (reading 'postMessage')
    at logFunc (chrome-extension://nleagjjmkkjcfcajcnlgpddbdehflfem/background.js:16:14)
    at chrome.webRequest.onSendHeaders.addListener.urls (chrome-extension://nleagjjmkkjcfcajcnlgpddbdehflfem/background.js:34:15)", source: chrome-extension://nleagjjmkkjcfcajcnlgpddbdehflfem/_generated_background_page.html (0)
[2712:2712:0224/134458.325567:INFO:CONSOLE(0)] "Error in event handler: TypeError: Cannot read properties of undefined (reading 'postMessage')
    at logFunc (chrome-extension://nleagjjmkkjcfcajcnlgpddbdehflfem/background.js:16:14)
    at chrome.webRequest.onBeforeRequest.addListener.urls (chrome-extension://nleagjjmkkjcfcajcnlgpddbdehflfem/background.js:22:15)", source: chrome-extension://nleagjjmkkjcfcajcnlgpddbdehflfem/_generated_background_page.html (0)
[2712:2712:0224/134458.325641:INFO:CONSOLE(0)] "Error in event handler: TypeError: Cannot read properties of undefined (reading 'postMessage')
    at logFunc (chrome-extension://nleagjjmkkjcfcajcnlgpddbdehflfem/background.js:16:14)
    at chrome.webRequest.onSendHeaders.addListener.urls (chrome-extension://nleagjjmkkjcfcajcnlgpddbdehflfem/background.js:34:15)", source: chrome-extension://nleagjjmkkjcfcajcnlgpddbdehflfem/_generated_background_page.html (0)
[2712:2712:0224/134458.380752:INFO:CONSOLE(0)] "Error in event handler: TypeError: Cannot read properties of undefined (reading 'postMessage')
    at logFunc (chrome-extension://nleagjjmkkjcfcajcnlgpddbdehflfem/background.js:16:14)
    at chrome.webRequest.onBeforeRequest.addListener.urls (chrome-extension://nleagjjmkkjcfcajcnlgpddbdehflfem/background.js:22:15)", source: chrome-extension://nleagjjmkkjcfcajcnlgpddbdehflfem/_generated_background_page.html (0)
[2712:2712:0224/134458.380971:INFO:CONSOLE(0)] "Error in event handler: TypeError: Cannot read properties of undefined (reading 'postMessage')
    at logFunc (chrome-extension://nleagjjmkkjcfcajcnlgpddbdehflfem/background.js:16:14)
    at chrome.webRequest.onSendHeaders.addListener.urls (chrome-extension://nleagjjmkkjcfcajcnlgpddbdehflfem/background.js:34:15)", source: chrome-extension://nleagjjmkkjcfcajcnlgpddbdehflfem/_generated_background_page.html (0)
[2712:2712:0224/134458.425922:INFO:CONSOLE(0)] "Error in event handler: TypeError: Cannot read properties of undefined (reading 'postMessage')
    at logFunc (chrome-extension://nleagjjmkkjcfcajcnlgpddbdehflfem/background.js:16:14)
    at chrome.webRequest.onBeforeRequest.addListener.urls (chrome-extension://nleagjjmkkjcfcajcnlgpddbdehflfem/background.js:22:15)", source: chrome-extension://nleagjjmkkjcfcajcnlgpddbdehflfem/_generated_background_page.html (0)
[2712:2712:0224/134458.426456:INFO:CONSOLE(0)] "Error in event handler: TypeError: Cannot read properties of undefined (reading 'postMessage')
    at logFunc (chrome-extension://nleagjjmkkjcfcajcnlgpddbdehflfem/background.js:16:14)
    at chrome.webRequest.onSendHeaders.addListener.urls (chrome-extension://nleagjjmkkjcfcajcnlgpddbdehflfem/background.js:34:15)", source: chrome-extension://nleagjjmkkjcfcajcnlgpddbdehflfem/_generated_background_page.html (0)
[2712:2712:0224/134458.434976:INFO:CONSOLE(128)] "Uncaught (in promise) Error: Could not establish connection. Receiving end does not exist.", source: chrome-extension://nhjejghfobloljpipmmgefggimbdefbo/polyfill.js (128)
[2712:2712:0224/134458.450271:INFO:CONSOLE(0)] "Error in event handler: TypeError: Cannot read properties of undefined (reading 'postMessage')
    at logFunc (chrome-extension://nleagjjmkkjcfcajcnlgpddbdehflfem/background.js:16:14)
    at chrome.webRequest.onResponseStarted.addListener.urls (chrome-extension://nleagjjmkkjcfcajcnlgpddbdehflfem/background.js:28:15)", source: chrome-extension://nleagjjmkkjcfcajcnlgpddbdehflfem/_generated_background_page.html (0)
[2712:2712:0224/134458.535713:INFO:CONSOLE(1)] "CONTENT SCRIPT", source: chrome-extension://nleagjjmkkjcfcajcnlgpddbdehflfem/content.js (1)
[2712:2712:0224/134458.612925:INFO:CONSOLE(36)] "BEFORE_REQUEST 1645710298611 {"frameId":0,"initiator":"https://www.youtube.com","method":"GET","parentFrameId":-1,"requestId":"69","tabId":2,"timeStamp":1645710298610.367,"type":"xmlhttprequest","url":"https://googleads.g.doubleclick.net/pagead/id?slf_rd=1"}", source: chrome-extension://nleagjjmkkjcfcajcnlgpddbdehflfem/content.js (36)
[2712:2712:0224/134458.613035:INFO:CONSOLE(36)] "SEND_HEADERS 1645710298611 {"frameId":0,"initiator":"https://www.youtube.com","method":"GET","parentFrameId":-1,"requestId":"69","tabId":2,"timeStamp":1645710298610.47,"type":"xmlhttprequest","url":"https://googleads.g.doubleclick.net/pagead/id?slf_rd=1"}", source: chrome-extension://nleagjjmkkjcfcajcnlgpddbdehflfem/content.js (36)
[2712:2712:0224/134458.660684:INFO:CONSOLE(36)] "RESPONSE_STARTED 1645710298660 {"frameId":0,"fromCache":false,"initiator":"https://www.youtube.com","ip":"74.125.68.93","method":"GET","parentFrameId":-1,"requestId":"72","statusCode":200,"statusLine":"HTTP/1.1 200","tabId":2,"timeStamp":1645710298659.641,"type":"script","url":"https://www.youtube.com/s/player/ad8ea84d/player_ias.vflset/en_US/embed.js"}", source: chrome-extension://nleagjjmkkjcfcajcnlgpddbdehflfem/content.js (36)
[2712:2712:0224/134458.701746:INFO:CONSOLE(36)] "RESPONSE_STARTED 1645710298700 {"frameId":0,"fromCache":false,"initiator":"https://www.youtube.com","ip":"172.217.194.148","method":"GET","parentFrameId":-1,"requestId":"70","statusCode":200,"statusLine":"HTTP/1.1 200","tabId":2,"timeStamp":1645710298700.082,"type":"script","url":"https://static.doubleclick.net/instream/ad_status.js"}", source: chrome-extension://nleagjjmkkjcfcajcnlgpddbdehflfem/content.js (36)
[2712:2712:0224/134458.701928:INFO:CONSOLE(36)] "COMPLETE 1645710298700 {"frameId":0,"fromCache":false,"initiator":"https://www.youtube.com","ip":"172.217.194.148","method":"GET","parentFrameId":-1,"requestId":"70","responseHeaders":[{"name":"accept-ranges","value":"bytes"},{"name":"access-control-allow-origin","value":"*"},{"name":"cross-origin-resource-policy","value":"cross-origin"},{"name":"cross-origin-opener-policy-report-only","value":"same-origin; report-to=\"ads-doubleclick-media\""},{"name":"report-to","value":"{\"group\":\"ads-doubleclick-media\",\"max_age\":2592000,\"endpoints\":[{\"url\":\"https://csp.withgoogle.com/csp/report-to/ads-doubleclick-media\"}]}"},{"name":"timing-allow-origin","value":"*"},{"name":"content-length","value":"29"},{"name":"x-content-type-options","value":"nosniff"},{"name":"server","value":"sffe"},{"name":"x-xss-protection","value":"0"},{"name":"date","value":"Thu, 24 Feb 2022 13:35:30 GMT"},{"name":"expires","value":"Thu, 24 Feb 2022 13:50:30 GMT"},{"name":"cache-control","value":"public, max-age=900"},{"name":"age","value":"568"},{"name":"last-modified","value":"Thu, 12 Dec 2013 23:40:16 GMT"},{"name":"content-type","value":"text/javascript"},{"name":"alt-svc","value":"h3=\":443\"; ma=2592000,h3-29=\":443\"; ma=2592000,h3-Q050=\":443\"; ma=2592000,h3-Q046=\":443\"; ma=2592000,h3-Q043=\":443\"; ma=2592000,quic=\":443\"; ma=2592000; v=\"46,43\""}],"statusCode":200,"statusLine":"HTTP/1.1 200","tabId":2,"timeStamp":1645710298700.355,"type":"script","url":"https://static.doubleclick.net/instream/ad_status.js"}", source: chrome-extension://nleagjjmkkjcfcajcnlgpddbdehflfem/content.js (36)
[2712:2712:0224/134458.721786:INFO:CONSOLE(36)] "COMPLETE 1645710298720 {"frameId":0,"fromCache":false,"initiator":"https://www.youtube.com","ip":"74.125.68.93","method":"GET","parentFrameId":-1,"requestId":"72","responseHeaders":[{"name":"accept-ranges","value":"bytes"},{"name":"vary","value":"Accept-Encoding, Origin"},{"name":"content-encoding","value":"br"},{"name":"cross-origin-resource-policy","value":"cross-origin"},{"name":"cross-origin-opener-policy-report-only","value":"same-origin; report-to=\"youtube\""},{"name":"report-to","value":"{\"group\":\"youtube\",\"max_age\":2592000,\"endpoints\":[{\"url\":\"https://csp.withgoogle.com/csp/report-to/youtube\"}]}"},{"name":"content-length","value":"7741"},{"name":"x-content-type-options","value":"nosniff"},{"name":"server","value":"sffe"},{"name":"x-xss-protection","value":"0"},{"name":"date","value":"Wed, 23 Feb 2022 16:57:22 GMT"},{"name":"expires","value":"Thu, 23 Feb 2023 16:57:22 GMT"},{"name":"cache-control","value":"public, max-age=31536000"},{"name":"last-modified","value":"Wed, 23 Feb 2022 01:20:37 GMT"},{"name":"content-type","value":"text/javascript"},{"name":"age","value":"74856"},{"name":"alt-svc","value":"h3=\":443\"; ma=2592000,h3-29=\":443\"; ma=2592000,h3-Q050=\":443\"; ma=2592000,h3-Q046=\":443\"; ma=2592000,h3-Q043=\":443\"; ma=2592000,quic=\":443\"; ma=2592000; v=\"46,43\""}],"statusCode":200,"statusLine":"HTTP/1.1 200","tabId":2,"timeStamp":1645710298720.1282,"type":"script","url":"https://www.youtube.com/s/player/ad8ea84d/player_ias.vflset/en_US/embed.js"}", source: chrome-extension://nleagjjmkkjcfcajcnlgpddbdehflfem/content.js (36)
[2712:2712:0224/134458.791505:INFO:CONSOLE(36)] "COMPLETE 1645710298790 {"frameId":0,"fromCache":false,"initiator":"https://www.youtube.com","ip":"74.125.68.93","method":"GET","parentFrameId":-1,"requestId":"71","responseHeaders":[{"name":"accept-ranges","value":"bytes"},{"name":"vary","value":"Accept-Encoding, Origin"},{"name":"content-encoding","value":"br"},{"name":"cross-origin-resource-policy","value":"cross-origin"},{"name":"cross-origin-opener-policy-report-only","value":"same-origin; report-to=\"youtube\""},{"name":"report-to","value":"{\"group\":\"youtube\",\"max_age\":2592000,\"endpoints\":[{\"url\":\"https://csp.withgoogle.com/csp/report-to/youtube\"}]}"},{"name":"content-length","value":"37646"},{"name":"x-content-type-options","value":"nosniff"},{"name":"server","value":"sffe"},{"name":"x-xss-protection","value":"0"},{"name":"date","value":"Wed, 23 Feb 2022 16:55:14 GMT"},{"name":"expires","value":"Thu, 23 Feb 2023 16:55:14 GMT"},{"name":"cache-control","value":"public, max-age=31536000"},{"name":"last-modified","value":"Wed, 23 Feb 2022 01:20:37 GMT"},{"name":"content-type","value":"text/javascript"},{"name":"age","value":"74984"},{"name":"alt-svc","value":"h3=\":443\"; ma=2592000,h3-29=\":443\"; ma=2592000,h3-Q050=\":443\"; ma=2592000,h3-Q046=\":443\"; ma=2592000,h3-Q043=\":443\"; ma=2592000,quic=\":443\"; ma=2592000; v=\"46,43\""}],"statusCode":200,"statusLine":"HTTP/1.1 200","tabId":2,"timeStamp":1645710298789.9202,"type":"script","url":"https://www.youtube.com/s/player/ad8ea84d/player_ias.vflset/en_US/remote.js"}", source: chrome-extension://nleagjjmkkjcfcajcnlgpddbdehflfem/content.js (36)
[2712:2712:0224/134458.805541:INFO:CONSOLE(36)] "BEFORE_REQUEST 1645710298801 {"frameId":0,"initiator":"https://www.youtube.com","method":"GET","parentFrameId":-1,"requestId":"73","tabId":2,"timeStamp":1645710298800.544,"type":"script","url":"https://www.gstatic.com/cv/js/sender/v1/cast_sender.js"}", source: chrome-extension://nleagjjmkkjcfcajcnlgpddbdehflfem/content.js (36)
[2712:2712:0224/134458.805655:INFO:CONSOLE(36)] "SEND_HEADERS 1645710298801 {"frameId":0,"initiator":"https://www.youtube.com","method":"GET","parentFrameId":-1,"requestId":"73","tabId":2,"timeStamp":1645710298800.596,"type":"script","url":"https://www.gstatic.com/cv/js/sender/v1/cast_sender.js"}", source: chrome-extension://nleagjjmkkjcfcajcnlgpddbdehflfem/content.js (36)
[2712:2712:0224/134458.862856:INFO:CONSOLE(36)] "RESPONSE_STARTED 1645710298860 {"frameId":0,"fromCache":false,"initiator":"https://www.youtube.com","ip":"74.125.68.154","method":"GET","parentFrameId":-1,"requestId":"69","statusCode":200,"statusLine":"HTTP/1.1 200","tabId":2,"timeStamp":1645710298859.855,"type":"xmlhttprequest","url":"https://googleads.g.doubleclick.net/pagead/id?slf_rd=1"}", source: chrome-extension://nleagjjmkkjcfcajcnlgpddbdehflfem/content.js (36)
[2712:2712:0224/134458.863037:INFO:CONSOLE(36)] "COMPLETE 1645710298861 {"frameId":0,"fromCache":false,"initiator":"https://www.youtube.com","ip":"74.125.68.154","method":"GET","parentFrameId":-1,"requestId":"69","responseHeaders":[{"name":"p3p","value":"policyref=\"https://googleads.g.doubleclick.net/pagead/gcn_p3p_.xml\", CP=\"CURa ADMa DEVa TAIo PSAo PSDo OUR IND UNI PUR INT DEM STA PRE COM NAV OTC NOI DSP COR\""},{"name":"timing-allow-origin","value":"*"},{"name":"cross-origin-resource-policy","value":"cross-origin"},{"name":"access-control-allow-credentials","value":"true"},{"name":"access-control-allow-origin","value":"https://www.youtube.com"},{"name":"content-type","value":"application/json; charset=UTF-8"},{"name":"date","value":"Thu, 24 Feb 2022 13:44:58 GMT"},{"name":"pragma","value":"no-cache"},{"name":"expires","value":"Fri, 01 Jan 1990 00:00:00 GMT"},{"name":"cache-control","value":"no-cache, no-store, must-revalidate"},{"name":"x-content-type-options","value":"nosniff"},{"name":"content-disposition","value":"attachment; filename=\"f.txt\""},{"name":"content-encoding","value":"gzip"},{"name":"server","value":"cafe"},{"name":"content-length","value":"120"},{"name":"x-xss-protection","value":"0"},{"name":"alt-svc","value":"h3=\":443\"; ma=2592000,h3-29=\":443\"; ma=2592000,h3-Q050=\":443\"; ma=2592000,h3-Q046=\":443\"; ma=2592000,h3-Q043=\":443\"; ma=2592000,quic=\":443\"; ma=2592000; v=\"46,43\""}],"statusCode":200,"statusLine":"HTTP/1.1 200","tabId":2,"timeStamp":1645710298860.178,"type":"xmlhttprequest","url":"https://googleads.g.doubleclick.net/pagead/id?slf_rd=1"}", source: chrome-extension://nleagjjmkkjcfcajcnlgpddbdehflfem/content.js (36)
[2712:2712:0224/134458.931603:INFO:CONSOLE(36)] "RESPONSE_STARTED 1645710298930 {"frameId":0,"fromCache":false,"initiator":"https://www.youtube.com","ip":"142.251.12.94","method":"GET","parentFrameId":-1,"requestId":"73","statusCode":200,"statusLine":"HTTP/1.1 200","tabId":2,"timeStamp":1645710298930.499,"type":"script","url":"https://www.gstatic.com/cv/js/sender/v1/cast_sender.js"}", source: chrome-extension://nleagjjmkkjcfcajcnlgpddbdehflfem/content.js (36)
[2712:2712:0224/134458.942937:INFO:CONSOLE(36)] "COMPLETE 1645710298940 {"frameId":0,"fromCache":false,"initiator":"https://www.youtube.com","ip":"142.251.12.94","method":"GET","parentFrameId":-1,"requestId":"73","responseHeaders":[{"name":"accept-ranges","value":"bytes"},{"name":"vary","value":"Accept-Encoding"},{"name":"content-encoding","value":"gzip"},{"name":"content-type","value":"text/javascript"},{"name":"content-security-policy-report-only","value":"require-trusted-types-for 'script'; report-uri https://csp.withgoogle.com/csp/cloudview"},{"name":"cross-origin-resource-policy","value":"cross-origin"},{"name":"cross-origin-opener-policy","value":"same-origin; report-to=\"cloudview\""},{"name":"report-to","value":"{\"group\":\"cloudview\",\"max_age\":2592000,\"endpoints\":[{\"url\":\"https://csp.withgoogle.com/csp/report-to/cloudview\"}]}"},{"name":"content-length","value":"2007"},{"name":"date","value":"Thu, 24 Feb 2022 13:44:58 GMT"},{"name":"expires","value":"Thu, 24 Feb 2022 13:44:58 GMT"},{"name":"cache-control","value":"private, max-age=3000"},{"name":"last-modified","value":"Tue, 16 Feb 2021 23:57:06 GMT"},{"name":"x-content-type-options","value":"nosniff"},{"name":"server","value":"sffe"},{"name":"x-xss-protection","value":"0"},{"name":"alt-svc","value":"h3=\":443\"; ma=2592000,h3-29=\":443\"; ma=2592000,h3-Q050=\":443\"; ma=2592000,h3-Q046=\":443\"; ma=2592000,h3-Q043=\":443\"; ma=2592000,quic=\":443\"; ma=2592000; v=\"46,43\""}],"statusCode":200,"statusLine":"HTTP/1.1 200","tabId":2,"timeStamp":1645710298940.42,"type":"script","url":"https://www.gstatic.com/cv/js/sender/v1/cast_sender.js"}", source: chrome-extension://nleagjjmkkjcfcajcnlgpddbdehflfem/content.js (36)
[2712:2712:0224/134458.943033:INFO:CONSOLE(36)] "BEFORE_REQUEST 1645710298941 {"frameId":0,"initiator":"https://www.youtube.com","method":"GET","parentFrameId":-1,"requestId":"74","tabId":2,"timeStamp":1645710298941.4949,"type":"script","url":"https://www.gstatic.com/eureka/clank/95/cast_sender.js"}", source: chrome-extension://nleagjjmkkjcfcajcnlgpddbdehflfem/content.js (36)
[2712:2712:0224/134458.943048:INFO:CONSOLE(36)] "SEND_HEADERS 1645710298942 {"frameId":0,"initiator":"https://www.youtube.com","method":"GET","parentFrameId":-1,"requestId":"74","tabId":2,"timeStamp":1645710298941.538,"type":"script","url":"https://www.gstatic.com/eureka/clank/95/cast_sender.js"}", source: chrome-extension://nleagjjmkkjcfcajcnlgpddbdehflfem/content.js (36)
[2712:2712:0224/134459.031033:INFO:CONSOLE(36)] "RESPONSE_STARTED 1645710299029 {"frameId":0,"fromCache":false,"initiator":"https://www.youtube.com","ip":"142.251.12.94","method":"GET","parentFrameId":-1,"requestId":"74","statusCode":200,"statusLine":"HTTP/1.1 200","tabId":2,"timeStamp":1645710299029.667,"type":"script","url":"https://www.gstatic.com/eureka/clank/95/cast_sender.js"}", source: chrome-extension://nleagjjmkkjcfcajcnlgpddbdehflfem/content.js (36)
[2712:2712:0224/134459.134525:INFO:CONSOLE(36)] "COMPLETE 1645710299130 {"frameId":0,"fromCache":false,"initiator":"https://www.youtube.com","ip":"142.251.12.94","method":"GET","parentFrameId":-1,"requestId":"74","responseHeaders":[{"name":"accept-ranges","value":"bytes"},{"name":"vary","value":"Accept-Encoding"},{"name":"content-encoding","value":"gzip"},{"name":"content-security-policy-report-only","value":"require-trusted-types-for 'script'; report-uri https://csp.withgoogle.com/csp/cloudview-release"},{"name":"cross-origin-resource-policy","value":"cross-origin"},{"name":"cross-origin-opener-policy","value":"same-origin; report-to=\"cloudview-release\""},{"name":"report-to","value":"{\"group\":\"cloudview-release\",\"max_age\":2592000,\"endpoints\":[{\"url\":\"https://csp.withgoogle.com/csp/report-to/cloudview-release\"}]}"},{"name":"content-length","value":"15249"},{"name":"x-content-type-options","value":"nosniff"},{"name":"server","value":"sffe"},{"name":"x-xss-protection","value":"0"},{"name":"date","value":"Wed, 23 Feb 2022 16:51:40 GMT"},{"name":"expires","value":"Thu, 24 Feb 2022 16:51:40 GMT"},{"name":"cache-control","value":"public, max-age=86400"},{"name":"age","value":"75199"},{"name":"last-modified","value":"Wed, 22 Sep 2021 23:31:09 GMT"},{"name":"content-type","value":"text/javascript"},{"name":"alt-svc","value":"h3=\":443\"; ma=2592000,h3-29=\":443\"; ma=2592000,h3-Q050=\":443\"; ma=2592000,h3-Q046=\":443\"; ma=2592000,h3-Q043=\":443\"; ma=2592000,quic=\":443\"; ma=2592000; v=\"46,43\""}],"statusCode":200,"statusLine":"HTTP/1.1 200","tabId":2,"timeStamp":1645710299130.207,"type":"script","url":"https://www.gstatic.com/eureka/clank/95/cast_sender.js"}", source: chrome-extension://nleagjjmkkjcfcajcnlgpddbdehflfem/content.js (36)
[2712:2712:0224/134459.147005:INFO:CONSOLE(36)] "BEFORE_REQUEST 1645710299145 {"frameId":0,"initiator":"https://www.youtube.com","method":"GET","parentFrameId":-1,"requestId":"75","tabId":2,"timeStamp":1645710299145.132,"type":"image","url":"https://www.youtube.com/favicon.ico"}", source: chrome-extension://nleagjjmkkjcfcajcnlgpddbdehflfem/content.js (36)
[2712:2712:0224/134459.147171:INFO:CONSOLE(36)] "SEND_HEADERS 1645710299145 {"frameId":0,"initiator":"https://www.youtube.com","method":"GET","parentFrameId":-1,"requestId":"75","tabId":2,"timeStamp":1645710299145.188,"type":"image","url":"https://www.youtube.com/favicon.ico"}", source: chrome-extension://nleagjjmkkjcfcajcnlgpddbdehflfem/content.js (36)
[2712:2712:0224/134459.164077:INFO:CONSOLE(36)] "RESPONSE_STARTED 1645710299162 {"frameId":0,"fromCache":false,"initiator":"https://www.youtube.com","ip":"74.125.68.93","method":"GET","parentFrameId":-1,"requestId":"75","statusCode":200,"statusLine":"HTTP/1.1 200","tabId":2,"timeStamp":1645710299162.138,"type":"image","url":"https://www.youtube.com/favicon.ico"}", source: chrome-extension://nleagjjmkkjcfcajcnlgpddbdehflfem/content.js (36)
[2712:2712:0224/134459.165370:INFO:CONSOLE(36)] "COMPLETE 1645710299164 {"frameId":0,"fromCache":false,"initiator":"https://www.youtube.com","ip":"74.125.68.93","method":"GET","parentFrameId":-1,"requestId":"75","responseHeaders":[{"name":"accept-ranges","value":"bytes"},{"name":"vary","value":"Accept-Encoding"},{"name":"content-encoding","value":"gzip"},{"name":"content-security-policy-report-only","value":"require-trusted-types-for 'script'; report-uri https://csp.withgoogle.com/csp/youtube-marketing"},{"name":"cross-origin-resource-policy","value":"cross-origin"},{"name":"cross-origin-opener-policy-report-only","value":"same-origin; report-to=\"youtube-marketing\""},{"name":"report-to","value":"{\"group\":\"youtube-marketing\",\"max_age\":2592000,\"endpoints\":[{\"url\":\"https://csp.withgoogle.com/csp/report-to/youtube-marketing\"}]}"},{"name":"content-length","value":"180"},{"name":"x-content-type-options","value":"nosniff"},{"name":"server","value":"sffe"},{"name":"x-xss-protection","value":"0"},{"name":"date","value":"Mon, 21 Feb 2022 10:58:08 GMT"},{"name":"expires","value":"Tue, 21 Feb 2023 10:58:08 GMT"},{"name":"cache-control","value":"public, max-age=31536000"},{"name":"last-modified","value":"Tue, 03 Mar 2020 20:15:00 GMT"},{"name":"content-type","value":"image/x-icon"},{"name":"age","value":"269211"},{"name":"alt-svc","value":"h3=\":443\"; ma=2592000,h3-29=\":443\"; ma=2592000,h3-Q050=\":443\"; ma=2592000,h3-Q046=\":443\"; ma=2592000,h3-Q043=\":443\"; ma=2592000,quic=\":443\"; ma=2592000; v=\"46,43\""}],"statusCode":200,"statusLine":"HTTP/1.1 200","tabId":2,"timeStamp":1645710299163.795,"type":"image","url":"https://www.youtube.com/favicon.ico"}", source: chrome-extension://nleagjjmkkjcfcajcnlgpddbdehflfem/content.js (36)
[2712:2712:0224/134501.152808:INFO:CONSOLE(36)] "BEFORE_REQUEST 1645710301151 {"frameId":0,"initiator":"https://www.youtube.com","method":"POST","parentFrameId":-1,"requestId":"76","tabId":2,"timeStamp":1645710301151.0688,"type":"xmlhttprequest","url":"https://www.youtube.com/youtubei/v1/log_event?alt=json&key=AIzaSyAO_FJ2SlqU8Q4STEHLGCilw_Y9_11qcW8"}", source: chrome-extension://nleagjjmkkjcfcajcnlgpddbdehflfem/content.js (36)
[2712:2712:0224/134501.152858:INFO:CONSOLE(36)] "SEND_HEADERS 1645710301151 {"frameId":0,"initiator":"https://www.youtube.com","method":"POST","parentFrameId":-1,"requestId":"76","tabId":2,"timeStamp":1645710301151.119,"type":"xmlhttprequest","url":"https://www.youtube.com/youtubei/v1/log_event?alt=json&key=AIzaSyAO_FJ2SlqU8Q4STEHLGCilw_Y9_11qcW8"}", source: chrome-extension://nleagjjmkkjcfcajcnlgpddbdehflfem/content.js (36)
[2712:2712:0224/134501.254021:INFO:CONSOLE(36)] "RESPONSE_STARTED 1645710301250 {"frameId":0,"fromCache":false,"initiator":"https://www.youtube.com","ip":"74.125.68.93","method":"POST","parentFrameId":-1,"requestId":"76","statusCode":200,"statusLine":"HTTP/1.1 200","tabId":2,"timeStamp":1645710301250.449,"type":"xmlhttprequest","url":"https://www.youtube.com/youtubei/v1/log_event?alt=json&key=AIzaSyAO_FJ2SlqU8Q4STEHLGCilw_Y9_11qcW8"}", source: chrome-extension://nleagjjmkkjcfcajcnlgpddbdehflfem/content.js (36)
[2712:2712:0224/134501.254243:INFO:CONSOLE(36)] "COMPLETE 1645710301251 {"frameId":0,"fromCache":false,"initiator":"https://www.youtube.com","ip":"74.125.68.93","method":"POST","parentFrameId":-1,"requestId":"76","responseHeaders":[{"name":"content-type","value":"application/json; charset=UTF-8"},{"name":"vary","value":"Origin"},{"name":"vary","value":"X-Origin"},{"name":"vary","value":"Referer"},{"name":"content-encoding","value":"br"},{"name":"date","value":"Thu, 24 Feb 2022 13:45:01 GMT"},{"name":"server","value":"scaffolding on HTTPServer2"},{"name":"content-length","value":"31"},{"name":"x-xss-protection","value":"0"},{"name":"x-frame-options","value":"SAMEORIGIN"},{"name":"x-content-type-options","value":"nosniff"},{"name":"alt-svc","value":"h3=\":443\"; ma=2592000,h3-29=\":443\"; ma=2592000,h3-Q050=\":443\"; ma=2592000,h3-Q046=\":443\"; ma=2592000,h3-Q043=\":443\"; ma=2592000,quic=\":443\"; ma=2592000; v=\"46,43\""}],"statusCode":200,"statusLine":"HTTP/1.1 200","tabId":2,"timeStamp":1645710301251.332,"type":"xmlhttprequest","url":"https://www.youtube.com/youtubei/v1/log_event?alt=json&key=AIzaSyAO_FJ2SlqU8Q4STEHLGCilw_Y9_11qcW8"}", source: chrome-extension://nleagjjmkkjcfcajcnlgpddbdehflfem/content.js (36)
[2712:2744:0224/134510.231319:WARNING:bus.cc(637)] Bus::SendWithReplyAndBlock took 25025ms to process message: type=method_call, path=/org/freedesktop/Notifications, interface=org.freedesktop.Notifications, member=GetCapabilities
[2712:2744:0224/134510.231400:ERROR:object_proxy.cc(642)] Failed to call method: org.freedesktop.Notifications.GetCapabilities: object_path= /org/freedesktop/Notifications: org.freedesktop.DBus.Error.NoReply: Did not receive a reply. Possible causes include: the remote application did not send a reply, the message bus security policy blocked the reply, the reply timeout expired, or the network connection was broken.
[2754:2810:0224/134515.783562:WARNING:key_storage_linux.cc(178)] OSCrypt tried Libsecret but couldn't initialise.
[2712:2712:0224/134658.867193:INFO:CONSOLE(36)] "BEFORE_REQUEST 1645710418865 {"frameId":0,"initiator":"https://www.youtube.com","method":"GET","parentFrameId":-1,"requestId":"77","tabId":2,"timeStamp":1645710418865.163,"type":"xmlhttprequest","url":"https://googleads.g.doubleclick.net/pagead/id"}", source: chrome-extension://nleagjjmkkjcfcajcnlgpddbdehflfem/content.js (36)
[2712:2712:0224/134658.867432:INFO:CONSOLE(36)] "SEND_HEADERS 1645710418865 {"frameId":0,"initiator":"https://www.youtube.com","method":"GET","parentFrameId":-1,"requestId":"77","tabId":2,"timeStamp":1645710418865.272,"type":"xmlhttprequest","url":"https://googleads.g.doubleclick.net/pagead/id"}", source: chrome-extension://nleagjjmkkjcfcajcnlgpddbdehflfem/content.js (36)
[2712:2712:0224/134658.921499:INFO:CONSOLE(36)] "BEFORE_REQUEST 1645710418920 {"frameId":0,"initiator":"https://www.youtube.com","method":"GET","parentFrameId":-1,"requestId":"77","tabId":2,"timeStamp":1645710418920.342,"type":"xmlhttprequest","url":"https://googleads.g.doubleclick.net/pagead/id?slf_rd=1"}", source: chrome-extension://nleagjjmkkjcfcajcnlgpddbdehflfem/content.js (36)
[2712:2712:0224/134658.921540:INFO:CONSOLE(36)] "SEND_HEADERS 1645710418920 {"frameId":0,"initiator":"https://www.youtube.com","method":"GET","parentFrameId":-1,"requestId":"77","tabId":2,"timeStamp":1645710418920.4321,"type":"xmlhttprequest","url":"https://googleads.g.doubleclick.net/pagead/id?slf_rd=1"}", source: chrome-extension://nleagjjmkkjcfcajcnlgpddbdehflfem/content.js (36)
[2712:2712:0224/134658.941882:INFO:CONSOLE(36)] "RESPONSE_STARTED 1645710418940 {"frameId":0,"fromCache":false,"initiator":"https://www.youtube.com","ip":"74.125.68.156","method":"GET","parentFrameId":-1,"requestId":"77","statusCode":200,"statusLine":"HTTP/1.1 200","tabId":2,"timeStamp":1645710418939.719,"type":"xmlhttprequest","url":"https://googleads.g.doubleclick.net/pagead/id?slf_rd=1"}", source: chrome-extension://nleagjjmkkjcfcajcnlgpddbdehflfem/content.js (36)
[2712:2712:0224/134658.942501:INFO:CONSOLE(36)] "COMPLETE 1645710418941 {"frameId":0,"fromCache":false,"initiator":"https://www.youtube.com","ip":"74.125.68.156","method":"GET","parentFrameId":-1,"requestId":"77","responseHeaders":[{"name":"p3p","value":"policyref=\"https://googleads.g.doubleclick.net/pagead/gcn_p3p_.xml\", CP=\"CURa ADMa DEVa TAIo PSAo PSDo OUR IND UNI PUR INT DEM STA PRE COM NAV OTC NOI DSP COR\""},{"name":"timing-allow-origin","value":"*"},{"name":"cross-origin-resource-policy","value":"cross-origin"},{"name":"access-control-allow-credentials","value":"true"},{"name":"access-control-allow-origin","value":"https://www.youtube.com"},{"name":"content-type","value":"application/json; charset=UTF-8"},{"name":"date","value":"Thu, 24 Feb 2022 13:46:58 GMT"},{"name":"pragma","value":"no-cache"},{"name":"expires","value":"Fri, 01 Jan 1990 00:00:00 GMT"},{"name":"cache-control","value":"no-cache, no-store, must-revalidate"},{"name":"x-content-type-options","value":"nosniff"},{"name":"content-disposition","value":"attachment; filename=\"f.txt\""},{"name":"content-encoding","value":"gzip"},{"name":"server","value":"cafe"},{"name":"content-length","value":"120"},{"name":"x-xss-protection","value":"0"},{"name":"alt-svc","value":"h3=\":443\"; ma=2592000,h3-29=\":443\"; ma=2592000,h3-Q050=\":443\"; ma=2592000,h3-Q046=\":443\"; ma=2592000,h3-Q043=\":443\"; ma=2592000,quic=\":443\"; ma=2592000; v=\"46,43\""}],"statusCode":200,"statusLine":"HTTP/1.1 200","tabId":2,"timeStamp":1645710418940.733,"type":"xmlhttprequest","url":"https://googleads.g.doubleclick.net/pagead/id?slf_rd=1"}", source: chrome-extension://nleagjjmkkjcfcajcnlgpddbdehflfem/content.js (36)
[2712:2712:0224/134659.537043:INFO:CONSOLE(29)] "Closing window 0", source: chrome-extension://nleagjjmkkjcfcajcnlgpddbdehflfem/content.js (29)
[2712:2712:0224/134659.636535:WARNING:pref_notifier_impl.cc(40)] Pref observer for media_router.cast_allow_all_ips found at shutdown.
