[19442:19442:0225/100614.864868:ERROR:angle_platform_impl.cc(44)] Display.cpp:894 (initialize): ANGLE Display::initialize error 12289: GLX is not present.
[19442:19442:0225/100614.865986:ERROR:gl_surface_egl.cc(780)] EGL Driver message (Critical) eglInitialize: GLX is not present.
[19442:19442:0225/100614.866567:ERROR:gl_surface_egl.cc(1375)] eglInitialize OpenGL failed with error EGL_NOT_INITIALIZED, trying next display type
[19442:19442:0225/100614.866917:ERROR:angle_platform_impl.cc(44)] Display.cpp:894 (initialize): ANGLE Display::initialize error 12289: GLX is not present.
[19442:19442:0225/100614.866984:ERROR:gl_surface_egl.cc(780)] EGL Driver message (Critical) eglInitialize: GLX is not present.
[19442:19442:0225/100614.867312:ERROR:gl_surface_egl.cc(1375)] eglInitialize OpenGLES failed with error EGL_NOT_INITIALIZED
[19442:19442:0225/100614.867442:ERROR:gl_ozone_egl.cc(20)] GLSurfaceEGL::InitializeOneOff failed.
[19442:19442:0225/100614.877827:ERROR:viz_main_impl.cc(161)] Exiting GPU process due to errors during initialization
[19399:19425:0225/100614.944740:WARNING:external_pref_loader.cc(331)] You are using an old-style extension deployment method (external_extensions.json), which will soon be deprecated. (see http://developer.chrome.com/extensions/external_extensions.html)
[19492:19492:0225/100615.113014:ERROR:angle_platform_impl.cc(44)] Display.cpp:894 (initialize): ANGLE Display::initialize error 12289: GLX is not present.
[19492:19492:0225/100615.113233:ERROR:gl_surface_egl.cc(780)] EGL Driver message (Critical) eglInitialize: GLX is not present.
[19492:19492:0225/100615.113306:ERROR:gl_surface_egl.cc(1375)] eglInitialize OpenGL failed with error EGL_NOT_INITIALIZED, trying next display type
[19492:19492:0225/100615.113472:ERROR:angle_platform_impl.cc(44)] Display.cpp:894 (initialize): ANGLE Display::initialize error 12289: GLX is not present.
[19492:19492:0225/100615.113513:ERROR:gl_surface_egl.cc(780)] EGL Driver message (Critical) eglInitialize: GLX is not present.
[19492:19492:0225/100615.113541:ERROR:gl_surface_egl.cc(1375)] eglInitialize OpenGLES failed with error EGL_NOT_INITIALIZED
[19492:19492:0225/100615.113568:ERROR:gl_ozone_egl.cc(20)] GLSurfaceEGL::InitializeOneOff failed.
[19492:19492:0225/100615.116534:ERROR:viz_main_impl.cc(161)] Exiting GPU process due to errors during initialization
[19519:19519:0225/100615.214471:ERROR:angle_platform_impl.cc(44)] Display.cpp:894 (initialize): ANGLE Display::initialize error 12289: GLX is not present.
[19519:19519:0225/100615.214764:ERROR:gl_surface_egl.cc(780)] EGL Driver message (Critical) eglInitialize: GLX is not present.
[19519:19519:0225/100615.214854:ERROR:gl_surface_egl.cc(1375)] eglInitialize OpenGL failed with error EGL_NOT_INITIALIZED, trying next display type
[19519:19519:0225/100615.215108:ERROR:angle_platform_impl.cc(44)] Display.cpp:894 (initialize): ANGLE Display::initialize error 12289: GLX is not present.
[19519:19519:0225/100615.215164:ERROR:gl_surface_egl.cc(780)] EGL Driver message (Critical) eglInitialize: GLX is not present.
[19519:19519:0225/100615.215215:ERROR:gl_surface_egl.cc(1375)] eglInitialize OpenGLES failed with error EGL_NOT_INITIALIZED
[19519:19519:0225/100615.215284:ERROR:gl_ozone_egl.cc(20)] GLSurfaceEGL::InitializeOneOff failed.
[19519:19519:0225/100615.230184:ERROR:viz_main_impl.cc(161)] Exiting GPU process due to errors during initialization
[19582:19582:0225/100615.298866:ERROR:angle_platform_impl.cc(44)] Display.cpp:894 (initialize): ANGLE Display::initialize error 12289: GLX is not present.
[19582:19582:0225/100615.300142:ERROR:gl_surface_egl.cc(780)] EGL Driver message (Critical) eglInitialize: GLX is not present.
[19582:19582:0225/100615.300277:ERROR:gl_surface_egl.cc(1375)] eglInitialize OpenGL failed with error EGL_NOT_INITIALIZED, trying next display type
[19582:19582:0225/100615.300558:ERROR:angle_platform_impl.cc(44)] Display.cpp:894 (initialize): ANGLE Display::initialize error 12289: GLX is not present.
[19582:19582:0225/100615.300671:ERROR:gl_surface_egl.cc(780)] EGL Driver message (Critical) eglInitialize: GLX is not present.
[19582:19582:0225/100615.300759:ERROR:gl_surface_egl.cc(1375)] eglInitialize OpenGLES failed with error EGL_NOT_INITIALIZED
[19582:19582:0225/100615.300819:ERROR:gl_ozone_egl.cc(20)] GLSurfaceEGL::InitializeOneOff failed.
[19582:19582:0225/100615.311526:ERROR:viz_main_impl.cc(161)] Exiting GPU process due to errors during initialization
[19599:19599:0225/100615.384399:ERROR:angle_platform_impl.cc(44)] Display.cpp:894 (initialize): ANGLE Display::initialize error 12289: GLX is not present.
[19599:19599:0225/100615.384835:ERROR:gl_surface_egl.cc(780)] EGL Driver message (Critical) eglInitialize: GLX is not present.
[19599:19599:0225/100615.386130:ERROR:gl_surface_egl.cc(1375)] eglInitialize OpenGL failed with error EGL_NOT_INITIALIZED, trying next display type
[19599:19599:0225/100615.386706:ERROR:angle_platform_impl.cc(44)] Display.cpp:894 (initialize): ANGLE Display::initialize error 12289: GLX is not present.
[19599:19599:0225/100615.387021:ERROR:gl_surface_egl.cc(780)] EGL Driver message (Critical) eglInitialize: GLX is not present.
[19599:19599:0225/100615.387957:ERROR:gl_surface_egl.cc(1375)] eglInitialize OpenGLES failed with error EGL_NOT_INITIALIZED
[19599:19599:0225/100615.388166:ERROR:gl_ozone_egl.cc(20)] GLSurfaceEGL::InitializeOneOff failed.
[19599:19599:0225/100615.393068:ERROR:viz_main_impl.cc(161)] Exiting GPU process due to errors during initialization
[19607:19607:0225/100615.441085:ERROR:angle_platform_impl.cc(44)] Display.cpp:894 (initialize): ANGLE Display::initialize error 12289: GLX is not present.
[19607:19607:0225/100615.441742:ERROR:gl_surface_egl.cc(780)] EGL Driver message (Critical) eglInitialize: GLX is not present.
[19607:19607:0225/100615.442242:ERROR:gl_surface_egl.cc(1375)] eglInitialize OpenGL failed with error EGL_NOT_INITIALIZED, trying next display type
[19607:19607:0225/100615.443052:ERROR:angle_platform_impl.cc(44)] Display.cpp:894 (initialize): ANGLE Display::initialize error 12289: GLX is not present.
[19607:19607:0225/100615.443425:ERROR:gl_surface_egl.cc(780)] EGL Driver message (Critical) eglInitialize: GLX is not present.
[19607:19607:0225/100615.443563:ERROR:gl_surface_egl.cc(1375)] eglInitialize OpenGLES failed with error EGL_NOT_INITIALIZED
[19607:19607:0225/100615.443844:ERROR:gl_ozone_egl.cc(20)] GLSurfaceEGL::InitializeOneOff failed.
[19607:19607:0225/100615.469213:ERROR:viz_main_impl.cc(161)] Exiting GPU process due to errors during initialization
[19615:19615:0225/100615.506336:ERROR:gpu_init.cc(453)] Passthrough is not supported, GL is swiftshader, ANGLE is 
[19399:19399:0225/100615.562050:INFO:CONSOLE(0)] "Error with Permissions-Policy header: Unrecognized feature: 'ch-ua-full-version-list'.", source:  (0)
[19399:19399:0225/100615.587186:INFO:CONSOLE(0)] "Error in event handler: TypeError: Cannot read properties of undefined (reading 'postMessage')
    at logFunc (chrome-extension://nleagjjmkkjcfcajcnlgpddbdehflfem/background.js:16:14)
    at chrome.webRequest.onBeforeRequest.addListener.urls (chrome-extension://nleagjjmkkjcfcajcnlgpddbdehflfem/background.js:22:15)", source: chrome-extension://nleagjjmkkjcfcajcnlgpddbdehflfem/_generated_background_page.html (0)
[19399:19399:0225/100615.587855:INFO:CONSOLE(0)] "Error in event handler: TypeError: Cannot read properties of undefined (reading 'postMessage')
    at logFunc (chrome-extension://nleagjjmkkjcfcajcnlgpddbdehflfem/background.js:16:14)
    at chrome.webRequest.onSendHeaders.addListener.urls (chrome-extension://nleagjjmkkjcfcajcnlgpddbdehflfem/background.js:34:15)", source: chrome-extension://nleagjjmkkjcfcajcnlgpddbdehflfem/_generated_background_page.html (0)
[19399:19399:0225/100615.600922:INFO:CONSOLE(0)] "Error in event handler: TypeError: Cannot read properties of undefined (reading 'postMessage')
    at logFunc (chrome-extension://nleagjjmkkjcfcajcnlgpddbdehflfem/background.js:16:14)
    at chrome.webRequest.onBeforeRequest.addListener.urls (chrome-extension://nleagjjmkkjcfcajcnlgpddbdehflfem/background.js:22:15)", source: chrome-extension://nleagjjmkkjcfcajcnlgpddbdehflfem/_generated_background_page.html (0)
[19399:19399:0225/100615.601008:INFO:CONSOLE(0)] "Error in event handler: TypeError: Cannot read properties of undefined (reading 'postMessage')
    at logFunc (chrome-extension://nleagjjmkkjcfcajcnlgpddbdehflfem/background.js:16:14)
    at chrome.webRequest.onSendHeaders.addListener.urls (chrome-extension://nleagjjmkkjcfcajcnlgpddbdehflfem/background.js:34:15)", source: chrome-extension://nleagjjmkkjcfcajcnlgpddbdehflfem/_generated_background_page.html (0)
[19399:19399:0225/100615.608302:INFO:CONSOLE(0)] "Error in event handler: TypeError: Cannot read properties of undefined (reading 'postMessage')
    at logFunc (chrome-extension://nleagjjmkkjcfcajcnlgpddbdehflfem/background.js:16:14)
    at chrome.webRequest.onBeforeRequest.addListener.urls (chrome-extension://nleagjjmkkjcfcajcnlgpddbdehflfem/background.js:22:15)", source: chrome-extension://nleagjjmkkjcfcajcnlgpddbdehflfem/_generated_background_page.html (0)
[19399:19399:0225/100615.608379:INFO:CONSOLE(0)] "Error in event handler: TypeError: Cannot read properties of undefined (reading 'postMessage')
    at logFunc (chrome-extension://nleagjjmkkjcfcajcnlgpddbdehflfem/background.js:16:14)
    at chrome.webRequest.onSendHeaders.addListener.urls (chrome-extension://nleagjjmkkjcfcajcnlgpddbdehflfem/background.js:34:15)", source: chrome-extension://nleagjjmkkjcfcajcnlgpddbdehflfem/_generated_background_page.html (0)
[19399:19399:0225/100615.638538:INFO:CONSOLE(0)] "Uncaught (in promise) NetworkError: A network error occurred.", source: https://www.youtube.com/embed/3UAH3sqKLGo?rel=0&autoplay=1 (0)
[19399:19399:0225/100615.638584:INFO:CONSOLE(0)] "Uncaught (in promise) NetworkError: A network error occurred.", source: https://www.youtube.com/embed/3UAH3sqKLGo?rel=0&autoplay=1 (0)
[19399:19399:0225/100616.752082:WARNING:idle_linux.cc(110)] None of the known D-Bus ScreenSaver services could be used.
[19399:19468:0225/100617.505358:ERROR:chrome_browser_main_extra_parts_metrics.cc(230)] crbug.com/1216328: Checking Bluetooth availability started. Please report if there is no report that this ends.
[19399:19468:0225/100617.505422:ERROR:chrome_browser_main_extra_parts_metrics.cc(233)] crbug.com/1216328: Checking Bluetooth availability ended.
[19399:19468:0225/100617.505439:ERROR:chrome_browser_main_extra_parts_metrics.cc(236)] crbug.com/1216328: Checking default browser status started. Please report if there is no report that this ends.
[19399:19468:0225/100617.544128:ERROR:chrome_browser_main_extra_parts_metrics.cc(240)] crbug.com/1216328: Checking default browser status ended.
[19399:19430:0225/100639.837131:WARNING:bus.cc(637)] Bus::SendWithReplyAndBlock took 25003ms to process message: type=method_call, path=/org/freedesktop/Notifications, interface=org.freedesktop.Notifications, member=GetCapabilities
[19399:19430:0225/100639.837217:ERROR:object_proxy.cc(642)] Failed to call method: org.freedesktop.Notifications.GetCapabilities: object_path= /org/freedesktop/Notifications: org.freedesktop.DBus.Error.NoReply: Did not receive a reply. Possible causes include: the remote application did not send a reply, the message bus security policy blocked the reply, the reply timeout expired, or the network connection was broken.
[19443:19488:0225/100645.519925:WARNING:key_storage_linux.cc(178)] OSCrypt tried Libsecret but couldn't initialise.
