[5850:5894:0904/091743.357862:ERROR:bus.cc(393)] Failed to connect to the bus: Failed to connect to socket /tmp/dbus-rxiPQgk4lR: Connection refused
[5850:5894:0904/091743.358038:ERROR:bus.cc(393)] Failed to connect to the bus: Failed to connect to socket /tmp/dbus-rxiPQgk4lR: Connection refused
[5892:5892:0904/091743.477665:ERROR:angle_platform_impl.cc(44)] Display.cpp:840 (initialize): ANGLE Display::initialize error 12289: GLX is not present.
[5892:5892:0904/091743.478441:ERROR:gl_surface_egl.cc(780)] EGL Driver message (Critical) eglInitialize: GLX is not present.
[5892:5892:0904/091743.478673:ERROR:gl_surface_egl.cc(1374)] eglInitialize OpenGL failed with error EGL_NOT_INITIALIZED, trying next display type
[5892:5892:0904/091743.479723:ERROR:angle_platform_impl.cc(44)] Display.cpp:840 (initialize): ANGLE Display::initialize error 12289: GLX is not present.
[5892:5892:0904/091743.479927:ERROR:gl_surface_egl.cc(780)] EGL Driver message (Critical) eglInitialize: GLX is not present.
[5892:5892:0904/091743.482614:ERROR:gl_surface_egl.cc(1374)] eglInitialize OpenGLES failed with error EGL_NOT_INITIALIZED
[5892:5892:0904/091743.482967:ERROR:gl_initializer_linux_x11.cc(178)] GLSurfaceEGL::InitializeOneOff failed.
[5892:5892:0904/091743.504325:ERROR:viz_main_impl.cc(162)] Exiting GPU process due to errors during initialization
[5908:5908:0904/091743.622050:ERROR:gpu_init.cc(441)] Passthrough is not supported, GL is swiftshader
[5850:5883:0904/091743.761607:WARNING:external_pref_loader.cc(334)] You are using an old-style extension deployment method (external_extensions.json), which will soon be deprecated. (see http://developer.chrome.com/extensions/external_extensions.html)
[5850:5894:0904/091743.775086:ERROR:bus.cc(393)] Failed to connect to the bus: Failed to connect to socket /tmp/dbus-rxiPQgk4lR: Connection refused
[5850:5894:0904/091743.775412:ERROR:bus.cc(393)] Failed to connect to the bus: Failed to connect to socket /tmp/dbus-rxiPQgk4lR: Connection refused
[5850:5850:0904/091744.944262:INFO:CONSOLE(128)] "Uncaught (in promise) Error: Could not establish connection. Receiving end does not exist.", source: chrome-extension://eoahfblaekpddckmppimofgnpkdljmli/polyfill.js (128)
[5850:5850:0904/091744.944393:INFO:CONSOLE(128)] "Uncaught (in promise) Error: Could not establish connection. Receiving end does not exist.", source: chrome-extension://eoahfblaekpddckmppimofgnpkdljmli/polyfill.js (128)
[5850:5850:0904/091745.677639:INFO:CONSOLE(0)] "Error in event handler: TypeError: Cannot read property 'postMessage' of undefined
    at logFunc (chrome-extension://ebefegahjicgjdnbeinacgimdggcignk/background.js:16:14)
    at chrome.webRequest.onResponseStarted.addListener.urls (chrome-extension://ebefegahjicgjdnbeinacgimdggcignk/background.js:28:15)", source: chrome-extension://ebefegahjicgjdnbeinacgimdggcignk/_generated_background_page.html (0)
[5850:5850:0904/091745.916790:INFO:CONSOLE(0)] "Error in event handler: TypeError: Cannot read property 'postMessage' of undefined
    at logFunc (chrome-extension://ebefegahjicgjdnbeinacgimdggcignk/background.js:16:14)
    at chrome.webRequest.onResponseStarted.addListener.urls (chrome-extension://ebefegahjicgjdnbeinacgimdggcignk/background.js:28:15)", source: chrome-extension://ebefegahjicgjdnbeinacgimdggcignk/_generated_background_page.html (0)
[5850:5850:0904/091745.920976:INFO:CONSOLE(0)] "Error in event handler: TypeError: Cannot read property 'postMessage' of undefined
    at logFunc (chrome-extension://ebefegahjicgjdnbeinacgimdggcignk/background.js:16:14)
    at chrome.webRequest.onCompleted.addListener.urls (chrome-extension://ebefegahjicgjdnbeinacgimdggcignk/background.js:47:15)", source: chrome-extension://ebefegahjicgjdnbeinacgimdggcignk/_generated_background_page.html (0)
[5850:5850:0904/091747.291464:INFO:CONSOLE(0)] "Error in event handler: TypeError: Cannot read property 'postMessage' of undefined
    at logFunc (chrome-extension://ebefegahjicgjdnbeinacgimdggcignk/background.js:16:14)
    at chrome.webRequest.onResponseStarted.addListener.urls (chrome-extension://ebefegahjicgjdnbeinacgimdggcignk/background.js:28:15)", source: chrome-extension://ebefegahjicgjdnbeinacgimdggcignk/_generated_background_page.html (0)
[5850:5850:0904/091747.561711:INFO:CONSOLE(0)] "Error in event handler: TypeError: Cannot read property 'postMessage' of undefined
    at logFunc (chrome-extension://ebefegahjicgjdnbeinacgimdggcignk/background.js:16:14)
    at chrome.webRequest.onCompleted.addListener.urls (chrome-extension://ebefegahjicgjdnbeinacgimdggcignk/background.js:47:15)", source: chrome-extension://ebefegahjicgjdnbeinacgimdggcignk/_generated_background_page.html (0)
[5850:5850:0904/091747.858052:INFO:CONSOLE(0)] "Error in event handler: TypeError: Cannot read property 'postMessage' of undefined
    at logFunc (chrome-extension://ebefegahjicgjdnbeinacgimdggcignk/background.js:16:14)
    at chrome.webRequest.onResponseStarted.addListener.urls (chrome-extension://ebefegahjicgjdnbeinacgimdggcignk/background.js:28:15)", source: chrome-extension://ebefegahjicgjdnbeinacgimdggcignk/_generated_background_page.html (0)
[5850:5850:0904/091747.861059:INFO:CONSOLE(0)] "Error in event handler: TypeError: Cannot read property 'postMessage' of undefined
    at logFunc (chrome-extension://ebefegahjicgjdnbeinacgimdggcignk/background.js:16:14)
    at chrome.webRequest.onCompleted.addListener.urls (chrome-extension://ebefegahjicgjdnbeinacgimdggcignk/background.js:47:15)", source: chrome-extension://ebefegahjicgjdnbeinacgimdggcignk/_generated_background_page.html (0)
[5850:5850:0904/091748.749987:INFO:CONSOLE(0)] "Error in event handler: TypeError: Cannot read property 'postMessage' of undefined
    at logFunc (chrome-extension://ebefegahjicgjdnbeinacgimdggcignk/background.js:16:14)
    at chrome.webRequest.onResponseStarted.addListener.urls (chrome-extension://ebefegahjicgjdnbeinacgimdggcignk/background.js:28:15)", source: chrome-extension://ebefegahjicgjdnbeinacgimdggcignk/_generated_background_page.html (0)
[5850:5850:0904/091748.786388:INFO:CONSOLE(0)] "Error in event handler: TypeError: Cannot read property 'postMessage' of undefined
    at logFunc (chrome-extension://ebefegahjicgjdnbeinacgimdggcignk/background.js:16:14)
    at chrome.webRequest.onCompleted.addListener.urls (chrome-extension://ebefegahjicgjdnbeinacgimdggcignk/background.js:47:15)", source: chrome-extension://ebefegahjicgjdnbeinacgimdggcignk/_generated_background_page.html (0)
[5850:5850:0904/091808.876365:INFO:CONSOLE(0)] "Error in event handler: TypeError: Cannot read property 'postMessage' of undefined
    at logFunc (chrome-extension://ebefegahjicgjdnbeinacgimdggcignk/background.js:16:14)
    at chrome.webRequest.onCompleted.addListener.urls (chrome-extension://ebefegahjicgjdnbeinacgimdggcignk/background.js:47:15)", source: chrome-extension://ebefegahjicgjdnbeinacgimdggcignk/_generated_background_page.html (0)
[5850:5850:0904/091809.076663:INFO:CONSOLE(0)] "Error in event handler: TypeError: Cannot read property 'postMessage' of undefined
    at logFunc (chrome-extension://ebefegahjicgjdnbeinacgimdggcignk/background.js:16:14)
    at chrome.webRequest.onBeforeRequest.addListener.urls (chrome-extension://ebefegahjicgjdnbeinacgimdggcignk/background.js:22:15)", source: chrome-extension://ebefegahjicgjdnbeinacgimdggcignk/_generated_background_page.html (0)
[5850:5850:0904/091809.076782:INFO:CONSOLE(0)] "Error in event handler: TypeError: Cannot read property 'postMessage' of undefined
    at logFunc (chrome-extension://ebefegahjicgjdnbeinacgimdggcignk/background.js:16:14)
    at chrome.webRequest.onSendHeaders.addListener.urls (chrome-extension://ebefegahjicgjdnbeinacgimdggcignk/background.js:34:15)", source: chrome-extension://ebefegahjicgjdnbeinacgimdggcignk/_generated_background_page.html (0)
[5850:5850:0904/091809.095181:INFO:CONSOLE(0)] "Error in event handler: TypeError: Cannot read property 'postMessage' of undefined
    at logFunc (chrome-extension://ebefegahjicgjdnbeinacgimdggcignk/background.js:16:14)
    at chrome.webRequest.onBeforeRequest.addListener.urls (chrome-extension://ebefegahjicgjdnbeinacgimdggcignk/background.js:22:15)", source: chrome-extension://ebefegahjicgjdnbeinacgimdggcignk/_generated_background_page.html (0)
[5850:5850:0904/091809.095319:INFO:CONSOLE(0)] "Error in event handler: TypeError: Cannot read property 'postMessage' of undefined
    at logFunc (chrome-extension://ebefegahjicgjdnbeinacgimdggcignk/background.js:16:14)
    at chrome.webRequest.onSendHeaders.addListener.urls (chrome-extension://ebefegahjicgjdnbeinacgimdggcignk/background.js:34:15)", source: chrome-extension://ebefegahjicgjdnbeinacgimdggcignk/_generated_background_page.html (0)
[5850:5850:0904/091809.225989:INFO:CONSOLE(0)] "Error in event handler: TypeError: Cannot read property 'postMessage' of undefined
    at logFunc (chrome-extension://ebefegahjicgjdnbeinacgimdggcignk/background.js:16:14)
    at chrome.webRequest.onBeforeRequest.addListener.urls (chrome-extension://ebefegahjicgjdnbeinacgimdggcignk/background.js:22:15)", source: chrome-extension://ebefegahjicgjdnbeinacgimdggcignk/_generated_background_page.html (0)
[5850:5850:0904/091809.226096:INFO:CONSOLE(0)] "Error in event handler: TypeError: Cannot read property 'postMessage' of undefined
    at logFunc (chrome-extension://ebefegahjicgjdnbeinacgimdggcignk/background.js:16:14)
    at chrome.webRequest.onSendHeaders.addListener.urls (chrome-extension://ebefegahjicgjdnbeinacgimdggcignk/background.js:34:15)", source: chrome-extension://ebefegahjicgjdnbeinacgimdggcignk/_generated_background_page.html (0)
[5850:5850:0904/091809.396575:INFO:CONSOLE(0)] "Error in event handler: TypeError: Cannot read property 'postMessage' of undefined
    at logFunc (chrome-extension://ebefegahjicgjdnbeinacgimdggcignk/background.js:16:14)
    at chrome.webRequest.onBeforeRequest.addListener.urls (chrome-extension://ebefegahjicgjdnbeinacgimdggcignk/background.js:22:15)", source: chrome-extension://ebefegahjicgjdnbeinacgimdggcignk/_generated_background_page.html (0)
[5850:5850:0904/091809.396681:INFO:CONSOLE(0)] "Error in event handler: TypeError: Cannot read property 'postMessage' of undefined
    at logFunc (chrome-extension://ebefegahjicgjdnbeinacgimdggcignk/background.js:16:14)
    at chrome.webRequest.onSendHeaders.addListener.urls (chrome-extension://ebefegahjicgjdnbeinacgimdggcignk/background.js:34:15)", source: chrome-extension://ebefegahjicgjdnbeinacgimdggcignk/_generated_background_page.html (0)
[5850:5850:0904/091809.438605:INFO:CONSOLE(128)] "Uncaught (in promise) Error: Could not establish connection. Receiving end does not exist.", source: chrome-extension://eoahfblaekpddckmppimofgnpkdljmli/polyfill.js (128)
[5850:5850:0904/091809.440051:INFO:CONSOLE(1)] "CONTENT SCRIPT", source: chrome-extension://ebefegahjicgjdnbeinacgimdggcignk/content.js (1)
[5850:5850:0904/091809.559262:INFO:CONSOLE(36)] "RESPONSE_STARTED 1630747089557 {"frameId":0,"fromCache":false,"initiator":"https://www.youtube.com","ip":"142.250.64.110","method":"POST","parentFrameId":-1,"requestId":"72","statusCode":204,"statusLine":"HTTP/1.1 204","tabId":2,"timeStamp":1630747089556.426,"type":"ping","url":"https://www.youtube.com/api/stats/qoe?event=streamingstats&cpn=Hufg40o5NiJ5PFcv&el=embedded&docid=4QcHHal-pt4&ns=yt&fexp=23858057%2C23983296%2C24001373%2C24002022%2C24002025%2C24004644%2C24004785%2C24007246%2C24067852%2C24080738%2C24082661&cl=394331276&seq=1&cbr=Chrome&cbrver=92.0.4515.159&c=WEB_EMBEDDED_PLAYER&cver=1.20210901.1.0&cplayer=UNIPLAYER&cos=X11&cplatform=DESKTOP&vps=0.000:N,0.001:ER&cmt=0.001:0.000,0.001:0.000&error=0.001:auth:0.000:0;a6s.0&vis=0.001:0&bh=0.001:0.000"}", source: chrome-extension://ebefegahjicgjdnbeinacgimdggcignk/content.js (36)
[5850:5850:0904/091809.563036:INFO:CONSOLE(36)] "COMPLETE 1630747089560 {"frameId":0,"fromCache":false,"initiator":"https://www.youtube.com","ip":"142.250.64.110","method":"POST","parentFrameId":-1,"requestId":"72","responseHeaders":[{"name":"content-type","value":"text/html; charset=UTF-8"},{"name":"date","value":"Sat, 04 Sep 2021 09:18:09 GMT"},{"name":"pragma","value":"no-cache"},{"name":"expires","value":"Fri, 01 Jan 1990 00:00:00 GMT"},{"name":"cache-control","value":"no-cache, must-revalidate"},{"name":"access-control-allow-origin","value":"https://www.youtube.com"},{"name":"access-control-allow-credentials","value":"true"},{"name":"x-content-type-options","value":"nosniff"},{"name":"server","value":"Video Stats Server"},{"name":"content-length","value":"0"},{"name":"x-xss-protection","value":"0"},{"name":"x-frame-options","value":"SAMEORIGIN"},{"name":"alt-svc","value":"h3=\":443\"; ma=2592000,h3-29=\":443\"; ma=2592000,h3-T051=\":443\"; ma=2592000,h3-Q050=\":443\"; ma=2592000,h3-Q046=\":443\"; ma=2592000,h3-Q043=\":443\"; ma=2592000,quic=\":443\"; ma=2592000; v=\"46,43\""}],"statusCode":204,"statusLine":"HTTP/1.1 204","tabId":2,"timeStamp":1630747089560.148,"type":"ping","url":"https://www.youtube.com/api/stats/qoe?event=streamingstats&cpn=Hufg40o5NiJ5PFcv&el=embedded&docid=4QcHHal-pt4&ns=yt&fexp=23858057%2C23983296%2C24001373%2C24002022%2C24002025%2C24004644%2C24004785%2C24007246%2C24067852%2C24080738%2C24082661&cl=394331276&seq=1&cbr=Chrome&cbrver=92.0.4515.159&c=WEB_EMBEDDED_PLAYER&cver=1.20210901.1.0&cplayer=UNIPLAYER&cos=X11&cplatform=DESKTOP&vps=0.000:N,0.001:ER&cmt=0.001:0.000,0.001:0.000&error=0.001:auth:0.000:0;a6s.0&vis=0.001:0&bh=0.001:0.000"}", source: chrome-extension://ebefegahjicgjdnbeinacgimdggcignk/content.js (36)
[5850:5850:0904/091809.668227:INFO:CONSOLE(36)] "RESPONSE_STARTED 1630747089665 {"frameId":0,"fromCache":false,"initiator":"https://www.youtube.com","ip":"142.250.64.110","method":"GET","parentFrameId":-1,"requestId":"73","statusCode":200,"statusLine":"HTTP/1.1 200","tabId":2,"timeStamp":1630747089664.706,"type":"script","url":"https://www.youtube.com/s/player/9da24d97/player_ias.vflset/en_US/embed.js"}", source: chrome-extension://ebefegahjicgjdnbeinacgimdggcignk/content.js (36)
[5850:5850:0904/091809.868204:INFO:CONSOLE(36)] "COMPLETE 1630747089863 {"frameId":0,"fromCache":false,"initiator":"https://www.youtube.com","ip":"142.250.64.110","method":"GET","parentFrameId":-1,"requestId":"73","responseHeaders":[{"name":"accept-ranges","value":"bytes"},{"name":"vary","value":"Accept-Encoding, Origin"},{"name":"content-encoding","value":"br"},{"name":"content-type","value":"text/javascript"},{"name":"cross-origin-resource-policy","value":"cross-origin"},{"name":"content-length","value":"7335"},{"name":"date","value":"Thu, 02 Sep 2021 14:09:03 GMT"},{"name":"expires","value":"Fri, 02 Sep 2022 14:09:03 GMT"},{"name":"last-modified","value":"Thu, 02 Sep 2021 00:22:16 GMT"},{"name":"x-content-type-options","value":"nosniff"},{"name":"server","value":"sffe"},{"name":"x-xss-protection","value":"0"},{"name":"cache-control","value":"public, max-age=31536000"},{"name":"age","value":"155346"},{"name":"alt-svc","value":"h3=\":443\"; ma=2592000,h3-29=\":443\"; ma=2592000,h3-T051=\":443\"; ma=2592000,h3-Q050=\":443\"; ma=2592000,h3-Q046=\":443\"; ma=2592000,h3-Q043=\":443\"; ma=2592000,quic=\":443\"; ma=2592000; v=\"46,43\""}],"statusCode":200,"statusLine":"HTTP/1.1 200","tabId":2,"timeStamp":1630747089861.896,"type":"script","url":"https://www.youtube.com/s/player/9da24d97/player_ias.vflset/en_US/embed.js"}", source: chrome-extension://ebefegahjicgjdnbeinacgimdggcignk/content.js (36)
[5850:5850:0904/091810.496539:INFO:CONSOLE(36)] "RESPONSE_STARTED 1630747090493 {"frameId":0,"fromCache":false,"initiator":"https://www.youtube.com","ip":"142.250.81.230","method":"GET","parentFrameId":-1,"requestId":"71","statusCode":200,"statusLine":"HTTP/1.1 200","tabId":2,"timeStamp":1630747090491.853,"type":"script","url":"https://static.doubleclick.net/instream/ad_status.js"}", source: chrome-extension://ebefegahjicgjdnbeinacgimdggcignk/content.js (36)
[5850:5850:0904/091810.520190:INFO:CONSOLE(36)] "COMPLETE 1630747090500 {"frameId":0,"fromCache":false,"initiator":"https://www.youtube.com","ip":"142.250.81.230","method":"GET","parentFrameId":-1,"requestId":"71","responseHeaders":[{"name":"accept-ranges","value":"bytes"},{"name":"content-type","value":"text/javascript"},{"name":"access-control-allow-origin","value":"*"},{"name":"cross-origin-resource-policy","value":"cross-origin"},{"name":"timing-allow-origin","value":"*"},{"name":"content-length","value":"29"},{"name":"date","value":"Sat, 04 Sep 2021 09:09:40 GMT"},{"name":"expires","value":"Sat, 04 Sep 2021 09:24:40 GMT"},{"name":"last-modified","value":"Thu, 12 Dec 2013 23:40:16 GMT"},{"name":"x-content-type-options","value":"nosniff"},{"name":"server","value":"sffe"},{"name":"x-xss-protection","value":"0"},{"name":"age","value":"510"},{"name":"cache-control","value":"public, max-age=900"},{"name":"alt-svc","value":"h3=\":443\"; ma=2592000,h3-29=\":443\"; ma=2592000,h3-T051=\":443\"; ma=2592000,h3-Q050=\":443\"; ma=2592000,h3-Q046=\":443\"; ma=2592000,h3-Q043=\":443\"; ma=2592000,quic=\":443\"; ma=2592000; v=\"46,43\""}],"statusCode":200,"statusLine":"HTTP/1.1 200","tabId":2,"timeStamp":1630747090499.733,"type":"script","url":"https://static.doubleclick.net/instream/ad_status.js"}", source: chrome-extension://ebefegahjicgjdnbeinacgimdggcignk/content.js (36)
[5850:5850:0904/091810.528041:INFO:CONSOLE(36)] "BEFORE_REQUEST 1630747090523 {"frameId":0,"initiator":"https://www.youtube.com","method":"GET","parentFrameId":-1,"requestId":"74","tabId":2,"timeStamp":1630747090523.569,"type":"image","url":"https://www.youtube.com/favicon.ico"}", source: chrome-extension://ebefegahjicgjdnbeinacgimdggcignk/content.js (36)
[5850:5850:0904/091810.528475:INFO:CONSOLE(36)] "SEND_HEADERS 1630747090524 {"frameId":0,"initiator":"https://www.youtube.com","method":"GET","parentFrameId":-1,"requestId":"74","tabId":2,"timeStamp":1630747090524.283,"type":"image","url":"https://www.youtube.com/favicon.ico"}", source: chrome-extension://ebefegahjicgjdnbeinacgimdggcignk/content.js (36)
[5850:5850:0904/091810.567771:INFO:CONSOLE(36)] "BEFORE_REQUEST 1630747090565 {"frameId":0,"initiator":"https://www.youtube.com","method":"GET","parentFrameId":-1,"requestId":"70","tabId":2,"timeStamp":1630747090565.082,"type":"xmlhttprequest","url":"https://googleads.g.doubleclick.net/pagead/id?slf_rd=1"}", source: chrome-extension://ebefegahjicgjdnbeinacgimdggcignk/content.js (36)
[5850:5850:0904/091810.567887:INFO:CONSOLE(36)] "SEND_HEADERS 1630747090566 {"frameId":0,"initiator":"https://www.youtube.com","method":"GET","parentFrameId":-1,"requestId":"70","tabId":2,"timeStamp":1630747090565.226,"type":"xmlhttprequest","url":"https://googleads.g.doubleclick.net/pagead/id?slf_rd=1"}", source: chrome-extension://ebefegahjicgjdnbeinacgimdggcignk/content.js (36)
[5850:5850:0904/091810.872593:INFO:CONSOLE(36)] "RESPONSE_STARTED 1630747090871 {"frameId":0,"fromCache":false,"initiator":"https://www.youtube.com","ip":"142.250.64.110","method":"GET","parentFrameId":-1,"requestId":"74","statusCode":200,"statusLine":"HTTP/1.1 200","tabId":2,"timeStamp":1630747090870.373,"type":"image","url":"https://www.youtube.com/favicon.ico"}", source: chrome-extension://ebefegahjicgjdnbeinacgimdggcignk/content.js (36)
[5850:5850:0904/091810.877504:INFO:CONSOLE(36)] "COMPLETE 1630747090875 {"frameId":0,"fromCache":false,"initiator":"https://www.youtube.com","ip":"142.250.64.110","method":"GET","parentFrameId":-1,"requestId":"74","responseHeaders":[{"name":"accept-ranges","value":"bytes"},{"name":"vary","value":"Accept-Encoding"},{"name":"content-encoding","value":"gzip"},{"name":"content-type","value":"image/x-icon"},{"name":"cross-origin-resource-policy","value":"cross-origin"},{"name":"content-length","value":"180"},{"name":"date","value":"Wed, 01 Sep 2021 22:56:44 GMT"},{"name":"expires","value":"Thu, 01 Sep 2022 22:56:44 GMT"},{"name":"last-modified","value":"Tue, 03 Mar 2020 20:15:00 GMT"},{"name":"x-content-type-options","value":"nosniff"},{"name":"server","value":"sffe"},{"name":"x-xss-protection","value":"0"},{"name":"age","value":"210086"},{"name":"cache-control","value":"public, max-age=31536000"},{"name":"alt-svc","value":"h3=\":443\"; ma=2592000,h3-29=\":443\"; ma=2592000,h3-T051=\":443\"; ma=2592000,h3-Q050=\":443\"; ma=2592000,h3-Q046=\":443\"; ma=2592000,h3-Q043=\":443\"; ma=2592000,quic=\":443\"; ma=2592000; v=\"46,43\""}],"statusCode":200,"statusLine":"HTTP/1.1 200","tabId":2,"timeStamp":1630747090873.7322,"type":"image","url":"https://www.youtube.com/favicon.ico"}", source: chrome-extension://ebefegahjicgjdnbeinacgimdggcignk/content.js (36)
[5850:5850:0904/091810.926609:INFO:CONSOLE(36)] "RESPONSE_STARTED 1630747090925 {"frameId":0,"fromCache":false,"initiator":"https://www.youtube.com","ip":"142.251.35.162","method":"GET","parentFrameId":-1,"requestId":"70","statusCode":200,"statusLine":"HTTP/1.1 200","tabId":2,"timeStamp":1630747090924.615,"type":"xmlhttprequest","url":"https://googleads.g.doubleclick.net/pagead/id?slf_rd=1"}", source: chrome-extension://ebefegahjicgjdnbeinacgimdggcignk/content.js (36)
[5850:5850:0904/091810.931714:INFO:CONSOLE(36)] "COMPLETE 1630747090930 {"frameId":0,"fromCache":false,"initiator":"https://www.youtube.com","ip":"142.251.35.162","method":"GET","parentFrameId":-1,"requestId":"70","responseHeaders":[{"name":"p3p","value":"policyref=\"https://googleads.g.doubleclick.net/pagead/gcn_p3p_.xml\", CP=\"CURa ADMa DEVa TAIo PSAo PSDo OUR IND UNI PUR INT DEM STA PRE COM NAV OTC NOI DSP COR\""},{"name":"timing-allow-origin","value":"*"},{"name":"cross-origin-resource-policy","value":"cross-origin"},{"name":"access-control-allow-credentials","value":"true"},{"name":"access-control-allow-origin","value":"https://www.youtube.com"},{"name":"content-type","value":"application/json; charset=UTF-8"},{"name":"date","value":"Sat, 04 Sep 2021 09:18:10 GMT"},{"name":"pragma","value":"no-cache"},{"name":"expires","value":"Fri, 01 Jan 1990 00:00:00 GMT"},{"name":"cache-control","value":"no-cache, no-store, must-revalidate"},{"name":"x-content-type-options","value":"nosniff"},{"name":"content-disposition","value":"attachment; filename=\"f.txt\""},{"name":"content-encoding","value":"gzip"},{"name":"server","value":"cafe"},{"name":"content-length","value":"133"},{"name":"x-xss-protection","value":"0"},{"name":"alt-svc","value":"h3=\":443\"; ma=2592000,h3-29=\":443\"; ma=2592000,h3-T051=\":443\"; ma=2592000,h3-Q050=\":443\"; ma=2592000,h3-Q046=\":443\"; ma=2592000,h3-Q043=\":443\"; ma=2592000,quic=\":443\"; ma=2592000; v=\"46,43\""}],"statusCode":200,"statusLine":"HTTP/1.1 200","tabId":2,"timeStamp":1630747090927.386,"type":"xmlhttprequest","url":"https://googleads.g.doubleclick.net/pagead/id?slf_rd=1"}", source: chrome-extension://ebefegahjicgjdnbeinacgimdggcignk/content.js (36)
[5850:5850:0904/091812.546178:INFO:CONSOLE(36)] "BEFORE_REQUEST 1630747092544 {"frameId":0,"initiator":"https://www.youtube.com","method":"POST","parentFrameId":-1,"requestId":"79","tabId":2,"timeStamp":1630747092543.0269,"type":"xmlhttprequest","url":"https://www.youtube.com/youtubei/v1/log_event?alt=json&key=AIzaSyAO_FJ2SlqU8Q4STEHLGCilw_Y9_11qcW8"}", source: chrome-extension://ebefegahjicgjdnbeinacgimdggcignk/content.js (36)
[5850:5850:0904/091812.546536:INFO:CONSOLE(36)] "SEND_HEADERS 1630747092544 {"frameId":0,"initiator":"https://www.youtube.com","method":"POST","parentFrameId":-1,"requestId":"79","tabId":2,"timeStamp":1630747092543.104,"type":"xmlhttprequest","url":"https://www.youtube.com/youtubei/v1/log_event?alt=json&key=AIzaSyAO_FJ2SlqU8Q4STEHLGCilw_Y9_11qcW8"}", source: chrome-extension://ebefegahjicgjdnbeinacgimdggcignk/content.js (36)
[5850:5850:0904/091813.050458:INFO:CONSOLE(36)] "RESPONSE_STARTED 1630747093049 {"frameId":0,"fromCache":false,"initiator":"https://www.youtube.com","ip":"142.250.64.110","method":"POST","parentFrameId":-1,"requestId":"79","statusCode":200,"statusLine":"HTTP/1.1 200","tabId":2,"timeStamp":1630747093047.928,"type":"xmlhttprequest","url":"https://www.youtube.com/youtubei/v1/log_event?alt=json&key=AIzaSyAO_FJ2SlqU8Q4STEHLGCilw_Y9_11qcW8"}", source: chrome-extension://ebefegahjicgjdnbeinacgimdggcignk/content.js (36)
[5850:5850:0904/091813.057576:INFO:CONSOLE(36)] "COMPLETE 1630747093054 {"frameId":0,"fromCache":false,"initiator":"https://www.youtube.com","ip":"142.250.64.110","method":"POST","parentFrameId":-1,"requestId":"79","responseHeaders":[{"name":"content-type","value":"application/json; charset=UTF-8"},{"name":"vary","value":"Origin"},{"name":"vary","value":"X-Origin"},{"name":"vary","value":"Referer"},{"name":"content-encoding","value":"br"},{"name":"date","value":"Sat, 04 Sep 2021 09:18:12 GMT"},{"name":"server","value":"ESF"},{"name":"content-length","value":"31"},{"name":"x-xss-protection","value":"0"},{"name":"x-frame-options","value":"SAMEORIGIN"},{"name":"x-content-type-options","value":"nosniff"},{"name":"alt-svc","value":"h3=\":443\"; ma=2592000,h3-29=\":443\"; ma=2592000,h3-T051=\":443\"; ma=2592000,h3-Q050=\":443\"; ma=2592000,h3-Q046=\":443\"; ma=2592000,h3-Q043=\":443\"; ma=2592000,quic=\":443\"; ma=2592000; v=\"46,43\""}],"statusCode":200,"statusLine":"HTTP/1.1 200","tabId":2,"timeStamp":1630747093051.365,"type":"xmlhttprequest","url":"https://www.youtube.com/youtubei/v1/log_event?alt=json&key=AIzaSyAO_FJ2SlqU8Q4STEHLGCilw_Y9_11qcW8"}", source: chrome-extension://ebefegahjicgjdnbeinacgimdggcignk/content.js (36)
[5893:5910:0904/091814.547843:WARNING:key_storage_linux.cc(178)] OSCrypt tried Libsecret but couldn't initialise.
[5850:5850:0904/092010.443633:INFO:CONSOLE(29)] "Closing window 0", source: chrome-extension://ebefegahjicgjdnbeinacgimdggcignk/content.js (29)
[5850:5850:0904/092010.619978:WARNING:pref_notifier_impl.cc(40)] Pref observer for media_router.cast_allow_all_ips found at shutdown.
