[25513:25557:0905/003024.622620:ERROR:bus.cc(393)] Failed to connect to the bus: Failed to connect to socket /tmp/dbus-rxiPQgk4lR: Connection refused
[25513:25557:0905/003024.622745:ERROR:bus.cc(393)] Failed to connect to the bus: Failed to connect to socket /tmp/dbus-rxiPQgk4lR: Connection refused
[25555:25555:0905/003024.728165:ERROR:angle_platform_impl.cc(44)] Display.cpp:840 (initialize): ANGLE Display::initialize error 12289: GLX is not present.
[25555:25555:0905/003024.728897:ERROR:gl_surface_egl.cc(780)] EGL Driver message (Critical) eglInitialize: GLX is not present.
[25555:25555:0905/003024.729076:ERROR:gl_surface_egl.cc(1374)] eglInitialize OpenGL failed with error EGL_NOT_INITIALIZED, trying next display type
[25555:25555:0905/003024.729979:ERROR:angle_platform_impl.cc(44)] Display.cpp:840 (initialize): ANGLE Display::initialize error 12289: GLX is not present.
[25555:25555:0905/003024.730157:ERROR:gl_surface_egl.cc(780)] EGL Driver message (Critical) eglInitialize: GLX is not present.
[25555:25555:0905/003024.730310:ERROR:gl_surface_egl.cc(1374)] eglInitialize OpenGLES failed with error EGL_NOT_INITIALIZED
[25555:25555:0905/003024.730450:ERROR:gl_initializer_linux_x11.cc(178)] GLSurfaceEGL::InitializeOneOff failed.
[25555:25555:0905/003024.746468:ERROR:viz_main_impl.cc(162)] Exiting GPU process due to errors during initialization
[25571:25571:0905/003024.817901:ERROR:gpu_init.cc(441)] Passthrough is not supported, GL is swiftshader
[25513:25549:0905/003024.934374:WARNING:external_pref_loader.cc(334)] You are using an old-style extension deployment method (external_extensions.json), which will soon be deprecated. (see http://developer.chrome.com/extensions/external_extensions.html)
[25513:25557:0905/003024.945669:ERROR:bus.cc(393)] Failed to connect to the bus: Failed to connect to socket /tmp/dbus-rxiPQgk4lR: Connection refused
[25513:25557:0905/003024.945930:ERROR:bus.cc(393)] Failed to connect to the bus: Failed to connect to socket /tmp/dbus-rxiPQgk4lR: Connection refused
[25513:25513:0905/003025.909713:INFO:CONSOLE(128)] "Uncaught (in promise) Error: Could not establish connection. Receiving end does not exist.", source: chrome-extension://eoahfblaekpddckmppimofgnpkdljmli/polyfill.js (128)
[25513:25513:0905/003025.910513:INFO:CONSOLE(128)] "Uncaught (in promise) Error: Could not establish connection. Receiving end does not exist.", source: chrome-extension://eoahfblaekpddckmppimofgnpkdljmli/polyfill.js (128)
[25513:25513:0905/003026.349243:INFO:CONSOLE(0)] "Error in event handler: TypeError: Cannot read property 'postMessage' of undefined
    at logFunc (chrome-extension://ebefegahjicgjdnbeinacgimdggcignk/background.js:16:14)
    at chrome.webRequest.onBeforeRequest.addListener.urls (chrome-extension://ebefegahjicgjdnbeinacgimdggcignk/background.js:22:15)", source: chrome-extension://ebefegahjicgjdnbeinacgimdggcignk/_generated_background_page.html (0)
[25513:25513:0905/003026.350256:INFO:CONSOLE(0)] "Error in event handler: TypeError: Cannot read property 'postMessage' of undefined
    at logFunc (chrome-extension://ebefegahjicgjdnbeinacgimdggcignk/background.js:16:14)
    at chrome.webRequest.onSendHeaders.addListener.urls (chrome-extension://ebefegahjicgjdnbeinacgimdggcignk/background.js:34:15)", source: chrome-extension://ebefegahjicgjdnbeinacgimdggcignk/_generated_background_page.html (0)
[25513:25513:0905/003026.351219:INFO:CONSOLE(0)] "Error in event handler: TypeError: Cannot read property 'postMessage' of undefined
    at logFunc (chrome-extension://ebefegahjicgjdnbeinacgimdggcignk/background.js:16:14)
    at chrome.webRequest.onBeforeRequest.addListener.urls (chrome-extension://ebefegahjicgjdnbeinacgimdggcignk/background.js:22:15)", source: chrome-extension://ebefegahjicgjdnbeinacgimdggcignk/_generated_background_page.html (0)
[25513:25513:0905/003026.352028:INFO:CONSOLE(0)] "Error in event handler: TypeError: Cannot read property 'postMessage' of undefined
    at logFunc (chrome-extension://ebefegahjicgjdnbeinacgimdggcignk/background.js:16:14)
    at chrome.webRequest.onSendHeaders.addListener.urls (chrome-extension://ebefegahjicgjdnbeinacgimdggcignk/background.js:34:15)", source: chrome-extension://ebefegahjicgjdnbeinacgimdggcignk/_generated_background_page.html (0)
[25513:25513:0905/003026.352816:INFO:CONSOLE(0)] "Error in event handler: TypeError: Cannot read property 'postMessage' of undefined
    at logFunc (chrome-extension://ebefegahjicgjdnbeinacgimdggcignk/background.js:16:14)
    at chrome.webRequest.onBeforeRequest.addListener.urls (chrome-extension://ebefegahjicgjdnbeinacgimdggcignk/background.js:22:15)", source: chrome-extension://ebefegahjicgjdnbeinacgimdggcignk/_generated_background_page.html (0)
[25513:25513:0905/003026.353680:INFO:CONSOLE(0)] "Error in event handler: TypeError: Cannot read property 'postMessage' of undefined
    at logFunc (chrome-extension://ebefegahjicgjdnbeinacgimdggcignk/background.js:16:14)
    at chrome.webRequest.onSendHeaders.addListener.urls (chrome-extension://ebefegahjicgjdnbeinacgimdggcignk/background.js:34:15)", source: chrome-extension://ebefegahjicgjdnbeinacgimdggcignk/_generated_background_page.html (0)
[25513:25513:0905/003026.468041:INFO:CONSOLE(0)] "Error in event handler: TypeError: Cannot read property 'postMessage' of undefined
    at logFunc (chrome-extension://ebefegahjicgjdnbeinacgimdggcignk/background.js:16:14)
    at chrome.webRequest.onResponseStarted.addListener.urls (chrome-extension://ebefegahjicgjdnbeinacgimdggcignk/background.js:28:15)", source: chrome-extension://ebefegahjicgjdnbeinacgimdggcignk/_generated_background_page.html (0)
[25513:25513:0905/003027.462010:INFO:CONSOLE(0)] "Error in event handler: TypeError: Cannot read property 'postMessage' of undefined
    at logFunc (chrome-extension://ebefegahjicgjdnbeinacgimdggcignk/background.js:16:14)
    at chrome.webRequest.onResponseStarted.addListener.urls (chrome-extension://ebefegahjicgjdnbeinacgimdggcignk/background.js:28:15)", source: chrome-extension://ebefegahjicgjdnbeinacgimdggcignk/_generated_background_page.html (0)
[25513:25513:0905/003027.462999:INFO:CONSOLE(0)] "Error in event handler: TypeError: Cannot read property 'postMessage' of undefined
    at logFunc (chrome-extension://ebefegahjicgjdnbeinacgimdggcignk/background.js:16:14)
    at chrome.webRequest.onCompleted.addListener.urls (chrome-extension://ebefegahjicgjdnbeinacgimdggcignk/background.js:47:15)", source: chrome-extension://ebefegahjicgjdnbeinacgimdggcignk/_generated_background_page.html (0)
[25513:25513:0905/003028.515182:INFO:CONSOLE(0)] "Error in event handler: TypeError: Cannot read property 'postMessage' of undefined
    at logFunc (chrome-extension://ebefegahjicgjdnbeinacgimdggcignk/background.js:16:14)
    at chrome.webRequest.onResponseStarted.addListener.urls (chrome-extension://ebefegahjicgjdnbeinacgimdggcignk/background.js:28:15)", source: chrome-extension://ebefegahjicgjdnbeinacgimdggcignk/_generated_background_page.html (0)
[25513:25513:0905/003029.432664:INFO:CONSOLE(0)] "Error in event handler: TypeError: Cannot read property 'postMessage' of undefined
    at logFunc (chrome-extension://ebefegahjicgjdnbeinacgimdggcignk/background.js:16:14)
    at chrome.webRequest.onResponseStarted.addListener.urls (chrome-extension://ebefegahjicgjdnbeinacgimdggcignk/background.js:28:15)", source: chrome-extension://ebefegahjicgjdnbeinacgimdggcignk/_generated_background_page.html (0)
[25513:25513:0905/003029.845705:INFO:CONSOLE(0)] "Error in event handler: TypeError: Cannot read property 'postMessage' of undefined
    at logFunc (chrome-extension://ebefegahjicgjdnbeinacgimdggcignk/background.js:16:14)
    at chrome.webRequest.onCompleted.addListener.urls (chrome-extension://ebefegahjicgjdnbeinacgimdggcignk/background.js:47:15)", source: chrome-extension://ebefegahjicgjdnbeinacgimdggcignk/_generated_background_page.html (0)
[25513:25513:0905/003030.277440:INFO:CONSOLE(0)] "Error in event handler: TypeError: Cannot read property 'postMessage' of undefined
    at logFunc (chrome-extension://ebefegahjicgjdnbeinacgimdggcignk/background.js:16:14)
    at chrome.webRequest.onResponseStarted.addListener.urls (chrome-extension://ebefegahjicgjdnbeinacgimdggcignk/background.js:28:15)", source: chrome-extension://ebefegahjicgjdnbeinacgimdggcignk/_generated_background_page.html (0)
[25513:25513:0905/003030.549244:INFO:CONSOLE(0)] "Error in event handler: TypeError: Cannot read property 'postMessage' of undefined
    at logFunc (chrome-extension://ebefegahjicgjdnbeinacgimdggcignk/background.js:16:14)
    at chrome.webRequest.onCompleted.addListener.urls (chrome-extension://ebefegahjicgjdnbeinacgimdggcignk/background.js:47:15)", source: chrome-extension://ebefegahjicgjdnbeinacgimdggcignk/_generated_background_page.html (0)
[25513:25513:0905/003036.474065:INFO:CONSOLE(0)] "Error in event handler: TypeError: Cannot read property 'postMessage' of undefined
    at logFunc (chrome-extension://ebefegahjicgjdnbeinacgimdggcignk/background.js:16:14)
    at chrome.webRequest.onCompleted.addListener.urls (chrome-extension://ebefegahjicgjdnbeinacgimdggcignk/background.js:47:15)", source: chrome-extension://ebefegahjicgjdnbeinacgimdggcignk/_generated_background_page.html (0)
[25513:25513:0905/003053.127294:INFO:CONSOLE(0)] "Error in event handler: TypeError: Cannot read property 'postMessage' of undefined
    at logFunc (chrome-extension://ebefegahjicgjdnbeinacgimdggcignk/background.js:16:14)
    at chrome.webRequest.onCompleted.addListener.urls (chrome-extension://ebefegahjicgjdnbeinacgimdggcignk/background.js:47:15)", source: chrome-extension://ebefegahjicgjdnbeinacgimdggcignk/_generated_background_page.html (0)
[25513:25513:0905/003053.673218:INFO:CONSOLE(0)] "Error in event handler: TypeError: Cannot read property 'postMessage' of undefined
    at logFunc (chrome-extension://ebefegahjicgjdnbeinacgimdggcignk/background.js:16:14)
    at chrome.webRequest.onBeforeRequest.addListener.urls (chrome-extension://ebefegahjicgjdnbeinacgimdggcignk/background.js:22:15)", source: chrome-extension://ebefegahjicgjdnbeinacgimdggcignk/_generated_background_page.html (0)
[25513:25513:0905/003053.673312:INFO:CONSOLE(0)] "Error in event handler: TypeError: Cannot read property 'postMessage' of undefined
    at logFunc (chrome-extension://ebefegahjicgjdnbeinacgimdggcignk/background.js:16:14)
    at chrome.webRequest.onSendHeaders.addListener.urls (chrome-extension://ebefegahjicgjdnbeinacgimdggcignk/background.js:34:15)", source: chrome-extension://ebefegahjicgjdnbeinacgimdggcignk/_generated_background_page.html (0)
[25513:25513:0905/003053.708581:INFO:CONSOLE(0)] "Error in event handler: TypeError: Cannot read property 'postMessage' of undefined
    at logFunc (chrome-extension://ebefegahjicgjdnbeinacgimdggcignk/background.js:16:14)
    at chrome.webRequest.onBeforeRequest.addListener.urls (chrome-extension://ebefegahjicgjdnbeinacgimdggcignk/background.js:22:15)", source: chrome-extension://ebefegahjicgjdnbeinacgimdggcignk/_generated_background_page.html (0)
[25513:25513:0905/003053.708671:INFO:CONSOLE(0)] "Error in event handler: TypeError: Cannot read property 'postMessage' of undefined
    at logFunc (chrome-extension://ebefegahjicgjdnbeinacgimdggcignk/background.js:16:14)
    at chrome.webRequest.onSendHeaders.addListener.urls (chrome-extension://ebefegahjicgjdnbeinacgimdggcignk/background.js:34:15)", source: chrome-extension://ebefegahjicgjdnbeinacgimdggcignk/_generated_background_page.html (0)
[25513:25513:0905/003053.833131:INFO:CONSOLE(0)] "Error in event handler: TypeError: Cannot read property 'postMessage' of undefined
    at logFunc (chrome-extension://ebefegahjicgjdnbeinacgimdggcignk/background.js:16:14)
    at chrome.webRequest.onBeforeRequest.addListener.urls (chrome-extension://ebefegahjicgjdnbeinacgimdggcignk/background.js:22:15)", source: chrome-extension://ebefegahjicgjdnbeinacgimdggcignk/_generated_background_page.html (0)
[25513:25513:0905/003053.833237:INFO:CONSOLE(0)] "Error in event handler: TypeError: Cannot read property 'postMessage' of undefined
    at logFunc (chrome-extension://ebefegahjicgjdnbeinacgimdggcignk/background.js:16:14)
    at chrome.webRequest.onSendHeaders.addListener.urls (chrome-extension://ebefegahjicgjdnbeinacgimdggcignk/background.js:34:15)", source: chrome-extension://ebefegahjicgjdnbeinacgimdggcignk/_generated_background_page.html (0)
[25513:25513:0905/003053.979257:INFO:CONSOLE(0)] "Error in event handler: TypeError: Cannot read property 'postMessage' of undefined
    at logFunc (chrome-extension://ebefegahjicgjdnbeinacgimdggcignk/background.js:16:14)
    at chrome.webRequest.onBeforeRequest.addListener.urls (chrome-extension://ebefegahjicgjdnbeinacgimdggcignk/background.js:22:15)", source: chrome-extension://ebefegahjicgjdnbeinacgimdggcignk/_generated_background_page.html (0)
[25513:25513:0905/003053.979351:INFO:CONSOLE(0)] "Error in event handler: TypeError: Cannot read property 'postMessage' of undefined
    at logFunc (chrome-extension://ebefegahjicgjdnbeinacgimdggcignk/background.js:16:14)
    at chrome.webRequest.onSendHeaders.addListener.urls (chrome-extension://ebefegahjicgjdnbeinacgimdggcignk/background.js:34:15)", source: chrome-extension://ebefegahjicgjdnbeinacgimdggcignk/_generated_background_page.html (0)
[25513:25513:0905/003054.027282:INFO:CONSOLE(128)] "Uncaught (in promise) Error: Could not establish connection. Receiving end does not exist.", source: chrome-extension://eoahfblaekpddckmppimofgnpkdljmli/polyfill.js (128)
[25513:25513:0905/003054.029783:INFO:CONSOLE(1)] "CONTENT SCRIPT", source: chrome-extension://ebefegahjicgjdnbeinacgimdggcignk/content.js (1)
[25513:25513:0905/003054.564339:INFO:CONSOLE(36)] "RESPONSE_STARTED 1630801854560 {"frameId":0,"fromCache":false,"initiator":"https://www.youtube.com","ip":"142.250.81.238","method":"POST","parentFrameId":-1,"requestId":"76","statusCode":204,"statusLine":"HTTP/1.1 204","tabId":2,"timeStamp":1630801854559.635,"type":"ping","url":"https://www.youtube.com/api/stats/qoe?event=streamingstats&cpn=_aQ4DQhY4glRPVgA&el=embedded&docid=KfugZksSp5g&ns=yt&fexp=23748147%2C23858057%2C23983296%2C24001373%2C24002022%2C24002025%2C24002922%2C24004644%2C24007246%2C24047098%2C24061216%2C24077143%2C24080738%2C24082661%2C24096213&cl=394331276&seq=1&cbr=Chrome&cbrver=92.0.4515.159&c=WEB_EMBEDDED_PLAYER&cver=1.20210901.1.0&cplayer=UNIPLAYER&cos=X11&cplatform=DESKTOP&vps=0.000:N,0.000:ER&cmt=0.000:0.000,0.000:0.000&error=0.000:auth:0.000:0;a6s.0&vis=0.000:0&bh=0.000:0.000"}", source: chrome-extension://ebefegahjicgjdnbeinacgimdggcignk/content.js (36)
[25513:25513:0905/003054.565446:INFO:CONSOLE(36)] "COMPLETE 1630801854563 {"frameId":0,"fromCache":false,"initiator":"https://www.youtube.com","ip":"142.250.81.238","method":"POST","parentFrameId":-1,"requestId":"76","responseHeaders":[{"name":"content-type","value":"text/html; charset=UTF-8"},{"name":"date","value":"Sun, 05 Sep 2021 00:30:54 GMT"},{"name":"pragma","value":"no-cache"},{"name":"expires","value":"Fri, 01 Jan 1990 00:00:00 GMT"},{"name":"cache-control","value":"no-cache, must-revalidate"},{"name":"access-control-allow-origin","value":"https://www.youtube.com"},{"name":"access-control-allow-credentials","value":"true"},{"name":"x-content-type-options","value":"nosniff"},{"name":"server","value":"Video Stats Server"},{"name":"content-length","value":"0"},{"name":"x-xss-protection","value":"0"},{"name":"x-frame-options","value":"SAMEORIGIN"},{"name":"alt-svc","value":"h3=\":443\"; ma=2592000,h3-29=\":443\"; ma=2592000,h3-T051=\":443\"; ma=2592000,h3-Q050=\":443\"; ma=2592000,h3-Q046=\":443\"; ma=2592000,h3-Q043=\":443\"; ma=2592000,quic=\":443\"; ma=2592000; v=\"46,43\""}],"statusCode":204,"statusLine":"HTTP/1.1 204","tabId":2,"timeStamp":1630801854563.312,"type":"ping","url":"https://www.youtube.com/api/stats/qoe?event=streamingstats&cpn=_aQ4DQhY4glRPVgA&el=embedded&docid=KfugZksSp5g&ns=yt&fexp=23748147%2C23858057%2C23983296%2C24001373%2C24002022%2C24002025%2C24002922%2C24004644%2C24007246%2C24047098%2C24061216%2C24077143%2C24080738%2C24082661%2C24096213&cl=394331276&seq=1&cbr=Chrome&cbrver=92.0.4515.159&c=WEB_EMBEDDED_PLAYER&cver=1.20210901.1.0&cplayer=UNIPLAYER&cos=X11&cplatform=DESKTOP&vps=0.000:N,0.000:ER&cmt=0.000:0.000,0.000:0.000&error=0.000:auth:0.000:0;a6s.0&vis=0.000:0&bh=0.000:0.000"}", source: chrome-extension://ebefegahjicgjdnbeinacgimdggcignk/content.js (36)
[25513:25513:0905/003055.120726:INFO:CONSOLE(36)] "RESPONSE_STARTED 1630801855117 {"frameId":0,"fromCache":false,"initiator":"https://www.youtube.com","ip":"142.250.81.238","method":"GET","parentFrameId":-1,"requestId":"77","statusCode":200,"statusLine":"HTTP/1.1 200","tabId":2,"timeStamp":1630801855116.7869,"type":"script","url":"https://www.youtube.com/s/player/9da24d97/player_ias.vflset/en_US/embed.js"}", source: chrome-extension://ebefegahjicgjdnbeinacgimdggcignk/content.js (36)
[25513:25513:0905/003055.250191:INFO:CONSOLE(36)] "COMPLETE 1630801855213 {"frameId":0,"fromCache":false,"initiator":"https://www.youtube.com","ip":"142.250.81.238","method":"GET","parentFrameId":-1,"requestId":"77","responseHeaders":[{"name":"accept-ranges","value":"bytes"},{"name":"vary","value":"Accept-Encoding, Origin"},{"name":"content-encoding","value":"br"},{"name":"content-type","value":"text/javascript"},{"name":"content-security-policy-report-only","value":"require-trusted-types-for 'script'; report-uri https://csp.withgoogle.com/csp/youtube"},{"name":"cross-origin-resource-policy","value":"cross-origin"},{"name":"content-length","value":"7335"},{"name":"date","value":"Sat, 04 Sep 2021 22:51:22 GMT"},{"name":"expires","value":"Sun, 04 Sep 2022 22:51:22 GMT"},{"name":"last-modified","value":"Thu, 02 Sep 2021 00:22:16 GMT"},{"name":"x-content-type-options","value":"nosniff"},{"name":"server","value":"sffe"},{"name":"x-xss-protection","value":"0"},{"name":"cache-control","value":"public, max-age=31536000"},{"name":"age","value":"5972"},{"name":"alt-svc","value":"h3=\":443\"; ma=2592000,h3-29=\":443\"; ma=2592000,h3-T051=\":443\"; ma=2592000,h3-Q050=\":443\"; ma=2592000,h3-Q046=\":443\"; ma=2592000,h3-Q043=\":443\"; ma=2592000,quic=\":443\"; ma=2592000; v=\"46,43\""}],"statusCode":200,"statusLine":"HTTP/1.1 200","tabId":2,"timeStamp":1630801855212.544,"type":"script","url":"https://www.youtube.com/s/player/9da24d97/player_ias.vflset/en_US/embed.js"}", source: chrome-extension://ebefegahjicgjdnbeinacgimdggcignk/content.js (36)
[25513:25513:0905/003055.255477:INFO:CONSOLE(36)] "BEFORE_REQUEST 1630801855254 {"frameId":0,"initiator":"https://www.youtube.com","method":"GET","parentFrameId":-1,"requestId":"74","tabId":2,"timeStamp":1630801855252.647,"type":"xmlhttprequest","url":"https://googleads.g.doubleclick.net/pagead/id?slf_rd=1"}", source: chrome-extension://ebefegahjicgjdnbeinacgimdggcignk/content.js (36)
[25513:25513:0905/003055.255811:INFO:CONSOLE(36)] "SEND_HEADERS 1630801855254 {"frameId":0,"initiator":"https://www.youtube.com","method":"GET","parentFrameId":-1,"requestId":"74","tabId":2,"timeStamp":1630801855252.752,"type":"xmlhttprequest","url":"https://googleads.g.doubleclick.net/pagead/id?slf_rd=1"}", source: chrome-extension://ebefegahjicgjdnbeinacgimdggcignk/content.js (36)
[25513:25513:0905/003055.319032:INFO:CONSOLE(36)] "RESPONSE_STARTED 1630801855316 {"frameId":0,"fromCache":false,"initiator":"https://www.youtube.com","ip":"142.250.81.230","method":"GET","parentFrameId":-1,"requestId":"75","statusCode":200,"statusLine":"HTTP/1.1 200","tabId":2,"timeStamp":1630801855315.475,"type":"script","url":"https://static.doubleclick.net/instream/ad_status.js"}", source: chrome-extension://ebefegahjicgjdnbeinacgimdggcignk/content.js (36)
[25513:25513:0905/003055.320393:INFO:CONSOLE(36)] "COMPLETE 1630801855317 {"frameId":0,"fromCache":false,"initiator":"https://www.youtube.com","ip":"142.250.81.230","method":"GET","parentFrameId":-1,"requestId":"75","responseHeaders":[{"name":"accept-ranges","value":"bytes"},{"name":"content-type","value":"text/javascript"},{"name":"access-control-allow-origin","value":"*"},{"name":"cross-origin-resource-policy","value":"cross-origin"},{"name":"timing-allow-origin","value":"*"},{"name":"content-length","value":"29"},{"name":"date","value":"Sun, 05 Sep 2021 00:24:40 GMT"},{"name":"expires","value":"Sun, 05 Sep 2021 00:39:40 GMT"},{"name":"last-modified","value":"Thu, 12 Dec 2013 23:40:16 GMT"},{"name":"x-content-type-options","value":"nosniff"},{"name":"server","value":"sffe"},{"name":"x-xss-protection","value":"0"},{"name":"age","value":"374"},{"name":"cache-control","value":"public, max-age=900"},{"name":"alt-svc","value":"h3=\":443\"; ma=2592000,h3-29=\":443\"; ma=2592000,h3-T051=\":443\"; ma=2592000,h3-Q050=\":443\"; ma=2592000,h3-Q046=\":443\"; ma=2592000,h3-Q043=\":443\"; ma=2592000,quic=\":443\"; ma=2592000; v=\"46,43\""}],"statusCode":200,"statusLine":"HTTP/1.1 200","tabId":2,"timeStamp":1630801855317.183,"type":"script","url":"https://static.doubleclick.net/instream/ad_status.js"}", source: chrome-extension://ebefegahjicgjdnbeinacgimdggcignk/content.js (36)
[25513:25513:0905/003055.343460:INFO:CONSOLE(36)] "BEFORE_REQUEST 1630801855336 {"frameId":0,"initiator":"https://www.youtube.com","method":"GET","parentFrameId":-1,"requestId":"78","tabId":2,"timeStamp":1630801855334.6418,"type":"image","url":"https://www.youtube.com/favicon.ico"}", source: chrome-extension://ebefegahjicgjdnbeinacgimdggcignk/content.js (36)
[25513:25513:0905/003055.343972:INFO:CONSOLE(36)] "SEND_HEADERS 1630801855336 {"frameId":0,"initiator":"https://www.youtube.com","method":"GET","parentFrameId":-1,"requestId":"78","tabId":2,"timeStamp":1630801855334.716,"type":"image","url":"https://www.youtube.com/favicon.ico"}", source: chrome-extension://ebefegahjicgjdnbeinacgimdggcignk/content.js (36)
[25513:25513:0905/003055.550244:INFO:CONSOLE(36)] "RESPONSE_STARTED 1630801855549 {"frameId":0,"fromCache":false,"initiator":"https://www.youtube.com","ip":"142.250.81.238","method":"GET","parentFrameId":-1,"requestId":"78","statusCode":200,"statusLine":"HTTP/1.1 200","tabId":2,"timeStamp":1630801855548.5688,"type":"image","url":"https://www.youtube.com/favicon.ico"}", source: chrome-extension://ebefegahjicgjdnbeinacgimdggcignk/content.js (36)
[25513:25513:0905/003055.555382:INFO:CONSOLE(36)] "COMPLETE 1630801855552 {"frameId":0,"fromCache":false,"initiator":"https://www.youtube.com","ip":"142.250.81.238","method":"GET","parentFrameId":-1,"requestId":"78","responseHeaders":[{"name":"accept-ranges","value":"bytes"},{"name":"vary","value":"Accept-Encoding"},{"name":"content-encoding","value":"gzip"},{"name":"content-type","value":"image/x-icon"},{"name":"content-security-policy-report-only","value":"require-trusted-types-for 'script'; report-uri https://csp.withgoogle.com/csp/youtube-marketing"},{"name":"cross-origin-resource-policy","value":"cross-origin"},{"name":"content-length","value":"180"},{"name":"date","value":"Sat, 04 Sep 2021 10:39:38 GMT"},{"name":"expires","value":"Sun, 04 Sep 2022 10:39:38 GMT"},{"name":"last-modified","value":"Tue, 03 Mar 2020 20:15:00 GMT"},{"name":"x-content-type-options","value":"nosniff"},{"name":"server","value":"sffe"},{"name":"x-xss-protection","value":"0"},{"name":"age","value":"49877"},{"name":"cache-control","value":"public, max-age=31536000"},{"name":"alt-svc","value":"h3=\":443\"; ma=2592000,h3-29=\":443\"; ma=2592000,h3-T051=\":443\"; ma=2592000,h3-Q050=\":443\"; ma=2592000,h3-Q046=\":443\"; ma=2592000,h3-Q043=\":443\"; ma=2592000,quic=\":443\"; ma=2592000; v=\"46,43\""}],"statusCode":200,"statusLine":"HTTP/1.1 200","tabId":2,"timeStamp":1630801855552.0698,"type":"image","url":"https://www.youtube.com/favicon.ico"}", source: chrome-extension://ebefegahjicgjdnbeinacgimdggcignk/content.js (36)
[25513:25513:0905/003055.658686:INFO:CONSOLE(36)] "RESPONSE_STARTED 1630801855657 {"frameId":0,"fromCache":false,"initiator":"https://www.youtube.com","ip":"142.251.32.98","method":"GET","parentFrameId":-1,"requestId":"74","statusCode":200,"statusLine":"HTTP/1.1 200","tabId":2,"timeStamp":1630801855656.826,"type":"xmlhttprequest","url":"https://googleads.g.doubleclick.net/pagead/id?slf_rd=1"}", source: chrome-extension://ebefegahjicgjdnbeinacgimdggcignk/content.js (36)
[25513:25513:0905/003055.663390:INFO:CONSOLE(36)] "COMPLETE 1630801855660 {"frameId":0,"fromCache":false,"initiator":"https://www.youtube.com","ip":"142.251.32.98","method":"GET","parentFrameId":-1,"requestId":"74","responseHeaders":[{"name":"p3p","value":"policyref=\"https://googleads.g.doubleclick.net/pagead/gcn_p3p_.xml\", CP=\"CURa ADMa DEVa TAIo PSAo PSDo OUR IND UNI PUR INT DEM STA PRE COM NAV OTC NOI DSP COR\""},{"name":"timing-allow-origin","value":"*"},{"name":"cross-origin-resource-policy","value":"cross-origin"},{"name":"access-control-allow-credentials","value":"true"},{"name":"access-control-allow-origin","value":"https://www.youtube.com"},{"name":"content-type","value":"application/json; charset=UTF-8"},{"name":"date","value":"Sun, 05 Sep 2021 00:30:55 GMT"},{"name":"pragma","value":"no-cache"},{"name":"expires","value":"Fri, 01 Jan 1990 00:00:00 GMT"},{"name":"cache-control","value":"no-cache, no-store, must-revalidate"},{"name":"x-content-type-options","value":"nosniff"},{"name":"content-disposition","value":"attachment; filename=\"f.txt\""},{"name":"content-encoding","value":"gzip"},{"name":"server","value":"cafe"},{"name":"content-length","value":"133"},{"name":"x-xss-protection","value":"0"},{"name":"alt-svc","value":"h3=\":443\"; ma=2592000,h3-29=\":443\"; ma=2592000,h3-T051=\":443\"; ma=2592000,h3-Q050=\":443\"; ma=2592000,h3-Q046=\":443\"; ma=2592000,h3-Q043=\":443\"; ma=2592000,quic=\":443\"; ma=2592000; v=\"46,43\""}],"statusCode":200,"statusLine":"HTTP/1.1 200","tabId":2,"timeStamp":1630801855660.126,"type":"xmlhttprequest","url":"https://googleads.g.doubleclick.net/pagead/id?slf_rd=1"}", source: chrome-extension://ebefegahjicgjdnbeinacgimdggcignk/content.js (36)
[25556:25605:0905/003055.693941:WARNING:key_storage_linux.cc(178)] OSCrypt tried Libsecret but couldn't initialise.
[25513:25513:0905/003057.366003:INFO:CONSOLE(36)] "BEFORE_REQUEST 1630801857363 {"frameId":0,"initiator":"https://www.youtube.com","method":"POST","parentFrameId":-1,"requestId":"81","tabId":2,"timeStamp":1630801857361.495,"type":"xmlhttprequest","url":"https://www.youtube.com/youtubei/v1/log_event?alt=json&key=AIzaSyAO_FJ2SlqU8Q4STEHLGCilw_Y9_11qcW8"}", source: chrome-extension://ebefegahjicgjdnbeinacgimdggcignk/content.js (36)
[25513:25513:0905/003057.366374:INFO:CONSOLE(36)] "SEND_HEADERS 1630801857363 {"frameId":0,"initiator":"https://www.youtube.com","method":"POST","parentFrameId":-1,"requestId":"81","tabId":2,"timeStamp":1630801857361.659,"type":"xmlhttprequest","url":"https://www.youtube.com/youtubei/v1/log_event?alt=json&key=AIzaSyAO_FJ2SlqU8Q4STEHLGCilw_Y9_11qcW8"}", source: chrome-extension://ebefegahjicgjdnbeinacgimdggcignk/content.js (36)
[25513:25513:0905/003057.566479:INFO:CONSOLE(36)] "RESPONSE_STARTED 1630801857565 {"frameId":0,"fromCache":false,"initiator":"https://www.youtube.com","ip":"142.250.81.238","method":"POST","parentFrameId":-1,"requestId":"81","statusCode":200,"statusLine":"HTTP/1.1 200","tabId":2,"timeStamp":1630801857564.6929,"type":"xmlhttprequest","url":"https://www.youtube.com/youtubei/v1/log_event?alt=json&key=AIzaSyAO_FJ2SlqU8Q4STEHLGCilw_Y9_11qcW8"}", source: chrome-extension://ebefegahjicgjdnbeinacgimdggcignk/content.js (36)
[25513:25513:0905/003057.571978:INFO:CONSOLE(36)] "COMPLETE 1630801857568 {"frameId":0,"fromCache":false,"initiator":"https://www.youtube.com","ip":"142.250.81.238","method":"POST","parentFrameId":-1,"requestId":"81","responseHeaders":[{"name":"content-type","value":"application/json; charset=UTF-8"},{"name":"vary","value":"Origin"},{"name":"vary","value":"X-Origin"},{"name":"vary","value":"Referer"},{"name":"content-encoding","value":"br"},{"name":"date","value":"Sun, 05 Sep 2021 00:30:57 GMT"},{"name":"server","value":"ESF"},{"name":"content-length","value":"31"},{"name":"x-xss-protection","value":"0"},{"name":"x-frame-options","value":"SAMEORIGIN"},{"name":"x-content-type-options","value":"nosniff"},{"name":"alt-svc","value":"h3=\":443\"; ma=2592000,h3-29=\":443\"; ma=2592000,h3-T051=\":443\"; ma=2592000,h3-Q050=\":443\"; ma=2592000,h3-Q046=\":443\"; ma=2592000,h3-Q043=\":443\"; ma=2592000,quic=\":443\"; ma=2592000; v=\"46,43\""}],"statusCode":200,"statusLine":"HTTP/1.1 200","tabId":2,"timeStamp":1630801857567.8699,"type":"xmlhttprequest","url":"https://www.youtube.com/youtubei/v1/log_event?alt=json&key=AIzaSyAO_FJ2SlqU8Q4STEHLGCilw_Y9_11qcW8"}", source: chrome-extension://ebefegahjicgjdnbeinacgimdggcignk/content.js (36)
[25513:25513:0905/003255.037832:INFO:CONSOLE(29)] "Closing window 0", source: chrome-extension://ebefegahjicgjdnbeinacgimdggcignk/content.js (29)
[25513:25513:0905/003255.193113:WARNING:pref_notifier_impl.cc(40)] Pref observer for media_router.cast_allow_all_ips found at shutdown.
