[4050:4153:0513/141406.508532:WARNING:external_pref_loader.cc(331)] You are using an old-style extension deployment method (external_extensions.json), which will soon be deprecated. (see http://developer.chrome.com/extensions/external_extensions.html)
[4050:4050:0513/141406.524460:WARNING:browser_main_loop.cc(271)] <unknown>: Couldn't connect to accessibility bus: Failed to connect to socket /tmp/dbus-dFfPsrHgGH: Connection refused
[4050:4161:0513/141407.028582:ERROR:bus.cc(393)] Failed to connect to the bus: Failed to connect to socket /tmp/dbus-2lVZNLwzSX: Connection refused
[4050:4161:0513/141407.028631:ERROR:bus.cc(393)] Failed to connect to the bus: Failed to connect to socket /tmp/dbus-2lVZNLwzSX: Connection refused
[4050:4161:0513/141407.028674:ERROR:bus.cc(393)] Failed to connect to the bus: Failed to connect to socket /tmp/dbus-2lVZNLwzSX: Connection refused
[4050:4161:0513/141407.028695:ERROR:bus.cc(393)] Failed to connect to the bus: Failed to connect to socket /tmp/dbus-2lVZNLwzSX: Connection refused
[4050:4050:0513/141408.043731:INFO:CONSOLE(0)] "Error in event handler: TypeError: Cannot read property 'postMessage' of undefined
    at logFunc (chrome-extension://nphlliopfobfddkbiohifpjfhljjpiob/background.js:11:14)
    at chrome.webRequest.onBeforeRequest.addListener.urls (chrome-extension://nphlliopfobfddkbiohifpjfhljjpiob/background.js:16:15)", source: chrome-extension://nphlliopfobfddkbiohifpjfhljjpiob/_generated_background_page.html (0)
[4050:4050:0513/141408.043802:INFO:CONSOLE(0)] "Error in event handler: TypeError: Cannot read property 'postMessage' of undefined
    at logFunc (chrome-extension://nphlliopfobfddkbiohifpjfhljjpiob/background.js:11:14)
    at chrome.webRequest.onSendHeaders.addListener.urls (chrome-extension://nphlliopfobfddkbiohifpjfhljjpiob/background.js:28:15)", source: chrome-extension://nphlliopfobfddkbiohifpjfhljjpiob/_generated_background_page.html (0)
[4050:4050:0513/141408.058652:INFO:CONSOLE(1)] "Slow network is detected. See https://www.chromestatus.com/feature/5636954674692096 for more details. Fallback font will be used while loading: https://fonts.gstatic.com/s/roboto/v18/KFOmCnqEu92Fr1Mu4mxK.woff2", source: https://www.youtube.com/embed/q6UVlhEBhpk?rel=0&autoplay=1 (1)
[4050:4050:0513/141408.059616:INFO:CONSOLE(0)] "Error in event handler: TypeError: Cannot read property 'postMessage' of undefined
    at logFunc (chrome-extension://nphlliopfobfddkbiohifpjfhljjpiob/background.js:11:14)
    at chrome.webRequest.onBeforeRequest.addListener.urls (chrome-extension://nphlliopfobfddkbiohifpjfhljjpiob/background.js:16:15)", source: chrome-extension://nphlliopfobfddkbiohifpjfhljjpiob/_generated_background_page.html (0)
[4050:4050:0513/141408.059676:INFO:CONSOLE(0)] "Error in event handler: TypeError: Cannot read property 'postMessage' of undefined
    at logFunc (chrome-extension://nphlliopfobfddkbiohifpjfhljjpiob/background.js:11:14)
    at chrome.webRequest.onSendHeaders.addListener.urls (chrome-extension://nphlliopfobfddkbiohifpjfhljjpiob/background.js:28:15)", source: chrome-extension://nphlliopfobfddkbiohifpjfhljjpiob/_generated_background_page.html (0)
[4050:4050:0513/141408.062203:INFO:CONSOLE(128)] "Uncaught (in promise) Error: Could not establish connection. Receiving end does not exist.", source: chrome-extension://nehjjjagpkhikejmlaiffhpgaiphilng/polyfill.js (128)
[4050:4050:0513/141408.062296:INFO:CONSOLE(128)] "Uncaught (in promise) Error: Could not establish connection. Receiving end does not exist.", source: chrome-extension://nehjjjagpkhikejmlaiffhpgaiphilng/polyfill.js (128)
[4050:4050:0513/141408.062466:INFO:CONSOLE(0)] "Error in event handler: TypeError: Cannot read property 'postMessage' of undefined
    at logFunc (chrome-extension://nphlliopfobfddkbiohifpjfhljjpiob/background.js:11:14)
    at chrome.webRequest.onBeforeRequest.addListener.urls (chrome-extension://nphlliopfobfddkbiohifpjfhljjpiob/background.js:16:15)", source: chrome-extension://nphlliopfobfddkbiohifpjfhljjpiob/_generated_background_page.html (0)
[4050:4050:0513/141408.062500:INFO:CONSOLE(0)] "Error in event handler: TypeError: Cannot read property 'postMessage' of undefined
    at logFunc (chrome-extension://nphlliopfobfddkbiohifpjfhljjpiob/background.js:11:14)
    at chrome.webRequest.onSendHeaders.addListener.urls (chrome-extension://nphlliopfobfddkbiohifpjfhljjpiob/background.js:28:15)", source: chrome-extension://nphlliopfobfddkbiohifpjfhljjpiob/_generated_background_page.html (0)
[4050:4050:0513/141408.147620:INFO:CONSOLE(0)] "Error in event handler: TypeError: Cannot read property 'postMessage' of undefined
    at logFunc (chrome-extension://nphlliopfobfddkbiohifpjfhljjpiob/background.js:11:14)
    at chrome.webRequest.onBeforeRequest.addListener.urls (chrome-extension://nphlliopfobfddkbiohifpjfhljjpiob/background.js:16:15)", source: chrome-extension://nphlliopfobfddkbiohifpjfhljjpiob/_generated_background_page.html (0)
[4050:4050:0513/141408.147765:INFO:CONSOLE(0)] "Error in event handler: TypeError: Cannot read property 'postMessage' of undefined
    at logFunc (chrome-extension://nphlliopfobfddkbiohifpjfhljjpiob/background.js:11:14)
    at chrome.webRequest.onSendHeaders.addListener.urls (chrome-extension://nphlliopfobfddkbiohifpjfhljjpiob/background.js:28:15)", source: chrome-extension://nphlliopfobfddkbiohifpjfhljjpiob/_generated_background_page.html (0)
[4050:4050:0513/141408.149174:INFO:CONSOLE(0)] "Error in event handler: TypeError: Cannot read property 'postMessage' of undefined
    at logFunc (chrome-extension://nphlliopfobfddkbiohifpjfhljjpiob/background.js:11:14)
    at chrome.webRequest.onBeforeRequest.addListener.urls (chrome-extension://nphlliopfobfddkbiohifpjfhljjpiob/background.js:16:15)", source: chrome-extension://nphlliopfobfddkbiohifpjfhljjpiob/_generated_background_page.html (0)
[4050:4050:0513/141408.149211:INFO:CONSOLE(0)] "Error in event handler: TypeError: Cannot read property 'postMessage' of undefined
    at logFunc (chrome-extension://nphlliopfobfddkbiohifpjfhljjpiob/background.js:11:14)
    at chrome.webRequest.onSendHeaders.addListener.urls (chrome-extension://nphlliopfobfddkbiohifpjfhljjpiob/background.js:28:15)", source: chrome-extension://nphlliopfobfddkbiohifpjfhljjpiob/_generated_background_page.html (0)
[4050:4050:0513/141408.149234:INFO:CONSOLE(0)] "Error in event handler: TypeError: Cannot read property 'postMessage' of undefined
    at logFunc (chrome-extension://nphlliopfobfddkbiohifpjfhljjpiob/background.js:11:14)
    at chrome.webRequest.onBeforeRequest.addListener.urls (chrome-extension://nphlliopfobfddkbiohifpjfhljjpiob/background.js:16:15)", source: chrome-extension://nphlliopfobfddkbiohifpjfhljjpiob/_generated_background_page.html (0)
[4050:4050:0513/141408.149255:INFO:CONSOLE(0)] "Error in event handler: TypeError: Cannot read property 'postMessage' of undefined
    at logFunc (chrome-extension://nphlliopfobfddkbiohifpjfhljjpiob/background.js:11:14)
    at chrome.webRequest.onSendHeaders.addListener.urls (chrome-extension://nphlliopfobfddkbiohifpjfhljjpiob/background.js:28:15)", source: chrome-extension://nphlliopfobfddkbiohifpjfhljjpiob/_generated_background_page.html (0)
[4050:4050:0513/141408.579437:INFO:CONSOLE(0)] "Error in event handler: TypeError: Cannot read property 'postMessage' of undefined
    at logFunc (chrome-extension://nphlliopfobfddkbiohifpjfhljjpiob/background.js:11:14)
    at chrome.webRequest.onResponseStarted.addListener.urls (chrome-extension://nphlliopfobfddkbiohifpjfhljjpiob/background.js:22:15)", source: chrome-extension://nphlliopfobfddkbiohifpjfhljjpiob/_generated_background_page.html (0)
[4050:4050:0513/141410.003055:INFO:CONSOLE(0)] "Error in event handler: TypeError: Cannot read property 'postMessage' of undefined
    at logFunc (chrome-extension://nphlliopfobfddkbiohifpjfhljjpiob/background.js:11:14)
    at chrome.webRequest.onResponseStarted.addListener.urls (chrome-extension://nphlliopfobfddkbiohifpjfhljjpiob/background.js:22:15)", source: chrome-extension://nphlliopfobfddkbiohifpjfhljjpiob/_generated_background_page.html (0)
[4050:4050:0513/141410.003138:INFO:CONSOLE(0)] "Error in event handler: TypeError: Cannot read property 'postMessage' of undefined
    at logFunc (chrome-extension://nphlliopfobfddkbiohifpjfhljjpiob/background.js:11:14)
    at chrome.webRequest.onCompleted.addListener.urls (chrome-extension://nphlliopfobfddkbiohifpjfhljjpiob/background.js:34:15)", source: chrome-extension://nphlliopfobfddkbiohifpjfhljjpiob/_generated_background_page.html (0)
[4050:4050:0513/141411.153234:INFO:CONSOLE(0)] "Error in event handler: TypeError: Cannot read property 'postMessage' of undefined
    at logFunc (chrome-extension://nphlliopfobfddkbiohifpjfhljjpiob/background.js:11:14)
    at chrome.webRequest.onResponseStarted.addListener.urls (chrome-extension://nphlliopfobfddkbiohifpjfhljjpiob/background.js:22:15)", source: chrome-extension://nphlliopfobfddkbiohifpjfhljjpiob/_generated_background_page.html (0)
[4050:4050:0513/141412.070822:INFO:CONSOLE(0)] "Error in event handler: TypeError: Cannot read property 'postMessage' of undefined
    at logFunc (chrome-extension://nphlliopfobfddkbiohifpjfhljjpiob/background.js:11:14)
    at chrome.webRequest.onResponseStarted.addListener.urls (chrome-extension://nphlliopfobfddkbiohifpjfhljjpiob/background.js:22:15)", source: chrome-extension://nphlliopfobfddkbiohifpjfhljjpiob/_generated_background_page.html (0)
[4050:4050:0513/141412.144100:INFO:CONSOLE(0)] "Error in event handler: TypeError: Cannot read property 'postMessage' of undefined
    at logFunc (chrome-extension://nphlliopfobfddkbiohifpjfhljjpiob/background.js:11:14)
    at chrome.webRequest.onCompleted.addListener.urls (chrome-extension://nphlliopfobfddkbiohifpjfhljjpiob/background.js:34:15)", source: chrome-extension://nphlliopfobfddkbiohifpjfhljjpiob/_generated_background_page.html (0)
[4050:4050:0513/141412.953261:INFO:CONSOLE(0)] "Error in event handler: TypeError: Cannot read property 'postMessage' of undefined
    at logFunc (chrome-extension://nphlliopfobfddkbiohifpjfhljjpiob/background.js:11:14)
    at chrome.webRequest.onResponseStarted.addListener.urls (chrome-extension://nphlliopfobfddkbiohifpjfhljjpiob/background.js:22:15)", source: chrome-extension://nphlliopfobfddkbiohifpjfhljjpiob/_generated_background_page.html (0)
[4050:4050:0513/141413.295495:INFO:CONSOLE(0)] "Error in event handler: TypeError: Cannot read property 'postMessage' of undefined
    at logFunc (chrome-extension://nphlliopfobfddkbiohifpjfhljjpiob/background.js:11:14)
    at chrome.webRequest.onCompleted.addListener.urls (chrome-extension://nphlliopfobfddkbiohifpjfhljjpiob/background.js:34:15)", source: chrome-extension://nphlliopfobfddkbiohifpjfhljjpiob/_generated_background_page.html (0)
[4050:4050:0513/141415.205054:INFO:CONSOLE(0)] "Error in event handler: TypeError: Cannot read property 'postMessage' of undefined
    at logFunc (chrome-extension://nphlliopfobfddkbiohifpjfhljjpiob/background.js:11:14)
    at chrome.webRequest.onCompleted.addListener.urls (chrome-extension://nphlliopfobfddkbiohifpjfhljjpiob/background.js:34:15)", source: chrome-extension://nphlliopfobfddkbiohifpjfhljjpiob/_generated_background_page.html (0)
[4050:4050:0513/141436.142672:INFO:CONSOLE(0)] "Error in event handler: TypeError: Cannot read property 'postMessage' of undefined
    at logFunc (chrome-extension://nphlliopfobfddkbiohifpjfhljjpiob/background.js:11:14)
    at chrome.webRequest.onCompleted.addListener.urls (chrome-extension://nphlliopfobfddkbiohifpjfhljjpiob/background.js:34:15)", source: chrome-extension://nphlliopfobfddkbiohifpjfhljjpiob/_generated_background_page.html (0)
[4050:4050:0513/141436.191932:INFO:CONSOLE(0)] "Error in event handler: TypeError: Cannot read property 'postMessage' of undefined
    at logFunc (chrome-extension://nphlliopfobfddkbiohifpjfhljjpiob/background.js:11:14)
    at chrome.webRequest.onBeforeRequest.addListener.urls (chrome-extension://nphlliopfobfddkbiohifpjfhljjpiob/background.js:16:15)", source: chrome-extension://nphlliopfobfddkbiohifpjfhljjpiob/_generated_background_page.html (0)
[4050:4050:0513/141436.191982:INFO:CONSOLE(0)] "Error in event handler: TypeError: Cannot read property 'postMessage' of undefined
    at logFunc (chrome-extension://nphlliopfobfddkbiohifpjfhljjpiob/background.js:11:14)
    at chrome.webRequest.onSendHeaders.addListener.urls (chrome-extension://nphlliopfobfddkbiohifpjfhljjpiob/background.js:28:15)", source: chrome-extension://nphlliopfobfddkbiohifpjfhljjpiob/_generated_background_page.html (0)
[4050:4050:0513/141436.197943:INFO:CONSOLE(0)] "Error in event handler: TypeError: Cannot read property 'postMessage' of undefined
    at logFunc (chrome-extension://nphlliopfobfddkbiohifpjfhljjpiob/background.js:11:14)
    at chrome.webRequest.onBeforeRequest.addListener.urls (chrome-extension://nphlliopfobfddkbiohifpjfhljjpiob/background.js:16:15)", source: chrome-extension://nphlliopfobfddkbiohifpjfhljjpiob/_generated_background_page.html (0)
[4050:4050:0513/141436.197992:INFO:CONSOLE(0)] "Error in event handler: TypeError: Cannot read property 'postMessage' of undefined
    at logFunc (chrome-extension://nphlliopfobfddkbiohifpjfhljjpiob/background.js:11:14)
    at chrome.webRequest.onSendHeaders.addListener.urls (chrome-extension://nphlliopfobfddkbiohifpjfhljjpiob/background.js:28:15)", source: chrome-extension://nphlliopfobfddkbiohifpjfhljjpiob/_generated_background_page.html (0)
[4050:4050:0513/141436.295394:INFO:CONSOLE(0)] "Error in event handler: TypeError: Cannot read property 'postMessage' of undefined
    at logFunc (chrome-extension://nphlliopfobfddkbiohifpjfhljjpiob/background.js:11:14)
    at chrome.webRequest.onBeforeRequest.addListener.urls (chrome-extension://nphlliopfobfddkbiohifpjfhljjpiob/background.js:16:15)", source: chrome-extension://nphlliopfobfddkbiohifpjfhljjpiob/_generated_background_page.html (0)
[4050:4050:0513/141436.295439:INFO:CONSOLE(0)] "Error in event handler: TypeError: Cannot read property 'postMessage' of undefined
    at logFunc (chrome-extension://nphlliopfobfddkbiohifpjfhljjpiob/background.js:11:14)
    at chrome.webRequest.onSendHeaders.addListener.urls (chrome-extension://nphlliopfobfddkbiohifpjfhljjpiob/background.js:28:15)", source: chrome-extension://nphlliopfobfddkbiohifpjfhljjpiob/_generated_background_page.html (0)
[4050:4050:0513/141436.298499:INFO:CONSOLE(0)] "Error in event handler: TypeError: Cannot read property 'postMessage' of undefined
    at logFunc (chrome-extension://nphlliopfobfddkbiohifpjfhljjpiob/background.js:11:14)
    at chrome.webRequest.onBeforeRequest.addListener.urls (chrome-extension://nphlliopfobfddkbiohifpjfhljjpiob/background.js:16:15)", source: chrome-extension://nphlliopfobfddkbiohifpjfhljjpiob/_generated_background_page.html (0)
[4050:4050:0513/141436.298653:INFO:CONSOLE(0)] "Error in event handler: TypeError: Cannot read property 'postMessage' of undefined
    at logFunc (chrome-extension://nphlliopfobfddkbiohifpjfhljjpiob/background.js:11:14)
    at chrome.webRequest.onSendHeaders.addListener.urls (chrome-extension://nphlliopfobfddkbiohifpjfhljjpiob/background.js:28:15)", source: chrome-extension://nphlliopfobfddkbiohifpjfhljjpiob/_generated_background_page.html (0)
[4050:4050:0513/141436.323870:INFO:CONSOLE(128)] "Uncaught (in promise) Error: Could not establish connection. Receiving end does not exist.", source: chrome-extension://nehjjjagpkhikejmlaiffhpgaiphilng/polyfill.js (128)
[4050:4050:0513/141436.404284:INFO:CONSOLE(1)] "CONTENT SCRIPT", source: chrome-extension://nphlliopfobfddkbiohifpjfhljjpiob/content.js (1)
[4050:4050:0513/141436.587524:INFO:CONSOLE(16)] "RESPONSE_STARTED 1620895476586 {"frameId":0,"fromCache":false,"initiator":"https://www.youtube.com","ip":"142.250.67.238","method":"GET","parentFrameId":-1,"requestId":"63","statusCode":200,"statusLine":"HTTP/1.1 200","tabId":2,"timeStamp":1620895476586.7131,"type":"script","url":"https://www.youtube.com/s/player/24fb4fc5/player_ias.vflset/en_GB/embed.js"}", source: chrome-extension://nphlliopfobfddkbiohifpjfhljjpiob/content.js (16)
[4050:4050:0513/141436.953182:INFO:CONSOLE(16)] "COMPLETE 1620895476949 {"frameId":0,"fromCache":false,"initiator":"https://www.youtube.com","ip":"142.250.67.238","method":"GET","parentFrameId":-1,"requestId":"63","responseHeaders":[{"name":"accept-ranges","value":"bytes"},{"name":"vary","value":"Accept-Encoding, Origin"},{"name":"content-encoding","value":"gzip"},{"name":"content-type","value":"text/javascript"},{"name":"cross-origin-resource-policy","value":"cross-origin"},{"name":"content-length","value":"7725"},{"name":"date","value":"Wed, 12 May 2021 05:02:59 GMT"},{"name":"expires","value":"Thu, 12 May 2022 05:02:59 GMT"},{"name":"last-modified","value":"Tue, 11 May 2021 00:29:34 GMT"},{"name":"x-content-type-options","value":"nosniff"},{"name":"server","value":"sffe"},{"name":"x-xss-protection","value":"0"},{"name":"cache-control","value":"public, max-age=31536000"},{"name":"age","value":"99697"},{"name":"alt-svc","value":"h3-29=\":443\"; ma=2592000,h3-T051=\":443\"; ma=2592000,h3-Q050=\":443\"; ma=2592000,h3-Q046=\":443\"; ma=2592000,h3-Q043=\":443\"; ma=2592000,quic=\":443\"; ma=2592000; v=\"46,43\""}],"statusCode":200,"statusLine":"HTTP/1.1 200","tabId":2,"timeStamp":1620895476946.5881,"type":"script","url":"https://www.youtube.com/s/player/24fb4fc5/player_ias.vflset/en_GB/embed.js"}", source: chrome-extension://nphlliopfobfddkbiohifpjfhljjpiob/content.js (16)
[4050:4050:0513/141437.040791:INFO:CONSOLE(16)] "RESPONSE_STARTED 1620895476982 {"frameId":0,"fromCache":false,"initiator":"https://www.youtube.com","ip":"142.250.67.238","method":"POST","parentFrameId":-1,"requestId":"64","statusCode":200,"statusLine":"HTTP/1.1 200","tabId":2,"timeStamp":1620895476981.985,"type":"xmlhttprequest","url":"https://www.youtube.com/youtubei/v1/player?key=AIzaSyAO_FJ2SlqU8Q4STEHLGCilw_Y9_11qcW8"}", source: chrome-extension://nphlliopfobfddkbiohifpjfhljjpiob/content.js (16)
[4050:4050:0513/141437.040838:INFO:CONSOLE(16)] "COMPLETE 1620895476982 {"frameId":0,"fromCache":false,"initiator":"https://www.youtube.com","ip":"142.250.67.238","method":"POST","parentFrameId":-1,"requestId":"64","responseHeaders":[{"name":"content-type","value":"application/json; charset=UTF-8"},{"name":"vary","value":"Origin"},{"name":"vary","value":"X-Origin"},{"name":"vary","value":"Referer"},{"name":"content-encoding","value":"br"},{"name":"date","value":"Thu, 13 May 2021 08:44:36 GMT"},{"name":"server","value":"ESF"},{"name":"content-length","value":"972"},{"name":"x-xss-protection","value":"0"},{"name":"x-frame-options","value":"SAMEORIGIN"},{"name":"x-content-type-options","value":"nosniff"},{"name":"alt-svc","value":"h3-29=\":443\"; ma=2592000,h3-T051=\":443\"; ma=2592000,h3-Q050=\":443\"; ma=2592000,h3-Q046=\":443\"; ma=2592000,h3-Q043=\":443\"; ma=2592000,quic=\":443\"; ma=2592000; v=\"46,43\""}],"statusCode":200,"statusLine":"HTTP/1.1 200","tabId":2,"timeStamp":1620895476982.241,"type":"xmlhttprequest","url":"https://www.youtube.com/youtubei/v1/player?key=AIzaSyAO_FJ2SlqU8Q4STEHLGCilw_Y9_11qcW8"}", source: chrome-extension://nphlliopfobfddkbiohifpjfhljjpiob/content.js (16)
[4050:4050:0513/141437.040855:INFO:CONSOLE(16)] "BEFORE_REQUEST 1620895476993 {"frameId":0,"initiator":"https://www.youtube.com","method":"POST","parentFrameId":-1,"requestId":"65","tabId":2,"timeStamp":1620895476993.609,"type":"ping","url":"https://www.youtube.com/api/stats/qoe?event=streamingstats&cpn=FBlRWzY16Bh-ibwo&el=embedded&docid=q6UVlhEBhpk&ns=yt&fexp=23940237%2C23969934%2C23983296%2C23995927%2C24001373%2C24004644%2C24007246%2C24019955%2C24035275&cl=372995990&seq=1&cbr=Chrome&cbrver=88.0.4324.146&c=WEB_EMBEDDED_PLAYER&cver=1.20210510.1.0&cplayer=UNIPLAYER&cos=X11&cplatform=DESKTOP&vps=0.000:N,0.749:ER&cmt=0.749:0.000,0.749:0.000&bat=0.749:1:1&vis=0.749:0&bh=0.749:0.000"}", source: chrome-extension://nphlliopfobfddkbiohifpjfhljjpiob/content.js (16)
[4050:4050:0513/141437.040872:INFO:CONSOLE(16)] "SEND_HEADERS 1620895476994 {"frameId":0,"initiator":"https://www.youtube.com","method":"POST","parentFrameId":-1,"requestId":"65","tabId":2,"timeStamp":1620895476993.6409,"type":"ping","url":"https://www.youtube.com/api/stats/qoe?event=streamingstats&cpn=FBlRWzY16Bh-ibwo&el=embedded&docid=q6UVlhEBhpk&ns=yt&fexp=23940237%2C23969934%2C23983296%2C23995927%2C24001373%2C24004644%2C24007246%2C24019955%2C24035275&cl=372995990&seq=1&cbr=Chrome&cbrver=88.0.4324.146&c=WEB_EMBEDDED_PLAYER&cver=1.20210510.1.0&cplayer=UNIPLAYER&cos=X11&cplatform=DESKTOP&vps=0.000:N,0.749:ER&cmt=0.749:0.000,0.749:0.000&bat=0.749:1:1&vis=0.749:0&bh=0.749:0.000"}", source: chrome-extension://nphlliopfobfddkbiohifpjfhljjpiob/content.js (16)
[4050:4050:0513/141437.043468:INFO:CONSOLE(16)] "BEFORE_REQUEST 1620895477040 {"frameId":0,"initiator":"https://www.youtube.com","method":"POST","parentFrameId":-1,"requestId":"66","tabId":2,"timeStamp":1620895477039.6062,"type":"xmlhttprequest","url":"https://www.youtube.com/youtubei/v1/next?key=AIzaSyAO_FJ2SlqU8Q4STEHLGCilw_Y9_11qcW8"}", source: chrome-extension://nphlliopfobfddkbiohifpjfhljjpiob/content.js (16)
[4050:4050:0513/141437.043621:INFO:CONSOLE(16)] "SEND_HEADERS 1620895477040 {"frameId":0,"initiator":"https://www.youtube.com","method":"POST","parentFrameId":-1,"requestId":"66","tabId":2,"timeStamp":1620895477039.6409,"type":"xmlhttprequest","url":"https://www.youtube.com/youtubei/v1/next?key=AIzaSyAO_FJ2SlqU8Q4STEHLGCilw_Y9_11qcW8"}", source: chrome-extension://nphlliopfobfddkbiohifpjfhljjpiob/content.js (16)
[4050:4050:0513/141437.541985:INFO:CONSOLE(16)] "RESPONSE_STARTED 1620895477541 {"frameId":0,"fromCache":false,"initiator":"https://www.youtube.com","ip":"142.250.67.238","method":"POST","parentFrameId":-1,"requestId":"65","statusCode":204,"statusLine":"HTTP/1.1 204","tabId":2,"timeStamp":1620895477540.7969,"type":"ping","url":"https://www.youtube.com/api/stats/qoe?event=streamingstats&cpn=FBlRWzY16Bh-ibwo&el=embedded&docid=q6UVlhEBhpk&ns=yt&fexp=23940237%2C23969934%2C23983296%2C23995927%2C24001373%2C24004644%2C24007246%2C24019955%2C24035275&cl=372995990&seq=1&cbr=Chrome&cbrver=88.0.4324.146&c=WEB_EMBEDDED_PLAYER&cver=1.20210510.1.0&cplayer=UNIPLAYER&cos=X11&cplatform=DESKTOP&vps=0.000:N,0.749:ER&cmt=0.749:0.000,0.749:0.000&bat=0.749:1:1&vis=0.749:0&bh=0.749:0.000"}", source: chrome-extension://nphlliopfobfddkbiohifpjfhljjpiob/content.js (16)
[4050:4050:0513/141437.542214:INFO:CONSOLE(16)] "COMPLETE 1620895477541 {"frameId":0,"fromCache":false,"initiator":"https://www.youtube.com","ip":"142.250.67.238","method":"POST","parentFrameId":-1,"requestId":"65","responseHeaders":[{"name":"content-type","value":"text/html; charset=UTF-8"},{"name":"date","value":"Thu, 13 May 2021 08:44:37 GMT"},{"name":"pragma","value":"no-cache"},{"name":"expires","value":"Fri, 01 Jan 1990 00:00:00 GMT"},{"name":"cache-control","value":"no-cache, must-revalidate"},{"name":"access-control-allow-origin","value":"https://www.youtube.com"},{"name":"access-control-allow-credentials","value":"true"},{"name":"x-content-type-options","value":"nosniff"},{"name":"server","value":"Video Stats Server"},{"name":"content-length","value":"0"},{"name":"x-xss-protection","value":"0"},{"name":"x-frame-options","value":"SAMEORIGIN"},{"name":"alt-svc","value":"h3-29=\":443\"; ma=2592000,h3-T051=\":443\"; ma=2592000,h3-Q050=\":443\"; ma=2592000,h3-Q046=\":443\"; ma=2592000,h3-Q043=\":443\"; ma=2592000,quic=\":443\"; ma=2592000; v=\"46,43\""}],"statusCode":204,"statusLine":"HTTP/1.1 204","tabId":2,"timeStamp":1620895477541.352,"type":"ping","url":"https://www.youtube.com/api/stats/qoe?event=streamingstats&cpn=FBlRWzY16Bh-ibwo&el=embedded&docid=q6UVlhEBhpk&ns=yt&fexp=23940237%2C23969934%2C23983296%2C23995927%2C24001373%2C24004644%2C24007246%2C24019955%2C24035275&cl=372995990&seq=1&cbr=Chrome&cbrver=88.0.4324.146&c=WEB_EMBEDDED_PLAYER&cver=1.20210510.1.0&cplayer=UNIPLAYER&cos=X11&cplatform=DESKTOP&vps=0.000:N,0.749:ER&cmt=0.749:0.000,0.749:0.000&bat=0.749:1:1&vis=0.749:0&bh=0.749:0.000"}", source: chrome-extension://nphlliopfobfddkbiohifpjfhljjpiob/content.js (16)
[4050:4050:0513/141437.558919:INFO:CONSOLE(16)] "RESPONSE_STARTED 1620895477558 {"frameId":0,"fromCache":false,"initiator":"https://www.youtube.com","ip":"142.250.67.238","method":"POST","parentFrameId":-1,"requestId":"66","statusCode":403,"statusLine":"HTTP/1.1 403","tabId":2,"timeStamp":1620895477558.2769,"type":"xmlhttprequest","url":"https://www.youtube.com/youtubei/v1/next?key=AIzaSyAO_FJ2SlqU8Q4STEHLGCilw_Y9_11qcW8"}", source: chrome-extension://nphlliopfobfddkbiohifpjfhljjpiob/content.js (16)
[4050:4050:0513/141437.595609:INFO:CONSOLE(16)] "COMPLETE 1620895477593 {"frameId":0,"fromCache":false,"initiator":"https://www.youtube.com","ip":"142.250.67.238","method":"POST","parentFrameId":-1,"requestId":"66","responseHeaders":[{"name":"vary","value":"Origin"},{"name":"vary","value":"X-Origin"},{"name":"vary","value":"Referer"},{"name":"content-type","value":"application/json; charset=UTF-8"},{"name":"content-encoding","value":"br"},{"name":"date","value":"Thu, 13 May 2021 08:44:37 GMT"},{"name":"server","value":"ESF"},{"name":"content-length","value":"137"},{"name":"x-xss-protection","value":"0"},{"name":"x-frame-options","value":"SAMEORIGIN"},{"name":"x-content-type-options","value":"nosniff"},{"name":"alt-svc","value":"h3-29=\":443\"; ma=2592000,h3-T051=\":443\"; ma=2592000,h3-Q050=\":443\"; ma=2592000,h3-Q046=\":443\"; ma=2592000,h3-Q043=\":443\"; ma=2592000,quic=\":443\"; ma=2592000; v=\"46,43\""}],"statusCode":403,"statusLine":"HTTP/1.1 403","tabId":2,"timeStamp":1620895477593.567,"type":"xmlhttprequest","url":"https://www.youtube.com/youtubei/v1/next?key=AIzaSyAO_FJ2SlqU8Q4STEHLGCilw_Y9_11qcW8"}", source: chrome-extension://nphlliopfobfddkbiohifpjfhljjpiob/content.js (16)
[4050:4050:0513/141437.614138:INFO:CONSOLE(16)] "BEFORE_REQUEST 1620895477613 {"frameId":0,"initiator":"https://www.youtube.com","method":"GET","parentFrameId":-1,"requestId":"61","tabId":2,"timeStamp":1620895477613.023,"type":"xmlhttprequest","url":"https://googleads.g.doubleclick.net/pagead/id?slf_rd=1"}", source: chrome-extension://nphlliopfobfddkbiohifpjfhljjpiob/content.js (16)
[4050:4050:0513/141437.614172:INFO:CONSOLE(16)] "SEND_HEADERS 1620895477613 {"frameId":0,"initiator":"https://www.youtube.com","method":"GET","parentFrameId":-1,"requestId":"61","tabId":2,"timeStamp":1620895477613.072,"type":"xmlhttprequest","url":"https://googleads.g.doubleclick.net/pagead/id?slf_rd=1"}", source: chrome-extension://nphlliopfobfddkbiohifpjfhljjpiob/content.js (16)
[4050:4050:0513/141437.942446:INFO:CONSOLE(16)] "RESPONSE_STARTED 1620895477937 {"frameId":0,"fromCache":false,"initiator":"https://www.youtube.com","ip":"142.250.183.102","method":"GET","parentFrameId":-1,"requestId":"62","statusCode":200,"statusLine":"HTTP/1.1 200","tabId":2,"timeStamp":1620895477937.744,"type":"script","url":"https://static.doubleclick.net/instream/ad_status.js"}", source: chrome-extension://nphlliopfobfddkbiohifpjfhljjpiob/content.js (16)
[4050:4050:0513/141437.942484:INFO:CONSOLE(16)] "COMPLETE 1620895477938 {"frameId":0,"fromCache":false,"initiator":"https://www.youtube.com","ip":"142.250.183.102","method":"GET","parentFrameId":-1,"requestId":"62","responseHeaders":[{"name":"accept-ranges","value":"bytes"},{"name":"content-type","value":"text/javascript"},{"name":"access-control-allow-origin","value":"*"},{"name":"cross-origin-resource-policy","value":"cross-origin"},{"name":"timing-allow-origin","value":"*"},{"name":"content-length","value":"29"},{"name":"date","value":"Thu, 13 May 2021 08:38:42 GMT"},{"name":"expires","value":"Thu, 13 May 2021 08:53:42 GMT"},{"name":"last-modified","value":"Thu, 12 Dec 2013 23:40:16 GMT"},{"name":"x-content-type-options","value":"nosniff"},{"name":"server","value":"sffe"},{"name":"x-xss-protection","value":"0"},{"name":"age","value":"355"},{"name":"cache-control","value":"public, max-age=900"},{"name":"alt-svc","value":"h3-29=\":443\"; ma=2592000,h3-T051=\":443\"; ma=2592000,h3-Q050=\":443\"; ma=2592000,h3-Q046=\":443\"; ma=2592000,h3-Q043=\":443\"; ma=2592000,quic=\":443\"; ma=2592000; v=\"46,43\""}],"statusCode":200,"statusLine":"HTTP/1.1 200","tabId":2,"timeStamp":1620895477938.1199,"type":"script","url":"https://static.doubleclick.net/instream/ad_status.js"}", source: chrome-extension://nphlliopfobfddkbiohifpjfhljjpiob/content.js (16)
[4050:4050:0513/141437.948617:INFO:CONSOLE(16)] "BEFORE_REQUEST 1620895477947 {"frameId":0,"initiator":"https://www.youtube.com","method":"GET","parentFrameId":-1,"requestId":"67","tabId":2,"timeStamp":1620895477946.938,"type":"image","url":"https://www.youtube.com/favicon.ico"}", source: chrome-extension://nphlliopfobfddkbiohifpjfhljjpiob/content.js (16)
[4050:4050:0513/141437.948728:INFO:CONSOLE(16)] "SEND_HEADERS 1620895477947 {"frameId":0,"initiator":"https://www.youtube.com","method":"GET","parentFrameId":-1,"requestId":"67","tabId":2,"timeStamp":1620895477947.668,"type":"image","url":"https://www.youtube.com/favicon.ico"}", source: chrome-extension://nphlliopfobfddkbiohifpjfhljjpiob/content.js (16)
[4165:4192:0513/141438.044791:WARNING:key_storage_linux.cc(158)] OSCrypt tried Libsecret but couldn't initialise.
[4050:4050:0513/141438.117368:INFO:CONSOLE(16)] "RESPONSE_STARTED 1620895478116 {"frameId":0,"fromCache":false,"initiator":"https://www.youtube.com","ip":"142.250.77.34","method":"GET","parentFrameId":-1,"requestId":"61","statusCode":200,"statusLine":"HTTP/1.1 200","tabId":2,"timeStamp":1620895478116.655,"type":"xmlhttprequest","url":"https://googleads.g.doubleclick.net/pagead/id?slf_rd=1"}", source: chrome-extension://nphlliopfobfddkbiohifpjfhljjpiob/content.js (16)
[4050:4050:0513/141438.135364:INFO:CONSOLE(16)] "COMPLETE 1620895478134 {"frameId":0,"fromCache":false,"initiator":"https://www.youtube.com","ip":"142.250.77.34","method":"GET","parentFrameId":-1,"requestId":"61","responseHeaders":[{"name":"p3p","value":"policyref=\"https://googleads.g.doubleclick.net/pagead/gcn_p3p_.xml\", CP=\"CURa ADMa DEVa TAIo PSAo PSDo OUR IND UNI PUR INT DEM STA PRE COM NAV OTC NOI DSP COR\""},{"name":"timing-allow-origin","value":"*"},{"name":"cross-origin-resource-policy","value":"cross-origin"},{"name":"access-control-allow-credentials","value":"true"},{"name":"access-control-allow-origin","value":"https://www.youtube.com"},{"name":"content-type","value":"application/json; charset=UTF-8"},{"name":"date","value":"Thu, 13 May 2021 08:44:37 GMT"},{"name":"pragma","value":"no-cache"},{"name":"expires","value":"Fri, 01 Jan 1990 00:00:00 GMT"},{"name":"cache-control","value":"no-cache, no-store, must-revalidate"},{"name":"x-content-type-options","value":"nosniff"},{"name":"content-disposition","value":"attachment; filename=\"f.txt\""},{"name":"content-encoding","value":"gzip"},{"name":"server","value":"cafe"},{"name":"content-length","value":"133"},{"name":"x-xss-protection","value":"0"},{"name":"alt-svc","value":"h3-29=\":443\"; ma=2592000,h3-T051=\":443\"; ma=2592000,h3-Q050=\":443\"; ma=2592000,h3-Q046=\":443\"; ma=2592000,h3-Q043=\":443\"; ma=2592000,quic=\":443\"; ma=2592000; v=\"46,43\""}],"statusCode":200,"statusLine":"HTTP/1.1 200","tabId":2,"timeStamp":1620895478133.913,"type":"xmlhttprequest","url":"https://googleads.g.doubleclick.net/pagead/id?slf_rd=1"}", source: chrome-extension://nphlliopfobfddkbiohifpjfhljjpiob/content.js (16)
[4050:4050:0513/141438.154401:INFO:CONSOLE(16)] "RESPONSE_STARTED 1620895478152 {"frameId":0,"fromCache":false,"initiator":"https://www.youtube.com","ip":"142.250.67.238","method":"GET","parentFrameId":-1,"requestId":"67","statusCode":200,"statusLine":"HTTP/1.1 200","tabId":2,"timeStamp":1620895478152.7048,"type":"image","url":"https://www.youtube.com/favicon.ico"}", source: chrome-extension://nphlliopfobfddkbiohifpjfhljjpiob/content.js (16)
[4050:4050:0513/141438.154531:INFO:CONSOLE(16)] "COMPLETE 1620895478153 {"frameId":0,"fromCache":false,"initiator":"https://www.youtube.com","ip":"142.250.67.238","method":"GET","parentFrameId":-1,"requestId":"67","responseHeaders":[{"name":"accept-ranges","value":"bytes"},{"name":"vary","value":"Accept-Encoding"},{"name":"content-encoding","value":"gzip"},{"name":"content-type","value":"image/x-icon"},{"name":"cross-origin-resource-policy","value":"cross-origin"},{"name":"content-length","value":"180"},{"name":"date","value":"Thu, 13 May 2021 07:39:44 GMT"},{"name":"expires","value":"Fri, 13 May 2022 07:39:44 GMT"},{"name":"last-modified","value":"Tue, 03 Mar 2020 20:15:00 GMT"},{"name":"x-content-type-options","value":"nosniff"},{"name":"server","value":"sffe"},{"name":"x-xss-protection","value":"0"},{"name":"age","value":"3893"},{"name":"cache-control","value":"public, max-age=31536000"},{"name":"alt-svc","value":"h3-29=\":443\"; ma=2592000,h3-T051=\":443\"; ma=2592000,h3-Q050=\":443\"; ma=2592000,h3-Q046=\":443\"; ma=2592000,h3-Q043=\":443\"; ma=2592000,quic=\":443\"; ma=2592000; v=\"46,43\""}],"statusCode":200,"statusLine":"HTTP/1.1 200","tabId":2,"timeStamp":1620895478153.005,"type":"image","url":"https://www.youtube.com/favicon.ico"}", source: chrome-extension://nphlliopfobfddkbiohifpjfhljjpiob/content.js (16)
[4050:4050:0513/141443.779953:WARNING:load_error_reporter.cc(78)] Extension error: Package is invalid: 'CRX_HEADER_INVALID'.
[4050:4050:0513/141443.808133:WARNING:load_error_reporter.cc(78)] Extension error: Package is invalid: 'CRX_HEADER_INVALID'.
[4050:4050:0513/141443.830022:WARNING:load_error_reporter.cc(78)] Extension error: Package is invalid: 'CRX_HEADER_INVALID'.
[4050:4050:0513/141443.850201:WARNING:load_error_reporter.cc(78)] Extension error: Package is invalid: 'CRX_HEADER_INVALID'.
[4050:4050:0513/141447.948058:INFO:CONSOLE(16)] "BEFORE_REQUEST 1620895487947 {"frameId":0,"initiator":"https://www.youtube.com","method":"POST","parentFrameId":-1,"requestId":"76","tabId":2,"timeStamp":1620895487946.7969,"type":"xmlhttprequest","url":"https://www.youtube.com/youtubei/v1/log_event?alt=json&key=AIzaSyAO_FJ2SlqU8Q4STEHLGCilw_Y9_11qcW8"}", source: chrome-extension://nphlliopfobfddkbiohifpjfhljjpiob/content.js (16)
[4050:4050:0513/141447.948095:INFO:CONSOLE(16)] "SEND_HEADERS 1620895487947 {"frameId":0,"initiator":"https://www.youtube.com","method":"POST","parentFrameId":-1,"requestId":"76","tabId":2,"timeStamp":1620895487946.846,"type":"xmlhttprequest","url":"https://www.youtube.com/youtubei/v1/log_event?alt=json&key=AIzaSyAO_FJ2SlqU8Q4STEHLGCilw_Y9_11qcW8"}", source: chrome-extension://nphlliopfobfddkbiohifpjfhljjpiob/content.js (16)
[4050:4050:0513/141448.215871:INFO:CONSOLE(16)] "RESPONSE_STARTED 1620895488214 {"frameId":0,"fromCache":false,"initiator":"https://www.youtube.com","ip":"142.250.67.238","method":"POST","parentFrameId":-1,"requestId":"76","statusCode":200,"statusLine":"HTTP/1.1 200","tabId":2,"timeStamp":1620895488213.9639,"type":"xmlhttprequest","url":"https://www.youtube.com/youtubei/v1/log_event?alt=json&key=AIzaSyAO_FJ2SlqU8Q4STEHLGCilw_Y9_11qcW8"}", source: chrome-extension://nphlliopfobfddkbiohifpjfhljjpiob/content.js (16)
[4050:4050:0513/141448.215976:INFO:CONSOLE(16)] "COMPLETE 1620895488214 {"frameId":0,"fromCache":false,"initiator":"https://www.youtube.com","ip":"142.250.67.238","method":"POST","parentFrameId":-1,"requestId":"76","responseHeaders":[{"name":"content-type","value":"application/json; charset=UTF-8"},{"name":"vary","value":"Origin"},{"name":"vary","value":"X-Origin"},{"name":"vary","value":"Referer"},{"name":"content-encoding","value":"br"},{"name":"date","value":"Thu, 13 May 2021 08:44:48 GMT"},{"name":"server","value":"ESF"},{"name":"content-length","value":"31"},{"name":"x-xss-protection","value":"0"},{"name":"x-frame-options","value":"SAMEORIGIN"},{"name":"x-content-type-options","value":"nosniff"},{"name":"alt-svc","value":"h3-29=\":443\"; ma=2592000,h3-T051=\":443\"; ma=2592000,h3-Q050=\":443\"; ma=2592000,h3-Q046=\":443\"; ma=2592000,h3-Q043=\":443\"; ma=2592000,quic=\":443\"; ma=2592000; v=\"46,43\""}],"statusCode":200,"statusLine":"HTTP/1.1 200","tabId":2,"timeStamp":1620895488214.1719,"type":"xmlhttprequest","url":"https://www.youtube.com/youtubei/v1/log_event?alt=json&key=AIzaSyAO_FJ2SlqU8Q4STEHLGCilw_Y9_11qcW8"}", source: chrome-extension://nphlliopfobfddkbiohifpjfhljjpiob/content.js (16)
[4050:4050:0513/144438.137352:INFO:CONSOLE(16)] "BEFORE_REQUEST 1620897278136 {"frameId":0,"initiator":"https://www.youtube.com","method":"GET","parentFrameId":-1,"requestId":"77","tabId":2,"timeStamp":1620897278136.053,"type":"xmlhttprequest","url":"https://googleads.g.doubleclick.net/pagead/id"}", source: chrome-extension://nphlliopfobfddkbiohifpjfhljjpiob/content.js (16)
[4050:4050:0513/144438.137492:INFO:CONSOLE(16)] "SEND_HEADERS 1620897278136 {"frameId":0,"initiator":"https://www.youtube.com","method":"GET","parentFrameId":-1,"requestId":"77","tabId":2,"timeStamp":1620897278136.104,"type":"xmlhttprequest","url":"https://googleads.g.doubleclick.net/pagead/id"}", source: chrome-extension://nphlliopfobfddkbiohifpjfhljjpiob/content.js (16)
[4050:4050:0513/144438.576125:INFO:CONSOLE(16)] "RESPONSE_STARTED 1620897278575 {"frameId":0,"fromCache":false,"initiator":"https://www.youtube.com","ip":"142.250.183.194","method":"GET","parentFrameId":-1,"requestId":"77","statusCode":200,"statusLine":"HTTP/1.1 200","tabId":2,"timeStamp":1620897278575.382,"type":"xmlhttprequest","url":"https://googleads.g.doubleclick.net/pagead/id"}", source: chrome-extension://nphlliopfobfddkbiohifpjfhljjpiob/content.js (16)
[4050:4050:0513/144438.607227:INFO:CONSOLE(16)] "COMPLETE 1620897278606 {"frameId":0,"fromCache":false,"initiator":"https://www.youtube.com","ip":"142.250.183.194","method":"GET","parentFrameId":-1,"requestId":"77","responseHeaders":[{"name":"p3p","value":"policyref=\"https://googleads.g.doubleclick.net/pagead/gcn_p3p_.xml\", CP=\"CURa ADMa DEVa TAIo PSAo PSDo OUR IND UNI PUR INT DEM STA PRE COM NAV OTC NOI DSP COR\""},{"name":"timing-allow-origin","value":"*"},{"name":"cross-origin-resource-policy","value":"cross-origin"},{"name":"access-control-allow-credentials","value":"true"},{"name":"access-control-allow-origin","value":"https://www.youtube.com"},{"name":"content-type","value":"application/json; charset=UTF-8"},{"name":"date","value":"Thu, 13 May 2021 09:14:38 GMT"},{"name":"pragma","value":"no-cache"},{"name":"expires","value":"Fri, 01 Jan 1990 00:00:00 GMT"},{"name":"cache-control","value":"no-cache, no-store, must-revalidate"},{"name":"x-content-type-options","value":"nosniff"},{"name":"content-disposition","value":"attachment; filename=\"f.txt\""},{"name":"content-encoding","value":"gzip"},{"name":"server","value":"cafe"},{"name":"content-length","value":"133"},{"name":"x-xss-protection","value":"0"},{"name":"alt-svc","value":"h3-29=\":443\"; ma=2592000,h3-T051=\":443\"; ma=2592000,h3-Q050=\":443\"; ma=2592000,h3-Q046=\":443\"; ma=2592000,h3-Q043=\":443\"; ma=2592000,quic=\":443\"; ma=2592000; v=\"46,43\""}],"statusCode":200,"statusLine":"HTTP/1.1 200","tabId":2,"timeStamp":1620897278606.365,"type":"xmlhttprequest","url":"https://googleads.g.doubleclick.net/pagead/id"}", source: chrome-extension://nphlliopfobfddkbiohifpjfhljjpiob/content.js (16)
[4050:4050:0513/151438.608900:INFO:CONSOLE(16)] "BEFORE_REQUEST 1620899078607 {"frameId":0,"initiator":"https://www.youtube.com","method":"GET","parentFrameId":-1,"requestId":"78","tabId":2,"timeStamp":1620899078607.749,"type":"xmlhttprequest","url":"https://googleads.g.doubleclick.net/pagead/id"}", source: chrome-extension://nphlliopfobfddkbiohifpjfhljjpiob/content.js (16)
[4050:4050:0513/151438.608932:INFO:CONSOLE(16)] "SEND_HEADERS 1620899078608 {"frameId":0,"initiator":"https://www.youtube.com","method":"GET","parentFrameId":-1,"requestId":"78","tabId":2,"timeStamp":1620899078607.795,"type":"xmlhttprequest","url":"https://googleads.g.doubleclick.net/pagead/id"}", source: chrome-extension://nphlliopfobfddkbiohifpjfhljjpiob/content.js (16)
[4050:4050:0513/151439.045074:INFO:CONSOLE(16)] "RESPONSE_STARTED 1620899079044 {"frameId":0,"fromCache":false,"initiator":"https://www.youtube.com","ip":"172.217.174.226","method":"GET","parentFrameId":-1,"requestId":"78","statusCode":200,"statusLine":"HTTP/1.1 200","tabId":2,"timeStamp":1620899079043.8472,"type":"xmlhttprequest","url":"https://googleads.g.doubleclick.net/pagead/id"}", source: chrome-extension://nphlliopfobfddkbiohifpjfhljjpiob/content.js (16)
[4050:4050:0513/151439.045408:INFO:CONSOLE(16)] "COMPLETE 1620899079044 {"frameId":0,"fromCache":false,"initiator":"https://www.youtube.com","ip":"172.217.174.226","method":"GET","parentFrameId":-1,"requestId":"78","responseHeaders":[{"name":"p3p","value":"policyref=\"https://googleads.g.doubleclick.net/pagead/gcn_p3p_.xml\", CP=\"CURa ADMa DEVa TAIo PSAo PSDo OUR IND UNI PUR INT DEM STA PRE COM NAV OTC NOI DSP COR\""},{"name":"timing-allow-origin","value":"*"},{"name":"cross-origin-resource-policy","value":"cross-origin"},{"name":"access-control-allow-credentials","value":"true"},{"name":"access-control-allow-origin","value":"https://www.youtube.com"},{"name":"content-type","value":"application/json; charset=UTF-8"},{"name":"date","value":"Thu, 13 May 2021 09:44:38 GMT"},{"name":"pragma","value":"no-cache"},{"name":"expires","value":"Fri, 01 Jan 1990 00:00:00 GMT"},{"name":"cache-control","value":"no-cache, no-store, must-revalidate"},{"name":"x-content-type-options","value":"nosniff"},{"name":"content-disposition","value":"attachment; filename=\"f.txt\""},{"name":"content-encoding","value":"gzip"},{"name":"server","value":"cafe"},{"name":"content-length","value":"133"},{"name":"x-xss-protection","value":"0"},{"name":"alt-svc","value":"h3-29=\":443\"; ma=2592000,h3-T051=\":443\"; ma=2592000,h3-Q050=\":443\"; ma=2592000,h3-Q046=\":443\"; ma=2592000,h3-Q043=\":443\"; ma=2592000,quic=\":443\"; ma=2592000; v=\"46,43\""}],"statusCode":200,"statusLine":"HTTP/1.1 200","tabId":2,"timeStamp":1620899079044.362,"type":"xmlhttprequest","url":"https://googleads.g.doubleclick.net/pagead/id"}", source: chrome-extension://nphlliopfobfddkbiohifpjfhljjpiob/content.js (16)
[4050:4050:0513/154439.047236:INFO:CONSOLE(16)] "BEFORE_REQUEST 1620900879045 {"frameId":0,"initiator":"https://www.youtube.com","method":"GET","parentFrameId":-1,"requestId":"79","tabId":2,"timeStamp":1620900879045.488,"type":"xmlhttprequest","url":"https://googleads.g.doubleclick.net/pagead/id"}", source: chrome-extension://nphlliopfobfddkbiohifpjfhljjpiob/content.js (16)
[4050:4050:0513/154439.047375:INFO:CONSOLE(16)] "SEND_HEADERS 1620900879045 {"frameId":0,"initiator":"https://www.youtube.com","method":"GET","parentFrameId":-1,"requestId":"79","tabId":2,"timeStamp":1620900879045.537,"type":"xmlhttprequest","url":"https://googleads.g.doubleclick.net/pagead/id"}", source: chrome-extension://nphlliopfobfddkbiohifpjfhljjpiob/content.js (16)
[4050:4050:0513/154439.792912:INFO:CONSOLE(16)] "RESPONSE_STARTED 1620900879792 {"frameId":0,"fromCache":false,"initiator":"https://www.youtube.com","ip":"142.250.183.130","method":"GET","parentFrameId":-1,"requestId":"79","statusCode":200,"statusLine":"HTTP/1.1 200","tabId":2,"timeStamp":1620900879792.161,"type":"xmlhttprequest","url":"https://googleads.g.doubleclick.net/pagead/id"}", source: chrome-extension://nphlliopfobfddkbiohifpjfhljjpiob/content.js (16)
[4050:4050:0513/154439.886218:INFO:CONSOLE(16)] "COMPLETE 1620900879885 {"frameId":0,"fromCache":false,"initiator":"https://www.youtube.com","ip":"142.250.183.130","method":"GET","parentFrameId":-1,"requestId":"79","responseHeaders":[{"name":"p3p","value":"policyref=\"https://googleads.g.doubleclick.net/pagead/gcn_p3p_.xml\", CP=\"CURa ADMa DEVa TAIo PSAo PSDo OUR IND UNI PUR INT DEM STA PRE COM NAV OTC NOI DSP COR\""},{"name":"timing-allow-origin","value":"*"},{"name":"cross-origin-resource-policy","value":"cross-origin"},{"name":"access-control-allow-credentials","value":"true"},{"name":"access-control-allow-origin","value":"https://www.youtube.com"},{"name":"content-type","value":"application/json; charset=UTF-8"},{"name":"date","value":"Thu, 13 May 2021 10:14:39 GMT"},{"name":"pragma","value":"no-cache"},{"name":"expires","value":"Fri, 01 Jan 1990 00:00:00 GMT"},{"name":"cache-control","value":"no-cache, no-store, must-revalidate"},{"name":"x-content-type-options","value":"nosniff"},{"name":"content-disposition","value":"attachment; filename=\"f.txt\""},{"name":"content-encoding","value":"gzip"},{"name":"server","value":"cafe"},{"name":"content-length","value":"133"},{"name":"x-xss-protection","value":"0"},{"name":"alt-svc","value":"h3-29=\":443\"; ma=2592000,h3-T051=\":443\"; ma=2592000,h3-Q050=\":443\"; ma=2592000,h3-Q046=\":443\"; ma=2592000,h3-Q043=\":443\"; ma=2592000,quic=\":443\"; ma=2592000; v=\"46,43\""}],"statusCode":200,"statusLine":"HTTP/1.1 200","tabId":2,"timeStamp":1620900879885.272,"type":"xmlhttprequest","url":"https://googleads.g.doubleclick.net/pagead/id"}", source: chrome-extension://nphlliopfobfddkbiohifpjfhljjpiob/content.js (16)
[4050:4050:0513/161439.887856:INFO:CONSOLE(16)] "BEFORE_REQUEST 1620902679886 {"frameId":0,"initiator":"https://www.youtube.com","method":"GET","parentFrameId":-1,"requestId":"80","tabId":2,"timeStamp":1620902679886.751,"type":"xmlhttprequest","url":"https://googleads.g.doubleclick.net/pagead/id"}", source: chrome-extension://nphlliopfobfddkbiohifpjfhljjpiob/content.js (16)
[4050:4050:0513/161439.887892:INFO:CONSOLE(16)] "SEND_HEADERS 1620902679887 {"frameId":0,"initiator":"https://www.youtube.com","method":"GET","parentFrameId":-1,"requestId":"80","tabId":2,"timeStamp":1620902679886.795,"type":"xmlhttprequest","url":"https://googleads.g.doubleclick.net/pagead/id"}", source: chrome-extension://nphlliopfobfddkbiohifpjfhljjpiob/content.js (16)
[4050:4050:0513/161440.602827:INFO:CONSOLE(16)] "RESPONSE_STARTED 1620902680602 {"frameId":0,"fromCache":false,"initiator":"https://www.youtube.com","ip":"142.250.183.162","method":"GET","parentFrameId":-1,"requestId":"80","statusCode":200,"statusLine":"HTTP/1.1 200","tabId":2,"timeStamp":1620902680602.088,"type":"xmlhttprequest","url":"https://googleads.g.doubleclick.net/pagead/id"}", source: chrome-extension://nphlliopfobfddkbiohifpjfhljjpiob/content.js (16)
[4050:4050:0513/161440.695984:INFO:CONSOLE(16)] "COMPLETE 1620902680695 {"frameId":0,"fromCache":false,"initiator":"https://www.youtube.com","ip":"142.250.183.162","method":"GET","parentFrameId":-1,"requestId":"80","responseHeaders":[{"name":"p3p","value":"policyref=\"https://googleads.g.doubleclick.net/pagead/gcn_p3p_.xml\", CP=\"CURa ADMa DEVa TAIo PSAo PSDo OUR IND UNI PUR INT DEM STA PRE COM NAV OTC NOI DSP COR\""},{"name":"timing-allow-origin","value":"*"},{"name":"cross-origin-resource-policy","value":"cross-origin"},{"name":"access-control-allow-credentials","value":"true"},{"name":"access-control-allow-origin","value":"https://www.youtube.com"},{"name":"content-type","value":"application/json; charset=UTF-8"},{"name":"date","value":"Thu, 13 May 2021 10:44:40 GMT"},{"name":"pragma","value":"no-cache"},{"name":"expires","value":"Fri, 01 Jan 1990 00:00:00 GMT"},{"name":"cache-control","value":"no-cache, no-store, must-revalidate"},{"name":"x-content-type-options","value":"nosniff"},{"name":"content-disposition","value":"attachment; filename=\"f.txt\""},{"name":"content-encoding","value":"gzip"},{"name":"server","value":"cafe"},{"name":"content-length","value":"133"},{"name":"x-xss-protection","value":"0"},{"name":"alt-svc","value":"h3-29=\":443\"; ma=2592000,h3-T051=\":443\"; ma=2592000,h3-Q050=\":443\"; ma=2592000,h3-Q046=\":443\"; ma=2592000,h3-Q043=\":443\"; ma=2592000,quic=\":443\"; ma=2592000; v=\"46,43\""}],"statusCode":200,"statusLine":"HTTP/1.1 200","tabId":2,"timeStamp":1620902680695.101,"type":"xmlhttprequest","url":"https://googleads.g.doubleclick.net/pagead/id"}", source: chrome-extension://nphlliopfobfddkbiohifpjfhljjpiob/content.js (16)
